2025-01-02 12:02:54.338 [info] Extension host with pid 6174 started
2025-01-02 12:02:54.338 [error] Error: EEXIST: file already exists, open '/home/biswabandita_rout/.codeoss/data/User/workspaceStorage/7c8085da/vscode.lock'
2025-01-02 12:02:54.353 [info] Lock '/home/biswabandita_rout/.codeoss/data/User/workspaceStorage/7c8085da/vscode.lock': Could not acquire lock, checking if the file is stale.
2025-01-02 12:02:54.365 [info] Lock '/home/biswabandita_rout/.codeoss/data/User/workspaceStorage/7c8085da/vscode.lock': The lock does not look stale, elapsed: 328 ms, giving up.
2025-01-02 12:02:54.366 [error] Error: EEXIST: file already exists, open '/home/biswabandita_rout/.codeoss/data/User/workspaceStorage/7c8085da-1/vscode.lock'
2025-01-02 12:02:54.367 [info] Lock '/home/biswabandita_rout/.codeoss/data/User/workspaceStorage/7c8085da-1/vscode.lock': Could not acquire lock, checking if the file is stale.
2025-01-02 12:02:54.367 [info] Lock '/home/biswabandita_rout/.codeoss/data/User/workspaceStorage/7c8085da-1/vscode.lock': The lock does not look stale, elapsed: 450 ms, giving up.
2025-01-02 12:02:54.368 [error] Error: EEXIST: file already exists, open '/home/biswabandita_rout/.codeoss/data/User/workspaceStorage/7c8085da-2/vscode.lock'
2025-01-02 12:02:54.410 [info] Lock '/home/biswabandita_rout/.codeoss/data/User/workspaceStorage/7c8085da-2/vscode.lock': Could not acquire lock, checking if the file is stale.
2025-01-02 12:02:54.411 [info] Lock '/home/biswabandita_rout/.codeoss/data/User/workspaceStorage/7c8085da-2/vscode.lock': The pid 2838 appears to be gone.
2025-01-02 12:02:54.411 [info] Lock '/home/biswabandita_rout/.codeoss/data/User/workspaceStorage/7c8085da-2/vscode.lock': Deleting a stale lock.
2025-01-02 12:02:54.418 [info] Lock '/home/biswabandita_rout/.codeoss/data/User/workspaceStorage/7c8085da-2/vscode.lock': Lock acquired.
2025-01-02 12:02:55.193 [info] ExtensionService#_doActivateExtension vscode.emmet, startup: false, activationEvent: 'onLanguage'
2025-01-02 12:02:55.194 [info] ExtensionService#_doActivateExtension vscode.typescript-language-features, startup: false, activationEvent: 'onLanguage:javascript'
2025-01-02 12:02:56.196 [info] ExtensionService#_doActivateExtension vscode.git-base, startup: true, activationEvent: '*', root cause: vscode.git
2025-01-02 12:02:57.567 [info] ExtensionService#_doActivateExtension vscode.git, startup: true, activationEvent: '*'
2025-01-02 12:02:57.567 [info] ExtensionService#_doActivateExtension vscode.github, startup: true, activationEvent: '*'
2025-01-02 12:03:03.203 [info] Not activating extension 'redhat.fabric8-analytics': Timed out while searching for 'workspaceContains' pattern **/package.json,**/pom.xml,**/go.mod,**/requirements.txt,**/build.gradle,**/Dockerfile,**/Containerfile
2025-01-02 12:03:03.203 [info] Not activating extension 'redhat.java': Timed out while searching for 'workspaceContains' pattern */pom.xml,*/build.gradle,*/settings.gradle,*/build.gradle.kts,*/settings.gradle.kts,*/.classpath
2025-01-02 12:03:03.203 [info] Not activating extension 'vscjava.vscode-java-dependency': Timed out while searching for 'workspaceContains' pattern */pom.xml,*/build.gradle,*/settings.gradle,*/build.gradle.kts,*/settings.gradle.kts,*/.classpath
2025-01-02 12:03:03.203 [info] Not activating extension 'vscjava.vscode-java-test': Timed out while searching for 'workspaceContains' pattern */pom.xml,*/build.gradle,*/settings.gradle,*/build.gradle.kts,*/settings.gradle.kts,*/.classpath
2025-01-02 12:03:03.203 [info] Not activating extension 'vscjava.vscode-maven': Timed out while searching for 'workspaceContains' pattern **/pom.xml
2025-01-02 12:03:06.201 [info] ExtensionService#_doActivateExtension EditorConfig.EditorConfig, startup: false, activationEvent: 'onStartupFinished'
2025-01-02 12:03:06.201 [info] ExtensionService#_doActivateExtension google.cloud-shell, startup: false, activationEvent: 'onStartupFinished'
2025-01-02 12:03:06.202 [info] ExtensionService#_doActivateExtension googlecloudtools.cloudcode, startup: false, activationEvent: 'onStartupFinished'
2025-01-02 12:03:06.202 [info] ExtensionService#_doActivateExtension vscode.debug-auto-launch, startup: false, activationEvent: 'onStartupFinished'
2025-01-02 12:03:06.203 [info] ExtensionService#_doActivateExtension vscode.merge-conflict, startup: false, activationEvent: 'onStartupFinished'
2025-01-02 12:03:12.499 [info] Eager extensions activated
2025-01-02 12:03:14.610 [info] ExtensionService#_doActivateExtension vscode.configuration-editing, startup: false, activationEvent: 'onLanguage:jsonc'
2025-01-02 12:03:14.610 [info] ExtensionService#_doActivateExtension vscode.json-language-features, startup: false, activationEvent: 'onLanguage:jsonc'
2025-01-02 13:27:37.285 [info] Extension host terminating: renderer disconnected for too long (2)
2025-01-02 13:27:37.286 [info] Lock '/home/biswabandita_rout/.codeoss/data/User/workspaceStorage/7c8085da-2/vscode.lock': Marking the lockfile as scheduled to be released in 6000 ms.
2025-01-02 13:27:37.326 [info] Extension host with pid 6174 exiting with code 0
