2025-01-24 10:52:23.829 [info] Extension host with pid 1187 started
2025-01-24 10:52:23.829 [error] Error: EEXIST: file already exists, open '/home/biswabandita_rout/.codeoss/data/User/workspaceStorage/-2aa307c7/vscode.lock'
2025-01-24 10:52:23.840 [info] Lock '/home/biswabandita_rout/.codeoss/data/User/workspaceStorage/-2aa307c7/vscode.lock': Could not acquire lock, checking if the file is stale.
2025-01-24 10:52:23.843 [info] Lock '/home/biswabandita_rout/.codeoss/data/User/workspaceStorage/-2aa307c7/vscode.lock': The lock does not look stale, elapsed: 119783 ms, giving up.
2025-01-24 10:52:23.849 [error] Error: EEXIST: file already exists, open '/home/biswabandita_rout/.codeoss/data/User/workspaceStorage/-2aa307c7-1/vscode.lock'
2025-01-24 10:52:23.852 [info] Lock '/home/biswabandita_rout/.codeoss/data/User/workspaceStorage/-2aa307c7-1/vscode.lock': Could not acquire lock, checking if the file is stale.
2025-01-24 10:52:23.853 [info] Lock '/home/biswabandita_rout/.codeoss/data/User/workspaceStorage/-2aa307c7-1/vscode.lock': The pid 1303 appears to be gone.
2025-01-24 10:52:23.853 [info] Lock '/home/biswabandita_rout/.codeoss/data/User/workspaceStorage/-2aa307c7-1/vscode.lock': Deleting a stale lock.
2025-01-24 10:52:23.861 [info] Lock '/home/biswabandita_rout/.codeoss/data/User/workspaceStorage/-2aa307c7-1/vscode.lock': Lock acquired.
2025-01-24 10:52:24.123 [info] ExtensionService#_doActivateExtension vscode.emmet, startup: false, activationEvent: 'onLanguage'
2025-01-24 10:52:24.125 [info] ExtensionService#_doActivateExtension vscode.typescript-language-features, startup: false, activationEvent: 'onLanguage:typescript'
2025-01-24 10:52:24.607 [info] ExtensionService#_doActivateExtension vscode.git-base, startup: true, activationEvent: '*', root cause: vscode.git
2025-01-24 10:52:25.364 [info] ExtensionService#_doActivateExtension vscode.git, startup: true, activationEvent: '*'
2025-01-24 10:52:25.366 [info] ExtensionService#_doActivateExtension vscode.github, startup: true, activationEvent: '*'
2025-01-24 10:52:26.949 [info] ExtensionService#_doActivateExtension redhat.fabric8-analytics, startup: true, activationEvent: 'workspaceContains:**/package.json,**/pom.xml,**/go.mod,**/requirements.txt,**/build.gradle,**/Dockerfile,**/Containerfile'
2025-01-24 10:52:29.190 [info] Eager extensions activated
2025-01-24 10:52:29.191 [info] ExtensionService#_doActivateExtension EditorConfig.EditorConfig, startup: false, activationEvent: 'onStartupFinished'
2025-01-24 10:52:29.197 [info] ExtensionService#_doActivateExtension google.cloud-shell, startup: false, activationEvent: 'onStartupFinished'
2025-01-24 10:52:29.201 [info] ExtensionService#_doActivateExtension google.geminicodeassist, startup: false, activationEvent: 'onStartupFinished', root cause: googlecloudtools.cloudcode
2025-01-24 10:52:29.201 [info] ExtensionService#_doActivateExtension vscode.debug-auto-launch, startup: false, activationEvent: 'onStartupFinished'
2025-01-24 10:52:29.202 [info] ExtensionService#_doActivateExtension vscode.merge-conflict, startup: false, activationEvent: 'onStartupFinished'
2025-01-24 10:52:32.161 [info] ExtensionService#_doActivateExtension googlecloudtools.cloudcode, startup: false, activationEvent: 'onStartupFinished'
2025-01-24 10:52:36.285 [warning] [Decorations] CAPPING events from decorations provider vscode.git 607
2025-01-24 10:52:36.815 [info] ExtensionService#_doActivateExtension vscode.configuration-editing, startup: false, activationEvent: 'onLanguage:jsonc'
2025-01-24 10:52:36.815 [info] ExtensionService#_doActivateExtension vscode.json-language-features, startup: false, activationEvent: 'onLanguage:jsonc'
2025-01-24 10:52:37.312 [info] ExtensionService#_doActivateExtension vscode.github-authentication, startup: false, activationEvent: 'onAuthenticationRequest:github'
2025-01-24 10:52:37.842 [warning] [Decorations] CAPPING events from decorations provider vscode.git 610
2025-01-24 10:52:46.750 [warning] [Decorations] CAPPING events from decorations provider vscode.git 614
2025-01-24 10:52:51.872 [warning] [Decorations] CAPPING events from decorations provider vscode.git 614
2025-01-24 10:52:56.987 [warning] [Decorations] CAPPING events from decorations provider vscode.git 614
2025-01-24 10:53:02.164 [warning] [Decorations] CAPPING events from decorations provider vscode.git 614
2025-01-24 10:53:08.801 [warning] [Decorations] CAPPING events from decorations provider vscode.git 617
2025-01-24 10:53:13.918 [warning] [Decorations] CAPPING events from decorations provider vscode.git 617
2025-01-24 10:53:22.799 [warning] [Decorations] CAPPING events from decorations provider vscode.git 620
2025-01-24 10:53:27.908 [warning] [Decorations] CAPPING events from decorations provider vscode.git 620
2025-01-24 10:53:33.010 [warning] [Decorations] CAPPING events from decorations provider vscode.git 620
2025-01-24 10:53:38.812 [warning] [Decorations] CAPPING events from decorations provider vscode.git 620
2025-01-24 10:53:43.918 [warning] [Decorations] CAPPING events from decorations provider vscode.git 620
2025-01-24 10:53:49.016 [warning] [Decorations] CAPPING events from decorations provider vscode.git 620
2025-01-24 10:53:55.535 [warning] [Decorations] CAPPING events from decorations provider vscode.git 620
2025-01-24 10:54:00.655 [warning] [Decorations] CAPPING events from decorations provider vscode.git 620
2025-01-24 10:54:05.767 [warning] [Decorations] CAPPING events from decorations provider vscode.git 620
2025-01-24 10:54:10.962 [warning] [Decorations] CAPPING events from decorations provider vscode.git 620
2025-01-24 10:54:20.844 [warning] [Decorations] CAPPING events from decorations provider vscode.git 623
2025-01-24 10:54:25.948 [warning] [Decorations] CAPPING events from decorations provider vscode.git 623
2025-01-24 10:54:34.834 [warning] [Decorations] CAPPING events from decorations provider vscode.git 623
2025-01-24 10:54:43.851 [warning] [Decorations] CAPPING events from decorations provider vscode.git 623
2025-01-24 10:54:48.953 [warning] [Decorations] CAPPING events from decorations provider vscode.git 623
2025-01-24 10:54:54.059 [warning] [Decorations] CAPPING events from decorations provider vscode.git 623
2025-01-24 10:55:06.869 [warning] [Decorations] CAPPING events from decorations provider vscode.git 623
2025-01-24 10:55:11.977 [warning] [Decorations] CAPPING events from decorations provider vscode.git 623
2025-01-24 10:55:17.099 [warning] [Decorations] CAPPING events from decorations provider vscode.git 623
2025-01-24 10:55:22.211 [warning] [Decorations] CAPPING events from decorations provider vscode.git 623
2025-01-24 10:55:27.315 [warning] [Decorations] CAPPING events from decorations provider vscode.git 623
2025-01-24 10:55:32.421 [warning] [Decorations] CAPPING events from decorations provider vscode.git 623
2025-01-24 10:55:37.519 [warning] [Decorations] CAPPING events from decorations provider vscode.git 623
2025-01-24 10:55:42.636 [warning] [Decorations] CAPPING events from decorations provider vscode.git 623
2025-01-24 10:55:47.783 [warning] [Decorations] CAPPING events from decorations provider vscode.git 623
2025-01-24 10:55:52.896 [warning] [Decorations] CAPPING events from decorations provider vscode.git 626
2025-01-24 10:56:02.926 [warning] [Decorations] CAPPING events from decorations provider vscode.git 626
2025-01-24 10:57:39.381 [warning] [Decorations] CAPPING events from decorations provider vscode.git 629
2025-01-24 10:57:44.486 [warning] [Decorations] CAPPING events from decorations provider vscode.git 623
2025-01-24 10:57:50.021 [warning] [Decorations] CAPPING events from decorations provider vscode.git 626
2025-01-24 10:57:50.440 [info] ExtensionService#_doActivateExtension vscode.html-language-features, startup: false, activationEvent: 'onLanguage:html'
2025-01-24 10:57:55.126 [warning] [Decorations] CAPPING events from decorations provider vscode.git 627
2025-01-24 10:57:56.687 [info] ExtensionService#_doActivateExtension vscode.css-language-features, startup: false, activationEvent: 'onLanguage:scss'
2025-01-24 10:58:00.230 [warning] [Decorations] CAPPING events from decorations provider vscode.git 627
2025-01-24 10:58:05.332 [warning] [Decorations] CAPPING events from decorations provider vscode.git 627
2025-01-24 10:58:10.442 [warning] [Decorations] CAPPING events from decorations provider vscode.git 627
2025-01-24 10:58:15.542 [warning] [Decorations] CAPPING events from decorations provider vscode.git 627
2025-01-24 10:58:20.650 [warning] [Decorations] CAPPING events from decorations provider vscode.git 627
2025-01-24 10:58:25.761 [warning] [Decorations] CAPPING events from decorations provider vscode.git 627
2025-01-24 10:58:30.880 [warning] [Decorations] CAPPING events from decorations provider vscode.git 627
2025-01-24 10:58:35.990 [warning] [Decorations] CAPPING events from decorations provider vscode.git 627
2025-01-24 10:58:41.095 [warning] [Decorations] CAPPING events from decorations provider vscode.git 627
2025-01-24 10:58:46.208 [warning] [Decorations] CAPPING events from decorations provider vscode.git 627
2025-01-24 10:58:56.079 [warning] [Decorations] CAPPING events from decorations provider vscode.git 628
2025-01-24 10:59:01.201 [warning] [Decorations] CAPPING events from decorations provider vscode.git 628
2025-01-24 10:59:06.307 [warning] [Decorations] CAPPING events from decorations provider vscode.git 628
2025-01-24 10:59:11.425 [warning] [Decorations] CAPPING events from decorations provider vscode.git 628
2025-01-24 10:59:16.542 [warning] [Decorations] CAPPING events from decorations provider vscode.git 628
2025-01-24 10:59:21.668 [warning] [Decorations] CAPPING events from decorations provider vscode.git 628
2025-01-24 10:59:27.300 [warning] [Decorations] CAPPING events from decorations provider vscode.git 629
2025-01-24 10:59:34.561 [warning] [Decorations] CAPPING events from decorations provider vscode.git 629
2025-01-24 11:00:01.965 [warning] [Decorations] CAPPING events from decorations provider vscode.git 629
2025-01-24 11:00:25.037 [warning] [Decorations] CAPPING events from decorations provider vscode.git 629
2025-01-24 11:00:30.142 [warning] [Decorations] CAPPING events from decorations provider vscode.git 629
2025-01-24 11:00:35.250 [warning] [Decorations] CAPPING events from decorations provider vscode.git 629
2025-01-24 11:00:40.358 [warning] [Decorations] CAPPING events from decorations provider vscode.git 629
2025-01-24 11:00:45.463 [warning] [Decorations] CAPPING events from decorations provider vscode.git 629
2025-01-24 11:00:50.578 [warning] [Decorations] CAPPING events from decorations provider vscode.git 629
2025-01-24 11:00:55.707 [warning] [Decorations] CAPPING events from decorations provider vscode.git 629
2025-01-24 11:01:00.814 [warning] [Decorations] CAPPING events from decorations provider vscode.git 629
2025-01-24 11:01:05.915 [warning] [Decorations] CAPPING events from decorations provider vscode.git 629
2025-01-24 11:01:11.038 [warning] [Decorations] CAPPING events from decorations provider vscode.git 629
2025-01-24 11:03:11.054 [warning] [Decorations] CAPPING events from decorations provider vscode.git 629
2025-01-24 11:03:16.166 [warning] [Decorations] CAPPING events from decorations provider vscode.git 629
2025-01-24 11:03:21.272 [warning] [Decorations] CAPPING events from decorations provider vscode.git 629
2025-01-24 11:03:26.382 [warning] [Decorations] CAPPING events from decorations provider vscode.git 629
2025-01-24 11:03:31.484 [warning] [Decorations] CAPPING events from decorations provider vscode.git 629
2025-01-24 11:03:41.147 [warning] [Decorations] CAPPING events from decorations provider vscode.git 632
2025-01-24 11:03:49.148 [warning] [Decorations] CAPPING events from decorations provider vscode.git 632
2025-01-24 11:03:54.548 [warning] [Decorations] CAPPING events from decorations provider vscode.git 632
2025-01-24 11:03:59.655 [warning] [Decorations] CAPPING events from decorations provider vscode.git 634
2025-01-24 11:04:04.758 [warning] [Decorations] CAPPING events from decorations provider vscode.git 635
2025-01-24 11:04:09.857 [warning] [Decorations] CAPPING events from decorations provider vscode.git 637
2025-01-24 11:04:15.441 [warning] [Decorations] CAPPING events from decorations provider vscode.git 637
2025-01-24 11:04:20.544 [warning] [Decorations] CAPPING events from decorations provider vscode.git 637
2025-01-24 11:04:25.675 [warning] [Decorations] CAPPING events from decorations provider vscode.git 637
2025-01-24 11:04:30.807 [warning] [Decorations] CAPPING events from decorations provider vscode.git 637
2025-01-24 11:04:35.922 [warning] [Decorations] CAPPING events from decorations provider vscode.git 640
2025-01-24 11:04:41.039 [warning] [Decorations] CAPPING events from decorations provider vscode.git 640
2025-01-24 11:04:46.160 [warning] [Decorations] CAPPING events from decorations provider vscode.git 640
2025-01-24 11:04:51.270 [warning] [Decorations] CAPPING events from decorations provider vscode.git 640
2025-01-24 11:05:22.188 [warning] [Decorations] CAPPING events from decorations provider vscode.git 640
2025-01-24 11:05:27.304 [warning] [Decorations] CAPPING events from decorations provider vscode.git 640
2025-01-24 11:05:33.509 [warning] [Decorations] CAPPING events from decorations provider vscode.git 641
2025-01-24 11:08:34.062 [warning] [Decorations] CAPPING events from decorations provider vscode.git 641
2025-01-24 11:08:39.168 [warning] [Decorations] CAPPING events from decorations provider vscode.git 641
2025-01-24 11:08:44.292 [warning] [Decorations] CAPPING events from decorations provider vscode.git 641
2025-01-24 11:08:49.416 [warning] [Decorations] CAPPING events from decorations provider vscode.git 641
2025-01-24 11:08:54.531 [warning] [Decorations] CAPPING events from decorations provider vscode.git 641
2025-01-24 11:08:59.646 [warning] [Decorations] CAPPING events from decorations provider vscode.git 641
2025-01-24 11:09:04.750 [warning] [Decorations] CAPPING events from decorations provider vscode.git 642
2025-01-24 11:09:36.333 [warning] [Decorations] CAPPING events from decorations provider vscode.git 642
2025-01-24 11:09:41.461 [warning] [Decorations] CAPPING events from decorations provider vscode.git 642
2025-01-24 11:09:46.573 [warning] [Decorations] CAPPING events from decorations provider vscode.git 642
2025-01-24 11:09:51.681 [warning] [Decorations] CAPPING events from decorations provider vscode.git 642
2025-01-24 11:09:56.798 [warning] [Decorations] CAPPING events from decorations provider vscode.git 642
2025-01-24 11:10:10.218 [warning] [Decorations] CAPPING events from decorations provider vscode.git 643
2025-01-24 11:10:15.331 [warning] [Decorations] CAPPING events from decorations provider vscode.git 643
2025-01-24 11:10:20.437 [warning] [Decorations] CAPPING events from decorations provider vscode.git 644
2025-01-24 11:10:25.551 [warning] [Decorations] CAPPING events from decorations provider vscode.git 644
2025-01-24 11:10:30.656 [warning] [Decorations] CAPPING events from decorations provider vscode.git 644
2025-01-24 11:10:35.764 [warning] [Decorations] CAPPING events from decorations provider vscode.git 645
2025-01-24 11:10:40.873 [warning] [Decorations] CAPPING events from decorations provider vscode.git 645
2025-01-24 11:10:54.341 [warning] [Decorations] CAPPING events from decorations provider vscode.git 645
2025-01-24 11:10:59.447 [warning] [Decorations] CAPPING events from decorations provider vscode.git 645
2025-01-24 11:11:04.553 [warning] [Decorations] CAPPING events from decorations provider vscode.git 645
2025-01-24 11:11:09.658 [warning] [Decorations] CAPPING events from decorations provider vscode.git 645
2025-01-24 11:11:14.783 [warning] [Decorations] CAPPING events from decorations provider vscode.git 646
2025-01-24 11:11:19.890 [warning] [Decorations] CAPPING events from decorations provider vscode.git 646
2025-01-24 11:11:24.989 [warning] [Decorations] CAPPING events from decorations provider vscode.git 646
2025-01-24 11:11:30.935 [warning] [Decorations] CAPPING events from decorations provider vscode.git 646
2025-01-24 11:11:36.036 [warning] [Decorations] CAPPING events from decorations provider vscode.git 646
2025-01-24 11:11:41.152 [warning] [Decorations] CAPPING events from decorations provider vscode.git 646
2025-01-24 11:11:47.946 [warning] [Decorations] CAPPING events from decorations provider vscode.git 647
2025-01-24 11:11:53.064 [warning] [Decorations] CAPPING events from decorations provider vscode.git 647
2025-01-24 11:12:16.333 [warning] [Decorations] CAPPING events from decorations provider vscode.git 648
2025-01-24 11:12:21.449 [warning] [Decorations] CAPPING events from decorations provider vscode.git 648
2025-01-24 11:12:26.811 [warning] [Decorations] CAPPING events from decorations provider vscode.git 649
2025-01-24 11:12:31.916 [warning] [Decorations] CAPPING events from decorations provider vscode.git 649
2025-01-24 11:12:44.211 [warning] [Decorations] CAPPING events from decorations provider vscode.git 649
2025-01-24 11:12:49.320 [warning] [Decorations] CAPPING events from decorations provider vscode.git 649
2025-01-24 11:12:54.438 [warning] [Decorations] CAPPING events from decorations provider vscode.git 649
2025-01-24 11:12:59.542 [warning] [Decorations] CAPPING events from decorations provider vscode.git 649
2025-01-24 11:13:04.650 [warning] [Decorations] CAPPING events from decorations provider vscode.git 650
2025-01-24 11:13:09.754 [warning] [Decorations] CAPPING events from decorations provider vscode.git 650
2025-01-24 11:13:14.860 [warning] [Decorations] CAPPING events from decorations provider vscode.git 650
2025-01-24 11:13:22.079 [warning] [Decorations] CAPPING events from decorations provider vscode.git 651
2025-01-24 11:13:27.188 [warning] [Decorations] CAPPING events from decorations provider vscode.git 651
2025-01-24 11:13:35.510 [warning] [Decorations] CAPPING events from decorations provider vscode.git 652
2025-01-24 11:13:40.626 [warning] [Decorations] CAPPING events from decorations provider vscode.git 652
2025-01-24 11:13:45.733 [warning] [Decorations] CAPPING events from decorations provider vscode.git 652
2025-01-24 11:13:50.835 [warning] [Decorations] CAPPING events from decorations provider vscode.git 652
2025-01-24 11:13:55.936 [warning] [Decorations] CAPPING events from decorations provider vscode.git 652
2025-01-24 11:14:01.038 [warning] [Decorations] CAPPING events from decorations provider vscode.git 652
2025-01-24 11:14:06.159 [warning] [Decorations] CAPPING events from decorations provider vscode.git 652
2025-01-24 11:14:11.278 [warning] [Decorations] CAPPING events from decorations provider vscode.git 652
2025-01-24 11:14:16.390 [warning] [Decorations] CAPPING events from decorations provider vscode.git 652
2025-01-24 11:14:21.502 [warning] [Decorations] CAPPING events from decorations provider vscode.git 652
2025-01-24 11:14:26.611 [warning] [Decorations] CAPPING events from decorations provider vscode.git 653
2025-01-24 11:14:32.096 [warning] [Decorations] CAPPING events from decorations provider vscode.git 658
2025-01-24 11:16:10.723 [warning] [Decorations] CAPPING events from decorations provider vscode.git 661
2025-01-24 11:16:15.848 [warning] [Decorations] CAPPING events from decorations provider vscode.git 661
2025-01-24 11:16:20.958 [warning] [Decorations] CAPPING events from decorations provider vscode.git 661
2025-01-24 11:16:26.064 [warning] [Decorations] CAPPING events from decorations provider vscode.git 661
2025-01-24 11:16:31.173 [warning] [Decorations] CAPPING events from decorations provider vscode.git 661
2025-01-24 11:16:36.293 [warning] [Decorations] CAPPING events from decorations provider vscode.git 661
2025-01-24 11:16:41.413 [warning] [Decorations] CAPPING events from decorations provider vscode.git 661
2025-01-24 11:16:46.515 [warning] [Decorations] CAPPING events from decorations provider vscode.git 661
2025-01-24 11:16:51.635 [warning] [Decorations] CAPPING events from decorations provider vscode.git 661
2025-01-24 11:16:56.742 [warning] [Decorations] CAPPING events from decorations provider vscode.git 661
2025-01-24 11:17:01.871 [warning] [Decorations] CAPPING events from decorations provider vscode.git 661
2025-01-24 11:17:07.512 [warning] [Decorations] CAPPING events from decorations provider vscode.git 662
2025-01-24 11:17:12.620 [warning] [Decorations] CAPPING events from decorations provider vscode.git 662
2025-01-24 11:17:17.745 [warning] [Decorations] CAPPING events from decorations provider vscode.git 662
2025-01-24 11:17:22.857 [warning] [Decorations] CAPPING events from decorations provider vscode.git 662
2025-01-24 11:17:28.508 [warning] [Decorations] CAPPING events from decorations provider vscode.git 662
2025-01-24 11:17:41.604 [warning] [Decorations] CAPPING events from decorations provider vscode.git 662
2025-01-24 11:17:46.714 [warning] [Decorations] CAPPING events from decorations provider vscode.git 662
2025-01-24 11:17:52.163 [warning] [Decorations] CAPPING events from decorations provider vscode.git 663
2025-01-24 11:17:57.281 [warning] [Decorations] CAPPING events from decorations provider vscode.git 663
2025-01-24 11:18:02.417 [warning] [Decorations] CAPPING events from decorations provider vscode.git 663
2025-01-24 11:18:07.527 [warning] [Decorations] CAPPING events from decorations provider vscode.git 663
2025-01-24 11:18:12.630 [warning] [Decorations] CAPPING events from decorations provider vscode.git 663
2025-01-24 11:18:17.738 [warning] [Decorations] CAPPING events from decorations provider vscode.git 663
2025-01-24 11:18:28.553 [warning] [Decorations] CAPPING events from decorations provider vscode.git 664
2025-01-24 11:18:33.667 [warning] [Decorations] CAPPING events from decorations provider vscode.git 664
2025-01-24 11:18:39.572 [warning] [Decorations] CAPPING events from decorations provider vscode.git 665
2025-01-24 11:18:44.676 [warning] [Decorations] CAPPING events from decorations provider vscode.git 665
2025-01-24 11:18:49.775 [warning] [Decorations] CAPPING events from decorations provider vscode.git 665
2025-01-24 11:18:54.891 [warning] [Decorations] CAPPING events from decorations provider vscode.git 665
2025-01-24 11:19:01.168 [warning] [Decorations] CAPPING events from decorations provider vscode.git 665
2025-01-24 11:19:06.285 [warning] [Decorations] CAPPING events from decorations provider vscode.git 665
2025-01-24 11:19:11.391 [warning] [Decorations] CAPPING events from decorations provider vscode.git 665
2025-01-24 11:19:16.499 [warning] [Decorations] CAPPING events from decorations provider vscode.git 665
2025-01-24 11:19:21.612 [warning] [Decorations] CAPPING events from decorations provider vscode.git 665
2025-01-24 11:19:26.728 [warning] [Decorations] CAPPING events from decorations provider vscode.git 666
2025-01-24 11:19:33.619 [warning] [Decorations] CAPPING events from decorations provider vscode.git 666
2025-01-24 11:19:38.722 [warning] [Decorations] CAPPING events from decorations provider vscode.git 666
2025-01-24 11:19:43.831 [warning] [Decorations] CAPPING events from decorations provider vscode.git 666
2025-01-24 11:19:48.936 [warning] [Decorations] CAPPING events from decorations provider vscode.git 666
2025-01-24 11:19:54.044 [warning] [Decorations] CAPPING events from decorations provider vscode.git 666
2025-01-24 11:19:59.155 [warning] [Decorations] CAPPING events from decorations provider vscode.git 666
2025-01-24 11:20:04.270 [warning] [Decorations] CAPPING events from decorations provider vscode.git 666
2025-01-24 11:20:09.379 [warning] [Decorations] CAPPING events from decorations provider vscode.git 666
2025-01-24 11:20:14.684 [warning] [Decorations] CAPPING events from decorations provider vscode.git 667
2025-01-24 11:20:19.825 [warning] [Decorations] CAPPING events from decorations provider vscode.git 667
2025-01-24 11:20:24.934 [warning] [Decorations] CAPPING events from decorations provider vscode.git 667
2025-01-24 11:20:30.052 [warning] [Decorations] CAPPING events from decorations provider vscode.git 667
2025-01-24 11:20:35.168 [warning] [Decorations] CAPPING events from decorations provider vscode.git 667
2025-01-24 11:20:40.284 [warning] [Decorations] CAPPING events from decorations provider vscode.git 667
2025-01-24 11:20:45.406 [warning] [Decorations] CAPPING events from decorations provider vscode.git 667
2025-01-24 11:20:50.520 [warning] [Decorations] CAPPING events from decorations provider vscode.git 667
2025-01-24 11:20:55.627 [warning] [Decorations] CAPPING events from decorations provider vscode.git 667
2025-01-24 11:21:00.749 [warning] [Decorations] CAPPING events from decorations provider vscode.git 667
2025-01-24 11:21:05.863 [warning] [Decorations] CAPPING events from decorations provider vscode.git 667
2025-01-24 11:21:11.191 [warning] [Decorations] CAPPING events from decorations provider vscode.git 667
2025-01-24 11:21:16.304 [warning] [Decorations] CAPPING events from decorations provider vscode.git 667
2025-01-24 11:21:21.421 [warning] [Decorations] CAPPING events from decorations provider vscode.git 667
2025-01-24 11:21:26.533 [warning] [Decorations] CAPPING events from decorations provider vscode.git 667
2025-01-24 11:21:35.920 [warning] [Decorations] CAPPING events from decorations provider vscode.git 667
2025-01-24 11:21:46.141 [warning] [Decorations] CAPPING events from decorations provider vscode.git 667
2025-01-24 11:21:51.679 [warning] [Decorations] CAPPING events from decorations provider vscode.git 668
2025-01-24 11:21:56.784 [warning] [Decorations] CAPPING events from decorations provider vscode.git 668
2025-01-24 11:22:01.888 [warning] [Decorations] CAPPING events from decorations provider vscode.git 669
2025-01-24 11:22:07.182 [warning] [Decorations] CAPPING events from decorations provider vscode.git 670
2025-01-24 11:22:12.297 [warning] [Decorations] CAPPING events from decorations provider vscode.git 670
2025-01-24 11:22:17.401 [warning] [Decorations] CAPPING events from decorations provider vscode.git 670
2025-01-24 11:22:22.503 [warning] [Decorations] CAPPING events from decorations provider vscode.git 670
2025-01-24 11:22:27.615 [warning] [Decorations] CAPPING events from decorations provider vscode.git 670
2025-01-24 11:22:32.730 [warning] [Decorations] CAPPING events from decorations provider vscode.git 670
2025-01-24 11:22:37.833 [warning] [Decorations] CAPPING events from decorations provider vscode.git 670
2025-01-24 11:22:42.936 [warning] [Decorations] CAPPING events from decorations provider vscode.git 670
2025-01-24 11:22:48.039 [warning] [Decorations] CAPPING events from decorations provider vscode.git 670
2025-01-24 11:22:53.155 [warning] [Decorations] CAPPING events from decorations provider vscode.git 670
2025-01-24 11:22:58.267 [warning] [Decorations] CAPPING events from decorations provider vscode.git 670
2025-01-24 11:23:03.376 [warning] [Decorations] CAPPING events from decorations provider vscode.git 670
2025-01-24 11:23:08.478 [warning] [Decorations] CAPPING events from decorations provider vscode.git 670
2025-01-24 11:23:13.596 [warning] [Decorations] CAPPING events from decorations provider vscode.git 670
2025-01-24 11:23:21.644 [warning] [Decorations] CAPPING events from decorations provider vscode.git 670
2025-01-24 11:23:27.307 [warning] [Decorations] CAPPING events from decorations provider vscode.git 671
2025-01-24 11:23:32.431 [warning] [Decorations] CAPPING events from decorations provider vscode.git 671
2025-01-24 11:23:37.541 [warning] [Decorations] CAPPING events from decorations provider vscode.git 671
2025-01-24 11:23:42.653 [warning] [Decorations] CAPPING events from decorations provider vscode.git 671
2025-01-24 11:23:47.757 [warning] [Decorations] CAPPING events from decorations provider vscode.git 671
2025-01-24 11:24:39.150 [warning] [Decorations] CAPPING events from decorations provider vscode.git 673
2025-01-24 11:24:44.257 [warning] [Decorations] CAPPING events from decorations provider vscode.git 673
2025-01-24 11:24:49.362 [warning] [Decorations] CAPPING events from decorations provider vscode.git 673
2025-01-24 11:24:54.464 [warning] [Decorations] CAPPING events from decorations provider vscode.git 673
2025-01-24 11:24:59.568 [warning] [Decorations] CAPPING events from decorations provider vscode.git 673
2025-01-24 11:25:04.670 [warning] [Decorations] CAPPING events from decorations provider vscode.git 673
2025-01-24 11:25:09.773 [warning] [Decorations] CAPPING events from decorations provider vscode.git 673
2025-01-24 11:25:15.514 [warning] [Decorations] CAPPING events from decorations provider vscode.git 674
2025-01-24 11:25:20.742 [warning] [Decorations] CAPPING events from decorations provider vscode.git 674
2025-01-24 11:25:25.849 [warning] [Decorations] CAPPING events from decorations provider vscode.git 674
2025-01-24 11:25:31.077 [warning] [Decorations] CAPPING events from decorations provider vscode.git 675
2025-01-24 11:25:36.183 [warning] [Decorations] CAPPING events from decorations provider vscode.git 675
2025-01-24 11:25:41.552 [warning] [Decorations] CAPPING events from decorations provider vscode.git 676
2025-01-24 11:25:46.654 [warning] [Decorations] CAPPING events from decorations provider vscode.git 676
2025-01-24 11:25:53.462 [warning] [Decorations] CAPPING events from decorations provider vscode.git 676
2025-01-24 11:25:58.567 [warning] [Decorations] CAPPING events from decorations provider vscode.git 676
2025-01-24 11:26:04.446 [warning] [Decorations] CAPPING events from decorations provider vscode.git 676
2025-01-24 11:26:09.544 [warning] [Decorations] CAPPING events from decorations provider vscode.git 676
2025-01-24 11:26:14.642 [warning] [Decorations] CAPPING events from decorations provider vscode.git 676
2025-01-24 11:26:19.762 [warning] [Decorations] CAPPING events from decorations provider vscode.git 676
2025-01-24 11:26:24.872 [warning] [Decorations] CAPPING events from decorations provider vscode.git 676
2025-01-24 11:26:29.985 [warning] [Decorations] CAPPING events from decorations provider vscode.git 676
2025-01-24 11:26:37.631 [warning] [Decorations] CAPPING events from decorations provider vscode.git 677
2025-01-24 11:26:42.731 [warning] [Decorations] CAPPING events from decorations provider vscode.git 677
2025-01-24 11:26:47.846 [warning] [Decorations] CAPPING events from decorations provider vscode.git 677
2025-01-24 11:26:55.642 [warning] [Decorations] CAPPING events from decorations provider vscode.git 677
2025-01-24 11:27:00.747 [warning] [Decorations] CAPPING events from decorations provider vscode.git 677
2025-01-24 11:27:05.851 [warning] [Decorations] CAPPING events from decorations provider vscode.git 677
2025-01-24 11:27:10.964 [warning] [Decorations] CAPPING events from decorations provider vscode.git 678
2025-01-24 11:27:16.070 [warning] [Decorations] CAPPING events from decorations provider vscode.git 678
2025-01-24 11:27:21.187 [warning] [Decorations] CAPPING events from decorations provider vscode.git 678
2025-01-24 11:27:26.307 [warning] [Decorations] CAPPING events from decorations provider vscode.git 678
2025-01-24 11:27:31.419 [warning] [Decorations] CAPPING events from decorations provider vscode.git 678
2025-01-24 11:27:36.533 [warning] [Decorations] CAPPING events from decorations provider vscode.git 678
2025-01-24 11:27:43.645 [warning] [Decorations] CAPPING events from decorations provider vscode.git 679
2025-01-24 11:27:49.056 [warning] [Decorations] CAPPING events from decorations provider vscode.git 679
2025-01-24 11:27:54.164 [warning] [Decorations] CAPPING events from decorations provider vscode.git 679
2025-01-24 11:27:59.265 [warning] [Decorations] CAPPING events from decorations provider vscode.git 679
2025-01-24 11:28:04.417 [warning] [Decorations] CAPPING events from decorations provider vscode.git 679
2025-01-24 11:28:39.540 [warning] [Decorations] CAPPING events from decorations provider vscode.git 679
2025-01-24 11:28:44.655 [warning] [Decorations] CAPPING events from decorations provider vscode.git 679
2025-01-24 11:28:49.757 [warning] [Decorations] CAPPING events from decorations provider vscode.git 679
2025-01-24 11:28:54.867 [warning] [Decorations] CAPPING events from decorations provider vscode.git 679
2025-01-24 11:28:59.970 [warning] [Decorations] CAPPING events from decorations provider vscode.git 679
2025-01-24 11:29:06.839 [warning] [Decorations] CAPPING events from decorations provider vscode.git 679
2025-01-24 11:29:11.957 [warning] [Decorations] CAPPING events from decorations provider vscode.git 679
2025-01-24 11:29:42.126 [warning] [Decorations] CAPPING events from decorations provider vscode.git 682
2025-01-24 11:29:47.257 [warning] [Decorations] CAPPING events from decorations provider vscode.git 682
2025-01-24 11:29:52.379 [warning] [Decorations] CAPPING events from decorations provider vscode.git 682
2025-01-24 11:29:57.489 [warning] [Decorations] CAPPING events from decorations provider vscode.git 682
2025-01-24 11:30:02.602 [warning] [Decorations] CAPPING events from decorations provider vscode.git 682
2025-01-24 11:30:07.707 [warning] [Decorations] CAPPING events from decorations provider vscode.git 682
2025-01-24 11:30:13.917 [warning] [Decorations] CAPPING events from decorations provider vscode.git 685
2025-01-24 11:30:19.858 [warning] [Decorations] CAPPING events from decorations provider vscode.git 685
2025-01-24 11:30:24.957 [warning] [Decorations] CAPPING events from decorations provider vscode.git 685
2025-01-24 11:30:30.078 [warning] [Decorations] CAPPING events from decorations provider vscode.git 685
2025-01-24 11:30:35.194 [warning] [Decorations] CAPPING events from decorations provider vscode.git 686
2025-01-24 11:30:40.304 [warning] [Decorations] CAPPING events from decorations provider vscode.git 686
2025-01-24 11:30:45.406 [warning] [Decorations] CAPPING events from decorations provider vscode.git 686
2025-01-24 11:30:50.514 [warning] [Decorations] CAPPING events from decorations provider vscode.git 686
2025-01-24 11:30:55.617 [warning] [Decorations] CAPPING events from decorations provider vscode.git 686
2025-01-24 11:31:00.729 [warning] [Decorations] CAPPING events from decorations provider vscode.git 686
2025-01-24 11:31:38.022 [warning] [Decorations] CAPPING events from decorations provider vscode.git 686
2025-01-24 11:31:43.140 [warning] [Decorations] CAPPING events from decorations provider vscode.git 686
2025-01-24 11:31:48.243 [warning] [Decorations] CAPPING events from decorations provider vscode.git 687
2025-01-24 11:31:53.370 [warning] [Decorations] CAPPING events from decorations provider vscode.git 687
2025-01-24 11:31:58.499 [warning] [Decorations] CAPPING events from decorations provider vscode.git 687
2025-01-24 11:32:03.611 [warning] [Decorations] CAPPING events from decorations provider vscode.git 688
2025-01-24 11:32:08.724 [warning] [Decorations] CAPPING events from decorations provider vscode.git 688
2025-01-24 11:32:13.843 [warning] [Decorations] CAPPING events from decorations provider vscode.git 688
2025-01-24 11:32:18.959 [warning] [Decorations] CAPPING events from decorations provider vscode.git 688
2025-01-24 11:32:24.071 [warning] [Decorations] CAPPING events from decorations provider vscode.git 688
2025-01-24 11:32:31.051 [warning] [Decorations] CAPPING events from decorations provider vscode.git 691
2025-01-24 11:32:37.089 [warning] [Decorations] CAPPING events from decorations provider vscode.git 691
2025-01-24 11:32:42.197 [warning] [Decorations] CAPPING events from decorations provider vscode.git 691
2025-01-24 11:32:47.309 [warning] [Decorations] CAPPING events from decorations provider vscode.git 691
2025-01-24 11:32:54.194 [warning] [Decorations] CAPPING events from decorations provider vscode.git 692
2025-01-24 11:32:59.301 [warning] [Decorations] CAPPING events from decorations provider vscode.git 692
2025-01-24 11:33:06.132 [warning] [Decorations] CAPPING events from decorations provider vscode.git 692
2025-01-24 11:33:12.176 [warning] [Decorations] CAPPING events from decorations provider vscode.git 692
2025-01-24 11:33:17.296 [warning] [Decorations] CAPPING events from decorations provider vscode.git 692
2025-01-24 11:33:22.430 [warning] [Decorations] CAPPING events from decorations provider vscode.git 692
2025-01-24 11:33:27.547 [warning] [Decorations] CAPPING events from decorations provider vscode.git 692
2025-01-24 11:33:32.718 [warning] [Decorations] CAPPING events from decorations provider vscode.git 692
2025-01-24 11:33:39.592 [warning] [Decorations] CAPPING events from decorations provider vscode.git 692
2025-01-24 11:33:44.781 [warning] [Decorations] CAPPING events from decorations provider vscode.git 692
2025-01-24 11:33:49.930 [warning] [Decorations] CAPPING events from decorations provider vscode.git 692
2025-01-24 11:33:55.089 [warning] [Decorations] CAPPING events from decorations provider vscode.git 692
2025-01-24 11:34:00.235 [warning] [Decorations] CAPPING events from decorations provider vscode.git 692
2025-01-24 11:34:05.377 [warning] [Decorations] CAPPING events from decorations provider vscode.git 692
2025-01-24 11:34:10.512 [warning] [Decorations] CAPPING events from decorations provider vscode.git 692
2025-01-24 11:34:15.665 [warning] [Decorations] CAPPING events from decorations provider vscode.git 692
2025-01-24 11:34:20.816 [warning] [Decorations] CAPPING events from decorations provider vscode.git 692
2025-01-24 11:34:25.944 [warning] [Decorations] CAPPING events from decorations provider vscode.git 692
2025-01-24 11:34:31.079 [warning] [Decorations] CAPPING events from decorations provider vscode.git 692
2025-01-24 11:34:36.269 [warning] [Decorations] CAPPING events from decorations provider vscode.git 692
2025-01-24 11:34:41.449 [warning] [Decorations] CAPPING events from decorations provider vscode.git 692
2025-01-24 11:34:46.642 [warning] [Decorations] CAPPING events from decorations provider vscode.git 692
2025-01-24 11:34:51.873 [warning] [Decorations] CAPPING events from decorations provider vscode.git 692
2025-01-24 11:34:57.032 [warning] [Decorations] CAPPING events from decorations provider vscode.git 692
2025-01-24 11:35:02.160 [warning] [Decorations] CAPPING events from decorations provider vscode.git 692
2025-01-24 11:35:07.345 [warning] [Decorations] CAPPING events from decorations provider vscode.git 692
2025-01-24 11:35:23.779 [warning] [Decorations] CAPPING events from decorations provider vscode.git 692
2025-01-24 11:36:53.647 [warning] [Decorations] CAPPING events from decorations provider vscode.git 692
2025-01-24 11:37:21.706 [warning] [Decorations] CAPPING events from decorations provider vscode.git 692
2025-01-24 11:41:40.259 [warning] [Decorations] CAPPING events from decorations provider vscode.git 692
2025-01-24 11:41:45.398 [warning] [Decorations] CAPPING events from decorations provider vscode.git 692
2025-01-24 11:41:53.096 [warning] [Decorations] CAPPING events from decorations provider vscode.git 692
2025-01-24 11:42:14.471 [warning] [Decorations] CAPPING events from decorations provider vscode.git 692
2025-01-24 11:42:35.379 [warning] [Decorations] CAPPING events from decorations provider vscode.git 692
2025-01-24 11:42:40.486 [warning] [Decorations] CAPPING events from decorations provider vscode.git 692
2025-01-24 11:42:45.608 [warning] [Decorations] CAPPING events from decorations provider vscode.git 692
2025-01-24 11:42:50.714 [warning] [Decorations] CAPPING events from decorations provider vscode.git 692
2025-01-24 11:42:55.849 [warning] [Decorations] CAPPING events from decorations provider vscode.git 692
2025-01-24 11:43:00.974 [warning] [Decorations] CAPPING events from decorations provider vscode.git 692
2025-01-24 11:43:06.100 [warning] [Decorations] CAPPING events from decorations provider vscode.git 692
2025-01-24 11:43:11.217 [warning] [Decorations] CAPPING events from decorations provider vscode.git 692
2025-01-24 11:43:16.330 [warning] [Decorations] CAPPING events from decorations provider vscode.git 692
2025-01-24 11:43:21.522 [warning] [Decorations] CAPPING events from decorations provider vscode.git 692
2025-01-24 11:43:26.725 [warning] [Decorations] CAPPING events from decorations provider vscode.git 692
2025-01-24 11:43:31.927 [warning] [Decorations] CAPPING events from decorations provider vscode.git 695
2025-01-24 11:43:37.029 [warning] [Decorations] CAPPING events from decorations provider vscode.git 693
2025-01-24 11:43:42.146 [warning] [Decorations] CAPPING events from decorations provider vscode.git 693
2025-01-24 11:43:47.256 [warning] [Decorations] CAPPING events from decorations provider vscode.git 693
2025-01-24 11:43:52.363 [warning] [Decorations] CAPPING events from decorations provider vscode.git 693
2025-01-24 11:43:57.464 [warning] [Decorations] CAPPING events from decorations provider vscode.git 693
2025-01-24 11:44:02.580 [warning] [Decorations] CAPPING events from decorations provider vscode.git 693
2025-01-24 11:44:07.685 [warning] [Decorations] CAPPING events from decorations provider vscode.git 693
2025-01-24 11:44:12.805 [warning] [Decorations] CAPPING events from decorations provider vscode.git 693
2025-01-24 11:44:18.002 [warning] [Decorations] CAPPING events from decorations provider vscode.git 693
2025-01-24 11:44:23.109 [warning] [Decorations] CAPPING events from decorations provider vscode.git 693
2025-01-24 11:44:28.208 [warning] [Decorations] CAPPING events from decorations provider vscode.git 693
2025-01-24 11:44:33.328 [warning] [Decorations] CAPPING events from decorations provider vscode.git 693
2025-01-24 11:44:38.677 [warning] [Decorations] CAPPING events from decorations provider vscode.git 695
2025-01-24 11:44:43.781 [warning] [Decorations] CAPPING events from decorations provider vscode.git 696
2025-01-24 11:44:48.889 [warning] [Decorations] CAPPING events from decorations provider vscode.git 696
2025-01-24 11:44:53.991 [warning] [Decorations] CAPPING events from decorations provider vscode.git 696
2025-01-24 11:44:59.105 [warning] [Decorations] CAPPING events from decorations provider vscode.git 696
2025-01-24 11:45:04.207 [warning] [Decorations] CAPPING events from decorations provider vscode.git 696
2025-01-24 11:45:09.321 [warning] [Decorations] CAPPING events from decorations provider vscode.git 696
2025-01-24 11:45:14.426 [warning] [Decorations] CAPPING events from decorations provider vscode.git 696
2025-01-24 11:45:19.557 [warning] [Decorations] CAPPING events from decorations provider vscode.git 696
2025-01-24 11:45:24.662 [warning] [Decorations] CAPPING events from decorations provider vscode.git 696
2025-01-24 11:45:29.762 [warning] [Decorations] CAPPING events from decorations provider vscode.git 696
2025-01-24 11:45:34.864 [warning] [Decorations] CAPPING events from decorations provider vscode.git 697
2025-01-24 11:45:39.980 [warning] [Decorations] CAPPING events from decorations provider vscode.git 697
2025-01-24 11:45:45.097 [warning] [Decorations] CAPPING events from decorations provider vscode.git 697
2025-01-24 11:45:50.302 [warning] [Decorations] CAPPING events from decorations provider vscode.git 697
2025-01-24 11:45:55.406 [warning] [Decorations] CAPPING events from decorations provider vscode.git 697
2025-01-24 11:46:02.935 [warning] [Decorations] CAPPING events from decorations provider vscode.git 697
2025-01-24 11:46:08.036 [warning] [Decorations] CAPPING events from decorations provider vscode.git 697
2025-01-24 11:46:13.153 [warning] [Decorations] CAPPING events from decorations provider vscode.git 697
2025-01-24 11:46:18.260 [warning] [Decorations] CAPPING events from decorations provider vscode.git 697
2025-01-24 11:46:23.367 [warning] [Decorations] CAPPING events from decorations provider vscode.git 697
2025-01-24 11:46:28.501 [warning] [Decorations] CAPPING events from decorations provider vscode.git 698
2025-01-24 11:46:33.608 [warning] [Decorations] CAPPING events from decorations provider vscode.git 698
2025-01-24 11:46:40.698 [warning] [Decorations] CAPPING events from decorations provider vscode.git 698
2025-01-24 11:47:07.464 [warning] [Decorations] CAPPING events from decorations provider vscode.git 698
2025-01-24 11:47:12.589 [warning] [Decorations] CAPPING events from decorations provider vscode.git 698
2025-01-24 11:47:17.699 [warning] [Decorations] CAPPING events from decorations provider vscode.git 698
2025-01-24 11:47:22.802 [warning] [Decorations] CAPPING events from decorations provider vscode.git 700
2025-01-24 11:47:27.920 [warning] [Decorations] CAPPING events from decorations provider vscode.git 702
2025-01-24 11:47:33.023 [warning] [Decorations] CAPPING events from decorations provider vscode.git 702
2025-01-24 11:47:38.143 [warning] [Decorations] CAPPING events from decorations provider vscode.git 702
2025-01-24 11:47:43.254 [warning] [Decorations] CAPPING events from decorations provider vscode.git 703
2025-01-24 11:47:48.358 [warning] [Decorations] CAPPING events from decorations provider vscode.git 703
2025-01-24 11:47:53.472 [warning] [Decorations] CAPPING events from decorations provider vscode.git 704
2025-01-24 11:47:58.575 [warning] [Decorations] CAPPING events from decorations provider vscode.git 705
2025-01-24 11:48:03.687 [warning] [Decorations] CAPPING events from decorations provider vscode.git 705
2025-01-24 11:48:08.793 [warning] [Decorations] CAPPING events from decorations provider vscode.git 705
2025-01-24 11:48:13.904 [warning] [Decorations] CAPPING events from decorations provider vscode.git 707
2025-01-24 11:48:19.013 [warning] [Decorations] CAPPING events from decorations provider vscode.git 707
2025-01-24 11:48:24.130 [warning] [Decorations] CAPPING events from decorations provider vscode.git 707
2025-01-24 11:48:29.235 [warning] [Decorations] CAPPING events from decorations provider vscode.git 707
2025-01-24 11:48:34.347 [warning] [Decorations] CAPPING events from decorations provider vscode.git 707
2025-01-24 11:48:39.451 [warning] [Decorations] CAPPING events from decorations provider vscode.git 707
2025-01-24 11:48:44.552 [warning] [Decorations] CAPPING events from decorations provider vscode.git 707
2025-01-24 11:48:49.671 [warning] [Decorations] CAPPING events from decorations provider vscode.git 707
2025-01-24 11:48:54.798 [warning] [Decorations] CAPPING events from decorations provider vscode.git 707
2025-01-24 11:48:59.924 [warning] [Decorations] CAPPING events from decorations provider vscode.git 707
2025-01-24 11:49:05.030 [warning] [Decorations] CAPPING events from decorations provider vscode.git 707
2025-01-24 11:49:10.134 [warning] [Decorations] CAPPING events from decorations provider vscode.git 707
2025-01-24 11:49:15.253 [warning] [Decorations] CAPPING events from decorations provider vscode.git 707
2025-01-24 11:49:20.377 [warning] [Decorations] CAPPING events from decorations provider vscode.git 707
2025-01-24 11:49:25.487 [warning] [Decorations] CAPPING events from decorations provider vscode.git 707
2025-01-24 11:49:30.623 [warning] [Decorations] CAPPING events from decorations provider vscode.git 707
2025-01-24 11:49:35.738 [warning] [Decorations] CAPPING events from decorations provider vscode.git 707
2025-01-24 11:49:43.252 [warning] [Decorations] CAPPING events from decorations provider vscode.git 707
2025-01-24 11:49:48.377 [warning] [Decorations] CAPPING events from decorations provider vscode.git 707
2025-01-24 11:49:53.496 [warning] [Decorations] CAPPING events from decorations provider vscode.git 707
2025-01-24 12:01:14.319 [warning] [Decorations] CAPPING events from decorations provider vscode.git 710
2025-01-24 12:06:11.878 [warning] [Decorations] CAPPING events from decorations provider vscode.git 720
2025-01-24 12:09:09.369 [warning] [Decorations] CAPPING events from decorations provider vscode.git 720
2025-01-24 12:13:32.845 [warning] [Decorations] CAPPING events from decorations provider vscode.git 725
2025-01-24 12:13:37.968 [warning] [Decorations] CAPPING events from decorations provider vscode.git 720
2025-01-24 12:15:42.709 [warning] [Decorations] CAPPING events from decorations provider vscode.git 720
2025-01-24 12:15:47.843 [warning] [Decorations] CAPPING events from decorations provider vscode.git 720
2025-01-24 12:17:23.084 [warning] [Decorations] CAPPING events from decorations provider vscode.git 721
2025-01-24 12:17:28.209 [warning] [Decorations] CAPPING events from decorations provider vscode.git 721
2025-01-24 12:17:35.401 [warning] [Decorations] CAPPING events from decorations provider vscode.git 721
2025-01-24 12:18:15.673 [warning] [Decorations] CAPPING events from decorations provider vscode.git 721
2025-01-24 12:18:20.800 [warning] [Decorations] CAPPING events from decorations provider vscode.git 721
2025-01-24 12:19:16.321 [warning] [Decorations] CAPPING events from decorations provider vscode.git 726
2025-01-24 12:22:03.525 [warning] [Decorations] CAPPING events from decorations provider vscode.git 726
2025-01-24 12:22:08.758 [warning] [Decorations] CAPPING events from decorations provider vscode.git 726
2025-01-24 12:23:43.199 [warning] [Decorations] CAPPING events from decorations provider vscode.git 728
2025-01-24 12:23:48.326 [warning] [Decorations] CAPPING events from decorations provider vscode.git 729
2025-01-24 12:25:04.549 [warning] [Decorations] CAPPING events from decorations provider vscode.git 730
2025-01-24 12:25:09.677 [warning] [Decorations] CAPPING events from decorations provider vscode.git 729
2025-01-24 12:26:30.152 [warning] [Decorations] CAPPING events from decorations provider vscode.git 731
2025-01-24 12:26:35.270 [warning] [Decorations] CAPPING events from decorations provider vscode.git 731
2025-01-24 12:28:07.075 [warning] [Decorations] CAPPING events from decorations provider vscode.git 732
2025-01-24 12:28:12.192 [warning] [Decorations] CAPPING events from decorations provider vscode.git 732
2025-01-24 12:28:33.146 [warning] [Decorations] CAPPING events from decorations provider vscode.git 732
2025-01-24 12:28:38.268 [warning] [Decorations] CAPPING events from decorations provider vscode.git 732
2025-01-24 12:29:13.699 [warning] [Decorations] CAPPING events from decorations provider vscode.git 732
2025-01-24 12:29:18.814 [warning] [Decorations] CAPPING events from decorations provider vscode.git 732
2025-01-24 12:30:28.383 [warning] [Decorations] CAPPING events from decorations provider vscode.git 732
2025-01-24 12:30:33.508 [warning] [Decorations] CAPPING events from decorations provider vscode.git 732
2025-01-24 12:33:55.282 [warning] [Decorations] CAPPING events from decorations provider vscode.git 733
2025-01-24 12:34:00.393 [warning] [Decorations] CAPPING events from decorations provider vscode.git 733
2025-01-24 12:35:37.822 [warning] [Decorations] CAPPING events from decorations provider vscode.git 735
2025-01-24 12:35:42.929 [warning] [Decorations] CAPPING events from decorations provider vscode.git 732
2025-01-24 12:35:48.035 [warning] [Decorations] CAPPING events from decorations provider vscode.git 732
2025-01-24 12:35:53.155 [warning] [Decorations] CAPPING events from decorations provider vscode.git 732
2025-01-24 12:36:15.662 [warning] [Decorations] CAPPING events from decorations provider vscode.git 732
2025-01-24 12:36:20.783 [warning] [Decorations] CAPPING events from decorations provider vscode.git 732
2025-01-24 12:37:04.446 [warning] [Decorations] CAPPING events from decorations provider vscode.git 733
2025-01-24 12:37:09.559 [warning] [Decorations] CAPPING events from decorations provider vscode.git 733
2025-01-24 12:37:14.668 [warning] [Decorations] CAPPING events from decorations provider vscode.git 733
2025-01-24 12:38:05.307 [warning] [Decorations] CAPPING events from decorations provider vscode.git 733
2025-01-24 12:38:29.764 [warning] [Decorations] CAPPING events from decorations provider vscode.git 734
2025-01-24 12:38:48.139 [warning] [Decorations] CAPPING events from decorations provider vscode.git 735
2025-01-24 12:38:53.249 [warning] [Decorations] CAPPING events from decorations provider vscode.git 735
2025-01-24 12:39:33.379 [warning] [Decorations] CAPPING events from decorations provider vscode.git 735
2025-01-24 12:39:48.383 [warning] [Decorations] CAPPING events from decorations provider vscode.git 735
2025-01-24 12:40:13.063 [warning] [Decorations] CAPPING events from decorations provider vscode.git 736
2025-01-24 12:40:18.394 [warning] [Decorations] CAPPING events from decorations provider vscode.git 737
2025-01-24 12:40:39.321 [warning] [Decorations] CAPPING events from decorations provider vscode.git 738
2025-01-24 12:42:21.901 [warning] [Decorations] CAPPING events from decorations provider vscode.git 742
2025-01-24 12:42:27.017 [warning] [Decorations] CAPPING events from decorations provider vscode.git 742
2025-01-24 12:42:32.129 [warning] [Decorations] CAPPING events from decorations provider vscode.git 742
2025-01-24 12:42:41.803 [warning] [Decorations] CAPPING events from decorations provider vscode.git 742
2025-01-24 12:43:27.835 [warning] [Decorations] CAPPING events from decorations provider vscode.git 744
2025-01-24 12:43:33.007 [warning] [Decorations] CAPPING events from decorations provider vscode.git 745
2025-01-24 12:44:03.246 [warning] [Decorations] CAPPING events from decorations provider vscode.git 745
2025-01-24 12:44:08.374 [warning] [Decorations] CAPPING events from decorations provider vscode.git 745
2025-01-24 12:44:28.880 [warning] [Decorations] CAPPING events from decorations provider vscode.git 745
2025-01-24 12:44:33.989 [warning] [Decorations] CAPPING events from decorations provider vscode.git 745
2025-01-24 12:44:44.990 [warning] [Decorations] CAPPING events from decorations provider vscode.git 745
2025-01-24 12:44:50.110 [warning] [Decorations] CAPPING events from decorations provider vscode.git 745
2025-01-24 12:44:55.216 [warning] [Decorations] CAPPING events from decorations provider vscode.git 745
2025-01-24 12:46:49.216 [warning] [Decorations] CAPPING events from decorations provider vscode.git 750
2025-01-24 12:47:11.583 [warning] [Decorations] CAPPING events from decorations provider vscode.git 750
2025-01-24 12:47:16.701 [warning] [Decorations] CAPPING events from decorations provider vscode.git 750
2025-01-24 12:47:28.264 [warning] [Decorations] CAPPING events from decorations provider vscode.git 750
2025-01-24 12:47:41.108 [warning] [Decorations] CAPPING events from decorations provider vscode.git 751
2025-01-24 12:47:46.269 [warning] [Decorations] CAPPING events from decorations provider vscode.git 750
2025-01-24 12:48:06.449 [warning] [Decorations] CAPPING events from decorations provider vscode.git 751
2025-01-24 12:48:11.572 [warning] [Decorations] CAPPING events from decorations provider vscode.git 751
2025-01-24 12:50:06.723 [warning] [Decorations] CAPPING events from decorations provider vscode.git 755
2025-01-24 12:50:11.873 [warning] [Decorations] CAPPING events from decorations provider vscode.git 754
2025-01-24 12:51:02.424 [warning] [Decorations] CAPPING events from decorations provider vscode.git 756
2025-01-24 12:51:08.899 [warning] [Decorations] CAPPING events from decorations provider vscode.git 757
2025-01-24 12:51:27.546 [warning] [Decorations] CAPPING events from decorations provider vscode.git 757
2025-01-24 12:51:32.663 [warning] [Decorations] CAPPING events from decorations provider vscode.git 757
2025-01-24 12:53:15.768 [warning] [Decorations] CAPPING events from decorations provider vscode.git 757
2025-01-24 12:53:20.896 [warning] [Decorations] CAPPING events from decorations provider vscode.git 757
2025-01-24 12:54:12.752 [warning] [Decorations] CAPPING events from decorations provider vscode.git 757
2025-01-24 12:54:17.890 [warning] [Decorations] CAPPING events from decorations provider vscode.git 757
2025-01-24 12:54:23.004 [warning] [Decorations] CAPPING events from decorations provider vscode.git 757
2025-01-24 12:54:45.968 [warning] [Decorations] CAPPING events from decorations provider vscode.git 757
2025-01-24 12:54:51.089 [warning] [Decorations] CAPPING events from decorations provider vscode.git 757
2025-01-24 12:55:26.941 [warning] [Decorations] CAPPING events from decorations provider vscode.git 757
2025-01-24 12:55:32.065 [warning] [Decorations] CAPPING events from decorations provider vscode.git 757
2025-01-24 12:56:01.886 [warning] [Decorations] CAPPING events from decorations provider vscode.git 757
2025-01-24 12:56:06.996 [warning] [Decorations] CAPPING events from decorations provider vscode.git 757
2025-01-24 12:56:27.196 [warning] [Decorations] CAPPING events from decorations provider vscode.git 757
2025-01-24 12:56:43.159 [warning] [Decorations] CAPPING events from decorations provider vscode.git 757
2025-01-24 12:57:48.547 [warning] [Decorations] CAPPING events from decorations provider vscode.git 758
2025-01-24 12:57:53.668 [warning] [Decorations] CAPPING events from decorations provider vscode.git 758
2025-01-24 12:58:16.164 [warning] [Decorations] CAPPING events from decorations provider vscode.git 758
2025-01-24 12:58:21.292 [warning] [Decorations] CAPPING events from decorations provider vscode.git 758
2025-01-24 12:59:12.885 [warning] [Decorations] CAPPING events from decorations provider vscode.git 759
2025-01-24 12:59:17.996 [warning] [Decorations] CAPPING events from decorations provider vscode.git 759
2025-01-24 13:09:39.736 [warning] [Decorations] CAPPING events from decorations provider vscode.git 777
2025-01-24 13:09:46.827 [warning] [Decorations] CAPPING events from decorations provider vscode.git 776
2025-01-24 13:10:00.544 [warning] [Decorations] CAPPING events from decorations provider vscode.git 776
2025-01-24 13:17:34.602 [warning] [Decorations] CAPPING events from decorations provider vscode.git 789
2025-01-24 13:17:40.153 [warning] [Decorations] CAPPING events from decorations provider vscode.git 788
2025-01-24 13:17:45.265 [warning] [Decorations] CAPPING events from decorations provider vscode.git 788
2025-01-24 13:22:14.634 [warning] [Decorations] CAPPING events from decorations provider vscode.git 792
2025-01-24 13:22:19.743 [warning] [Decorations] CAPPING events from decorations provider vscode.git 791
2025-01-24 13:22:24.874 [warning] [Decorations] CAPPING events from decorations provider vscode.git 791
2025-01-24 13:22:30.021 [warning] [Decorations] CAPPING events from decorations provider vscode.git 791
2025-01-24 13:22:35.136 [warning] [Decorations] CAPPING events from decorations provider vscode.git 791
2025-01-24 13:22:40.242 [warning] [Decorations] CAPPING events from decorations provider vscode.git 791
2025-01-24 13:22:45.371 [warning] [Decorations] CAPPING events from decorations provider vscode.git 791
2025-01-24 13:22:50.503 [warning] [Decorations] CAPPING events from decorations provider vscode.git 791
2025-01-24 13:22:55.624 [warning] [Decorations] CAPPING events from decorations provider vscode.git 791
2025-01-24 13:23:00.737 [warning] [Decorations] CAPPING events from decorations provider vscode.git 791
2025-01-24 13:37:10.621 [warning] [Decorations] CAPPING events from decorations provider vscode.git 791
2025-01-24 13:37:15.750 [warning] [Decorations] CAPPING events from decorations provider vscode.git 791
