Initializing document watcher...
Document watcher initialized
biswabandita_rout/backend/src/services/uploadService.js: {}
biswabandita_rout/backend/src/services/uploadService.js: {}
biswabandita_rout/backend/src/services/uploadService.js: {}
biswabandita_rout/backend/src/services/uploadService.js: {}
biswabandita_rout/backend/src/services/uploadService.js: {}
biswabandita_rout/backend/src/services/uploadService.js: {}
biswabandita_rout/backend/src/services/uploadService.js: Using EditorConfig core...
biswabandita_rout/backend/src/services/uploadService.js: Using EditorConfig core...
biswabandita_rout/backend/src/services/uploadService.js: {}
biswabandita_rout/backend/src/services/uploadService.js: {}
biswabandita_rout/backend/src/services/uploadService.js: {}
biswabandita_rout/backend/src/services/uploadService.js: {}
biswabandita_rout/backend/src/services/uploadService.js: Using EditorConfig core...
biswabandita_rout/backend/src/services/uploadService.js: Using EditorConfig core...
biswabandita_rout/backend/src/services/uploadService.js: Using EditorConfig core...
biswabandita_rout/backend/src/services/uploadService.js: {}
biswabandita_rout/backend/src/services/uploadService.js: Using EditorConfig core...
biswabandita_rout/backend/src/services/uploadService.js: Using EditorConfig core...
biswabandita_rout/backend/src/services/uploadService.js: {}
biswabandita_rout/backend/src/services/uploadService.js: {}
biswabandita_rout/backend/src/services/uploadService.js: {}
biswabandita_rout/backend/src/services/uploadService.js: {}
biswabandita_rout/backend/src/services/uploadService.js: Using EditorConfig core...
biswabandita_rout/backend/src/services/uploadService.js: Using EditorConfig core...
biswabandita_rout/backend/src/services/uploadService.js: Using EditorConfig core...
biswabandita_rout/backend/src/services/uploadService.js: Using EditorConfig core...
biswabandita_rout/backend/src/services/uploadService.js: Using EditorConfig core...
biswabandita_rout/backend/src/services/uploadService.js: Using EditorConfig core...
biswabandita_rout/backend/src/services/uploadService.js: Using EditorConfig core...
biswabandita_rout/backend/src/services/uploadService.js: Using EditorConfig core...
biswabandita_rout/backend/src/services/uploadService.js: Using EditorConfig core...
biswabandita_rout/backend/src/services/uploadService.js: Using EditorConfig core...
biswabandita_rout/backend/src/services/uploadService.js: Using EditorConfig core...
biswabandita_rout/backend/src/services/uploadService.js: Using EditorConfig core...
biswabandita_rout/backend/src/services/uploadService.js: Using EditorConfig core...
biswabandita_rout/backend/src/services/uploadService.js: Using EditorConfig core...
biswabandita_rout/backend/src/services/uploadService.js: {}
biswabandita_rout/backend/src/services/uploadService.js: {}
biswabandita_rout/backend/src/services/uploadService.js: {}
biswabandita_rout/backend/src/services/uploadService.js: {}
biswabandita_rout/backend/src/services/uploadService.js: {}
biswabandita_rout/backend/src/services/uploadService.js: Using EditorConfig core...
biswabandita_rout/backend/src/services/uploadService.js: {}
biswabandita_rout/backend/src/services/uploadService.js: Using EditorConfig core...
biswabandita_rout/backend/src/services/uploadService.js: Using EditorConfig core...
biswabandita_rout/backend/src/services/uploadService.js: {}
biswabandita_rout/backend/src/services/uploadService.js: {}
biswabandita_rout/backend/src/services/uploadService.js: {}
biswabandita_rout/backend/src/configs/gcsConfig.js: {}
biswabandita_rout/backend/server.js: {}
biswabandita_rout/backend/src/controllers/uploadController.js: {}
biswabandita_rout/backend/src/controllers/uploadController.js: Using EditorConfig core...
biswabandita_rout/backend/src/controllers/uploadController.js: {}
biswabandita_rout/backend/src/controllers/uploadController.js: {}
biswabandita_rout/backend/src/controllers/uploadController.js: {}
biswabandita_rout/backend/src/controllers/uploadController.js: {}
biswabandita_rout/backend/src/controllers/uploadController.js: {}
biswabandita_rout/backend/src/controllers/uploadController.js: {}
biswabandita_rout/backend/src/controllers/uploadController.js: {}
biswabandita_rout/backend/src/controllers/uploadController.js: {}
biswabandita_rout/backend/src/controllers/uploadController.js: {}
biswabandita_rout/backend/src/controllers/uploadController.js: Using EditorConfig core...
biswabandita_rout/backend/src/controllers/uploadController.js: Using EditorConfig core...
biswabandita_rout/backend/src/controllers/uploadController.js: Using EditorConfig core...
biswabandita_rout/backend/src/controllers/uploadController.js: Using EditorConfig core...
biswabandita_rout/backend/src/controllers/uploadController.js: {}
biswabandita_rout/backend/src/controllers/uploadController.js: Using EditorConfig core...
biswabandita_rout/backend/src/services/uploadService.js: {}
biswabandita_rout/backend/src/controllers/uploadController.js: {}
biswabandita_rout/backend/src/services/uploadService.js: {}
biswabandita_rout/backend/src/services/uploadService.js: Using EditorConfig core...
biswabandita_rout/backend/src/controllers/uploadController.js: {}
biswabandita_rout/backend/src/services/uploadService.js: {}
biswabandita_rout/backend/src/controllers/uploadController.js: {}
biswabandita_rout/backend/src/services/uploadService.js: {}
biswabandita_rout/backend/src/services/uploadService.js: Using EditorConfig core...
biswabandita_rout/backend/src/services/uploadService.js: Using EditorConfig core...
biswabandita_rout/backend/src/services/uploadService.js: Using EditorConfig core...
biswabandita_rout/backend/src/services/uploadService.js: Using EditorConfig core...
biswabandita_rout/backend/src/services/uploadService.js: Using EditorConfig core...
biswabandita_rout/backend/src/controllers/uploadController.js: {}
biswabandita_rout/backend/server.js: {}
biswabandita_rout/backend/server.js: {}
biswabandita_rout/backend/server.js: {}
biswabandita_rout/backend/server.js: {}
biswabandita_rout/backend/server.js: {}
biswabandita_rout/backend/server.js: {}
biswabandita_rout/backend/server.js: {}
biswabandita_rout/backend/server.js: {}
biswabandita_rout/backend/server.js: {}
biswabandita_rout/backend/server.js: {}
biswabandita_rout/frontend/.editorconfig: {"insertSpaces":true,"tabSize":2}
biswabandita_rout/backend/src/controllers/uploadController.js: {}
biswabandita_rout/backend/src/services/uploadService.js: {}
No more open editors.
biswabandita_rout/frontend/.editorconfig: {"insertSpaces":true,"tabSize":2}
No more open editors.
No more open editors.
No more open editors.
No more open editors.
No more open editors.
No more open editors.
No more open editors.
No more open editors.
No more open editors.
No more open editors.
No more open editors.
No more open editors.
No more open editors.
No more open editors.
