2025-01-24 10:10:08.816 [info] [main] Log level: Info
2025-01-24 10:10:08.816 [info] [main] Validating found git in: "git"
2025-01-24 10:10:08.816 [info] [main] Using git "2.43.0" from "git"
2025-01-24 10:10:08.816 [info] [Model][doInitialScan] Initial repository scan started
2025-01-24 10:10:08.883 [info] > git rev-parse --show-toplevel [61ms]
2025-01-24 10:10:08.980 [info] > git rev-parse --git-dir --git-common-dir [47ms]
2025-01-24 10:10:09.074 [info] [Model][openRepository] Opened repository: /home/biswabandita_rout
2025-01-24 10:10:09.220 [info] > git config --get commit.template [46ms]
2025-01-24 10:10:09.223 [info] > git rev-parse --show-toplevel [24ms]
2025-01-24 10:10:09.346 [info] > git rev-parse --show-toplevel [5ms]
2025-01-24 10:10:09.361 [info] > git rev-parse --show-toplevel [8ms]
2025-01-24 10:10:09.384 [info] > git for-each-ref --format=%(refname)%00%(upstream:short)%00%(objectname)%00%(upstream:track)%00%(upstream:remotename)%00%(upstream:remoteref) refs/heads/main refs/remotes/main [133ms]
2025-01-24 10:10:09.447 [info] > git rev-parse --show-toplevel [62ms]
2025-01-24 10:10:09.467 [info] > git for-each-ref --sort -committerdate --format %(refname) %(objectname) %(*objectname) [23ms]
2025-01-24 10:10:09.517 [info] > git rev-parse --show-toplevel [51ms]
2025-01-24 10:10:09.670 [info] > git rev-parse --show-toplevel [93ms]
2025-01-24 10:10:09.724 [info] > git rev-parse --show-toplevel [25ms]
2025-01-24 10:10:09.752 [info] > git rev-parse --show-toplevel [14ms]
2025-01-24 10:10:09.767 [info] > git rev-parse --show-toplevel [11ms]
2025-01-24 10:10:09.831 [info] > git rev-parse --show-toplevel [31ms]
2025-01-24 10:10:09.846 [info] > git rev-parse --show-toplevel [5ms]
2025-01-24 10:10:09.847 [info] [Model][doInitialScan] Initial repository scan completed - repositories (1), closed repositories (0), parent repositories (0), unsafe repositories (0)
2025-01-24 10:10:10.195 [info] > git ls-files --stage -- /home/biswabandita_rout/frontend/src/app/services/chat-service.service.ts [48ms]
2025-01-24 10:10:10.222 [info] > git show --textconv :frontend/src/app/services/chat-service.service.ts [96ms]
2025-01-24 10:10:10.222 [info] > git check-ignore -v -z --stdin [55ms]
2025-01-24 10:10:10.256 [info] > git cat-file -s 4bc2d728ba14178f09cc05eceb11598b336e8e2c [36ms]
2025-01-24 10:10:10.498 [info] > git status -z -uall [1079ms]
2025-01-24 10:10:11.666 [info] > git for-each-ref --format=%(refname)%00%(upstream:short)%00%(objectname)%00%(upstream:track)%00%(upstream:remotename)%00%(upstream:remoteref) refs/heads/main refs/remotes/main [1057ms]
2025-01-24 10:10:11.693 [info] > git config --get commit.template [274ms]
2025-01-24 10:10:11.718 [info] > git for-each-ref --format=%(refname)%00%(upstream:short)%00%(objectname)%00%(upstream:track)%00%(upstream:remotename)%00%(upstream:remoteref) refs/heads/main refs/remotes/main [5ms]
2025-01-24 10:10:11.720 [info] > git config --local branch.main.vscode-merge-base [49ms]
2025-01-24 10:10:11.720 [warning] [Git][config] git config failed: Failed to execute git
2025-01-24 10:10:11.748 [info] > git reflog main --grep-reflog=branch: Created from *. [24ms]
2025-01-24 10:10:11.767 [info] > git for-each-ref --sort -committerdate --format %(refname) %(objectname) %(*objectname) [25ms]
2025-01-24 10:10:11.770 [info] > git symbolic-ref --short refs/remotes/origin/HEAD [4ms]
2025-01-24 10:10:11.770 [info] fatal: ref refs/remotes/origin/HEAD is not a symbolic ref
2025-01-24 10:10:11.770 [warning] [Repository][getDefaultBranch] Failed to get default branch details: Failed to execute git.
2025-01-24 10:10:11.812 [info] > git merge-base refs/heads/main refs/remotes/origin/main [12ms]
2025-01-24 10:10:11.838 [info] > git diff --name-status -z --diff-filter=ADMR 1d52a57d198e5d1cef2c49abaed1a6ae1779a3a6...refs/remotes/origin/main [10ms]
2025-01-24 10:10:11.962 [info] > git status -z -uall [229ms]
2025-01-24 10:10:24.862 [info] > git check-ignore -v -z --stdin [45ms]
2025-01-24 10:10:28.517 [info] > git config --get commit.template [16ms]
2025-01-24 10:10:28.522 [info] > git for-each-ref --format=%(refname)%00%(upstream:short)%00%(objectname)%00%(upstream:track)%00%(upstream:remotename)%00%(upstream:remoteref) refs/heads/main refs/remotes/main [7ms]
2025-01-24 10:10:28.580 [info] > git for-each-ref --sort -committerdate --format %(refname) %(objectname) %(*objectname) [14ms]
2025-01-24 10:10:28.726 [info] > git status -z -uall [194ms]
2025-01-24 10:10:33.793 [info] > git config --get commit.template [15ms]
2025-01-24 10:10:33.797 [info] > git for-each-ref --format=%(refname)%00%(upstream:short)%00%(objectname)%00%(upstream:track)%00%(upstream:remotename)%00%(upstream:remoteref) refs/heads/main refs/remotes/main [5ms]
2025-01-24 10:10:33.834 [info] > git for-each-ref --sort -committerdate --format %(refname) %(objectname) %(*objectname) [15ms]
2025-01-24 10:10:33.928 [info] > git status -z -uall [122ms]
2025-01-24 10:10:38.972 [info] > git config --get commit.template [8ms]
2025-01-24 10:10:38.974 [info] > git for-each-ref --format=%(refname)%00%(upstream:short)%00%(objectname)%00%(upstream:track)%00%(upstream:remotename)%00%(upstream:remoteref) refs/heads/main refs/remotes/main [3ms]
2025-01-24 10:10:39.003 [info] > git for-each-ref --sort -committerdate --format %(refname) %(objectname) %(*objectname) [3ms]
2025-01-24 10:10:39.064 [info] > git status -z -uall [83ms]
2025-01-24 10:10:44.110 [info] > git config --get commit.template [10ms]
2025-01-24 10:10:44.111 [info] > git for-each-ref --format=%(refname)%00%(upstream:short)%00%(objectname)%00%(upstream:track)%00%(upstream:remotename)%00%(upstream:remoteref) refs/heads/main refs/remotes/main [3ms]
2025-01-24 10:10:44.144 [info] > git for-each-ref --sort -committerdate --format %(refname) %(objectname) %(*objectname) [6ms]
2025-01-24 10:10:44.207 [info] > git status -z -uall [87ms]
2025-01-24 10:10:49.239 [info] > git config --get commit.template [11ms]
2025-01-24 10:10:49.241 [info] > git for-each-ref --format=%(refname)%00%(upstream:short)%00%(objectname)%00%(upstream:track)%00%(upstream:remotename)%00%(upstream:remoteref) refs/heads/main refs/remotes/main [3ms]
2025-01-24 10:10:49.276 [info] > git for-each-ref --sort -committerdate --format %(refname) %(objectname) %(*objectname) [4ms]
2025-01-24 10:10:49.343 [info] > git status -z -uall [93ms]
2025-01-24 10:10:54.382 [info] > git config --get commit.template [10ms]
2025-01-24 10:10:54.383 [info] > git for-each-ref --format=%(refname)%00%(upstream:short)%00%(objectname)%00%(upstream:track)%00%(upstream:remotename)%00%(upstream:remoteref) refs/heads/main refs/remotes/main [3ms]
2025-01-24 10:10:54.413 [info] > git for-each-ref --sort -committerdate --format %(refname) %(objectname) %(*objectname) [13ms]
2025-01-24 10:10:54.474 [info] > git status -z -uall [84ms]
2025-01-24 10:10:59.508 [info] > git config --get commit.template [10ms]
2025-01-24 10:10:59.509 [info] > git for-each-ref --format=%(refname)%00%(upstream:short)%00%(objectname)%00%(upstream:track)%00%(upstream:remotename)%00%(upstream:remoteref) refs/heads/main refs/remotes/main [3ms]
2025-01-24 10:10:59.545 [info] > git for-each-ref --sort -committerdate --format %(refname) %(objectname) %(*objectname) [7ms]
2025-01-24 10:10:59.609 [info] > git status -z -uall [91ms]
2025-01-24 10:11:04.644 [info] > git config --get commit.template [11ms]
2025-01-24 10:11:04.647 [info] > git for-each-ref --format=%(refname)%00%(upstream:short)%00%(objectname)%00%(upstream:track)%00%(upstream:remotename)%00%(upstream:remoteref) refs/heads/main refs/remotes/main [4ms]
2025-01-24 10:11:04.685 [info] > git for-each-ref --sort -committerdate --format %(refname) %(objectname) %(*objectname) [6ms]
2025-01-24 10:11:04.743 [info] > git status -z -uall [88ms]
2025-01-24 10:11:10.532 [info] > git config --get commit.template [3ms]
2025-01-24 10:11:10.541 [info] > git for-each-ref --format=%(refname)%00%(upstream:short)%00%(objectname)%00%(upstream:track)%00%(upstream:remotename)%00%(upstream:remoteref) refs/heads/main refs/remotes/main [2ms]
2025-01-24 10:11:10.573 [info] > git for-each-ref --sort -committerdate --format %(refname) %(objectname) %(*objectname) [5ms]
2025-01-24 10:11:10.631 [info] > git status -z -uall [82ms]
2025-01-24 10:11:15.663 [info] > git config --get commit.template [11ms]
2025-01-24 10:11:15.666 [info] > git for-each-ref --format=%(refname)%00%(upstream:short)%00%(objectname)%00%(upstream:track)%00%(upstream:remotename)%00%(upstream:remoteref) refs/heads/main refs/remotes/main [4ms]
2025-01-24 10:11:15.697 [info] > git for-each-ref --sort -committerdate --format %(refname) %(objectname) %(*objectname) [2ms]
2025-01-24 10:11:15.754 [info] > git status -z -uall [80ms]
2025-01-24 10:11:20.789 [info] > git config --get commit.template [10ms]
2025-01-24 10:11:20.790 [info] > git for-each-ref --format=%(refname)%00%(upstream:short)%00%(objectname)%00%(upstream:track)%00%(upstream:remotename)%00%(upstream:remoteref) refs/heads/main refs/remotes/main [2ms]
2025-01-24 10:11:20.819 [info] > git for-each-ref --sort -committerdate --format %(refname) %(objectname) %(*objectname) [5ms]
2025-01-24 10:11:20.874 [info] > git status -z -uall [76ms]
2025-01-24 10:11:25.906 [info] > git config --get commit.template [11ms]
2025-01-24 10:11:25.908 [info] > git for-each-ref --format=%(refname)%00%(upstream:short)%00%(objectname)%00%(upstream:track)%00%(upstream:remotename)%00%(upstream:remoteref) refs/heads/main refs/remotes/main [3ms]
2025-01-24 10:11:25.937 [info] > git for-each-ref --sort -committerdate --format %(refname) %(objectname) %(*objectname) [7ms]
2025-01-24 10:11:25.993 [info] > git status -z -uall [77ms]
2025-01-24 10:11:31.024 [info] > git config --get commit.template [9ms]
2025-01-24 10:11:31.025 [info] > git for-each-ref --format=%(refname)%00%(upstream:short)%00%(objectname)%00%(upstream:track)%00%(upstream:remotename)%00%(upstream:remoteref) refs/heads/main refs/remotes/main [2ms]
2025-01-24 10:11:31.056 [info] > git for-each-ref --sort -committerdate --format %(refname) %(objectname) %(*objectname) [12ms]
2025-01-24 10:11:31.113 [info] > git status -z -uall [79ms]
2025-01-24 10:11:36.148 [info] > git config --get commit.template [11ms]
2025-01-24 10:11:36.150 [info] > git for-each-ref --format=%(refname)%00%(upstream:short)%00%(objectname)%00%(upstream:track)%00%(upstream:remotename)%00%(upstream:remoteref) refs/heads/main refs/remotes/main [4ms]
2025-01-24 10:11:36.181 [info] > git for-each-ref --sort -committerdate --format %(refname) %(objectname) %(*objectname) [11ms]
2025-01-24 10:11:36.239 [info] > git status -z -uall [80ms]
2025-01-24 10:11:41.271 [info] > git config --get commit.template [12ms]
2025-01-24 10:11:41.279 [info] > git for-each-ref --format=%(refname)%00%(upstream:short)%00%(objectname)%00%(upstream:track)%00%(upstream:remotename)%00%(upstream:remoteref) refs/heads/main refs/remotes/main [9ms]
2025-01-24 10:11:41.312 [info] > git for-each-ref --sort -committerdate --format %(refname) %(objectname) %(*objectname) [3ms]
2025-01-24 10:11:41.379 [info] > git status -z -uall [88ms]
2025-01-24 10:11:46.418 [info] > git config --get commit.template [12ms]
2025-01-24 10:11:46.423 [info] > git for-each-ref --format=%(refname)%00%(upstream:short)%00%(objectname)%00%(upstream:track)%00%(upstream:remotename)%00%(upstream:remoteref) refs/heads/main refs/remotes/main [6ms]
2025-01-24 10:11:46.455 [info] > git for-each-ref --sort -committerdate --format %(refname) %(objectname) %(*objectname) [6ms]
2025-01-24 10:11:46.530 [info] > git status -z -uall [96ms]
2025-01-24 10:11:51.567 [info] > git config --get commit.template [11ms]
2025-01-24 10:11:51.570 [info] > git for-each-ref --format=%(refname)%00%(upstream:short)%00%(objectname)%00%(upstream:track)%00%(upstream:remotename)%00%(upstream:remoteref) refs/heads/main refs/remotes/main [5ms]
2025-01-24 10:11:51.605 [info] > git for-each-ref --sort -committerdate --format %(refname) %(objectname) %(*objectname) [6ms]
2025-01-24 10:11:51.668 [info] > git status -z -uall [89ms]
2025-01-24 10:11:56.704 [info] > git config --get commit.template [11ms]
2025-01-24 10:11:56.707 [info] > git for-each-ref --format=%(refname)%00%(upstream:short)%00%(objectname)%00%(upstream:track)%00%(upstream:remotename)%00%(upstream:remoteref) refs/heads/main refs/remotes/main [4ms]
2025-01-24 10:11:56.741 [info] > git for-each-ref --sort -committerdate --format %(refname) %(objectname) %(*objectname) [5ms]
2025-01-24 10:11:56.803 [info] > git status -z -uall [87ms]
2025-01-24 10:12:01.842 [info] > git config --get commit.template [11ms]
2025-01-24 10:12:01.844 [info] > git for-each-ref --format=%(refname)%00%(upstream:short)%00%(objectname)%00%(upstream:track)%00%(upstream:remotename)%00%(upstream:remoteref) refs/heads/main refs/remotes/main [3ms]
2025-01-24 10:12:01.883 [info] > git for-each-ref --sort -committerdate --format %(refname) %(objectname) %(*objectname) [6ms]
2025-01-24 10:12:01.940 [info] > git status -z -uall [85ms]
2025-01-24 10:12:06.977 [info] > git config --get commit.template [9ms]
2025-01-24 10:12:06.979 [info] > git for-each-ref --format=%(refname)%00%(upstream:short)%00%(objectname)%00%(upstream:track)%00%(upstream:remotename)%00%(upstream:remoteref) refs/heads/main refs/remotes/main [3ms]
2025-01-24 10:12:07.003 [info] > git for-each-ref --sort -committerdate --format %(refname) %(objectname) %(*objectname) [5ms]
2025-01-24 10:12:07.072 [info] > git status -z -uall [85ms]
2025-01-24 10:12:12.109 [info] > git config --get commit.template [10ms]
2025-01-24 10:12:12.111 [info] > git for-each-ref --format=%(refname)%00%(upstream:short)%00%(objectname)%00%(upstream:track)%00%(upstream:remotename)%00%(upstream:remoteref) refs/heads/main refs/remotes/main [3ms]
2025-01-24 10:12:12.141 [info] > git for-each-ref --sort -committerdate --format %(refname) %(objectname) %(*objectname) [4ms]
2025-01-24 10:12:12.198 [info] > git status -z -uall [79ms]
2025-01-24 10:12:17.232 [info] > git config --get commit.template [10ms]
2025-01-24 10:12:17.234 [info] > git for-each-ref --format=%(refname)%00%(upstream:short)%00%(objectname)%00%(upstream:track)%00%(upstream:remotename)%00%(upstream:remoteref) refs/heads/main refs/remotes/main [2ms]
2025-01-24 10:12:17.267 [info] > git for-each-ref --sort -committerdate --format %(refname) %(objectname) %(*objectname) [5ms]
2025-01-24 10:12:17.330 [info] > git status -z -uall [88ms]
2025-01-24 10:12:22.375 [info] > git config --get commit.template [15ms]
2025-01-24 10:12:22.376 [info] > git for-each-ref --format=%(refname)%00%(upstream:short)%00%(objectname)%00%(upstream:track)%00%(upstream:remotename)%00%(upstream:remoteref) refs/heads/main refs/remotes/main [5ms]
2025-01-24 10:12:22.413 [info] > git for-each-ref --sort -committerdate --format %(refname) %(objectname) %(*objectname) [6ms]
2025-01-24 10:12:22.480 [info] > git status -z -uall [92ms]
2025-01-24 10:12:27.518 [info] > git config --get commit.template [10ms]
2025-01-24 10:12:27.519 [info] > git for-each-ref --format=%(refname)%00%(upstream:short)%00%(objectname)%00%(upstream:track)%00%(upstream:remotename)%00%(upstream:remoteref) refs/heads/main refs/remotes/main [3ms]
2025-01-24 10:12:27.554 [info] > git for-each-ref --sort -committerdate --format %(refname) %(objectname) %(*objectname) [6ms]
2025-01-24 10:12:27.619 [info] > git status -z -uall [90ms]
2025-01-24 10:12:32.653 [info] > git config --get commit.template [12ms]
2025-01-24 10:12:32.656 [info] > git for-each-ref --format=%(refname)%00%(upstream:short)%00%(objectname)%00%(upstream:track)%00%(upstream:remotename)%00%(upstream:remoteref) refs/heads/main refs/remotes/main [3ms]
2025-01-24 10:12:32.690 [info] > git for-each-ref --sort -committerdate --format %(refname) %(objectname) %(*objectname) [9ms]
2025-01-24 10:12:32.755 [info] > git status -z -uall [90ms]
2025-01-24 10:12:37.784 [info] > git config --get commit.template [9ms]
2025-01-24 10:12:37.786 [info] > git for-each-ref --format=%(refname)%00%(upstream:short)%00%(objectname)%00%(upstream:track)%00%(upstream:remotename)%00%(upstream:remoteref) refs/heads/main refs/remotes/main [3ms]
2025-01-24 10:12:37.821 [info] > git for-each-ref --sort -committerdate --format %(refname) %(objectname) %(*objectname) [4ms]
2025-01-24 10:12:37.875 [info] > git status -z -uall [80ms]
2025-01-24 10:12:42.913 [info] > git config --get commit.template [8ms]
2025-01-24 10:12:42.915 [info] > git for-each-ref --format=%(refname)%00%(upstream:short)%00%(objectname)%00%(upstream:track)%00%(upstream:remotename)%00%(upstream:remoteref) refs/heads/main refs/remotes/main [3ms]
2025-01-24 10:12:42.945 [info] > git for-each-ref --sort -committerdate --format %(refname) %(objectname) %(*objectname) [6ms]
2025-01-24 10:12:43.002 [info] > git status -z -uall [80ms]
2025-01-24 10:12:48.036 [info] > git config --get commit.template [11ms]
2025-01-24 10:12:48.038 [info] > git for-each-ref --format=%(refname)%00%(upstream:short)%00%(objectname)%00%(upstream:track)%00%(upstream:remotename)%00%(upstream:remoteref) refs/heads/main refs/remotes/main [4ms]
2025-01-24 10:12:48.074 [info] > git for-each-ref --sort -committerdate --format %(refname) %(objectname) %(*objectname) [5ms]
2025-01-24 10:12:48.144 [info] > git status -z -uall [96ms]
2025-01-24 10:12:53.184 [info] > git for-each-ref --format=%(refname)%00%(upstream:short)%00%(objectname)%00%(upstream:track)%00%(upstream:remotename)%00%(upstream:remoteref) refs/heads/main refs/remotes/main [6ms]
2025-01-24 10:12:53.185 [info] > git config --get commit.template [17ms]
2025-01-24 10:12:53.220 [info] > git for-each-ref --sort -committerdate --format %(refname) %(objectname) %(*objectname) [6ms]
2025-01-24 10:12:53.316 [info] > git status -z -uall [120ms]
2025-01-24 10:12:58.354 [info] > git config --get commit.template [11ms]
2025-01-24 10:12:58.356 [info] > git for-each-ref --format=%(refname)%00%(upstream:short)%00%(objectname)%00%(upstream:track)%00%(upstream:remotename)%00%(upstream:remoteref) refs/heads/main refs/remotes/main [3ms]
2025-01-24 10:12:58.391 [info] > git for-each-ref --sort -committerdate --format %(refname) %(objectname) %(*objectname) [5ms]
2025-01-24 10:12:58.451 [info] > git status -z -uall [86ms]
2025-01-24 10:13:03.481 [info] > git config --get commit.template [9ms]
2025-01-24 10:13:03.483 [info] > git for-each-ref --format=%(refname)%00%(upstream:short)%00%(objectname)%00%(upstream:track)%00%(upstream:remotename)%00%(upstream:remoteref) refs/heads/main refs/remotes/main [3ms]
2025-01-24 10:13:03.517 [info] > git for-each-ref --sort -committerdate --format %(refname) %(objectname) %(*objectname) [4ms]
2025-01-24 10:13:03.572 [info] > git status -z -uall [80ms]
2025-01-24 10:13:08.603 [info] > git config --get commit.template [10ms]
2025-01-24 10:13:08.604 [info] > git for-each-ref --format=%(refname)%00%(upstream:short)%00%(objectname)%00%(upstream:track)%00%(upstream:remotename)%00%(upstream:remoteref) refs/heads/main refs/remotes/main [3ms]
2025-01-24 10:13:08.636 [info] > git for-each-ref --sort -committerdate --format %(refname) %(objectname) %(*objectname) [5ms]
2025-01-24 10:13:08.697 [info] > git status -z -uall [84ms]
2025-01-24 10:13:13.729 [info] > git config --get commit.template [10ms]
2025-01-24 10:13:13.731 [info] > git for-each-ref --format=%(refname)%00%(upstream:short)%00%(objectname)%00%(upstream:track)%00%(upstream:remotename)%00%(upstream:remoteref) refs/heads/main refs/remotes/main [3ms]
2025-01-24 10:13:13.766 [info] > git for-each-ref --sort -committerdate --format %(refname) %(objectname) %(*objectname) [7ms]
2025-01-24 10:13:13.828 [info] > git status -z -uall [89ms]
2025-01-24 10:13:18.864 [info] > git config --get commit.template [10ms]
2025-01-24 10:13:18.865 [info] > git for-each-ref --format=%(refname)%00%(upstream:short)%00%(objectname)%00%(upstream:track)%00%(upstream:remotename)%00%(upstream:remoteref) refs/heads/main refs/remotes/main [3ms]
2025-01-24 10:13:18.899 [info] > git for-each-ref --sort -committerdate --format %(refname) %(objectname) %(*objectname) [4ms]
2025-01-24 10:13:18.963 [info] > git status -z -uall [89ms]
2025-01-24 10:13:23.992 [info] > git config --get commit.template [9ms]
2025-01-24 10:13:23.994 [info] > git for-each-ref --format=%(refname)%00%(upstream:short)%00%(objectname)%00%(upstream:track)%00%(upstream:remotename)%00%(upstream:remoteref) refs/heads/main refs/remotes/main [3ms]
2025-01-24 10:13:24.024 [info] > git for-each-ref --sort -committerdate --format %(refname) %(objectname) %(*objectname) [4ms]
2025-01-24 10:13:24.088 [info] > git status -z -uall [86ms]
2025-01-24 10:13:29.122 [info] > git config --get commit.template [10ms]
2025-01-24 10:13:29.124 [info] > git for-each-ref --format=%(refname)%00%(upstream:short)%00%(objectname)%00%(upstream:track)%00%(upstream:remotename)%00%(upstream:remoteref) refs/heads/main refs/remotes/main [3ms]
2025-01-24 10:13:29.161 [info] > git for-each-ref --sort -committerdate --format %(refname) %(objectname) %(*objectname) [5ms]
2025-01-24 10:13:29.219 [info] > git status -z -uall [86ms]
2025-01-24 10:13:34.256 [info] > git config --get commit.template [11ms]
2025-01-24 10:13:34.257 [info] > git for-each-ref --format=%(refname)%00%(upstream:short)%00%(objectname)%00%(upstream:track)%00%(upstream:remotename)%00%(upstream:remoteref) refs/heads/main refs/remotes/main [3ms]
2025-01-24 10:13:34.291 [info] > git for-each-ref --sort -committerdate --format %(refname) %(objectname) %(*objectname) [6ms]
2025-01-24 10:13:34.355 [info] > git status -z -uall [88ms]
2025-01-24 10:13:39.385 [info] > git config --get commit.template [8ms]
2025-01-24 10:13:39.387 [info] > git for-each-ref --format=%(refname)%00%(upstream:short)%00%(objectname)%00%(upstream:track)%00%(upstream:remotename)%00%(upstream:remoteref) refs/heads/main refs/remotes/main [3ms]
2025-01-24 10:13:39.417 [info] > git for-each-ref --sort -committerdate --format %(refname) %(objectname) %(*objectname) [7ms]
2025-01-24 10:13:39.478 [info] > git status -z -uall [84ms]
2025-01-24 10:13:44.511 [info] > git config --get commit.template [9ms]
2025-01-24 10:13:44.512 [info] > git for-each-ref --format=%(refname)%00%(upstream:short)%00%(objectname)%00%(upstream:track)%00%(upstream:remotename)%00%(upstream:remoteref) refs/heads/main refs/remotes/main [2ms]
2025-01-24 10:13:44.544 [info] > git for-each-ref --sort -committerdate --format %(refname) %(objectname) %(*objectname) [4ms]
2025-01-24 10:13:44.598 [info] > git status -z -uall [79ms]
2025-01-24 10:13:49.624 [info] > git config --get commit.template [8ms]
2025-01-24 10:13:49.626 [info] > git for-each-ref --format=%(refname)%00%(upstream:short)%00%(objectname)%00%(upstream:track)%00%(upstream:remotename)%00%(upstream:remoteref) refs/heads/main refs/remotes/main [3ms]
2025-01-24 10:13:49.647 [info] > git for-each-ref --sort -committerdate --format %(refname) %(objectname) %(*objectname) [4ms]
2025-01-24 10:13:49.715 [info] > git status -z -uall [82ms]
2025-01-24 10:13:54.747 [info] > git config --get commit.template [11ms]
2025-01-24 10:13:54.748 [info] > git for-each-ref --format=%(refname)%00%(upstream:short)%00%(objectname)%00%(upstream:track)%00%(upstream:remotename)%00%(upstream:remoteref) refs/heads/main refs/remotes/main [3ms]
2025-01-24 10:13:54.786 [info] > git for-each-ref --sort -committerdate --format %(refname) %(objectname) %(*objectname) [7ms]
2025-01-24 10:13:54.852 [info] > git status -z -uall [93ms]
2025-01-24 10:13:59.885 [info] > git config --get commit.template [10ms]
2025-01-24 10:13:59.887 [info] > git for-each-ref --format=%(refname)%00%(upstream:short)%00%(objectname)%00%(upstream:track)%00%(upstream:remotename)%00%(upstream:remoteref) refs/heads/main refs/remotes/main [3ms]
2025-01-24 10:13:59.926 [info] > git for-each-ref --sort -committerdate --format %(refname) %(objectname) %(*objectname) [5ms]
2025-01-24 10:13:59.982 [info] > git status -z -uall [86ms]
2025-01-24 10:14:05.014 [info] > git config --get commit.template [10ms]
2025-01-24 10:14:05.016 [info] > git for-each-ref --format=%(refname)%00%(upstream:short)%00%(objectname)%00%(upstream:track)%00%(upstream:remotename)%00%(upstream:remoteref) refs/heads/main refs/remotes/main [3ms]
2025-01-24 10:14:05.053 [info] > git for-each-ref --sort -committerdate --format %(refname) %(objectname) %(*objectname) [5ms]
2025-01-24 10:14:05.112 [info] > git status -z -uall [87ms]
2025-01-24 10:14:10.147 [info] > git config --get commit.template [11ms]
2025-01-24 10:14:10.149 [info] > git for-each-ref --format=%(refname)%00%(upstream:short)%00%(objectname)%00%(upstream:track)%00%(upstream:remotename)%00%(upstream:remoteref) refs/heads/main refs/remotes/main [3ms]
2025-01-24 10:14:10.182 [info] > git for-each-ref --sort -committerdate --format %(refname) %(objectname) %(*objectname) [6ms]
2025-01-24 10:14:10.246 [info] > git status -z -uall [88ms]
2025-01-24 10:14:15.277 [info] > git config --get commit.template [8ms]
2025-01-24 10:14:15.279 [info] > git for-each-ref --format=%(refname)%00%(upstream:short)%00%(objectname)%00%(upstream:track)%00%(upstream:remotename)%00%(upstream:remoteref) refs/heads/main refs/remotes/main [3ms]
2025-01-24 10:14:15.322 [info] > git for-each-ref --sort -committerdate --format %(refname) %(objectname) %(*objectname) [12ms]
2025-01-24 10:14:15.377 [info] > git status -z -uall [90ms]
