2025-01-24 10:10:05.507 [info] Extension host with pid 1196 started
2025-01-24 10:10:05.507 [error] Error: EEXIST: file already exists, open '/home/biswabandita_rout/.codeoss/data/User/workspaceStorage/-2aa307c7/vscode.lock'
2025-01-24 10:10:05.543 [info] Lock '/home/biswabandita_rout/.codeoss/data/User/workspaceStorage/-2aa307c7/vscode.lock': Could not acquire lock, checking if the file is stale.
2025-01-24 10:10:05.544 [info] Lock '/home/biswabandita_rout/.codeoss/data/User/workspaceStorage/-2aa307c7/vscode.lock': The pid 837 appears to be gone.
2025-01-24 10:10:05.544 [info] Lock '/home/biswabandita_rout/.codeoss/data/User/workspaceStorage/-2aa307c7/vscode.lock': Deleting a stale lock.
2025-01-24 10:10:05.551 [info] Lock '/home/biswabandita_rout/.codeoss/data/User/workspaceStorage/-2aa307c7/vscode.lock': Lock acquired.
2025-01-24 10:10:06.279 [info] ExtensionService#_doActivateExtension vscode.emmet, startup: false, activationEvent: 'onLanguage'
2025-01-24 10:10:06.280 [info] ExtensionService#_doActivateExtension vscode.typescript-language-features, startup: false, activationEvent: 'onLanguage:typescript'
2025-01-24 10:10:06.859 [info] ExtensionService#_doActivateExtension vscode.git-base, startup: true, activationEvent: '*', root cause: vscode.git
2025-01-24 10:10:07.404 [info] ExtensionService#_doActivateExtension vscode.git, startup: true, activationEvent: '*'
2025-01-24 10:10:07.404 [info] ExtensionService#_doActivateExtension vscode.github, startup: true, activationEvent: '*'
2025-01-24 10:10:10.589 [warning] [Decorations] CAPPING events from decorations provider vscode.git 577
2025-01-24 10:10:11.472 [info] ExtensionService#_doActivateExtension vscode.github-authentication, startup: false, activationEvent: 'onAuthenticationRequest:github'
2025-01-24 10:10:12.000 [warning] [Decorations] CAPPING events from decorations provider vscode.git 577
2025-01-24 10:10:13.873 [info] Not activating extension 'redhat.fabric8-analytics': Timed out while searching for 'workspaceContains' pattern **/package.json,**/pom.xml,**/go.mod,**/requirements.txt,**/build.gradle,**/Dockerfile,**/Containerfile
2025-01-24 10:10:13.877 [info] Not activating extension 'redhat.java': Timed out while searching for 'workspaceContains' pattern */pom.xml,*/build.gradle,*/settings.gradle,*/build.gradle.kts,*/settings.gradle.kts,*/.classpath
2025-01-24 10:10:13.877 [info] Not activating extension 'vscjava.vscode-java-dependency': Timed out while searching for 'workspaceContains' pattern */pom.xml,*/build.gradle,*/settings.gradle,*/build.gradle.kts,*/settings.gradle.kts,*/.classpath
2025-01-24 10:10:13.879 [info] Not activating extension 'vscjava.vscode-java-test': Timed out while searching for 'workspaceContains' pattern */pom.xml,*/build.gradle,*/settings.gradle,*/build.gradle.kts,*/settings.gradle.kts,*/.classpath
2025-01-24 10:10:13.879 [info] Not activating extension 'vscjava.vscode-maven': Timed out while searching for 'workspaceContains' pattern **/pom.xml
2025-01-24 10:10:16.880 [info] ExtensionService#_doActivateExtension EditorConfig.EditorConfig, startup: false, activationEvent: 'onStartupFinished'
2025-01-24 10:10:16.881 [info] ExtensionService#_doActivateExtension google.cloud-shell, startup: false, activationEvent: 'onStartupFinished'
2025-01-24 10:10:16.881 [info] ExtensionService#_doActivateExtension google.geminicodeassist, startup: false, activationEvent: 'onStartupFinished', root cause: googlecloudtools.cloudcode
2025-01-24 10:10:16.881 [info] ExtensionService#_doActivateExtension vscode.debug-auto-launch, startup: false, activationEvent: 'onStartupFinished'
2025-01-24 10:10:16.882 [info] ExtensionService#_doActivateExtension vscode.merge-conflict, startup: false, activationEvent: 'onStartupFinished'
2025-01-24 10:10:20.529 [info] Eager extensions activated
2025-01-24 10:10:21.509 [info] ExtensionService#_doActivateExtension googlecloudtools.cloudcode, startup: false, activationEvent: 'onStartupFinished'
2025-01-24 10:10:24.493 [info] ExtensionService#_doActivateExtension vscode.configuration-editing, startup: false, activationEvent: 'onLanguage:jsonc'
2025-01-24 10:10:24.494 [info] ExtensionService#_doActivateExtension vscode.json-language-features, startup: false, activationEvent: 'onLanguage:jsonc'
2025-01-24 10:10:28.754 [warning] [Decorations] CAPPING events from decorations provider vscode.git 583
2025-01-24 10:10:33.954 [warning] [Decorations] CAPPING events from decorations provider vscode.git 583
2025-01-24 10:10:39.084 [warning] [Decorations] CAPPING events from decorations provider vscode.git 583
2025-01-24 10:10:44.217 [warning] [Decorations] CAPPING events from decorations provider vscode.git 583
2025-01-24 10:10:49.360 [warning] [Decorations] CAPPING events from decorations provider vscode.git 583
2025-01-24 10:10:54.483 [warning] [Decorations] CAPPING events from decorations provider vscode.git 583
2025-01-24 10:10:59.619 [warning] [Decorations] CAPPING events from decorations provider vscode.git 583
2025-01-24 10:11:04.753 [warning] [Decorations] CAPPING events from decorations provider vscode.git 583
2025-01-24 10:11:10.640 [warning] [Decorations] CAPPING events from decorations provider vscode.git 583
2025-01-24 10:11:15.768 [warning] [Decorations] CAPPING events from decorations provider vscode.git 583
2025-01-24 10:11:20.883 [warning] [Decorations] CAPPING events from decorations provider vscode.git 583
2025-01-24 10:11:26.006 [warning] [Decorations] CAPPING events from decorations provider vscode.git 583
2025-01-24 10:11:31.126 [warning] [Decorations] CAPPING events from decorations provider vscode.git 583
2025-01-24 10:11:36.247 [warning] [Decorations] CAPPING events from decorations provider vscode.git 583
2025-01-24 10:11:41.393 [warning] [Decorations] CAPPING events from decorations provider vscode.git 583
2025-01-24 10:11:46.543 [warning] [Decorations] CAPPING events from decorations provider vscode.git 583
2025-01-24 10:11:51.681 [warning] [Decorations] CAPPING events from decorations provider vscode.git 583
2025-01-24 10:11:56.818 [warning] [Decorations] CAPPING events from decorations provider vscode.git 583
2025-01-24 10:12:01.952 [warning] [Decorations] CAPPING events from decorations provider vscode.git 583
2025-01-24 10:12:07.086 [warning] [Decorations] CAPPING events from decorations provider vscode.git 583
2025-01-24 10:12:12.207 [warning] [Decorations] CAPPING events from decorations provider vscode.git 583
2025-01-24 10:12:17.344 [warning] [Decorations] CAPPING events from decorations provider vscode.git 583
2025-01-24 10:12:22.494 [warning] [Decorations] CAPPING events from decorations provider vscode.git 583
2025-01-24 10:12:27.628 [warning] [Decorations] CAPPING events from decorations provider vscode.git 583
2025-01-24 10:12:32.764 [warning] [Decorations] CAPPING events from decorations provider vscode.git 583
2025-01-24 10:12:37.892 [warning] [Decorations] CAPPING events from decorations provider vscode.git 583
2025-01-24 10:12:43.012 [warning] [Decorations] CAPPING events from decorations provider vscode.git 583
2025-01-24 10:12:48.154 [warning] [Decorations] CAPPING events from decorations provider vscode.git 583
2025-01-24 10:12:53.329 [warning] [Decorations] CAPPING events from decorations provider vscode.git 583
2025-01-24 10:12:58.462 [warning] [Decorations] CAPPING events from decorations provider vscode.git 583
2025-01-24 10:13:03.581 [warning] [Decorations] CAPPING events from decorations provider vscode.git 583
2025-01-24 10:13:08.705 [warning] [Decorations] CAPPING events from decorations provider vscode.git 583
2025-01-24 10:13:13.841 [warning] [Decorations] CAPPING events from decorations provider vscode.git 583
2025-01-24 10:13:18.972 [warning] [Decorations] CAPPING events from decorations provider vscode.git 583
2025-01-24 10:13:24.099 [warning] [Decorations] CAPPING events from decorations provider vscode.git 583
2025-01-24 10:13:29.231 [warning] [Decorations] CAPPING events from decorations provider vscode.git 583
2025-01-24 10:13:34.364 [warning] [Decorations] CAPPING events from decorations provider vscode.git 583
2025-01-24 10:13:39.492 [warning] [Decorations] CAPPING events from decorations provider vscode.git 583
2025-01-24 10:13:44.606 [warning] [Decorations] CAPPING events from decorations provider vscode.git 583
2025-01-24 10:13:49.723 [warning] [Decorations] CAPPING events from decorations provider vscode.git 583
2025-01-24 10:13:54.862 [warning] [Decorations] CAPPING events from decorations provider vscode.git 583
2025-01-24 10:13:59.991 [warning] [Decorations] CAPPING events from decorations provider vscode.git 583
2025-01-24 10:14:05.122 [warning] [Decorations] CAPPING events from decorations provider vscode.git 583
2025-01-24 10:14:10.256 [warning] [Decorations] CAPPING events from decorations provider vscode.git 583
2025-01-24 10:14:15.386 [warning] [Decorations] CAPPING events from decorations provider vscode.git 583
