2025-01-28 11:01:07.104 [info] Extension host with pid 1740 started
2025-01-28 11:01:07.104 [error] Error: EEXIST: file already exists, open '/home/biswabandita_rout/.codeoss/data/User/workspaceStorage/-2aa307c7/vscode.lock'
2025-01-28 11:01:07.111 [info] Lock '/home/biswabandita_rout/.codeoss/data/User/workspaceStorage/-2aa307c7/vscode.lock': Could not acquire lock, checking if the file is stale.
2025-01-28 11:01:07.118 [info] Lock '/home/biswabandita_rout/.codeoss/data/User/workspaceStorage/-2aa307c7/vscode.lock': The lock does not look stale, elapsed: 507 ms, giving up.
2025-01-28 11:01:07.125 [error] Error: EEXIST: file already exists, open '/home/biswabandita_rout/.codeoss/data/User/workspaceStorage/-2aa307c7-1/vscode.lock'
2025-01-28 11:01:07.126 [info] Lock '/home/biswabandita_rout/.codeoss/data/User/workspaceStorage/-2aa307c7-1/vscode.lock': Could not acquire lock, checking if the file is stale.
2025-01-28 11:01:07.126 [info] Lock '/home/biswabandita_rout/.codeoss/data/User/workspaceStorage/-2aa307c7-1/vscode.lock': The lock does not look stale, elapsed: 753 ms, giving up.
2025-01-28 11:01:07.138 [info] Lock '/home/biswabandita_rout/.codeoss/data/User/workspaceStorage/-2aa307c7-2/vscode.lock': Lock acquired.
2025-01-28 11:01:08.264 [info] ExtensionService#_doActivateExtension vscode.emmet, startup: false, activationEvent: 'onLanguage'
2025-01-28 11:01:08.821 [info] ExtensionService#_doActivateExtension vscode.git-base, startup: true, activationEvent: '*', root cause: vscode.git
2025-01-28 11:01:09.128 [info] ExtensionService#_doActivateExtension vscode.git, startup: true, activationEvent: '*'
2025-01-28 11:01:09.128 [info] ExtensionService#_doActivateExtension vscode.github, startup: true, activationEvent: '*'
2025-01-28 11:01:09.767 [info] ExtensionService#_doActivateExtension redhat.fabric8-analytics, startup: true, activationEvent: 'workspaceContains:**/package.json,**/pom.xml,**/go.mod,**/requirements.txt,**/build.gradle,**/Dockerfile,**/Containerfile'
2025-01-28 11:01:10.326 [info] Eager extensions activated
2025-01-28 11:01:10.326 [info] ExtensionService#_doActivateExtension EditorConfig.EditorConfig, startup: false, activationEvent: 'onStartupFinished'
2025-01-28 11:01:10.327 [info] ExtensionService#_doActivateExtension google.cloud-shell, startup: false, activationEvent: 'onStartupFinished'
2025-01-28 11:01:10.327 [info] ExtensionService#_doActivateExtension google.geminicodeassist, startup: false, activationEvent: 'onStartupFinished', root cause: googlecloudtools.cloudcode
2025-01-28 11:01:10.328 [info] ExtensionService#_doActivateExtension vscode.debug-auto-launch, startup: false, activationEvent: 'onStartupFinished'
2025-01-28 11:01:10.328 [info] ExtensionService#_doActivateExtension vscode.merge-conflict, startup: false, activationEvent: 'onStartupFinished'
2025-01-28 11:01:12.652 [info] ExtensionService#_doActivateExtension googlecloudtools.cloudcode, startup: false, activationEvent: 'onStartupFinished'
2025-01-28 11:01:16.209 [warning] [Decorations] CAPPING events from decorations provider vscode.git 1059
2025-01-28 11:01:16.805 [warning] [Decorations] CAPPING events from decorations provider vscode.git 1060
2025-01-28 11:01:17.181 [info] ExtensionService#_doActivateExtension vscode.configuration-editing, startup: false, activationEvent: 'onLanguage:jsonc'
2025-01-28 11:01:17.181 [info] ExtensionService#_doActivateExtension vscode.json-language-features, startup: false, activationEvent: 'onLanguage:jsonc'
2025-01-28 11:01:17.183 [info] ExtensionService#_doActivateExtension vscode.typescript-language-features, startup: false, activationEvent: 'onLanguage:jsonc'
2025-01-28 11:01:17.922 [info] ExtensionService#_doActivateExtension vscode.github-authentication, startup: false, activationEvent: 'onAuthenticationRequest:github'
2025-01-28 12:34:28.835 [warning] [Decorations] CAPPING events from decorations provider vscode.git 1100
2025-01-28 12:34:33.978 [warning] [Decorations] CAPPING events from decorations provider vscode.git 1100
2025-01-28 12:34:51.349 [warning] [Decorations] CAPPING events from decorations provider vscode.git 1100
