Initializing document watcher...
Document watcher initialized
biswabandita_rout/Backend/app.js: {}
biswabandita_rout/Backend/app.js: {}
biswabandita_rout/Backend/app.js: {}
biswabandita_rout/Backend/app.js: {}
biswabandita_rout/Backend/src/routes/apiRoutes.js: {}
biswabandita_rout/Backend/src/routes/apiRoutes.js: {}
biswabandita_rout/Backend/app.js: {}
biswabandita_rout/frontend/angular.json: {"insertSpaces":true,"tabSize":2}
biswabandita_rout/frontend/angular.json: {"insertSpaces":true,"tabSize":2}
biswabandita_rout/frontend/src/app/Component/chatbot/chatbot.component.ts: {"insertSpaces":true,"tabSize":2}
biswabandita_rout/frontend/src/app/Component/chatbot/chatbot.component.ts: {"insertSpaces":true,"tabSize":2}
biswabandita_rout/frontend/src/app/Component/chatbot/chatbot.component.ts: Using EditorConfig core...
frontend/src/app/Component/chatbot/chatbot.component.ts: editor.action.trimTrailingWhitespace
biswabandita_rout/frontend/src/app/Component/chatbot/chatbot.component.ts: Using EditorConfig core...
frontend/src/app/Component/chatbot/chatbot.component.ts: editor.action.trimTrailingWhitespace
biswabandita_rout/frontend/src/app/Component/chatbot/chatbot.component.ts: {"insertSpaces":true,"tabSize":2}
biswabandita_rout/frontend/src/app/Component/chatbot/chatbot.component.ts: {"insertSpaces":true,"tabSize":2}
biswabandita_rout/frontend/src/app/Component/chatbot/chatbot.component.ts: {"insertSpaces":true,"tabSize":2}
biswabandita_rout/frontend/src/app/Component/chatbot/chatbot.component.ts: Using EditorConfig core...
frontend/src/app/Component/chatbot/chatbot.component.ts: editor.action.trimTrailingWhitespace
biswabandita_rout/frontend/src/app/Component/chatbot/chatbot.component.ts: Using EditorConfig core...
frontend/src/app/Component/chatbot/chatbot.component.ts: editor.action.trimTrailingWhitespace
biswabandita_rout/frontend/src/app/Component/chatbot/chatbot.component.ts: Using EditorConfig core...
frontend/src/app/Component/chatbot/chatbot.component.ts: editor.action.trimTrailingWhitespace
biswabandita_rout/frontend/src/app/Component/chatbot/chatbot.component.ts: {"insertSpaces":true,"tabSize":2}
biswabandita_rout/frontend/src/app/Component/chatbot/chatbot.component.ts: {"insertSpaces":true,"tabSize":2}
biswabandita_rout/frontend/src/app/Component/chatbot/chatbot.component.ts: {"insertSpaces":true,"tabSize":2}
biswabandita_rout/frontend/src/app/Component/chatbot/chatbot.component.ts: {"insertSpaces":true,"tabSize":2}
biswabandita_rout/frontend/src/app/Component/chatbot/chatbot.component.ts: Using EditorConfig core...
frontend/src/app/Component/chatbot/chatbot.component.ts: editor.action.trimTrailingWhitespace
biswabandita_rout/frontend/src/app/Component/chatbot/chatbot.component.ts: Using EditorConfig core...
frontend/src/app/Component/chatbot/chatbot.component.ts: editor.action.trimTrailingWhitespace
biswabandita_rout/frontend/src/app/Component/chatbot/chatbot.component.ts: Using EditorConfig core...
frontend/src/app/Component/chatbot/chatbot.component.ts: editor.action.trimTrailingWhitespace
biswabandita_rout/frontend/src/app/Component/chatbot/chatbot.component.ts: {"insertSpaces":true,"tabSize":2}
biswabandita_rout/frontend/src/app/Component/chatbot/chatbot.component.ts: {"insertSpaces":true,"tabSize":2}
biswabandita_rout/frontend/src/app/Component/chatbot/chatbot.component.ts: {"insertSpaces":true,"tabSize":2}
biswabandita_rout/frontend/angular.json: {"insertSpaces":true,"tabSize":2}
biswabandita_rout/frontend/angular.json: {"insertSpaces":true,"tabSize":2}
biswabandita_rout/Backend/src/routes/apiRoutes.js: {}
biswabandita_rout/Backend/src/routes/apiRoutes.js: {}
biswabandita_rout/Backend/src/routes/apiRoutes.js: Using EditorConfig core...
biswabandita_rout/Backend/src/routes/apiRoutes.js: Using EditorConfig core...
biswabandita_rout/Backend/src/routes/apiRoutes.js: {}
biswabandita_rout/Backend/src/routes/apiRoutes.js: {}
No more open editors.
biswabandita_rout/frontend/src/app/services/chat-service.service.ts: {"insertSpaces":true,"tabSize":2}
biswabandita_rout/frontend/src/app/services/chat-service.service.ts: Using EditorConfig core...
frontend/src/app/services/chat-service.service.ts: editor.action.trimTrailingWhitespace
biswabandita_rout/frontend/src/app/services/chat-service.service.ts: Using EditorConfig core...
frontend/src/app/services/chat-service.service.ts: editor.action.trimTrailingWhitespace
biswabandita_rout/frontend/src/app/services/chat-service.service.ts: {"insertSpaces":true,"tabSize":2}
biswabandita_rout/frontend/src/app/Component/chatbot/chatbot.component.ts: {"insertSpaces":true,"tabSize":2}
biswabandita_rout/frontend/src/app/Component/chatbot/chatbot.component.ts: {"insertSpaces":true,"tabSize":2}
biswabandita_rout/frontend/src/app/Component/chatbot/chatbot.component.ts: Using EditorConfig core...
frontend/src/app/Component/chatbot/chatbot.component.ts: editor.action.trimTrailingWhitespace
biswabandita_rout/frontend/src/app/Component/chatbot/chatbot.component.ts: Using EditorConfig core...
frontend/src/app/Component/chatbot/chatbot.component.ts: editor.action.trimTrailingWhitespace
biswabandita_rout/frontend/src/app/Component/chatbot/chatbot.component.ts: Using EditorConfig core...
frontend/src/app/Component/chatbot/chatbot.component.ts: editor.action.trimTrailingWhitespace
biswabandita_rout/frontend/src/app/Component/chatbot/chatbot.component.ts: Using EditorConfig core...
frontend/src/app/Component/chatbot/chatbot.component.ts: editor.action.trimTrailingWhitespace
biswabandita_rout/frontend/src/app/Component/chatbot/chatbot.component.ts: Using EditorConfig core...
frontend/src/app/Component/chatbot/chatbot.component.ts: editor.action.trimTrailingWhitespace
biswabandita_rout/frontend/src/app/Component/chatbot/chatbot.component.ts: Using EditorConfig core...
frontend/src/app/Component/chatbot/chatbot.component.ts: editor.action.trimTrailingWhitespace
biswabandita_rout/frontend/src/app/Component/chatbot/chatbot.component.ts: Using EditorConfig core...
frontend/src/app/Component/chatbot/chatbot.component.ts: editor.action.trimTrailingWhitespace
biswabandita_rout/frontend/src/app/Component/chatbot/chatbot.component.html: {"insertSpaces":true,"tabSize":2}
biswabandita_rout/frontend/src/app/Component/chatbot/chatbot.component.ts: {"insertSpaces":true,"tabSize":2}
biswabandita_rout/frontend/src/app/Component/chatbot/chatbot.component.ts: {"insertSpaces":true,"tabSize":2}
biswabandita_rout/frontend/src/app/Component/chatbot/chatbot.component.ts: Using EditorConfig core...
frontend/src/app/Component/chatbot/chatbot.component.ts: editor.action.trimTrailingWhitespace
biswabandita_rout/frontend/src/app/Component/chatbot/chatbot.component.ts: Using EditorConfig core...
frontend/src/app/Component/chatbot/chatbot.component.ts: editor.action.trimTrailingWhitespace
biswabandita_rout/frontend/src/app/Component/chatbot/chatbot.component.ts: Using EditorConfig core...
frontend/src/app/Component/chatbot/chatbot.component.ts: editor.action.trimTrailingWhitespace
biswabandita_rout/Backend/src/routes/apiRoutes.js: {}
biswabandita_rout/Backend/src/routes/apiRoutes.js: Using EditorConfig core...
biswabandita_rout/Backend/src/routes/apiRoutes.js: Using EditorConfig core...
biswabandita_rout/Backend/src/routes/apiRoutes.js: {}
biswabandita_rout/Backend/src/routes/apiRoutes.js: {}
biswabandita_rout/frontend/src/app/services/chat-service.service.ts: {}
biswabandita_rout/frontend/src/app/services/chat-service.service.ts: {"insertSpaces":true,"tabSize":2}
biswabandita_rout/frontend/src/app/Component/chatbot/chatbot.component.html: {"insertSpaces":true,"tabSize":2}
biswabandita_rout/frontend/src/app/Component/chatbot/chatbot.component.ts: {"insertSpaces":true,"tabSize":2}
biswabandita_rout/frontend/src/app/Component/chatbot/chatbot.component.ts: Using EditorConfig core...
frontend/src/app/Component/chatbot/chatbot.component.ts: editor.action.trimTrailingWhitespace
biswabandita_rout/frontend/src/app/Component/chatbot/chatbot.component.ts: Using EditorConfig core...
frontend/src/app/Component/chatbot/chatbot.component.ts: editor.action.trimTrailingWhitespace
biswabandita_rout/frontend/src/app/Component/chatbot/chatbot.component.ts: Using EditorConfig core...
frontend/src/app/Component/chatbot/chatbot.component.ts: editor.action.trimTrailingWhitespace
biswabandita_rout/frontend/src/app/Component/chatbot/chatbot.component.ts: Using EditorConfig core...
frontend/src/app/Component/chatbot/chatbot.component.ts: editor.action.trimTrailingWhitespace
biswabandita_rout/frontend/src/app/Component/chatbot/chatbot.component.ts: Using EditorConfig core...
frontend/src/app/Component/chatbot/chatbot.component.ts: editor.action.trimTrailingWhitespace
biswabandita_rout/frontend/src/app/Component/chatbot/chatbot.component.ts: Using EditorConfig core...
frontend/src/app/Component/chatbot/chatbot.component.ts: editor.action.trimTrailingWhitespace
biswabandita_rout/frontend/src/app/Component/chatbot/chatbot.component.ts: Using EditorConfig core...
frontend/src/app/Component/chatbot/chatbot.component.ts: editor.action.trimTrailingWhitespace
biswabandita_rout/frontend/src/app/Component/chatbot/chatbot.component.ts: Using EditorConfig core...
frontend/src/app/Component/chatbot/chatbot.component.ts: editor.action.trimTrailingWhitespace
biswabandita_rout/frontend/src/app/Component/chatbot/chatbot.component.ts: Using EditorConfig core...
frontend/src/app/Component/chatbot/chatbot.component.ts: editor.action.trimTrailingWhitespace
biswabandita_rout/frontend/src/app/Component/chatbot/chatbot.component.ts: {"insertSpaces":true,"tabSize":2}
biswabandita_rout/Backend/src/routes/apiRoutes.js: {}
biswabandita_rout/frontend/src/app/Component/chatbot/chatbot.component.ts: {"insertSpaces":true,"tabSize":2}
biswabandita_rout/frontend/src/app/Component/chatbot/chatbot.component.ts: Using EditorConfig core...
frontend/src/app/Component/chatbot/chatbot.component.ts: editor.action.trimTrailingWhitespace
biswabandita_rout/frontend/src/app/Component/chatbot/chatbot.component.ts: {"insertSpaces":true,"tabSize":2}
biswabandita_rout/frontend/src/app/Component/chatbot/chatbot.component.ts: Using EditorConfig core...
frontend/src/app/Component/chatbot/chatbot.component.ts: editor.action.trimTrailingWhitespace
biswabandita_rout/frontend/src/app/Component/chatbot/chatbot.component.ts: {"insertSpaces":true,"tabSize":2}
biswabandita_rout/Backend/src/routes/apiRoutes.js: {}
biswabandita_rout/Backend/src/routes/apiRoutes.js: {}
biswabandita_rout/frontend/Dockerfile: {"insertSpaces":true,"tabSize":2}
biswabandita_rout/Backend/src/routes/apiRoutes.js: {}
biswabandita_rout/frontend/src/environments/environment.ts: {"insertSpaces":true,"tabSize":2}
biswabandita_rout/frontend/src/environments/environment.ts: Using EditorConfig core...
frontend/src/environments/environment.ts: editor.action.trimTrailingWhitespace
biswabandita_rout/frontend/src/environments/environment.ts: Using EditorConfig core...
frontend/src/environments/environment.ts: editor.action.trimTrailingWhitespace
biswabandita_rout/frontend/src/environments/environment.ts: Using EditorConfig core...
frontend/src/environments/environment.ts: editor.action.trimTrailingWhitespace
biswabandita_rout/frontend/src/app/services/chat-service.service.ts: {"insertSpaces":true,"tabSize":2}
biswabandita_rout/Backend/src/routes/apiRoutes.js: {}
biswabandita_rout/Backend/src/routes/apiRoutes.js: {}
biswabandita_rout/Backend/src/routes/apiRoutes.js: Using EditorConfig core...
biswabandita_rout/Backend/src/routes/apiRoutes.js: Using EditorConfig core...
biswabandita_rout/frontend/src/app/Component/chatbot/chatbot.component.ts: {"insertSpaces":true,"tabSize":2}
biswabandita_rout/frontend/src/app/Component/chatbot/chatbot.component.ts: {"insertSpaces":true,"tabSize":2}
biswabandita_rout/Backend/src/routes/apiRoutes.js: {}
biswabandita_rout/frontend/src/app/Component/chatbot/chatbot.component.ts: {"insertSpaces":true,"tabSize":2}
biswabandita_rout/Backend/src/routes/apiRoutes.js: {}
biswabandita_rout/Backend/src/routes/apiRoutes.js: Using EditorConfig core...
biswabandita_rout/frontend/src/app/Component/chatbot/chatbot.component.ts: {"insertSpaces":true,"tabSize":2}
biswabandita_rout/frontend/src/app/Component/chatbot/chatbot.component.ts: {"insertSpaces":true,"tabSize":2}
biswabandita_rout/frontend/src/app/Component/chatbot/chatbot.component.ts: {"insertSpaces":true,"tabSize":2}
biswabandita_rout/frontend/src/app/Component/chatbot/chatbot.component.ts: {"insertSpaces":true,"tabSize":2}
biswabandita_rout/frontend/src/app/Component/chatbot/chatbot.component.ts: {"insertSpaces":true,"tabSize":2}
biswabandita_rout/frontend/src/app/Component/chatbot/chatbot.component.ts: Using EditorConfig core...
frontend/src/app/Component/chatbot/chatbot.component.ts: editor.action.trimTrailingWhitespace
biswabandita_rout/frontend/src/app/Component/chatbot/chatbot.component.ts: Using EditorConfig core...
frontend/src/app/Component/chatbot/chatbot.component.ts: editor.action.trimTrailingWhitespace
biswabandita_rout/frontend/src/app/Component/chatbot/chatbot.component.ts: Using EditorConfig core...
frontend/src/app/Component/chatbot/chatbot.component.ts: editor.action.trimTrailingWhitespace
biswabandita_rout/frontend/src/app/Component/chatbot/chatbot.component.ts: Using EditorConfig core...
frontend/src/app/Component/chatbot/chatbot.component.ts: editor.action.trimTrailingWhitespace
biswabandita_rout/frontend/src/app/Component/chatbot/chatbot.component.ts: Using EditorConfig core...
frontend/src/app/Component/chatbot/chatbot.component.ts: editor.action.trimTrailingWhitespace
biswabandita_rout/frontend/src/app/Component/chatbot/chatbot.component.ts: Using EditorConfig core...
frontend/src/app/Component/chatbot/chatbot.component.ts: editor.action.trimTrailingWhitespace
biswabandita_rout/frontend/src/app/Component/chatbot/chatbot.component.ts: Using EditorConfig core...
frontend/src/app/Component/chatbot/chatbot.component.ts: editor.action.trimTrailingWhitespace
biswabandita_rout/frontend/src/app/services/chat-service.service.ts: {"insertSpaces":true,"tabSize":2}
biswabandita_rout/frontend/src/app/services/chat-service.service.ts: Using EditorConfig core...
frontend/src/app/services/chat-service.service.ts: editor.action.trimTrailingWhitespace
biswabandita_rout/frontend/src/app/services/chat-service.service.ts: Using EditorConfig core...
frontend/src/app/services/chat-service.service.ts: editor.action.trimTrailingWhitespace
biswabandita_rout/frontend/src/app/services/chat-service.service.ts: Using EditorConfig core...
frontend/src/app/services/chat-service.service.ts: editor.action.trimTrailingWhitespace
biswabandita_rout/frontend/src/app/services/chat-service.service.ts: Using EditorConfig core...
frontend/src/app/services/chat-service.service.ts: editor.action.trimTrailingWhitespace
biswabandita_rout/frontend/src/app/services/chat-service.service.ts: Using EditorConfig core...
frontend/src/app/services/chat-service.service.ts: editor.action.trimTrailingWhitespace
biswabandita_rout/frontend/src/app/Component/chatbot/chatbot.component.ts: {"insertSpaces":true,"tabSize":2}
biswabandita_rout/frontend/src/app/services/chat-service.service.ts: {"insertSpaces":true,"tabSize":2}
biswabandita_rout/frontend/src/app/services/chat-service.service.ts: {"insertSpaces":true,"tabSize":2}
biswabandita_rout/frontend/src/app/services/chat-service.service.ts: {"insertSpaces":true,"tabSize":2}
biswabandita_rout/frontend/src/app/Component/chatbot/chatbot.component.ts: {"insertSpaces":true,"tabSize":2}
biswabandita_rout/frontend/src/app/Component/chatbot/chatbot.component.ts: {"insertSpaces":true,"tabSize":2}
biswabandita_rout/frontend/src/app/Component/chatbot/chatbot.component.ts: Using EditorConfig core...
frontend/src/app/Component/chatbot/chatbot.component.ts: editor.action.trimTrailingWhitespace
biswabandita_rout/frontend/src/app/Component/chatbot/chatbot.component.ts: {"insertSpaces":true,"tabSize":2}
biswabandita_rout/frontend/src/app/Component/chatbot/chatbot.component.ts: {"insertSpaces":true,"tabSize":2}
biswabandita_rout/Backend/src/routes/apiRoutes.js: {}
biswabandita_rout/Backend/src/routes/apiRoutes.js: {"insertSpaces":true,"tabSize":2}
biswabandita_rout/Backend/src/routes/apiRoutes.js: {}
biswabandita_rout/frontend/src/app/Component/chatbot/chatbot.component.ts: {}
biswabandita_rout/frontend/src/app/Component/chatbot/chatbot.component.ts: {"insertSpaces":true,"tabSize":2}
biswabandita_rout/frontend/src/app/Component/chatbot/chatbot.component.ts: {"insertSpaces":true,"tabSize":2}
biswabandita_rout/Backend/app.js: {}
biswabandita_rout/frontend/src/app/services/chat-service.service.ts: {"insertSpaces":true,"tabSize":2}
biswabandita_rout/frontend/src/app/Component/chatbot/chatbot.component.ts: {"insertSpaces":true,"tabSize":2}
biswabandita_rout/frontend/src/app/Component/chatbot/chatbot.component.ts: {"insertSpaces":true,"tabSize":2}
biswabandita_rout/Backend/app.js: {}
biswabandita_rout/frontend/src/app/Component/chatbot/chatbot.component.ts: {"insertSpaces":true,"tabSize":2}
biswabandita_rout/Backend/src/routes/apiRoutes.js: {}
biswabandita_rout/Backend/app.js: {}
biswabandita_rout/frontend/src/app/services/chat-service.service.ts: {"insertSpaces":true,"tabSize":2}
biswabandita_rout/frontend/src/app/Component/chatbot/chatbot.component.ts: {"insertSpaces":true,"tabSize":2}
biswabandita_rout/frontend/src/app/Component/chatbot/chatbot.component.ts: {"insertSpaces":true,"tabSize":2}
biswabandita_rout/Backend/app.js: {}
biswabandita_rout/Backend/app.js: {"insertSpaces":true,"tabSize":2}
biswabandita_rout/Backend/src/configs/gcsConfig.js: {}
biswabandita_rout/Backend/src/services/uploadService.js: {}
biswabandita_rout/Backend/src/services/gcpfileuploadService.js: {}
