2025-01-23 06:52:20.578 [info] Extension host with pid 7064 started
2025-01-23 06:52:20.579 [error] Error: EEXIST: file already exists, open '/home/biswabandita_rout/.codeoss/data/User/workspaceStorage/-2aa307c7/vscode.lock'
2025-01-23 06:52:20.594 [info] Lock '/home/biswabandita_rout/.codeoss/data/User/workspaceStorage/-2aa307c7/vscode.lock': Could not acquire lock, checking if the file is stale.
2025-01-23 06:52:20.620 [info] Lock '/home/biswabandita_rout/.codeoss/data/User/workspaceStorage/-2aa307c7/vscode.lock': The lock does not look stale, elapsed: 36 ms, giving up.
2025-01-23 06:52:20.634 [info] Lock '/home/biswabandita_rout/.codeoss/data/User/workspaceStorage/-2aa307c7-1/vscode.lock': Lock acquired.
2025-01-23 06:52:21.433 [info] ExtensionService#_doActivateExtension vscode.emmet, startup: false, activationEvent: 'onLanguage'
2025-01-23 06:52:21.434 [info] ExtensionService#_doActivateExtension vscode.typescript-language-features, startup: false, activationEvent: 'onLanguage:javascript'
2025-01-23 06:52:21.977 [info] ExtensionService#_doActivateExtension vscode.git-base, startup: true, activationEvent: '*', root cause: vscode.git
2025-01-23 06:52:22.903 [info] ExtensionService#_doActivateExtension vscode.git, startup: true, activationEvent: '*'
2025-01-23 06:52:22.913 [info] ExtensionService#_doActivateExtension vscode.github, startup: true, activationEvent: '*'
2025-01-23 06:52:24.483 [info] ExtensionService#_doActivateExtension redhat.fabric8-analytics, startup: true, activationEvent: 'workspaceContains:**/package.json,**/pom.xml,**/go.mod,**/requirements.txt,**/build.gradle,**/Dockerfile,**/Containerfile'
2025-01-23 06:52:26.614 [info] Eager extensions activated
2025-01-23 06:52:26.614 [info] ExtensionService#_doActivateExtension EditorConfig.EditorConfig, startup: false, activationEvent: 'onStartupFinished'
2025-01-23 06:52:26.615 [info] ExtensionService#_doActivateExtension google.cloud-shell, startup: false, activationEvent: 'onStartupFinished'
2025-01-23 06:52:26.616 [info] ExtensionService#_doActivateExtension google.geminicodeassist, startup: false, activationEvent: 'onStartupFinished', root cause: googlecloudtools.cloudcode
2025-01-23 06:52:26.624 [info] ExtensionService#_doActivateExtension vscode.debug-auto-launch, startup: false, activationEvent: 'onStartupFinished'
2025-01-23 06:52:26.625 [info] ExtensionService#_doActivateExtension vscode.merge-conflict, startup: false, activationEvent: 'onStartupFinished'
2025-01-23 06:52:30.348 [info] ExtensionService#_doActivateExtension googlecloudtools.cloudcode, startup: false, activationEvent: 'onStartupFinished'
2025-01-23 06:52:37.978 [info] ExtensionService#_doActivateExtension vscode.configuration-editing, startup: false, activationEvent: 'onLanguage:jsonc'
2025-01-23 06:52:37.979 [info] ExtensionService#_doActivateExtension vscode.json-language-features, startup: false, activationEvent: 'onLanguage:jsonc'
2025-01-23 06:52:40.002 [warning] [Decorations] CAPPING events from decorations provider vscode.git 307
2025-01-23 06:52:40.490 [info] ExtensionService#_doActivateExtension vscode.github-authentication, startup: false, activationEvent: 'onAuthenticationRequest:github'
2025-01-23 06:52:41.473 [warning] [Decorations] CAPPING events from decorations provider vscode.git 309
2025-01-23 06:59:09.814 [warning] [Decorations] CAPPING events from decorations provider vscode.git 318
2025-01-23 06:59:14.946 [warning] [Decorations] CAPPING events from decorations provider vscode.git 317
2025-01-23 07:00:11.171 [warning] [Decorations] CAPPING events from decorations provider vscode.git 317
2025-01-23 07:00:16.298 [warning] [Decorations] CAPPING events from decorations provider vscode.git 317
2025-01-23 07:00:37.905 [info] ExtensionService#_doActivateExtension vscode.extension-editing, startup: false, activationEvent: 'onLanguage:json'
2025-01-23 07:00:37.906 [info] ExtensionService#_doActivateExtension vscode.npm, startup: false, activationEvent: 'onLanguage:json'
2025-01-23 07:01:06.367 [warning] [Decorations] CAPPING events from decorations provider vscode.git 333
2025-01-23 07:01:11.491 [warning] [Decorations] CAPPING events from decorations provider vscode.git 323
2025-01-23 07:02:04.270 [warning] [Decorations] CAPPING events from decorations provider vscode.git 323
2025-01-23 07:02:09.388 [warning] [Decorations] CAPPING events from decorations provider vscode.git 323
2025-01-23 07:02:24.850 [warning] [Decorations] CAPPING events from decorations provider vscode.git 325
2025-01-23 07:02:46.310 [warning] [Decorations] CAPPING events from decorations provider vscode.git 325
2025-01-23 07:02:51.440 [warning] [Decorations] CAPPING events from decorations provider vscode.git 325
2025-01-23 07:07:56.267 [warning] [Decorations] CAPPING events from decorations provider vscode.git 326
2025-01-23 07:08:01.762 [warning] [Decorations] CAPPING events from decorations provider vscode.git 327
2025-01-23 07:15:43.771 [warning] [Decorations] CAPPING events from decorations provider vscode.git 330
2025-01-23 07:15:48.894 [warning] [Decorations] CAPPING events from decorations provider vscode.git 329
2025-01-23 07:15:54.006 [warning] [Decorations] CAPPING events from decorations provider vscode.git 329
2025-01-23 07:15:59.127 [warning] [Decorations] CAPPING events from decorations provider vscode.git 329
2025-01-23 07:17:13.442 [warning] [Decorations] CAPPING events from decorations provider vscode.git 329
2025-01-23 07:18:06.191 [warning] [Decorations] CAPPING events from decorations provider vscode.git 329
2025-01-23 07:18:11.314 [warning] [Decorations] CAPPING events from decorations provider vscode.git 329
2025-01-23 07:18:17.580 [warning] [Decorations] CAPPING events from decorations provider vscode.git 330
2025-01-23 07:18:36.645 [warning] [Decorations] CAPPING events from decorations provider vscode.git 330
2025-01-23 07:20:05.002 [warning] [Decorations] CAPPING events from decorations provider vscode.git 330
2025-01-23 07:20:10.130 [warning] [Decorations] CAPPING events from decorations provider vscode.git 330
2025-01-23 07:20:34.830 [warning] [Decorations] CAPPING events from decorations provider vscode.git 330
2025-01-23 07:21:12.873 [warning] [Decorations] CAPPING events from decorations provider vscode.git 332
2025-01-23 07:24:15.402 [warning] [Decorations] CAPPING events from decorations provider vscode.git 332
2025-01-23 07:24:20.527 [warning] [Decorations] CAPPING events from decorations provider vscode.git 332
2025-01-23 07:24:25.650 [warning] [Decorations] CAPPING events from decorations provider vscode.git 332
2025-01-23 07:24:30.757 [warning] [Decorations] CAPPING events from decorations provider vscode.git 332
2025-01-23 07:26:12.251 [warning] [Decorations] CAPPING events from decorations provider vscode.git 335
2025-01-23 07:26:17.370 [warning] [Decorations] CAPPING events from decorations provider vscode.git 335
2025-01-23 07:26:55.471 [info] ExtensionService#_doActivateExtension vscode.html-language-features, startup: false, activationEvent: 'onLanguage:html'
2025-01-23 07:27:45.456 [warning] [Decorations] CAPPING events from decorations provider vscode.git 338
2025-01-23 07:32:49.640 [warning] [Decorations] CAPPING events from decorations provider vscode.git 343
2025-01-23 07:32:54.754 [warning] [Decorations] CAPPING events from decorations provider vscode.git 343
2025-01-23 07:38:39.516 [warning] [Decorations] CAPPING events from decorations provider vscode.git 348
2025-01-23 07:38:44.728 [warning] [Decorations] CAPPING events from decorations provider vscode.git 347
2025-01-23 07:44:05.674 [warning] [Decorations] CAPPING events from decorations provider vscode.git 350
2025-01-23 07:44:10.788 [warning] [Decorations] CAPPING events from decorations provider vscode.git 348
2025-01-23 07:44:31.691 [warning] [Decorations] CAPPING events from decorations provider vscode.git 348
2025-01-23 07:44:36.822 [warning] [Decorations] CAPPING events from decorations provider vscode.git 348
2025-01-23 07:44:56.748 [warning] [Decorations] CAPPING events from decorations provider vscode.git 348
2025-01-23 07:47:15.109 [warning] [Decorations] CAPPING events from decorations provider vscode.git 352
2025-01-23 07:48:19.925 [warning] [Decorations] CAPPING events from decorations provider vscode.git 351
2025-01-23 07:49:27.775 [warning] [Decorations] CAPPING events from decorations provider vscode.git 351
2025-01-23 07:49:32.892 [warning] [Decorations] CAPPING events from decorations provider vscode.git 351
2025-01-23 07:54:09.969 [warning] [Decorations] CAPPING events from decorations provider vscode.git 351
2025-01-23 07:54:15.127 [warning] [Decorations] CAPPING events from decorations provider vscode.git 351
2025-01-23 07:55:54.266 [warning] [Decorations] CAPPING events from decorations provider vscode.git 356
2025-01-23 07:58:02.019 [warning] [Decorations] CAPPING events from decorations provider vscode.git 356
2025-01-23 07:58:07.195 [warning] [Decorations] CAPPING events from decorations provider vscode.git 356
2025-01-23 08:01:09.371 [warning] [Decorations] CAPPING events from decorations provider vscode.git 357
2025-01-23 08:01:14.560 [warning] [Decorations] CAPPING events from decorations provider vscode.git 357
2025-01-23 08:05:40.099 [warning] [Decorations] CAPPING events from decorations provider vscode.git 360
2025-01-23 08:17:12.597 [warning] [Decorations] CAPPING events from decorations provider vscode.git 359
2025-01-23 08:17:17.772 [warning] [Decorations] CAPPING events from decorations provider vscode.git 359
2025-01-23 08:17:22.938 [warning] [Decorations] CAPPING events from decorations provider vscode.git 359
2025-01-23 08:17:35.099 [warning] [Decorations] CAPPING events from decorations provider vscode.git 359
2025-01-23 08:17:40.275 [warning] [Decorations] CAPPING events from decorations provider vscode.git 359
2025-01-23 08:17:50.262 [warning] [Decorations] CAPPING events from decorations provider vscode.git 359
2025-01-23 08:18:44.404 [warning] [Decorations] CAPPING events from decorations provider vscode.git 359
2025-01-23 08:18:49.540 [warning] [Decorations] CAPPING events from decorations provider vscode.git 359
2025-01-23 08:19:02.164 [warning] [Decorations] CAPPING events from decorations provider vscode.git 359
2025-01-23 08:19:08.193 [warning] [Decorations] CAPPING events from decorations provider vscode.git 359
2025-01-23 08:19:30.116 [warning] [Decorations] CAPPING events from decorations provider vscode.git 359
2025-01-23 08:20:27.715 [warning] [Decorations] CAPPING events from decorations provider vscode.git 359
2025-01-23 08:20:32.838 [warning] [Decorations] CAPPING events from decorations provider vscode.git 359
2025-01-23 08:20:37.972 [warning] [Decorations] CAPPING events from decorations provider vscode.git 359
2025-01-23 08:20:45.153 [warning] [Decorations] CAPPING events from decorations provider vscode.git 359
2025-01-23 08:20:50.272 [warning] [Decorations] CAPPING events from decorations provider vscode.git 359
2025-01-23 08:20:55.388 [warning] [Decorations] CAPPING events from decorations provider vscode.git 359
2025-01-23 08:21:00.501 [warning] [Decorations] CAPPING events from decorations provider vscode.git 359
2025-01-23 08:21:05.643 [warning] [Decorations] CAPPING events from decorations provider vscode.git 359
2025-01-23 08:21:10.768 [warning] [Decorations] CAPPING events from decorations provider vscode.git 359
2025-01-23 08:21:15.897 [warning] [Decorations] CAPPING events from decorations provider vscode.git 359
2025-01-23 08:21:21.032 [warning] [Decorations] CAPPING events from decorations provider vscode.git 359
2025-01-23 08:21:26.289 [warning] [Decorations] CAPPING events from decorations provider vscode.git 359
2025-01-23 08:21:31.652 [warning] [Decorations] CAPPING events from decorations provider vscode.git 359
