2025-01-27 07:05:32.899 [info] Extension host with pid 1630 started
2025-01-27 07:05:32.899 [error] Error: EEXIST: file already exists, open '/home/biswabandita_rout/.codeoss/data/User/workspaceStorage/-2aa307c7/vscode.lock'
2025-01-27 07:05:32.920 [info] Lock '/home/biswabandita_rout/.codeoss/data/User/workspaceStorage/-2aa307c7/vscode.lock': Could not acquire lock, checking if the file is stale.
2025-01-27 07:05:32.921 [info] Lock '/home/biswabandita_rout/.codeoss/data/User/workspaceStorage/-2aa307c7/vscode.lock': The pid 18065 appears to be gone.
2025-01-27 07:05:32.921 [info] Lock '/home/biswabandita_rout/.codeoss/data/User/workspaceStorage/-2aa307c7/vscode.lock': Deleting a stale lock.
2025-01-27 07:05:32.928 [info] Lock '/home/biswabandita_rout/.codeoss/data/User/workspaceStorage/-2aa307c7/vscode.lock': Lock acquired.
2025-01-27 07:06:00.895 [info] ExtensionService#_doActivateExtension vscode.typescript-language-features, startup: false, activationEvent: 'onLanguage:typescript'
2025-01-27 07:06:00.897 [info] ExtensionService#_doActivateExtension vscode.emmet, startup: false, activationEvent: 'onLanguage'
2025-01-27 07:06:01.898 [info] ExtensionService#_doActivateExtension vscode.git-base, startup: true, activationEvent: '*', root cause: vscode.git
2025-01-27 07:06:08.901 [info] Not activating extension 'redhat.fabric8-analytics': Timed out while searching for 'workspaceContains' pattern **/package.json,**/pom.xml,**/go.mod,**/requirements.txt,**/build.gradle,**/Dockerfile,**/Containerfile
2025-01-27 07:06:08.901 [info] Not activating extension 'redhat.java': Timed out while searching for 'workspaceContains' pattern */pom.xml,*/build.gradle,*/settings.gradle,*/build.gradle.kts,*/settings.gradle.kts,*/.classpath
2025-01-27 07:06:08.903 [info] Not activating extension 'vscjava.vscode-java-dependency': Timed out while searching for 'workspaceContains' pattern */pom.xml,*/build.gradle,*/settings.gradle,*/build.gradle.kts,*/settings.gradle.kts,*/.classpath
2025-01-27 07:06:08.903 [info] Not activating extension 'vscjava.vscode-java-test': Timed out while searching for 'workspaceContains' pattern */pom.xml,*/build.gradle,*/settings.gradle,*/build.gradle.kts,*/settings.gradle.kts,*/.classpath
2025-01-27 07:06:08.903 [info] Not activating extension 'vscjava.vscode-maven': Timed out while searching for 'workspaceContains' pattern **/pom.xml
2025-01-27 07:06:11.912 [info] ExtensionService#_doActivateExtension EditorConfig.EditorConfig, startup: false, activationEvent: 'onStartupFinished'
2025-01-27 07:06:11.912 [info] ExtensionService#_doActivateExtension google.cloud-shell, startup: false, activationEvent: 'onStartupFinished'
2025-01-27 07:06:11.913 [info] ExtensionService#_doActivateExtension google.geminicodeassist, startup: false, activationEvent: 'onStartupFinished', root cause: googlecloudtools.cloudcode
2025-01-27 07:06:11.914 [info] ExtensionService#_doActivateExtension vscode.debug-auto-launch, startup: false, activationEvent: 'onStartupFinished'
2025-01-27 07:06:11.914 [info] ExtensionService#_doActivateExtension vscode.merge-conflict, startup: false, activationEvent: 'onStartupFinished'
2025-01-27 07:06:59.854 [info] ExtensionService#_doActivateExtension vscode.git, startup: true, activationEvent: '*'
2025-01-27 07:06:59.855 [info] ExtensionService#_doActivateExtension vscode.github, startup: true, activationEvent: '*'
2025-01-27 07:07:00.389 [info] ExtensionService#_doActivateExtension googlecloudtools.cloudcode, startup: false, activationEvent: 'onStartupFinished'
2025-01-27 07:07:32.156 [info] ExtensionService#_doActivateExtension vscode.configuration-editing, startup: false, activationEvent: 'onLanguage:jsonc'
2025-01-27 07:07:32.156 [info] ExtensionService#_doActivateExtension vscode.json-language-features, startup: false, activationEvent: 'onLanguage:jsonc'
2025-01-27 07:07:32.469 [info] Eager extensions activated
2025-01-27 07:07:39.681 [warning] [Decorations] CAPPING events from decorations provider vscode.git 815
2025-01-27 07:07:40.511 [warning] [Decorations] CAPPING events from decorations provider vscode.git 815
2025-01-27 07:07:41.715 [info] ExtensionService#_doActivateExtension vscode.github-authentication, startup: false, activationEvent: 'onAuthenticationRequest:github'
2025-01-27 07:08:26.767 [warning] [Decorations] CAPPING events from decorations provider vscode.git 816
2025-01-27 07:08:31.940 [warning] [Decorations] CAPPING events from decorations provider vscode.git 822
2025-01-27 07:08:37.049 [warning] [Decorations] CAPPING events from decorations provider vscode.git 827
2025-01-27 07:08:42.152 [warning] [Decorations] CAPPING events from decorations provider vscode.git 823
2025-01-27 07:08:47.260 [warning] [Decorations] CAPPING events from decorations provider vscode.git 823
2025-01-27 07:08:52.360 [warning] [Decorations] CAPPING events from decorations provider vscode.git 823
2025-01-27 07:08:57.464 [warning] [Decorations] CAPPING events from decorations provider vscode.git 823
2025-01-27 07:09:02.572 [warning] [Decorations] CAPPING events from decorations provider vscode.git 823
2025-01-27 07:09:07.685 [warning] [Decorations] CAPPING events from decorations provider vscode.git 823
2025-01-27 07:09:12.794 [warning] [Decorations] CAPPING events from decorations provider vscode.git 823
2025-01-27 07:09:17.906 [warning] [Decorations] CAPPING events from decorations provider vscode.git 823
2025-01-27 07:10:48.583 [warning] [Decorations] CAPPING events from decorations provider vscode.git 823
2025-01-27 07:13:25.250 [warning] [Decorations] CAPPING events from decorations provider vscode.git 824
2025-01-27 07:13:30.368 [warning] [Decorations] CAPPING events from decorations provider vscode.git 823
2025-01-27 07:13:35.478 [warning] [Decorations] CAPPING events from decorations provider vscode.git 823
2025-01-27 07:13:40.583 [warning] [Decorations] CAPPING events from decorations provider vscode.git 823
2025-01-27 07:13:45.687 [warning] [Decorations] CAPPING events from decorations provider vscode.git 823
2025-01-27 07:13:50.794 [warning] [Decorations] CAPPING events from decorations provider vscode.git 823
2025-01-27 07:13:55.906 [warning] [Decorations] CAPPING events from decorations provider vscode.git 823
2025-01-27 07:14:01.006 [warning] [Decorations] CAPPING events from decorations provider vscode.git 823
2025-01-27 07:14:06.112 [warning] [Decorations] CAPPING events from decorations provider vscode.git 823
2025-01-27 07:14:11.254 [warning] [Decorations] CAPPING events from decorations provider vscode.git 823
2025-01-27 07:14:16.355 [warning] [Decorations] CAPPING events from decorations provider vscode.git 823
2025-01-27 07:14:21.453 [warning] [Decorations] CAPPING events from decorations provider vscode.git 823
2025-01-27 07:14:26.556 [warning] [Decorations] CAPPING events from decorations provider vscode.git 823
2025-01-27 07:14:31.657 [warning] [Decorations] CAPPING events from decorations provider vscode.git 824
2025-01-27 07:14:36.809 [warning] [Decorations] CAPPING events from decorations provider vscode.git 824
2025-01-27 07:14:41.910 [warning] [Decorations] CAPPING events from decorations provider vscode.git 825
2025-01-27 07:14:47.093 [warning] [Decorations] CAPPING events from decorations provider vscode.git 825
2025-01-27 07:15:02.093 [warning] [Decorations] CAPPING events from decorations provider vscode.git 825
2025-01-27 07:15:07.199 [warning] [Decorations] CAPPING events from decorations provider vscode.git 825
2025-01-27 07:15:12.301 [warning] [Decorations] CAPPING events from decorations provider vscode.git 825
2025-01-27 07:15:17.405 [warning] [Decorations] CAPPING events from decorations provider vscode.git 826
2025-01-27 07:15:22.509 [warning] [Decorations] CAPPING events from decorations provider vscode.git 826
2025-01-27 07:15:27.607 [warning] [Decorations] CAPPING events from decorations provider vscode.git 826
2025-01-27 07:15:32.708 [warning] [Decorations] CAPPING events from decorations provider vscode.git 826
2025-01-27 07:15:37.808 [warning] [Decorations] CAPPING events from decorations provider vscode.git 826
2025-01-27 07:15:42.905 [warning] [Decorations] CAPPING events from decorations provider vscode.git 826
2025-01-27 07:15:48.004 [warning] [Decorations] CAPPING events from decorations provider vscode.git 826
2025-01-27 07:15:53.102 [warning] [Decorations] CAPPING events from decorations provider vscode.git 826
2025-01-27 07:15:58.201 [warning] [Decorations] CAPPING events from decorations provider vscode.git 826
2025-01-27 07:16:41.238 [warning] [Decorations] CAPPING events from decorations provider vscode.git 826
2025-01-27 07:17:51.346 [warning] [Decorations] CAPPING events from decorations provider vscode.git 826
2025-01-27 07:26:30.047 [warning] [Decorations] CAPPING events from decorations provider vscode.git 827
2025-01-27 07:26:35.229 [warning] [Decorations] CAPPING events from decorations provider vscode.git 827
2025-01-27 07:26:40.378 [warning] [Decorations] CAPPING events from decorations provider vscode.git 827
2025-01-27 07:26:45.483 [warning] [Decorations] CAPPING events from decorations provider vscode.git 827
2025-01-27 07:26:50.589 [warning] [Decorations] CAPPING events from decorations provider vscode.git 827
2025-01-27 07:26:55.693 [warning] [Decorations] CAPPING events from decorations provider vscode.git 827
2025-01-27 07:27:00.794 [warning] [Decorations] CAPPING events from decorations provider vscode.git 827
2025-01-27 07:27:05.899 [warning] [Decorations] CAPPING events from decorations provider vscode.git 827
2025-01-27 07:27:11.007 [warning] [Decorations] CAPPING events from decorations provider vscode.git 827
2025-01-27 07:27:16.108 [warning] [Decorations] CAPPING events from decorations provider vscode.git 827
2025-01-27 07:27:21.205 [warning] [Decorations] CAPPING events from decorations provider vscode.git 827
2025-01-27 07:27:26.305 [warning] [Decorations] CAPPING events from decorations provider vscode.git 827
2025-01-27 07:27:31.407 [warning] [Decorations] CAPPING events from decorations provider vscode.git 827
2025-01-27 07:27:36.512 [warning] [Decorations] CAPPING events from decorations provider vscode.git 827
2025-01-27 07:27:41.614 [warning] [Decorations] CAPPING events from decorations provider vscode.git 827
2025-01-27 07:27:46.722 [warning] [Decorations] CAPPING events from decorations provider vscode.git 827
2025-01-27 07:27:51.824 [warning] [Decorations] CAPPING events from decorations provider vscode.git 827
2025-01-27 07:29:32.826 [warning] [Decorations] CAPPING events from decorations provider vscode.git 827
2025-01-27 07:29:37.930 [warning] [Decorations] CAPPING events from decorations provider vscode.git 827
2025-01-27 07:29:43.027 [warning] [Decorations] CAPPING events from decorations provider vscode.git 827
2025-01-27 07:29:48.128 [warning] [Decorations] CAPPING events from decorations provider vscode.git 827
2025-01-27 07:29:53.300 [warning] [Decorations] CAPPING events from decorations provider vscode.git 827
2025-01-27 07:29:58.411 [warning] [Decorations] CAPPING events from decorations provider vscode.git 828
2025-01-27 07:30:05.341 [warning] [Decorations] CAPPING events from decorations provider vscode.git 828
2025-01-27 07:30:10.445 [warning] [Decorations] CAPPING events from decorations provider vscode.git 828
2025-01-27 07:30:15.545 [warning] [Decorations] CAPPING events from decorations provider vscode.git 828
2025-01-27 07:30:20.648 [warning] [Decorations] CAPPING events from decorations provider vscode.git 828
2025-01-27 07:30:25.749 [warning] [Decorations] CAPPING events from decorations provider vscode.git 828
2025-01-27 07:30:30.847 [warning] [Decorations] CAPPING events from decorations provider vscode.git 828
2025-01-27 07:30:35.946 [warning] [Decorations] CAPPING events from decorations provider vscode.git 828
2025-01-27 07:30:41.045 [warning] [Decorations] CAPPING events from decorations provider vscode.git 828
2025-01-27 07:30:46.158 [warning] [Decorations] CAPPING events from decorations provider vscode.git 828
2025-01-27 07:30:51.261 [warning] [Decorations] CAPPING events from decorations provider vscode.git 828
2025-01-27 07:30:56.359 [warning] [Decorations] CAPPING events from decorations provider vscode.git 828
2025-01-27 07:31:01.462 [warning] [Decorations] CAPPING events from decorations provider vscode.git 828
2025-01-27 07:31:06.562 [warning] [Decorations] CAPPING events from decorations provider vscode.git 828
2025-01-27 07:31:11.661 [warning] [Decorations] CAPPING events from decorations provider vscode.git 828
2025-01-27 07:31:16.762 [warning] [Decorations] CAPPING events from decorations provider vscode.git 828
2025-01-27 07:35:06.346 [warning] [Decorations] CAPPING events from decorations provider vscode.git 828
2025-01-27 07:40:40.689 [warning] [Decorations] CAPPING events from decorations provider vscode.git 828
2025-01-27 07:41:58.788 [warning] [Decorations] CAPPING events from decorations provider vscode.git 828
2025-01-27 07:42:03.895 [warning] [Decorations] CAPPING events from decorations provider vscode.git 828
2025-01-27 07:42:08.997 [warning] [Decorations] CAPPING events from decorations provider vscode.git 828
2025-01-27 07:42:14.102 [warning] [Decorations] CAPPING events from decorations provider vscode.git 828
2025-01-27 07:42:19.232 [warning] [Decorations] CAPPING events from decorations provider vscode.git 828
2025-01-27 07:42:24.337 [warning] [Decorations] CAPPING events from decorations provider vscode.git 828
2025-01-27 07:42:29.441 [warning] [Decorations] CAPPING events from decorations provider vscode.git 828
2025-01-27 07:42:34.547 [warning] [Decorations] CAPPING events from decorations provider vscode.git 828
2025-01-27 07:42:39.659 [warning] [Decorations] CAPPING events from decorations provider vscode.git 828
2025-01-27 07:42:44.765 [warning] [Decorations] CAPPING events from decorations provider vscode.git 828
2025-01-27 07:42:49.869 [warning] [Decorations] CAPPING events from decorations provider vscode.git 828
2025-01-27 07:42:54.973 [warning] [Decorations] CAPPING events from decorations provider vscode.git 828
2025-01-27 07:43:00.080 [warning] [Decorations] CAPPING events from decorations provider vscode.git 828
2025-01-27 07:43:05.181 [warning] [Decorations] CAPPING events from decorations provider vscode.git 828
2025-01-27 07:43:10.286 [warning] [Decorations] CAPPING events from decorations provider vscode.git 828
2025-01-27 07:43:35.605 [warning] [Decorations] CAPPING events from decorations provider vscode.git 828
2025-01-27 07:43:40.710 [warning] [Decorations] CAPPING events from decorations provider vscode.git 828
2025-01-27 07:43:45.819 [warning] [Decorations] CAPPING events from decorations provider vscode.git 828
2025-01-27 07:43:55.844 [warning] [Decorations] CAPPING events from decorations provider vscode.git 828
2025-01-27 07:44:00.950 [warning] [Decorations] CAPPING events from decorations provider vscode.git 828
2025-01-27 07:44:06.052 [warning] [Decorations] CAPPING events from decorations provider vscode.git 828
2025-01-27 07:44:11.161 [warning] [Decorations] CAPPING events from decorations provider vscode.git 828
2025-01-27 07:44:16.265 [warning] [Decorations] CAPPING events from decorations provider vscode.git 828
2025-01-27 07:44:21.364 [warning] [Decorations] CAPPING events from decorations provider vscode.git 828
2025-01-27 07:44:28.342 [warning] [Decorations] CAPPING events from decorations provider vscode.git 828
2025-01-27 07:44:33.449 [warning] [Decorations] CAPPING events from decorations provider vscode.git 828
2025-01-27 07:44:38.551 [warning] [Decorations] CAPPING events from decorations provider vscode.git 828
2025-01-27 07:44:43.771 [warning] [Decorations] CAPPING events from decorations provider vscode.git 828
2025-01-27 07:44:48.895 [warning] [Decorations] CAPPING events from decorations provider vscode.git 828
2025-01-27 07:44:53.998 [warning] [Decorations] CAPPING events from decorations provider vscode.git 829
2025-01-27 07:44:59.165 [warning] [Decorations] CAPPING events from decorations provider vscode.git 829
2025-01-27 07:45:04.274 [warning] [Decorations] CAPPING events from decorations provider vscode.git 830
2025-01-27 07:45:09.385 [warning] [Decorations] CAPPING events from decorations provider vscode.git 830
2025-01-27 07:45:14.486 [warning] [Decorations] CAPPING events from decorations provider vscode.git 830
2025-01-27 07:45:19.585 [warning] [Decorations] CAPPING events from decorations provider vscode.git 830
2025-01-27 07:46:33.666 [warning] [Decorations] CAPPING events from decorations provider vscode.git 830
2025-01-27 07:46:38.777 [warning] [Decorations] CAPPING events from decorations provider vscode.git 830
2025-01-27 07:46:43.879 [warning] [Decorations] CAPPING events from decorations provider vscode.git 830
2025-01-27 07:46:48.984 [warning] [Decorations] CAPPING events from decorations provider vscode.git 830
2025-01-27 07:46:54.085 [warning] [Decorations] CAPPING events from decorations provider vscode.git 830
2025-01-27 07:46:59.219 [warning] [Decorations] CAPPING events from decorations provider vscode.git 830
2025-01-27 07:47:04.317 [warning] [Decorations] CAPPING events from decorations provider vscode.git 830
2025-01-27 07:47:09.427 [warning] [Decorations] CAPPING events from decorations provider vscode.git 830
2025-01-27 07:47:14.529 [warning] [Decorations] CAPPING events from decorations provider vscode.git 830
2025-01-27 07:47:19.630 [warning] [Decorations] CAPPING events from decorations provider vscode.git 830
2025-01-27 07:47:24.728 [warning] [Decorations] CAPPING events from decorations provider vscode.git 830
2025-01-27 07:47:29.830 [warning] [Decorations] CAPPING events from decorations provider vscode.git 830
2025-01-27 07:47:34.928 [warning] [Decorations] CAPPING events from decorations provider vscode.git 830
2025-01-27 07:47:40.025 [warning] [Decorations] CAPPING events from decorations provider vscode.git 830
2025-01-27 07:47:45.128 [warning] [Decorations] CAPPING events from decorations provider vscode.git 830
2025-01-27 07:47:50.233 [warning] [Decorations] CAPPING events from decorations provider vscode.git 830
2025-01-27 07:47:55.334 [warning] [Decorations] CAPPING events from decorations provider vscode.git 830
2025-01-27 07:48:00.436 [warning] [Decorations] CAPPING events from decorations provider vscode.git 830
2025-01-27 07:48:05.545 [warning] [Decorations] CAPPING events from decorations provider vscode.git 830
2025-01-27 07:49:14.403 [warning] [Decorations] CAPPING events from decorations provider vscode.git 830
2025-01-27 07:58:11.503 [warning] [Decorations] CAPPING events from decorations provider vscode.git 830
2025-01-27 07:58:16.611 [warning] [Decorations] CAPPING events from decorations provider vscode.git 830
2025-01-27 07:59:34.284 [warning] [Decorations] CAPPING events from decorations provider vscode.git 830
2025-01-27 07:59:39.392 [warning] [Decorations] CAPPING events from decorations provider vscode.git 830
2025-01-27 08:00:37.941 [warning] [Decorations] CAPPING events from decorations provider vscode.git 830
2025-01-27 08:00:43.048 [warning] [Decorations] CAPPING events from decorations provider vscode.git 830
2025-01-27 08:00:55.881 [warning] [Decorations] CAPPING events from decorations provider vscode.git 830
2025-01-27 08:05:42.096 [warning] [Decorations] CAPPING events from decorations provider vscode.git 830
2025-01-27 08:05:47.208 [warning] [Decorations] CAPPING events from decorations provider vscode.git 830
2025-01-27 08:05:52.311 [warning] [Decorations] CAPPING events from decorations provider vscode.git 830
2025-01-27 08:05:57.543 [warning] [Decorations] CAPPING events from decorations provider vscode.git 831
2025-01-27 08:06:02.647 [warning] [Decorations] CAPPING events from decorations provider vscode.git 831
2025-01-27 08:06:07.749 [warning] [Decorations] CAPPING events from decorations provider vscode.git 831
2025-01-27 08:06:12.854 [warning] [Decorations] CAPPING events from decorations provider vscode.git 832
2025-01-27 08:06:18.527 [warning] [Decorations] CAPPING events from decorations provider vscode.git 832
2025-01-27 08:06:23.628 [warning] [Decorations] CAPPING events from decorations provider vscode.git 832
2025-01-27 08:06:28.731 [warning] [Decorations] CAPPING events from decorations provider vscode.git 832
2025-01-27 08:06:33.830 [warning] [Decorations] CAPPING events from decorations provider vscode.git 832
2025-01-27 08:06:38.929 [warning] [Decorations] CAPPING events from decorations provider vscode.git 832
2025-01-27 08:06:44.325 [warning] [Decorations] CAPPING events from decorations provider vscode.git 832
2025-01-27 08:06:49.435 [warning] [Decorations] CAPPING events from decorations provider vscode.git 833
2025-01-27 08:07:29.802 [warning] [Decorations] CAPPING events from decorations provider vscode.git 833
2025-01-27 08:07:34.915 [warning] [Decorations] CAPPING events from decorations provider vscode.git 833
2025-01-27 08:08:50.276 [warning] [Decorations] CAPPING events from decorations provider vscode.git 833
2025-01-27 08:10:07.052 [warning] [Decorations] CAPPING events from decorations provider vscode.git 833
2025-01-27 08:10:12.161 [warning] [Decorations] CAPPING events from decorations provider vscode.git 833
2025-01-27 08:10:36.821 [warning] [Decorations] CAPPING events from decorations provider vscode.git 833
2025-01-27 08:10:41.932 [warning] [Decorations] CAPPING events from decorations provider vscode.git 833
2025-01-27 08:12:08.449 [warning] [Decorations] CAPPING events from decorations provider vscode.git 833
2025-01-27 08:12:13.553 [warning] [Decorations] CAPPING events from decorations provider vscode.git 833
2025-01-27 08:12:18.656 [warning] [Decorations] CAPPING events from decorations provider vscode.git 833
2025-01-27 08:12:23.754 [warning] [Decorations] CAPPING events from decorations provider vscode.git 833
2025-01-27 08:12:28.853 [warning] [Decorations] CAPPING events from decorations provider vscode.git 833
2025-01-27 08:12:33.952 [warning] [Decorations] CAPPING events from decorations provider vscode.git 833
2025-01-27 08:14:40.326 [warning] [Decorations] CAPPING events from decorations provider vscode.git 833
2025-01-27 08:14:45.432 [warning] [Decorations] CAPPING events from decorations provider vscode.git 833
2025-01-27 08:14:50.542 [warning] [Decorations] CAPPING events from decorations provider vscode.git 833
2025-01-27 08:14:55.644 [warning] [Decorations] CAPPING events from decorations provider vscode.git 833
2025-01-27 08:15:00.744 [warning] [Decorations] CAPPING events from decorations provider vscode.git 833
2025-01-27 08:15:05.848 [warning] [Decorations] CAPPING events from decorations provider vscode.git 833
2025-01-27 08:15:10.970 [warning] [Decorations] CAPPING events from decorations provider vscode.git 833
2025-01-27 08:15:16.073 [warning] [Decorations] CAPPING events from decorations provider vscode.git 833
2025-01-27 08:15:21.179 [warning] [Decorations] CAPPING events from decorations provider vscode.git 833
2025-01-27 08:15:26.282 [warning] [Decorations] CAPPING events from decorations provider vscode.git 833
2025-01-27 08:15:31.383 [warning] [Decorations] CAPPING events from decorations provider vscode.git 833
2025-01-27 08:15:36.485 [warning] [Decorations] CAPPING events from decorations provider vscode.git 834
2025-01-27 08:15:41.598 [warning] [Decorations] CAPPING events from decorations provider vscode.git 834
2025-01-27 08:15:46.696 [warning] [Decorations] CAPPING events from decorations provider vscode.git 834
2025-01-27 08:15:51.795 [warning] [Decorations] CAPPING events from decorations provider vscode.git 834
2025-01-27 08:15:56.893 [warning] [Decorations] CAPPING events from decorations provider vscode.git 834
2025-01-27 08:16:02.003 [warning] [Decorations] CAPPING events from decorations provider vscode.git 834
2025-01-27 08:16:07.111 [warning] [Decorations] CAPPING events from decorations provider vscode.git 834
2025-01-27 08:16:14.025 [warning] [Decorations] CAPPING events from decorations provider vscode.git 834
2025-01-27 08:16:19.180 [warning] [Decorations] CAPPING events from decorations provider vscode.git 834
2025-01-27 08:16:24.294 [warning] [Decorations] CAPPING events from decorations provider vscode.git 835
2025-01-27 08:16:29.441 [warning] [Decorations] CAPPING events from decorations provider vscode.git 835
2025-01-27 08:16:34.544 [warning] [Decorations] CAPPING events from decorations provider vscode.git 835
2025-01-27 08:16:39.655 [warning] [Decorations] CAPPING events from decorations provider vscode.git 835
2025-01-27 08:16:44.753 [warning] [Decorations] CAPPING events from decorations provider vscode.git 835
2025-01-27 08:42:37.974 [warning] [Decorations] CAPPING events from decorations provider vscode.git 836
2025-01-27 08:42:43.084 [warning] [Decorations] CAPPING events from decorations provider vscode.git 836
2025-01-27 08:42:48.200 [warning] [Decorations] CAPPING events from decorations provider vscode.git 836
2025-01-27 08:42:53.307 [warning] [Decorations] CAPPING events from decorations provider vscode.git 836
2025-01-27 08:42:58.407 [warning] [Decorations] CAPPING events from decorations provider vscode.git 836
2025-01-27 08:43:03.508 [warning] [Decorations] CAPPING events from decorations provider vscode.git 836
2025-01-27 08:43:08.611 [warning] [Decorations] CAPPING events from decorations provider vscode.git 836
2025-01-27 08:43:13.709 [warning] [Decorations] CAPPING events from decorations provider vscode.git 836
2025-01-27 08:48:56.476 [warning] [Decorations] CAPPING events from decorations provider vscode.git 837
2025-01-27 08:49:59.616 [warning] [Decorations] CAPPING events from decorations provider vscode.git 837
2025-01-27 08:50:04.723 [warning] [Decorations] CAPPING events from decorations provider vscode.git 837
2025-01-27 08:50:39.551 [warning] [Decorations] CAPPING events from decorations provider vscode.git 837
2025-01-27 08:50:44.656 [warning] [Decorations] CAPPING events from decorations provider vscode.git 838
2025-01-27 08:50:49.762 [warning] [Decorations] CAPPING events from decorations provider vscode.git 838
2025-01-27 08:51:15.402 [warning] [Decorations] CAPPING events from decorations provider vscode.git 838
2025-01-27 08:51:20.509 [warning] [Decorations] CAPPING events from decorations provider vscode.git 838
2025-01-27 08:51:25.609 [warning] [Decorations] CAPPING events from decorations provider vscode.git 838
2025-01-27 08:51:30.722 [warning] [Decorations] CAPPING events from decorations provider vscode.git 838
2025-01-27 08:53:27.122 [warning] [Decorations] CAPPING events from decorations provider vscode.git 838
2025-01-27 08:53:32.245 [warning] [Decorations] CAPPING events from decorations provider vscode.git 838
2025-01-27 08:53:37.347 [warning] [Decorations] CAPPING events from decorations provider vscode.git 838
2025-01-27 08:53:42.456 [warning] [Decorations] CAPPING events from decorations provider vscode.git 838
2025-01-27 08:53:47.558 [warning] [Decorations] CAPPING events from decorations provider vscode.git 838
2025-01-27 08:53:52.663 [warning] [Decorations] CAPPING events from decorations provider vscode.git 838
2025-01-27 08:53:57.762 [warning] [Decorations] CAPPING events from decorations provider vscode.git 838
2025-01-27 08:54:44.915 [warning] [Decorations] CAPPING events from decorations provider vscode.git 838
2025-01-27 08:54:50.022 [warning] [Decorations] CAPPING events from decorations provider vscode.git 838
2025-01-27 08:54:55.128 [warning] [Decorations] CAPPING events from decorations provider vscode.git 838
2025-01-27 08:56:00.319 [warning] [Decorations] CAPPING events from decorations provider vscode.git 839
2025-01-27 08:56:05.427 [warning] [Decorations] CAPPING events from decorations provider vscode.git 840
2025-01-27 08:56:10.581 [warning] [Decorations] CAPPING events from decorations provider vscode.git 841
2025-01-27 08:57:15.578 [warning] [Decorations] CAPPING events from decorations provider vscode.git 842
2025-01-27 08:57:20.680 [warning] [Decorations] CAPPING events from decorations provider vscode.git 842
2025-01-27 08:57:25.790 [warning] [Decorations] CAPPING events from decorations provider vscode.git 842
2025-01-27 08:57:30.896 [warning] [Decorations] CAPPING events from decorations provider vscode.git 842
2025-01-27 08:57:36.078 [warning] [Decorations] CAPPING events from decorations provider vscode.git 842
2025-01-27 08:58:20.191 [warning] [Decorations] CAPPING events from decorations provider vscode.git 843
2025-01-27 08:58:44.764 [warning] [Decorations] CAPPING events from decorations provider vscode.git 843
2025-01-27 08:58:50.015 [warning] [Decorations] CAPPING events from decorations provider vscode.git 844
2025-01-27 08:58:55.125 [warning] [Decorations] CAPPING events from decorations provider vscode.git 844
2025-01-27 08:59:00.233 [warning] [Decorations] CAPPING events from decorations provider vscode.git 844
2025-01-27 08:59:05.342 [warning] [Decorations] CAPPING events from decorations provider vscode.git 844
2025-01-27 08:59:10.447 [warning] [Decorations] CAPPING events from decorations provider vscode.git 844
2025-01-27 08:59:15.547 [warning] [Decorations] CAPPING events from decorations provider vscode.git 844
2025-01-27 09:00:47.980 [warning] [Decorations] CAPPING events from decorations provider vscode.git 844
2025-01-27 09:07:15.933 [warning] [Decorations] CAPPING events from decorations provider vscode.git 848
2025-01-27 09:07:21.040 [warning] [Decorations] CAPPING events from decorations provider vscode.git 847
2025-01-27 09:07:26.140 [warning] [Decorations] CAPPING events from decorations provider vscode.git 847
2025-01-27 09:07:31.254 [warning] [Decorations] CAPPING events from decorations provider vscode.git 847
2025-01-27 09:07:36.355 [warning] [Decorations] CAPPING events from decorations provider vscode.git 847
2025-01-27 09:07:50.253 [warning] [Decorations] CAPPING events from decorations provider vscode.git 848
2025-01-27 09:07:55.359 [warning] [Decorations] CAPPING events from decorations provider vscode.git 848
2025-01-27 09:08:00.466 [warning] [Decorations] CAPPING events from decorations provider vscode.git 848
2025-01-27 09:08:05.570 [warning] [Decorations] CAPPING events from decorations provider vscode.git 848
2025-01-27 09:08:11.840 [warning] [Decorations] CAPPING events from decorations provider vscode.git 848
2025-01-27 09:08:16.943 [warning] [Decorations] CAPPING events from decorations provider vscode.git 848
2025-01-27 09:09:01.815 [warning] [Decorations] CAPPING events from decorations provider vscode.git 848
2025-01-27 09:14:02.484 [warning] [Decorations] CAPPING events from decorations provider vscode.git 848
2025-01-27 09:34:49.061 [warning] [Decorations] CAPPING events from decorations provider vscode.git 849
2025-01-27 09:34:54.171 [warning] [Decorations] CAPPING events from decorations provider vscode.git 849
2025-01-27 09:34:59.277 [warning] [Decorations] CAPPING events from decorations provider vscode.git 849
2025-01-27 09:35:04.381 [warning] [Decorations] CAPPING events from decorations provider vscode.git 849
2025-01-27 09:35:09.490 [warning] [Decorations] CAPPING events from decorations provider vscode.git 849
2025-01-27 09:35:14.597 [warning] [Decorations] CAPPING events from decorations provider vscode.git 849
2025-01-27 09:35:19.695 [warning] [Decorations] CAPPING events from decorations provider vscode.git 849
2025-01-27 09:35:24.800 [warning] [Decorations] CAPPING events from decorations provider vscode.git 849
2025-01-27 09:35:29.913 [warning] [Decorations] CAPPING events from decorations provider vscode.git 849
2025-01-27 09:35:35.016 [warning] [Decorations] CAPPING events from decorations provider vscode.git 849
2025-01-27 09:35:40.118 [warning] [Decorations] CAPPING events from decorations provider vscode.git 849
2025-01-27 09:35:45.225 [warning] [Decorations] CAPPING events from decorations provider vscode.git 849
2025-01-27 09:35:50.330 [warning] [Decorations] CAPPING events from decorations provider vscode.git 849
2025-01-27 09:35:55.432 [warning] [Decorations] CAPPING events from decorations provider vscode.git 849
2025-01-27 09:36:32.255 [warning] [Decorations] CAPPING events from decorations provider vscode.git 849
2025-01-27 09:36:37.362 [warning] [Decorations] CAPPING events from decorations provider vscode.git 849
2025-01-27 09:37:04.597 [warning] [Decorations] CAPPING events from decorations provider vscode.git 849
2025-01-27 09:37:09.717 [warning] [Decorations] CAPPING events from decorations provider vscode.git 849
2025-01-27 09:37:38.288 [warning] [Decorations] CAPPING events from decorations provider vscode.git 849
2025-01-27 09:37:43.409 [warning] [Decorations] CAPPING events from decorations provider vscode.git 850
2025-01-27 09:39:31.461 [warning] [Decorations] CAPPING events from decorations provider vscode.git 850
2025-01-27 09:39:36.567 [warning] [Decorations] CAPPING events from decorations provider vscode.git 850
2025-01-27 09:39:41.673 [warning] [Decorations] CAPPING events from decorations provider vscode.git 850
2025-01-27 09:40:54.301 [warning] [Decorations] CAPPING events from decorations provider vscode.git 850
2025-01-27 09:42:35.689 [warning] [Decorations] CAPPING events from decorations provider vscode.git 850
2025-01-27 10:00:15.246 [warning] [Decorations] CAPPING events from decorations provider vscode.git 850
2025-01-27 10:00:20.352 [warning] [Decorations] CAPPING events from decorations provider vscode.git 850
2025-01-27 10:00:25.461 [warning] [Decorations] CAPPING events from decorations provider vscode.git 850
2025-01-27 10:01:01.009 [warning] [Decorations] CAPPING events from decorations provider vscode.git 850
2025-01-27 10:05:28.085 [warning] [Decorations] CAPPING events from decorations provider vscode.git 850
2025-01-27 10:05:33.193 [warning] [Decorations] CAPPING events from decorations provider vscode.git 850
2025-01-27 10:18:37.432 [warning] [Decorations] CAPPING events from decorations provider vscode.git 852
2025-01-27 10:18:42.553 [warning] [Decorations] CAPPING events from decorations provider vscode.git 851
2025-01-27 10:18:47.677 [warning] [Decorations] CAPPING events from decorations provider vscode.git 851
2025-01-27 10:18:52.796 [warning] [Decorations] CAPPING events from decorations provider vscode.git 851
2025-01-27 10:19:50.130 [warning] [Decorations] CAPPING events from decorations provider vscode.git 851
2025-01-27 10:20:42.292 [warning] [Decorations] CAPPING events from decorations provider vscode.git 851
2025-01-27 10:20:47.409 [warning] [Decorations] CAPPING events from decorations provider vscode.git 851
2025-01-27 10:20:52.516 [warning] [Decorations] CAPPING events from decorations provider vscode.git 851
2025-01-27 10:20:57.622 [warning] [Decorations] CAPPING events from decorations provider vscode.git 851
2025-01-27 10:21:02.922 [warning] [Decorations] CAPPING events from decorations provider vscode.git 851
2025-01-27 10:21:08.024 [warning] [Decorations] CAPPING events from decorations provider vscode.git 851
2025-01-27 10:21:13.122 [warning] [Decorations] CAPPING events from decorations provider vscode.git 851
2025-01-27 10:21:18.224 [warning] [Decorations] CAPPING events from decorations provider vscode.git 851
2025-01-27 10:21:23.338 [warning] [Decorations] CAPPING events from decorations provider vscode.git 851
2025-01-27 10:21:28.437 [warning] [Decorations] CAPPING events from decorations provider vscode.git 852
2025-01-27 10:21:33.539 [warning] [Decorations] CAPPING events from decorations provider vscode.git 852
2025-01-27 10:21:38.644 [warning] [Decorations] CAPPING events from decorations provider vscode.git 852
2025-01-27 10:21:43.750 [warning] [Decorations] CAPPING events from decorations provider vscode.git 852
2025-01-27 10:21:48.853 [warning] [Decorations] CAPPING events from decorations provider vscode.git 852
2025-01-27 10:21:55.006 [warning] [Decorations] CAPPING events from decorations provider vscode.git 852
2025-01-27 10:22:00.109 [warning] [Decorations] CAPPING events from decorations provider vscode.git 852
2025-01-27 10:22:05.210 [warning] [Decorations] CAPPING events from decorations provider vscode.git 852
2025-01-27 10:22:10.316 [warning] [Decorations] CAPPING events from decorations provider vscode.git 852
2025-01-27 10:22:15.417 [warning] [Decorations] CAPPING events from decorations provider vscode.git 852
2025-01-27 10:22:20.518 [warning] [Decorations] CAPPING events from decorations provider vscode.git 852
2025-01-27 10:22:25.622 [warning] [Decorations] CAPPING events from decorations provider vscode.git 852
2025-01-27 10:22:59.332 [warning] [Decorations] CAPPING events from decorations provider vscode.git 852
2025-01-27 10:23:04.438 [warning] [Decorations] CAPPING events from decorations provider vscode.git 852
2025-01-27 10:23:25.130 [warning] [Decorations] CAPPING events from decorations provider vscode.git 852
2025-01-27 10:24:00.771 [warning] [Decorations] CAPPING events from decorations provider vscode.git 852
2025-01-27 10:32:09.104 [warning] [Decorations] CAPPING events from decorations provider vscode.git 852
2025-01-27 10:32:14.211 [warning] [Decorations] CAPPING events from decorations provider vscode.git 852
2025-01-27 10:46:40.169 [warning] [Decorations] CAPPING events from decorations provider vscode.git 853
2025-01-27 10:52:02.121 [warning] [Decorations] CAPPING events from decorations provider vscode.git 853
2025-01-27 10:52:07.230 [warning] [Decorations] CAPPING events from decorations provider vscode.git 853
2025-01-27 10:52:12.335 [warning] [Decorations] CAPPING events from decorations provider vscode.git 853
2025-01-27 10:52:17.441 [warning] [Decorations] CAPPING events from decorations provider vscode.git 853
