2025-01-23 04:59:55.738 [info] [main] Log level: Info
2025-01-23 04:59:55.739 [info] [main] Validating found git in: "git"
2025-01-23 04:59:55.739 [info] [main] Using git "2.43.0" from "git"
2025-01-23 04:59:55.739 [info] [Model][doInitialScan] Initial repository scan started
2025-01-23 04:59:55.739 [info] > git rev-parse --show-toplevel [12ms]
2025-01-23 04:59:55.744 [info] > git rev-parse --git-dir --git-common-dir [10ms]
2025-01-23 04:59:55.787 [info] [Model][openRepository] Opened repository: /home/biswabandita_rout
2025-01-23 04:59:55.915 [info] > git config --get commit.template [86ms]
2025-01-23 04:59:55.971 [info] > git rev-parse --show-toplevel [118ms]
2025-01-23 04:59:56.053 [info] > git rev-parse --show-toplevel [19ms]
2025-01-23 04:59:56.067 [info] > git for-each-ref --format=%(refname)%00%(upstream:short)%00%(objectname)%00%(upstream:track)%00%(upstream:remotename)%00%(upstream:remoteref) refs/heads/main refs/remotes/main [46ms]
2025-01-23 04:59:56.171 [info] > git rev-parse --show-toplevel [57ms]
2025-01-23 04:59:56.235 [info] > git for-each-ref --sort -committerdate --format %(refname) %(objectname) %(*objectname) [66ms]
2025-01-23 04:59:56.250 [info] > git rev-parse --show-toplevel [16ms]
2025-01-23 04:59:56.293 [info] > git rev-parse --show-toplevel [10ms]
2025-01-23 04:59:56.324 [info] > git rev-parse --show-toplevel [5ms]
2025-01-23 04:59:56.378 [info] > git rev-parse --show-toplevel [24ms]
2025-01-23 04:59:56.663 [info] > git status -z -uall [529ms]
2025-01-23 04:59:57.049 [info] > git rev-parse --show-toplevel [647ms]
2025-01-23 04:59:57.375 [info] > git check-ignore -v -z --stdin [723ms]
2025-01-23 04:59:57.381 [info] > git for-each-ref --format=%(refname)%00%(upstream:short)%00%(objectname)%00%(upstream:track)%00%(upstream:remotename)%00%(upstream:remoteref) refs/heads/main refs/remotes/main [376ms]
2025-01-23 04:59:57.401 [info] > git config --get commit.template [45ms]
2025-01-23 04:59:57.416 [info] > git rev-parse --show-toplevel [45ms]
2025-01-23 04:59:57.417 [info] > git config --local branch.main.vscode-merge-base [28ms]
2025-01-23 04:59:57.418 [warning] [Git][config] git config failed: Failed to execute git
2025-01-23 04:59:58.004 [info] > git for-each-ref --format=%(refname)%00%(upstream:short)%00%(objectname)%00%(upstream:track)%00%(upstream:remotename)%00%(upstream:remoteref) refs/heads/main refs/remotes/main [592ms]
2025-01-23 04:59:58.043 [info] > git rev-parse --show-toplevel [601ms]
2025-01-23 04:59:58.043 [info] > git reflog main --grep-reflog=branch: Created from *. [611ms]
2025-01-23 04:59:58.067 [info] > git symbolic-ref --short refs/remotes/origin/HEAD [19ms]
2025-01-23 04:59:58.068 [info] fatal: ref refs/remotes/origin/HEAD is not a symbolic ref
2025-01-23 04:59:58.068 [warning] [Repository][getDefaultBranch] Failed to get default branch details: Failed to execute git.
2025-01-23 04:59:58.097 [info] > git rev-parse --show-toplevel [40ms]
2025-01-23 04:59:58.098 [info] [Model][doInitialScan] Initial repository scan completed - repositories (1), closed repositories (0), parent repositories (0), unsafe repositories (0)
2025-01-23 04:59:58.135 [info] > git for-each-ref --sort -committerdate --format %(refname) %(objectname) %(*objectname) [41ms]
2025-01-23 04:59:58.137 [info] > git merge-base refs/heads/main refs/remotes/origin/main [62ms]
2025-01-23 04:59:58.169 [info] > git show --textconv :Backend/server.js [46ms]
2025-01-23 04:59:58.170 [info] > git ls-files --stage -- /home/biswabandita_rout/Backend/server.js [37ms]
2025-01-23 04:59:58.187 [info] > git diff --name-status -z --diff-filter=ADMR 1d52a57d198e5d1cef2c49abaed1a6ae1779a3a6...refs/remotes/origin/main [20ms]
2025-01-23 04:59:58.199 [info] > git cat-file -s 6550629b4a1ea8b8e0de693231a8349803c684dc [14ms]
2025-01-23 04:59:58.260 [info] > git status -z -uall [176ms]
2025-01-23 05:00:02.117 [info] > git check-ignore -v -z --stdin [51ms]
2025-01-23 05:00:02.128 [info] > git config --get commit.template [13ms]
2025-01-23 05:00:02.133 [info] > git for-each-ref --format=%(refname)%00%(upstream:short)%00%(objectname)%00%(upstream:track)%00%(upstream:remotename)%00%(upstream:remoteref) refs/heads/main refs/remotes/main [7ms]
2025-01-23 05:00:02.169 [info] > git for-each-ref --sort -committerdate --format %(refname) %(objectname) %(*objectname) [13ms]
2025-01-23 05:00:02.379 [info] > git status -z -uall [240ms]
2025-01-23 05:03:40.260 [info] > git config --get commit.template [11ms]
2025-01-23 05:03:40.261 [info] > git for-each-ref --format=%(refname)%00%(upstream:short)%00%(objectname)%00%(upstream:track)%00%(upstream:remotename)%00%(upstream:remoteref) refs/heads/main refs/remotes/main [4ms]
2025-01-23 05:03:40.291 [info] > git for-each-ref --sort -committerdate --format %(refname) %(objectname) %(*objectname) [7ms]
2025-01-23 05:03:40.352 [info] > git status -z -uall [83ms]
2025-01-23 05:04:01.016 [info] > git config --get commit.template [17ms]
2025-01-23 05:04:01.018 [info] > git for-each-ref --format=%(refname)%00%(upstream:short)%00%(objectname)%00%(upstream:track)%00%(upstream:remotename)%00%(upstream:remoteref) refs/heads/main refs/remotes/main [5ms]
2025-01-23 05:04:01.052 [info] > git for-each-ref --sort -committerdate --format %(refname) %(objectname) %(*objectname) [6ms]
2025-01-23 05:04:01.110 [info] > git status -z -uall [83ms]
2025-01-23 05:04:10.521 [info] > git config --get commit.template [9ms]
2025-01-23 05:04:10.523 [info] > git for-each-ref --format=%(refname)%00%(upstream:short)%00%(objectname)%00%(upstream:track)%00%(upstream:remotename)%00%(upstream:remoteref) refs/heads/main refs/remotes/main [3ms]
2025-01-23 05:04:10.557 [info] > git for-each-ref --sort -committerdate --format %(refname) %(objectname) %(*objectname) [13ms]
2025-01-23 05:04:10.609 [info] > git status -z -uall [77ms]
2025-01-23 05:04:15.645 [info] > git config --get commit.template [14ms]
2025-01-23 05:04:15.646 [info] > git for-each-ref --format=%(refname)%00%(upstream:short)%00%(objectname)%00%(upstream:track)%00%(upstream:remotename)%00%(upstream:remoteref) refs/heads/main refs/remotes/main [3ms]
2025-01-23 05:04:15.678 [info] > git for-each-ref --sort -committerdate --format %(refname) %(objectname) %(*objectname) [5ms]
2025-01-23 05:04:15.739 [info] > git status -z -uall [85ms]
2025-01-23 05:04:16.507 [info] > git ls-files --stage -- /home/biswabandita_rout/Backend/app.js [8ms]
2025-01-23 05:04:16.544 [info] > git show --textconv :Backend/app.js [61ms]
2025-01-23 05:04:16.544 [info] > git cat-file -s 4cd5b87a62fb36cdae86aa8dd17a77b64347e098 [28ms]
2025-01-23 05:04:19.549 [info] > git ls-files --stage -- /home/biswabandita_rout/Backend/src/routes/apiRoutes.js [5ms]
2025-01-23 05:04:19.558 [info] > git show --textconv :Backend/src/routes/apiRoutes.js [25ms]
2025-01-23 05:04:19.560 [info] > git cat-file -s 51620a5705f971a113907264f953501ab423f26e [3ms]
2025-01-23 05:05:08.357 [info] > git config --get commit.template [9ms]
2025-01-23 05:05:08.359 [info] > git for-each-ref --format=%(refname)%00%(upstream:short)%00%(objectname)%00%(upstream:track)%00%(upstream:remotename)%00%(upstream:remoteref) refs/heads/main refs/remotes/main [4ms]
2025-01-23 05:05:08.391 [info] > git for-each-ref --sort -committerdate --format %(refname) %(objectname) %(*objectname) [4ms]
2025-01-23 05:05:08.444 [info] > git status -z -uall [76ms]
2025-01-23 05:05:13.480 [info] > git config --get commit.template [10ms]
2025-01-23 05:05:13.481 [info] > git for-each-ref --format=%(refname)%00%(upstream:short)%00%(objectname)%00%(upstream:track)%00%(upstream:remotename)%00%(upstream:remoteref) refs/heads/main refs/remotes/main [4ms]
2025-01-23 05:05:13.516 [info] > git for-each-ref --sort -committerdate --format %(refname) %(objectname) %(*objectname) [7ms]
2025-01-23 05:05:13.574 [info] > git status -z -uall [84ms]
2025-01-23 05:05:26.016 [info] > git show --textconv :Backend/.env [14ms]
2025-01-23 05:05:26.021 [info] > git ls-files --stage -- /home/biswabandita_rout/Backend/.env [7ms]
2025-01-23 05:05:27.835 [info] > git ls-files --stage -- /home/biswabandita_rout/frontend/src/environments/environment.ts [38ms]
2025-01-23 05:05:27.875 [info] > git show --textconv :frontend/src/environments/environment.ts [117ms]
2025-01-23 05:05:27.876 [info] > git cat-file -s a0cae17ff3d9ea9b6367a39719738d1b5fd904d7 [27ms]
2025-01-23 05:05:27.898 [info] > git check-ignore -v -z --stdin [24ms]
2025-01-23 05:05:29.361 [info] > git show --textconv :Backend/server.js [11ms]
2025-01-23 05:05:29.365 [info] > git ls-files --stage -- /home/biswabandita_rout/Backend/server.js [5ms]
2025-01-23 05:05:29.375 [info] > git cat-file -s 6550629b4a1ea8b8e0de693231a8349803c684dc [3ms]
2025-01-23 05:05:31.111 [info] > git show --textconv :frontend/angular.json [83ms]
2025-01-23 05:05:31.119 [info] > git ls-files --stage -- /home/biswabandita_rout/frontend/angular.json [63ms]
2025-01-23 05:05:31.149 [info] > git cat-file -s 9f80825634e49cbca8f67b6cdabc7b47d6961c8e [13ms]
2025-01-23 05:05:31.267 [info] > git check-ignore -v -z --stdin [44ms]
2025-01-23 05:05:32.026 [info] > git show --textconv :Backend/app.js [12ms]
2025-01-23 05:05:32.029 [info] > git ls-files --stage -- /home/biswabandita_rout/Backend/app.js [5ms]
2025-01-23 05:05:32.043 [info] > git cat-file -s 4cd5b87a62fb36cdae86aa8dd17a77b64347e098 [0ms]
2025-01-23 05:05:35.560 [info] > git show --textconv :Backend/src/routes/apiRoutes.js [17ms]
2025-01-23 05:05:35.570 [info] > git ls-files --stage -- /home/biswabandita_rout/Backend/src/routes/apiRoutes.js [9ms]
2025-01-23 05:05:35.585 [info] > git cat-file -s 51620a5705f971a113907264f953501ab423f26e [4ms]
2025-01-23 05:06:00.458 [info] > git config --get commit.template [9ms]
2025-01-23 05:06:00.459 [info] > git for-each-ref --format=%(refname)%00%(upstream:short)%00%(objectname)%00%(upstream:track)%00%(upstream:remotename)%00%(upstream:remoteref) refs/heads/main refs/remotes/main [4ms]
2025-01-23 05:06:00.495 [info] > git for-each-ref --sort -committerdate --format %(refname) %(objectname) %(*objectname) [4ms]
2025-01-23 05:06:00.557 [info] > git status -z -uall [90ms]
2025-01-23 05:06:02.288 [info] > git show --textconv :Backend/app.js [16ms]
2025-01-23 05:06:02.292 [info] > git ls-files --stage -- /home/biswabandita_rout/Backend/app.js [4ms]
2025-01-23 05:06:02.302 [info] > git cat-file -s 4cd5b87a62fb36cdae86aa8dd17a77b64347e098 [2ms]
2025-01-23 05:06:05.591 [info] > git config --get commit.template [3ms]
2025-01-23 05:06:05.603 [info] > git for-each-ref --format=%(refname)%00%(upstream:short)%00%(objectname)%00%(upstream:track)%00%(upstream:remotename)%00%(upstream:remoteref) refs/heads/main refs/remotes/main [3ms]
2025-01-23 05:06:05.639 [info] > git for-each-ref --sort -committerdate --format %(refname) %(objectname) %(*objectname) [5ms]
2025-01-23 05:06:05.699 [info] > git status -z -uall [87ms]
2025-01-23 05:06:27.655 [info] > git config --get commit.template [11ms]
2025-01-23 05:06:27.658 [info] > git for-each-ref --format=%(refname)%00%(upstream:short)%00%(objectname)%00%(upstream:track)%00%(upstream:remotename)%00%(upstream:remoteref) refs/heads/main refs/remotes/main [4ms]
2025-01-23 05:06:27.692 [info] > git for-each-ref --sort -committerdate --format %(refname) %(objectname) %(*objectname) [4ms]
2025-01-23 05:06:27.753 [info] > git status -z -uall [87ms]
2025-01-23 05:06:29.609 [info] > git ls-files --stage -- /home/biswabandita_rout/Backend/server.js [6ms]
2025-01-23 05:06:29.619 [info] > git show --textconv :Backend/server.js [29ms]
2025-01-23 05:06:29.621 [info] > git cat-file -s 6550629b4a1ea8b8e0de693231a8349803c684dc [3ms]
2025-01-23 05:06:32.763 [info] > git show --textconv :frontend/src/environments/environment.ts [15ms]
2025-01-23 05:06:32.764 [info] > git ls-files --stage -- /home/biswabandita_rout/frontend/src/environments/environment.ts [6ms]
2025-01-23 05:06:32.785 [info] > git cat-file -s a0cae17ff3d9ea9b6367a39719738d1b5fd904d7 [12ms]
2025-01-23 05:06:32.787 [info] > git config --get commit.template [3ms]
2025-01-23 05:06:32.797 [info] > git for-each-ref --format=%(refname)%00%(upstream:short)%00%(objectname)%00%(upstream:track)%00%(upstream:remotename)%00%(upstream:remoteref) refs/heads/main refs/remotes/main [2ms]
2025-01-23 05:06:32.830 [info] > git for-each-ref --sort -committerdate --format %(refname) %(objectname) %(*objectname) [6ms]
2025-01-23 05:06:32.904 [info] > git status -z -uall [98ms]
2025-01-23 05:06:38.290 [info] > git show --textconv :Backend/.env [11ms]
2025-01-23 05:06:38.294 [info] > git ls-files --stage -- /home/biswabandita_rout/Backend/.env [5ms]
2025-01-23 05:06:52.136 [info] > git check-ignore -v -z --stdin [6ms]
2025-01-23 05:06:55.809 [info] > git check-ignore -v -z --stdin [5ms]
2025-01-23 05:06:57.607 [info] > git ls-files --stage -- /home/biswabandita_rout/frontend/src/app/services/chat-service.service.ts [8ms]
2025-01-23 05:06:57.624 [info] > git show --textconv :frontend/src/app/services/chat-service.service.ts [40ms]
2025-01-23 05:06:57.629 [info] > git cat-file -s 4bc2d728ba14178f09cc05eceb11598b336e8e2c [13ms]
2025-01-23 05:08:21.706 [info] > git for-each-ref --format=%(refname)%00%(upstream:short)%00%(objectname)%00%(upstream:track)%00%(upstream:remotename)%00%(upstream:remoteref) refs/heads/main refs/remotes/main [1ms]
2025-01-23 05:08:21.707 [info] > git config --get commit.template [14ms]
2025-01-23 05:08:21.739 [info] > git for-each-ref --sort -committerdate --format %(refname) %(objectname) %(*objectname) [4ms]
2025-01-23 05:08:21.800 [info] > git status -z -uall [84ms]
2025-01-23 05:10:36.176 [info] > git config --get commit.template [10ms]
2025-01-23 05:10:36.178 [info] > git for-each-ref --format=%(refname)%00%(upstream:short)%00%(objectname)%00%(upstream:track)%00%(upstream:remotename)%00%(upstream:remoteref) refs/heads/main refs/remotes/main [4ms]
2025-01-23 05:10:36.213 [info] > git for-each-ref --sort -committerdate --format %(refname) %(objectname) %(*objectname) [4ms]
2025-01-23 05:10:36.291 [info] > git status -z -uall [104ms]
2025-01-23 05:10:38.332 [info] > git check-ignore -v -z --stdin [5ms]
2025-01-23 05:10:41.325 [info] > git config --get commit.template [5ms]
2025-01-23 05:10:41.339 [info] > git for-each-ref --format=%(refname)%00%(upstream:short)%00%(objectname)%00%(upstream:track)%00%(upstream:remotename)%00%(upstream:remoteref) refs/heads/main refs/remotes/main [4ms]
2025-01-23 05:10:41.374 [info] > git for-each-ref --sort -committerdate --format %(refname) %(objectname) %(*objectname) [6ms]
2025-01-23 05:10:41.450 [info] > git status -z -uall [101ms]
2025-01-23 05:11:19.397 [info] > git config --get commit.template [13ms]
2025-01-23 05:11:19.398 [info] > git for-each-ref --format=%(refname)%00%(upstream:short)%00%(objectname)%00%(upstream:track)%00%(upstream:remotename)%00%(upstream:remoteref) refs/heads/main refs/remotes/main [3ms]
2025-01-23 05:11:19.431 [info] > git for-each-ref --sort -committerdate --format %(refname) %(objectname) %(*objectname) [5ms]
2025-01-23 05:11:19.490 [info] > git status -z -uall [83ms]
2025-01-23 05:11:55.572 [info] > git config --get commit.template [12ms]
2025-01-23 05:11:55.573 [info] > git for-each-ref --format=%(refname)%00%(upstream:short)%00%(objectname)%00%(upstream:track)%00%(upstream:remotename)%00%(upstream:remoteref) refs/heads/main refs/remotes/main [3ms]
2025-01-23 05:11:55.612 [info] > git for-each-ref --sort -committerdate --format %(refname) %(objectname) %(*objectname) [5ms]
2025-01-23 05:11:55.671 [info] > git status -z -uall [88ms]
2025-01-23 05:12:00.711 [info] > git config --get commit.template [15ms]
2025-01-23 05:12:00.713 [info] > git for-each-ref --format=%(refname)%00%(upstream:short)%00%(objectname)%00%(upstream:track)%00%(upstream:remotename)%00%(upstream:remoteref) refs/heads/main refs/remotes/main [6ms]
2025-01-23 05:12:00.750 [info] > git for-each-ref --sort -committerdate --format %(refname) %(objectname) %(*objectname) [5ms]
2025-01-23 05:12:00.813 [info] > git status -z -uall [89ms]
2025-01-23 05:12:12.519 [info] > git config --get commit.template [12ms]
2025-01-23 05:12:12.521 [info] > git for-each-ref --format=%(refname)%00%(upstream:short)%00%(objectname)%00%(upstream:track)%00%(upstream:remotename)%00%(upstream:remoteref) refs/heads/main refs/remotes/main [3ms]
2025-01-23 05:12:12.555 [info] > git for-each-ref --sort -committerdate --format %(refname) %(objectname) %(*objectname) [4ms]
2025-01-23 05:12:12.614 [info] > git status -z -uall [85ms]
2025-01-23 05:12:29.178 [info] > git show --textconv :Backend/.env [11ms]
2025-01-23 05:12:29.182 [info] > git ls-files --stage -- /home/biswabandita_rout/Backend/.env [6ms]
2025-01-23 05:14:56.395 [info] > git config --get commit.template [13ms]
2025-01-23 05:14:56.397 [info] > git for-each-ref --format=%(refname)%00%(upstream:short)%00%(objectname)%00%(upstream:track)%00%(upstream:remotename)%00%(upstream:remoteref) refs/heads/main refs/remotes/main [4ms]
2025-01-23 05:14:56.425 [info] > git for-each-ref --sort -committerdate --format %(refname) %(objectname) %(*objectname) [7ms]
2025-01-23 05:14:56.506 [info] > git status -z -uall [99ms]
2025-01-23 05:15:01.536 [info] > git config --get commit.template [3ms]
2025-01-23 05:15:01.553 [info] > git for-each-ref --format=%(refname)%00%(upstream:short)%00%(objectname)%00%(upstream:track)%00%(upstream:remotename)%00%(upstream:remoteref) refs/heads/main refs/remotes/main [5ms]
2025-01-23 05:15:01.603 [info] > git for-each-ref --sort -committerdate --format %(refname) %(objectname) %(*objectname) [5ms]
2025-01-23 05:15:01.665 [info] > git status -z -uall [101ms]
2025-01-23 05:15:02.487 [info] > git show --textconv :Backend/src/routes/apiRoutes.js [17ms]
2025-01-23 05:15:02.489 [info] > git ls-files --stage -- /home/biswabandita_rout/Backend/src/routes/apiRoutes.js [7ms]
2025-01-23 05:15:02.501 [info] > git cat-file -s 51620a5705f971a113907264f953501ab423f26e [3ms]
2025-01-23 05:15:14.681 [info] > git config --get commit.template [9ms]
2025-01-23 05:15:14.682 [info] > git for-each-ref --format=%(refname)%00%(upstream:short)%00%(objectname)%00%(upstream:track)%00%(upstream:remotename)%00%(upstream:remoteref) refs/heads/main refs/remotes/main [2ms]
2025-01-23 05:15:14.714 [info] > git for-each-ref --sort -committerdate --format %(refname) %(objectname) %(*objectname) [4ms]
2025-01-23 05:15:14.772 [info] > git status -z -uall [82ms]
2025-01-23 05:17:47.131 [info] > git config --get commit.template [10ms]
2025-01-23 05:17:47.132 [info] > git for-each-ref --format=%(refname)%00%(upstream:short)%00%(objectname)%00%(upstream:track)%00%(upstream:remotename)%00%(upstream:remoteref) refs/heads/main refs/remotes/main [3ms]
2025-01-23 05:17:47.167 [info] > git for-each-ref --sort -committerdate --format %(refname) %(objectname) %(*objectname) [6ms]
2025-01-23 05:17:47.232 [info] > git status -z -uall [91ms]
2025-01-23 05:17:50.517 [info] > git show --textconv :Backend/app.js [11ms]
2025-01-23 05:17:50.521 [info] > git ls-files --stage -- /home/biswabandita_rout/Backend/app.js [5ms]
2025-01-23 05:17:50.531 [info] > git cat-file -s 4cd5b87a62fb36cdae86aa8dd17a77b64347e098 [2ms]
2025-01-23 05:17:52.267 [info] > git config --get commit.template [12ms]
2025-01-23 05:17:52.269 [info] > git for-each-ref --format=%(refname)%00%(upstream:short)%00%(objectname)%00%(upstream:track)%00%(upstream:remotename)%00%(upstream:remoteref) refs/heads/main refs/remotes/main [3ms]
2025-01-23 05:17:52.309 [info] > git for-each-ref --sort -committerdate --format %(refname) %(objectname) %(*objectname) [5ms]
2025-01-23 05:17:52.370 [info] > git status -z -uall [89ms]
2025-01-23 05:18:15.230 [info] > git config --get commit.template [18ms]
2025-01-23 05:18:15.231 [info] > git for-each-ref --format=%(refname)%00%(upstream:short)%00%(objectname)%00%(upstream:track)%00%(upstream:remotename)%00%(upstream:remoteref) refs/heads/main refs/remotes/main [5ms]
2025-01-23 05:18:15.281 [info] > git for-each-ref --sort -committerdate --format %(refname) %(objectname) %(*objectname) [18ms]
2025-01-23 05:18:15.351 [info] > git status -z -uall [106ms]
2025-01-23 05:18:20.384 [info] > git config --get commit.template [10ms]
2025-01-23 05:18:20.386 [info] > git for-each-ref --format=%(refname)%00%(upstream:short)%00%(objectname)%00%(upstream:track)%00%(upstream:remotename)%00%(upstream:remoteref) refs/heads/main refs/remotes/main [3ms]
2025-01-23 05:18:20.423 [info] > git for-each-ref --sort -committerdate --format %(refname) %(objectname) %(*objectname) [6ms]
2025-01-23 05:18:20.479 [info] > git status -z -uall [83ms]
2025-01-23 05:18:25.509 [info] > git config --get commit.template [11ms]
2025-01-23 05:18:25.511 [info] > git for-each-ref --format=%(refname)%00%(upstream:short)%00%(objectname)%00%(upstream:track)%00%(upstream:remotename)%00%(upstream:remoteref) refs/heads/main refs/remotes/main [3ms]
2025-01-23 05:18:25.548 [info] > git for-each-ref --sort -committerdate --format %(refname) %(objectname) %(*objectname) [15ms]
2025-01-23 05:18:25.612 [info] > git status -z -uall [91ms]
2025-01-23 05:27:48.151 [info] > git config --get commit.template [12ms]
2025-01-23 05:27:48.176 [info] > git for-each-ref --format=%(refname)%00%(upstream:short)%00%(objectname)%00%(upstream:track)%00%(upstream:remotename)%00%(upstream:remoteref) refs/heads/main refs/remotes/main [27ms]
2025-01-23 05:27:48.217 [info] > git for-each-ref --sort -committerdate --format %(refname) %(objectname) %(*objectname) [17ms]
2025-01-23 05:27:48.299 [info] > git status -z -uall [114ms]
2025-01-23 05:27:53.335 [info] > git config --get commit.template [12ms]
2025-01-23 05:27:53.336 [info] > git for-each-ref --format=%(refname)%00%(upstream:short)%00%(objectname)%00%(upstream:track)%00%(upstream:remotename)%00%(upstream:remoteref) refs/heads/main refs/remotes/main [3ms]
2025-01-23 05:27:53.372 [info] > git for-each-ref --sort -committerdate --format %(refname) %(objectname) %(*objectname) [4ms]
2025-01-23 05:27:53.435 [info] > git status -z -uall [89ms]
2025-01-23 05:28:38.053 [info] > git config --get commit.template [8ms]
2025-01-23 05:28:38.055 [info] > git for-each-ref --format=%(refname)%00%(upstream:short)%00%(objectname)%00%(upstream:track)%00%(upstream:remotename)%00%(upstream:remoteref) refs/heads/main refs/remotes/main [3ms]
2025-01-23 05:28:38.087 [info] > git for-each-ref --sort -committerdate --format %(refname) %(objectname) %(*objectname) [11ms]
2025-01-23 05:28:38.147 [info] > git status -z -uall [84ms]
2025-01-23 05:31:34.657 [info] > git config --get commit.template [3ms]
2025-01-23 05:31:34.670 [info] > git for-each-ref --format=%(refname)%00%(upstream:short)%00%(objectname)%00%(upstream:track)%00%(upstream:remotename)%00%(upstream:remoteref) refs/heads/main refs/remotes/main [3ms]
2025-01-23 05:31:34.702 [info] > git for-each-ref --sort -committerdate --format %(refname) %(objectname) %(*objectname) [4ms]
2025-01-23 05:31:34.760 [info] > git status -z -uall [82ms]
2025-01-23 05:31:55.848 [info] > git config --get commit.template [3ms]
2025-01-23 05:31:55.858 [info] > git for-each-ref --format=%(refname)%00%(upstream:short)%00%(objectname)%00%(upstream:track)%00%(upstream:remotename)%00%(upstream:remoteref) refs/heads/main refs/remotes/main [2ms]
2025-01-23 05:31:55.889 [info] > git for-each-ref --sort -committerdate --format %(refname) %(objectname) %(*objectname) [6ms]
2025-01-23 05:31:55.948 [info] > git status -z -uall [82ms]
2025-01-23 05:32:11.097 [info] > git config --get commit.template [3ms]
2025-01-23 05:32:11.109 [info] > git for-each-ref --format=%(refname)%00%(upstream:short)%00%(objectname)%00%(upstream:track)%00%(upstream:remotename)%00%(upstream:remoteref) refs/heads/main refs/remotes/main [3ms]
2025-01-23 05:32:11.144 [info] > git for-each-ref --sort -committerdate --format %(refname) %(objectname) %(*objectname) [6ms]
2025-01-23 05:32:11.206 [info] > git status -z -uall [87ms]
2025-01-23 05:36:10.313 [info] > git config --get commit.template [10ms]
2025-01-23 05:36:10.315 [info] > git for-each-ref --format=%(refname)%00%(upstream:short)%00%(objectname)%00%(upstream:track)%00%(upstream:remotename)%00%(upstream:remoteref) refs/heads/main refs/remotes/main [3ms]
2025-01-23 05:36:10.357 [info] > git for-each-ref --sort -committerdate --format %(refname) %(objectname) %(*objectname) [10ms]
2025-01-23 05:36:10.417 [info] > git status -z -uall [92ms]
2025-01-23 05:36:15.447 [info] > git config --get commit.template [9ms]
2025-01-23 05:36:15.449 [info] > git for-each-ref --format=%(refname)%00%(upstream:short)%00%(objectname)%00%(upstream:track)%00%(upstream:remotename)%00%(upstream:remoteref) refs/heads/main refs/remotes/main [3ms]
2025-01-23 05:36:15.487 [info] > git for-each-ref --sort -committerdate --format %(refname) %(objectname) %(*objectname) [7ms]
2025-01-23 05:36:15.548 [info] > git status -z -uall [91ms]
2025-01-23 05:36:18.211 [info] > git show --textconv :Backend/server.js [12ms]
2025-01-23 05:36:18.215 [info] > git ls-files --stage -- /home/biswabandita_rout/Backend/server.js [7ms]
2025-01-23 05:36:18.227 [info] > git cat-file -s 6550629b4a1ea8b8e0de693231a8349803c684dc [4ms]
2025-01-23 05:36:20.575 [info] > git config --get commit.template [9ms]
2025-01-23 05:36:20.576 [info] > git for-each-ref --format=%(refname)%00%(upstream:short)%00%(objectname)%00%(upstream:track)%00%(upstream:remotename)%00%(upstream:remoteref) refs/heads/main refs/remotes/main [2ms]
2025-01-23 05:36:20.603 [info] > git for-each-ref --sort -committerdate --format %(refname) %(objectname) %(*objectname) [9ms]
2025-01-23 05:36:20.665 [info] > git status -z -uall [81ms]
2025-01-23 05:36:35.720 [info] > git config --get commit.template [14ms]
2025-01-23 05:36:35.721 [info] > git for-each-ref --format=%(refname)%00%(upstream:short)%00%(objectname)%00%(upstream:track)%00%(upstream:remotename)%00%(upstream:remoteref) refs/heads/main refs/remotes/main [6ms]
2025-01-23 05:36:35.759 [info] > git for-each-ref --sort -committerdate --format %(refname) %(objectname) %(*objectname) [6ms]
2025-01-23 05:36:35.812 [info] > git status -z -uall [81ms]
2025-01-23 05:36:38.713 [info] > git show --textconv :Backend/src/routes/apiRoutes.js [11ms]
2025-01-23 05:36:38.715 [info] > git ls-files --stage -- /home/biswabandita_rout/Backend/src/routes/apiRoutes.js [5ms]
2025-01-23 05:36:38.724 [info] > git cat-file -s 51620a5705f971a113907264f953501ab423f26e [2ms]
2025-01-23 05:36:40.835 [info] > git config --get commit.template [4ms]
2025-01-23 05:36:40.847 [info] > git for-each-ref --format=%(refname)%00%(upstream:short)%00%(objectname)%00%(upstream:track)%00%(upstream:remotename)%00%(upstream:remoteref) refs/heads/main refs/remotes/main [3ms]
2025-01-23 05:36:40.877 [info] > git for-each-ref --sort -committerdate --format %(refname) %(objectname) %(*objectname) [6ms]
2025-01-23 05:36:40.935 [info] > git status -z -uall [81ms]
2025-01-23 05:38:19.394 [info] > git config --get commit.template [9ms]
2025-01-23 05:38:19.395 [info] > git for-each-ref --format=%(refname)%00%(upstream:short)%00%(objectname)%00%(upstream:track)%00%(upstream:remotename)%00%(upstream:remoteref) refs/heads/main refs/remotes/main [3ms]
2025-01-23 05:38:19.423 [info] > git for-each-ref --sort -committerdate --format %(refname) %(objectname) %(*objectname) [9ms]
2025-01-23 05:38:19.484 [info] > git status -z -uall [81ms]
2025-01-23 05:47:04.062 [info] > git for-each-ref --format=%(refname)%00%(upstream:short)%00%(objectname)%00%(upstream:track)%00%(upstream:remotename)%00%(upstream:remoteref) refs/heads/main refs/remotes/main [5ms]
2025-01-23 05:47:04.063 [info] > git config --get commit.template [15ms]
2025-01-23 05:47:04.097 [info] > git for-each-ref --sort -committerdate --format %(refname) %(objectname) %(*objectname) [5ms]
2025-01-23 05:47:04.163 [info] > git status -z -uall [91ms]
2025-01-23 05:47:06.618 [info] > git check-ignore -v -z --stdin [7ms]
2025-01-23 05:47:09.192 [info] > git config --get commit.template [1ms]
2025-01-23 05:47:09.203 [info] > git for-each-ref --format=%(refname)%00%(upstream:short)%00%(objectname)%00%(upstream:track)%00%(upstream:remotename)%00%(upstream:remoteref) refs/heads/main refs/remotes/main [2ms]
2025-01-23 05:47:09.243 [info] > git for-each-ref --sort -committerdate --format %(refname) %(objectname) %(*objectname) [8ms]
2025-01-23 05:47:09.301 [info] > git status -z -uall [89ms]
2025-01-23 05:48:25.692 [info] > git config --get commit.template [10ms]
2025-01-23 05:48:25.693 [info] > git for-each-ref --format=%(refname)%00%(upstream:short)%00%(objectname)%00%(upstream:track)%00%(upstream:remotename)%00%(upstream:remoteref) refs/heads/main refs/remotes/main [3ms]
2025-01-23 05:48:25.727 [info] > git for-each-ref --sort -committerdate --format %(refname) %(objectname) %(*objectname) [5ms]
2025-01-23 05:48:25.792 [info] > git status -z -uall [90ms]
2025-01-23 05:48:30.826 [info] > git config --get commit.template [10ms]
2025-01-23 05:48:30.827 [info] > git for-each-ref --format=%(refname)%00%(upstream:short)%00%(objectname)%00%(upstream:track)%00%(upstream:remotename)%00%(upstream:remoteref) refs/heads/main refs/remotes/main [2ms]
2025-01-23 05:48:30.861 [info] > git for-each-ref --sort -committerdate --format %(refname) %(objectname) %(*objectname) [6ms]
2025-01-23 05:48:30.927 [info] > git status -z -uall [90ms]
2025-01-23 05:48:35.949 [info] > git config --get commit.template [3ms]
2025-01-23 05:48:35.960 [info] > git for-each-ref --format=%(refname)%00%(upstream:short)%00%(objectname)%00%(upstream:track)%00%(upstream:remotename)%00%(upstream:remoteref) refs/heads/main refs/remotes/main [3ms]
2025-01-23 05:48:35.994 [info] > git for-each-ref --sort -committerdate --format %(refname) %(objectname) %(*objectname) [4ms]
2025-01-23 05:48:36.054 [info] > git status -z -uall [86ms]
2025-01-23 05:48:41.083 [info] > git config --get commit.template [10ms]
2025-01-23 05:48:41.083 [info] > git for-each-ref --format=%(refname)%00%(upstream:short)%00%(objectname)%00%(upstream:track)%00%(upstream:remotename)%00%(upstream:remoteref) refs/heads/main refs/remotes/main [3ms]
2025-01-23 05:48:41.113 [info] > git for-each-ref --sort -committerdate --format %(refname) %(objectname) %(*objectname) [4ms]
2025-01-23 05:48:41.171 [info] > git status -z -uall [79ms]
2025-01-23 05:48:55.112 [info] > git check-ignore -v -z --stdin [5ms]
2025-01-23 05:48:56.915 [info] > git ls-files --stage -- /home/biswabandita_rout/Dockerfile [7ms]
2025-01-23 05:48:56.939 [info] > git show --textconv :Dockerfile [44ms]
2025-01-23 05:48:56.939 [info] > git cat-file -s 6bb58bc56277e1d838ad923ac49974a7eadf3d34 [13ms]
2025-01-23 05:49:34.059 [info] > git check-ignore -v -z --stdin [5ms]
2025-01-23 05:49:34.224 [info] > git show --textconv :frontend/Dockerfile [14ms]
2025-01-23 05:49:34.229 [info] > git ls-files --stage -- /home/biswabandita_rout/frontend/Dockerfile [7ms]
2025-01-23 05:50:00.565 [info] > git check-ignore -v -z --stdin [8ms]
2025-01-23 05:56:25.222 [info] > git config --get commit.template [18ms]
2025-01-23 05:56:25.227 [info] > git for-each-ref --format=%(refname)%00%(upstream:short)%00%(objectname)%00%(upstream:track)%00%(upstream:remotename)%00%(upstream:remoteref) refs/heads/main refs/remotes/main [5ms]
2025-01-23 05:56:25.283 [info] > git for-each-ref --sort -committerdate --format %(refname) %(objectname) %(*objectname) [21ms]
2025-01-23 05:56:25.356 [info] > git status -z -uall [118ms]
2025-01-23 05:56:35.685 [info] > git config --get commit.template [4ms]
2025-01-23 05:56:35.699 [info] > git for-each-ref --format=%(refname)%00%(upstream:short)%00%(objectname)%00%(upstream:track)%00%(upstream:remotename)%00%(upstream:remoteref) refs/heads/main refs/remotes/main [3ms]
2025-01-23 05:56:35.730 [info] > git for-each-ref --sort -committerdate --format %(refname) %(objectname) %(*objectname) [3ms]
2025-01-23 05:56:35.785 [info] > git status -z -uall [78ms]
2025-01-23 05:56:40.806 [info] > git config --get commit.template [3ms]
2025-01-23 05:56:40.816 [info] > git for-each-ref --format=%(refname)%00%(upstream:short)%00%(objectname)%00%(upstream:track)%00%(upstream:remotename)%00%(upstream:remoteref) refs/heads/main refs/remotes/main [2ms]
2025-01-23 05:56:40.846 [info] > git for-each-ref --sort -committerdate --format %(refname) %(objectname) %(*objectname) [4ms]
2025-01-23 05:56:40.904 [info] > git status -z -uall [80ms]
2025-01-23 06:00:44.334 [info] > git config --get commit.template [13ms]
2025-01-23 06:00:44.335 [info] > git for-each-ref --format=%(refname)%00%(upstream:short)%00%(objectname)%00%(upstream:track)%00%(upstream:remotename)%00%(upstream:remoteref) refs/heads/main refs/remotes/main [3ms]
2025-01-23 06:00:44.367 [info] > git for-each-ref --sort -committerdate --format %(refname) %(objectname) %(*objectname) [5ms]
2025-01-23 06:00:44.423 [info] > git status -z -uall [80ms]
2025-01-23 06:00:46.270 [info] > git show --textconv :Backend/.env [17ms]
2025-01-23 06:00:46.273 [info] > git ls-files --stage -- /home/biswabandita_rout/Backend/.env [8ms]
2025-01-23 06:00:49.454 [info] > git config --get commit.template [10ms]
2025-01-23 06:00:49.455 [info] > git for-each-ref --format=%(refname)%00%(upstream:short)%00%(objectname)%00%(upstream:track)%00%(upstream:remotename)%00%(upstream:remoteref) refs/heads/main refs/remotes/main [2ms]
2025-01-23 06:00:49.485 [info] > git for-each-ref --sort -committerdate --format %(refname) %(objectname) %(*objectname) [4ms]
2025-01-23 06:00:49.541 [info] > git status -z -uall [78ms]
2025-01-23 06:20:02.022 [info] > git config --get commit.template [20ms]
2025-01-23 06:20:02.068 [info] > git for-each-ref --format=%(refname)%00%(upstream:short)%00%(objectname)%00%(upstream:track)%00%(upstream:remotename)%00%(upstream:remoteref) refs/heads/main refs/remotes/main [50ms]
2025-01-23 06:20:02.125 [info] > git for-each-ref --sort -committerdate --format %(refname) %(objectname) %(*objectname) [20ms]
2025-01-23 06:20:02.341 [info] > git status -z -uall [264ms]
2025-01-23 06:20:07.029 [info] > git show --textconv :frontend/src/environments/environment.ts [11ms]
2025-01-23 06:20:07.033 [info] > git ls-files --stage -- /home/biswabandita_rout/frontend/src/environments/environment.ts [6ms]
2025-01-23 06:20:07.046 [info] > git cat-file -s a0cae17ff3d9ea9b6367a39719738d1b5fd904d7 [2ms]
2025-01-23 06:20:07.395 [info] > git config --get commit.template [13ms]
2025-01-23 06:20:07.397 [info] > git for-each-ref --format=%(refname)%00%(upstream:short)%00%(objectname)%00%(upstream:track)%00%(upstream:remotename)%00%(upstream:remoteref) refs/heads/main refs/remotes/main [3ms]
2025-01-23 06:20:07.434 [info] > git for-each-ref --sort -committerdate --format %(refname) %(objectname) %(*objectname) [6ms]
2025-01-23 06:20:07.499 [info] > git status -z -uall [85ms]
2025-01-23 06:20:12.546 [info] > git config --get commit.template [23ms]
2025-01-23 06:20:12.557 [info] > git for-each-ref --format=%(refname)%00%(upstream:short)%00%(objectname)%00%(upstream:track)%00%(upstream:remotename)%00%(upstream:remoteref) refs/heads/main refs/remotes/main [12ms]
2025-01-23 06:20:12.643 [info] > git for-each-ref --sort -committerdate --format %(refname) %(objectname) %(*objectname) [36ms]
2025-01-23 06:20:12.737 [info] > git status -z -uall [159ms]
2025-01-23 06:20:38.001 [info] > git show --textconv :Backend/src/routes/apiRoutes.js [12ms]
2025-01-23 06:20:38.005 [info] > git ls-files --stage -- /home/biswabandita_rout/Backend/src/routes/apiRoutes.js [6ms]
2025-01-23 06:20:38.014 [info] > git cat-file -s 51620a5705f971a113907264f953501ab423f26e [2ms]
2025-01-23 06:20:42.635 [info] > git show --textconv :Backend/app.js [10ms]
2025-01-23 06:20:42.638 [info] > git ls-files --stage -- /home/biswabandita_rout/Backend/app.js [5ms]
2025-01-23 06:20:42.648 [info] > git cat-file -s 4cd5b87a62fb36cdae86aa8dd17a77b64347e098 [0ms]
2025-01-23 06:21:54.557 [info] > git config --get commit.template [9ms]
2025-01-23 06:21:54.558 [info] > git for-each-ref --format=%(refname)%00%(upstream:short)%00%(objectname)%00%(upstream:track)%00%(upstream:remotename)%00%(upstream:remoteref) refs/heads/main refs/remotes/main [3ms]
2025-01-23 06:21:54.590 [info] > git for-each-ref --sort -committerdate --format %(refname) %(objectname) %(*objectname) [5ms]
2025-01-23 06:21:54.650 [info] > git status -z -uall [84ms]
2025-01-23 06:22:12.598 [info] > git config --get commit.template [10ms]
2025-01-23 06:22:12.600 [info] > git for-each-ref --format=%(refname)%00%(upstream:short)%00%(objectname)%00%(upstream:track)%00%(upstream:remotename)%00%(upstream:remoteref) refs/heads/main refs/remotes/main [3ms]
2025-01-23 06:22:12.634 [info] > git for-each-ref --sort -committerdate --format %(refname) %(objectname) %(*objectname) [4ms]
2025-01-23 06:22:12.685 [info] > git status -z -uall [78ms]
2025-01-23 06:22:17.708 [info] > git config --get commit.template [3ms]
2025-01-23 06:22:17.718 [info] > git for-each-ref --format=%(refname)%00%(upstream:short)%00%(objectname)%00%(upstream:track)%00%(upstream:remotename)%00%(upstream:remoteref) refs/heads/main refs/remotes/main [2ms]
2025-01-23 06:22:17.749 [info] > git for-each-ref --sort -committerdate --format %(refname) %(objectname) %(*objectname) [5ms]
2025-01-23 06:22:17.803 [info] > git status -z -uall [78ms]
2025-01-23 06:22:22.831 [info] > git config --get commit.template [10ms]
2025-01-23 06:22:22.832 [info] > git for-each-ref --format=%(refname)%00%(upstream:short)%00%(objectname)%00%(upstream:track)%00%(upstream:remotename)%00%(upstream:remoteref) refs/heads/main refs/remotes/main [3ms]
2025-01-23 06:22:22.870 [info] > git for-each-ref --sort -committerdate --format %(refname) %(objectname) %(*objectname) [5ms]
2025-01-23 06:22:22.923 [info] > git status -z -uall [82ms]
2025-01-23 06:22:27.946 [info] > git config --get commit.template [4ms]
2025-01-23 06:22:27.957 [info] > git for-each-ref --format=%(refname)%00%(upstream:short)%00%(objectname)%00%(upstream:track)%00%(upstream:remotename)%00%(upstream:remoteref) refs/heads/main refs/remotes/main [2ms]
2025-01-23 06:22:27.994 [info] > git for-each-ref --sort -committerdate --format %(refname) %(objectname) %(*objectname) [5ms]
2025-01-23 06:22:28.054 [info] > git status -z -uall [87ms]
2025-01-23 06:22:33.084 [info] > git config --get commit.template [11ms]
2025-01-23 06:22:33.085 [info] > git for-each-ref --format=%(refname)%00%(upstream:short)%00%(objectname)%00%(upstream:track)%00%(upstream:remotename)%00%(upstream:remoteref) refs/heads/main refs/remotes/main [3ms]
2025-01-23 06:22:33.119 [info] > git for-each-ref --sort -committerdate --format %(refname) %(objectname) %(*objectname) [5ms]
2025-01-23 06:22:33.185 [info] > git status -z -uall [91ms]
2025-01-23 06:23:05.681 [info] > git config --get commit.template [12ms]
2025-01-23 06:23:05.682 [info] > git for-each-ref --format=%(refname)%00%(upstream:short)%00%(objectname)%00%(upstream:track)%00%(upstream:remotename)%00%(upstream:remoteref) refs/heads/main refs/remotes/main [4ms]
2025-01-23 06:23:05.716 [info] > git for-each-ref --sort -committerdate --format %(refname) %(objectname) %(*objectname) [15ms]
2025-01-23 06:23:05.778 [info] > git status -z -uall [89ms]
2025-01-23 06:23:25.052 [info] > git show --textconv :Backend/src/routes/apiRoutes.js [11ms]
2025-01-23 06:23:25.057 [info] > git ls-files --stage -- /home/biswabandita_rout/Backend/src/routes/apiRoutes.js [5ms]
2025-01-23 06:23:25.067 [info] > git cat-file -s 51620a5705f971a113907264f953501ab423f26e [2ms]
2025-01-23 06:25:46.022 [info] > git config --get commit.template [3ms]
2025-01-23 06:25:46.032 [info] > git for-each-ref --format=%(refname)%00%(upstream:short)%00%(objectname)%00%(upstream:track)%00%(upstream:remotename)%00%(upstream:remoteref) refs/heads/main refs/remotes/main [3ms]
2025-01-23 06:25:46.063 [info] > git for-each-ref --sort -committerdate --format %(refname) %(objectname) %(*objectname) [6ms]
2025-01-23 06:25:46.125 [info] > git status -z -uall [86ms]
2025-01-23 06:25:50.906 [info] > git show --textconv :Backend/.env [9ms]
2025-01-23 06:25:50.910 [info] > git ls-files --stage -- /home/biswabandita_rout/Backend/.env [6ms]
2025-01-23 06:25:51.158 [info] > git config --get commit.template [10ms]
2025-01-23 06:25:51.160 [info] > git for-each-ref --format=%(refname)%00%(upstream:short)%00%(objectname)%00%(upstream:track)%00%(upstream:remotename)%00%(upstream:remoteref) refs/heads/main refs/remotes/main [3ms]
2025-01-23 06:25:51.193 [info] > git for-each-ref --sort -committerdate --format %(refname) %(objectname) %(*objectname) [8ms]
2025-01-23 06:25:51.254 [info] > git status -z -uall [87ms]
2025-01-23 06:25:52.768 [info] > git show --textconv :frontend/src/environments/environment.ts [11ms]
2025-01-23 06:25:52.772 [info] > git ls-files --stage -- /home/biswabandita_rout/frontend/src/environments/environment.ts [6ms]
2025-01-23 06:25:52.782 [info] > git cat-file -s a0cae17ff3d9ea9b6367a39719738d1b5fd904d7 [2ms]
2025-01-23 06:26:37.554 [info] > git config --get commit.template [2ms]
2025-01-23 06:26:37.569 [info] > git for-each-ref --format=%(refname)%00%(upstream:short)%00%(objectname)%00%(upstream:track)%00%(upstream:remotename)%00%(upstream:remoteref) refs/heads/main refs/remotes/main [5ms]
2025-01-23 06:26:37.614 [info] > git for-each-ref --sort -committerdate --format %(refname) %(objectname) %(*objectname) [6ms]
2025-01-23 06:26:37.689 [info] > git status -z -uall [109ms]
2025-01-23 06:26:42.724 [info] > git config --get commit.template [9ms]
2025-01-23 06:26:42.726 [info] > git for-each-ref --format=%(refname)%00%(upstream:short)%00%(objectname)%00%(upstream:track)%00%(upstream:remotename)%00%(upstream:remoteref) refs/heads/main refs/remotes/main [3ms]
2025-01-23 06:26:42.757 [info] > git for-each-ref --sort -committerdate --format %(refname) %(objectname) %(*objectname) [6ms]
2025-01-23 06:26:42.819 [info] > git status -z -uall [86ms]
2025-01-23 06:27:02.959 [info] > git show --textconv :Backend/app.js [12ms]
2025-01-23 06:27:02.964 [info] > git ls-files --stage -- /home/biswabandita_rout/Backend/app.js [6ms]
2025-01-23 06:27:02.975 [info] > git cat-file -s 4cd5b87a62fb36cdae86aa8dd17a77b64347e098 [3ms]
2025-01-23 06:27:09.632 [info] > git show --textconv :Backend/.env [11ms]
2025-01-23 06:27:09.636 [info] > git ls-files --stage -- /home/biswabandita_rout/Backend/.env [5ms]
2025-01-23 06:27:12.054 [info] > git show --textconv :Backend/src/routes/apiRoutes.js [17ms]
2025-01-23 06:27:12.055 [info] > git ls-files --stage -- /home/biswabandita_rout/Backend/src/routes/apiRoutes.js [7ms]
2025-01-23 06:27:12.066 [info] > git cat-file -s 51620a5705f971a113907264f953501ab423f26e [3ms]
2025-01-23 06:27:13.123 [info] > git show --textconv :Backend/app.js [16ms]
2025-01-23 06:27:13.124 [info] > git ls-files --stage -- /home/biswabandita_rout/Backend/app.js [7ms]
2025-01-23 06:27:13.135 [info] > git cat-file -s 4cd5b87a62fb36cdae86aa8dd17a77b64347e098 [3ms]
2025-01-23 06:27:24.806 [info] > git show --textconv :frontend/src/environments/environment.ts [10ms]
2025-01-23 06:27:24.809 [info] > git ls-files --stage -- /home/biswabandita_rout/frontend/src/environments/environment.ts [5ms]
2025-01-23 06:27:24.819 [info] > git cat-file -s a0cae17ff3d9ea9b6367a39719738d1b5fd904d7 [2ms]
2025-01-23 06:27:33.051 [info] > git check-ignore -v -z --stdin [4ms]
2025-01-23 06:27:37.417 [info] > git check-ignore -v -z --stdin [6ms]
2025-01-23 06:27:40.304 [info] > git check-ignore -v -z --stdin [5ms]
2025-01-23 06:27:42.101 [info] > git ls-files --stage -- /home/biswabandita_rout/frontend/src/app/Component/chatbot/chatbot.component.ts [8ms]
2025-01-23 06:27:42.114 [info] > git show --textconv :frontend/src/app/Component/chatbot/chatbot.component.ts [33ms]
2025-01-23 06:27:42.120 [info] > git cat-file -s 41bdf1523383b7caacc0a46448fa0b1548de1783 [7ms]
2025-01-23 06:27:51.924 [info] > git check-ignore -v -z --stdin [5ms]
2025-01-23 06:27:53.419 [info] > git show --textconv :frontend/src/app/services/chat-service.service.ts [29ms]
2025-01-23 06:27:53.434 [info] > git ls-files --stage -- /home/biswabandita_rout/frontend/src/app/services/chat-service.service.ts [17ms]
2025-01-23 06:27:53.458 [info] > git cat-file -s 4bc2d728ba14178f09cc05eceb11598b336e8e2c [5ms]
2025-01-23 06:28:07.892 [info] > git show --textconv :frontend/src/environments/environment.ts [17ms]
2025-01-23 06:28:07.894 [info] > git ls-files --stage -- /home/biswabandita_rout/frontend/src/environments/environment.ts [5ms]
2025-01-23 06:28:07.904 [info] > git cat-file -s a0cae17ff3d9ea9b6367a39719738d1b5fd904d7 [2ms]
2025-01-23 06:28:14.017 [info] > git show --textconv :frontend/src/app/services/chat-service.service.ts [17ms]
2025-01-23 06:28:14.023 [info] > git ls-files --stage -- /home/biswabandita_rout/frontend/src/app/services/chat-service.service.ts [13ms]
2025-01-23 06:28:14.037 [info] > git cat-file -s 4bc2d728ba14178f09cc05eceb11598b336e8e2c [4ms]
2025-01-23 06:29:01.375 [info] > git show --textconv :frontend/src/environments/environment.ts [14ms]
2025-01-23 06:29:01.378 [info] > git ls-files --stage -- /home/biswabandita_rout/frontend/src/environments/environment.ts [6ms]
2025-01-23 06:29:01.389 [info] > git cat-file -s a0cae17ff3d9ea9b6367a39719738d1b5fd904d7 [3ms]
2025-01-23 06:29:03.067 [info] > git show --textconv :frontend/src/app/Component/chatbot/chatbot.component.ts [15ms]
2025-01-23 06:29:03.068 [info] > git ls-files --stage -- /home/biswabandita_rout/frontend/src/app/Component/chatbot/chatbot.component.ts [6ms]
2025-01-23 06:29:03.079 [info] > git cat-file -s 41bdf1523383b7caacc0a46448fa0b1548de1783 [3ms]
2025-01-23 06:29:03.346 [info] > git check-ignore -v -z --stdin [6ms]
2025-01-23 06:29:04.157 [info] > git show --textconv :frontend/src/app/services/chat-service.service.ts [14ms]
2025-01-23 06:29:04.158 [info] > git ls-files --stage -- /home/biswabandita_rout/frontend/src/app/services/chat-service.service.ts [6ms]
2025-01-23 06:29:04.168 [info] > git cat-file -s 4bc2d728ba14178f09cc05eceb11598b336e8e2c [2ms]
2025-01-23 06:30:13.142 [info] > git config --get commit.template [5ms]
2025-01-23 06:30:13.156 [info] > git for-each-ref --format=%(refname)%00%(upstream:short)%00%(objectname)%00%(upstream:track)%00%(upstream:remotename)%00%(upstream:remoteref) refs/heads/main refs/remotes/main [4ms]
2025-01-23 06:30:13.198 [info] > git for-each-ref --sort -committerdate --format %(refname) %(objectname) %(*objectname) [4ms]
2025-01-23 06:30:13.260 [info] > git status -z -uall [96ms]
2025-01-23 06:30:18.293 [info] > git config --get commit.template [10ms]
2025-01-23 06:30:18.295 [info] > git for-each-ref --format=%(refname)%00%(upstream:short)%00%(objectname)%00%(upstream:track)%00%(upstream:remotename)%00%(upstream:remoteref) refs/heads/main refs/remotes/main [3ms]
2025-01-23 06:30:18.334 [info] > git for-each-ref --sort -committerdate --format %(refname) %(objectname) %(*objectname) [11ms]
2025-01-23 06:30:18.390 [info] > git status -z -uall [86ms]
2025-01-23 06:30:23.421 [info] > git config --get commit.template [13ms]
2025-01-23 06:30:23.424 [info] > git for-each-ref --format=%(refname)%00%(upstream:short)%00%(objectname)%00%(upstream:track)%00%(upstream:remotename)%00%(upstream:remoteref) refs/heads/main refs/remotes/main [4ms]
2025-01-23 06:30:23.458 [info] > git for-each-ref --sort -committerdate --format %(refname) %(objectname) %(*objectname) [6ms]
2025-01-23 06:30:23.524 [info] > git status -z -uall [91ms]
2025-01-23 06:43:02.877 [info] > git config --get commit.template [3ms]
2025-01-23 06:43:02.957 [info] > git for-each-ref --format=%(refname)%00%(upstream:short)%00%(objectname)%00%(upstream:track)%00%(upstream:remotename)%00%(upstream:remoteref) refs/heads/main refs/remotes/main [2ms]
2025-01-23 06:43:02.995 [info] > git for-each-ref --sort -committerdate --format %(refname) %(objectname) %(*objectname) [12ms]
2025-01-23 06:43:03.137 [info] > git status -z -uall [173ms]
2025-01-23 06:43:06.373 [info] > git show --textconv :Backend/app.js [14ms]
2025-01-23 06:43:06.374 [info] > git ls-files --stage -- /home/biswabandita_rout/Backend/app.js [5ms]
2025-01-23 06:43:06.384 [info] > git cat-file -s 4cd5b87a62fb36cdae86aa8dd17a77b64347e098 [3ms]
2025-01-23 06:43:08.174 [info] > git config --get commit.template [11ms]
2025-01-23 06:43:08.176 [info] > git for-each-ref --format=%(refname)%00%(upstream:short)%00%(objectname)%00%(upstream:track)%00%(upstream:remotename)%00%(upstream:remoteref) refs/heads/main refs/remotes/main [4ms]
2025-01-23 06:43:08.209 [info] > git for-each-ref --sort -committerdate --format %(refname) %(objectname) %(*objectname) [5ms]
2025-01-23 06:43:08.272 [info] > git status -z -uall [88ms]
2025-01-23 06:43:44.729 [info] > git config --get commit.template [11ms]
2025-01-23 06:43:44.731 [info] > git for-each-ref --format=%(refname)%00%(upstream:short)%00%(objectname)%00%(upstream:track)%00%(upstream:remotename)%00%(upstream:remoteref) refs/heads/main refs/remotes/main [3ms]
2025-01-23 06:43:44.767 [info] > git for-each-ref --sort -committerdate --format %(refname) %(objectname) %(*objectname) [5ms]
2025-01-23 06:43:44.824 [info] > git status -z -uall [83ms]
2025-01-23 06:44:09.736 [info] > git config --get commit.template [11ms]
2025-01-23 06:44:09.737 [info] > git for-each-ref --format=%(refname)%00%(upstream:short)%00%(objectname)%00%(upstream:track)%00%(upstream:remotename)%00%(upstream:remoteref) refs/heads/main refs/remotes/main [4ms]
2025-01-23 06:44:09.769 [info] > git for-each-ref --sort -committerdate --format %(refname) %(objectname) %(*objectname) [13ms]
2025-01-23 06:44:09.829 [info] > git status -z -uall [84ms]
2025-01-23 06:44:17.722 [info] > git config --get commit.template [2ms]
2025-01-23 06:44:17.733 [info] > git for-each-ref --format=%(refname)%00%(upstream:short)%00%(objectname)%00%(upstream:track)%00%(upstream:remotename)%00%(upstream:remoteref) refs/heads/main refs/remotes/main [3ms]
2025-01-23 06:44:17.766 [info] > git for-each-ref --sort -committerdate --format %(refname) %(objectname) %(*objectname) [4ms]
2025-01-23 06:44:17.826 [info] > git status -z -uall [84ms]
2025-01-23 06:48:11.351 [info] > git config --get commit.template [5ms]
2025-01-23 06:48:11.363 [info] > git for-each-ref --format=%(refname)%00%(upstream:short)%00%(objectname)%00%(upstream:track)%00%(upstream:remotename)%00%(upstream:remoteref) refs/heads/main refs/remotes/main [3ms]
2025-01-23 06:48:11.397 [info] > git for-each-ref --sort -committerdate --format %(refname) %(objectname) %(*objectname) [3ms]
2025-01-23 06:48:11.476 [info] > git status -z -uall [104ms]
2025-01-23 06:48:16.537 [info] > git config --get commit.template [9ms]
2025-01-23 06:48:16.538 [info] > git for-each-ref --format=%(refname)%00%(upstream:short)%00%(objectname)%00%(upstream:track)%00%(upstream:remotename)%00%(upstream:remoteref) refs/heads/main refs/remotes/main [3ms]
2025-01-23 06:48:16.571 [info] > git for-each-ref --sort -committerdate --format %(refname) %(objectname) %(*objectname) [7ms]
2025-01-23 06:48:16.630 [info] > git status -z -uall [85ms]
