2025-01-02 12:27:42.014 [info] Extension host with pid 8157 started
2025-01-02 12:27:42.036 [info] Lock '/home/biswabandita_rout/.codeoss/data/User/workspaceStorage/7c8085da/vscode.lock': Lock acquired.
2025-01-02 12:27:45.281 [info] ExtensionService#_doActivateExtension vscode.emmet, startup: false, activationEvent: 'onLanguage'
2025-01-02 12:27:45.283 [info] ExtensionService#_doActivateExtension vscode.typescript-language-features, startup: false, activationEvent: 'onLanguage:javascript'
2025-01-02 12:27:46.285 [info] ExtensionService#_doActivateExtension vscode.git-base, startup: true, activationEvent: '*', root cause: vscode.git
2025-01-02 12:27:47.485 [info] ExtensionService#_doActivateExtension vscode.git, startup: true, activationEvent: '*'
2025-01-02 12:27:47.486 [info] ExtensionService#_doActivateExtension vscode.github, startup: true, activationEvent: '*'
2025-01-02 12:27:53.288 [info] Not activating extension 'redhat.fabric8-analytics': Timed out while searching for 'workspaceContains' pattern **/package.json,**/pom.xml,**/go.mod,**/requirements.txt,**/build.gradle,**/Dockerfile,**/Containerfile
2025-01-02 12:27:53.288 [info] Not activating extension 'redhat.java': Timed out while searching for 'workspaceContains' pattern */pom.xml,*/build.gradle,*/settings.gradle,*/build.gradle.kts,*/settings.gradle.kts,*/.classpath
2025-01-02 12:27:53.288 [info] Not activating extension 'vscjava.vscode-java-dependency': Timed out while searching for 'workspaceContains' pattern */pom.xml,*/build.gradle,*/settings.gradle,*/build.gradle.kts,*/settings.gradle.kts,*/.classpath
2025-01-02 12:27:53.290 [info] Not activating extension 'vscjava.vscode-java-test': Timed out while searching for 'workspaceContains' pattern */pom.xml,*/build.gradle,*/settings.gradle,*/build.gradle.kts,*/settings.gradle.kts,*/.classpath
2025-01-02 12:27:53.290 [info] Not activating extension 'vscjava.vscode-maven': Timed out while searching for 'workspaceContains' pattern **/pom.xml
2025-01-02 12:27:56.291 [info] ExtensionService#_doActivateExtension EditorConfig.EditorConfig, startup: false, activationEvent: 'onStartupFinished'
2025-01-02 12:27:56.292 [info] ExtensionService#_doActivateExtension google.cloud-shell, startup: false, activationEvent: 'onStartupFinished'
2025-01-02 12:27:56.292 [info] ExtensionService#_doActivateExtension googlecloudtools.cloudcode, startup: false, activationEvent: 'onStartupFinished'
2025-01-02 12:27:56.292 [info] ExtensionService#_doActivateExtension vscode.debug-auto-launch, startup: false, activationEvent: 'onStartupFinished'
2025-01-02 12:27:56.293 [info] ExtensionService#_doActivateExtension vscode.merge-conflict, startup: false, activationEvent: 'onStartupFinished'
2025-01-02 12:27:58.578 [info] Eager extensions activated
2025-01-02 12:28:00.514 [info] ExtensionService#_doActivateExtension vscode.configuration-editing, startup: false, activationEvent: 'onLanguage:jsonc'
2025-01-02 12:28:00.515 [info] ExtensionService#_doActivateExtension vscode.json-language-features, startup: false, activationEvent: 'onLanguage:jsonc'
2025-01-02 13:29:44.131 [error] Error: read ECONNRESET
    at TCP.onStreamRead (node:internal/stream_base_commons:218:20)
