2025-01-21 07:06:34.678 [info] [main] Log level: Info
2025-01-21 07:06:34.678 [info] [main] Validating found git in: "git"
2025-01-21 07:06:34.678 [info] [main] Using git "2.43.0" from "git"
2025-01-21 07:06:34.678 [info] [Model][doInitialScan] Initial repository scan started
2025-01-21 07:06:34.678 [info] > git rev-parse --show-toplevel [5ms]
2025-01-21 07:06:34.678 [info] fatal: not a git repository (or any parent up to mount point /)
Stopping at filesystem boundary (GIT_DISCOVERY_ACROSS_FILESYSTEM not set).
2025-01-21 07:06:34.678 [info] > git rev-parse --show-toplevel [3ms]
2025-01-21 07:06:34.678 [info] fatal: not a git repository (or any parent up to mount point /)
Stopping at filesystem boundary (GIT_DISCOVERY_ACROSS_FILESYSTEM not set).
2025-01-21 07:06:34.678 [info] > git rev-parse --show-toplevel [2ms]
2025-01-21 07:06:34.678 [info] fatal: not a git repository (or any parent up to mount point /)
Stopping at filesystem boundary (GIT_DISCOVERY_ACROSS_FILESYSTEM not set).
2025-01-21 07:06:34.678 [info] > git rev-parse --show-toplevel [2ms]
2025-01-21 07:06:34.678 [info] fatal: not a git repository (or any parent up to mount point /)
Stopping at filesystem boundary (GIT_DISCOVERY_ACROSS_FILESYSTEM not set).
2025-01-21 07:06:34.678 [info] > git rev-parse --show-toplevel [2ms]
2025-01-21 07:06:34.678 [info] fatal: not a git repository (or any parent up to mount point /)
Stopping at filesystem boundary (GIT_DISCOVERY_ACROSS_FILESYSTEM not set).
2025-01-21 07:06:34.678 [info] > git rev-parse --show-toplevel [1ms]
2025-01-21 07:06:34.678 [info] fatal: not a git repository (or any parent up to mount point /)
Stopping at filesystem boundary (GIT_DISCOVERY_ACROSS_FILESYSTEM not set).
2025-01-21 07:06:34.678 [info] > git rev-parse --show-toplevel [2ms]
2025-01-21 07:06:34.678 [info] fatal: not a git repository (or any parent up to mount point /)
Stopping at filesystem boundary (GIT_DISCOVERY_ACROSS_FILESYSTEM not set).
2025-01-21 07:06:34.678 [info] > git rev-parse --show-toplevel [2ms]
2025-01-21 07:06:34.678 [info] fatal: not a git repository (or any parent up to mount point /)
Stopping at filesystem boundary (GIT_DISCOVERY_ACROSS_FILESYSTEM not set).
2025-01-21 07:06:34.678 [info] > git rev-parse --show-toplevel [2ms]
2025-01-21 07:06:34.678 [info] fatal: not a git repository (or any parent up to mount point /)
Stopping at filesystem boundary (GIT_DISCOVERY_ACROSS_FILESYSTEM not set).
2025-01-21 07:06:34.678 [info] > git rev-parse --show-toplevel [2ms]
2025-01-21 07:06:34.678 [info] fatal: not a git repository (or any parent up to mount point /)
Stopping at filesystem boundary (GIT_DISCOVERY_ACROSS_FILESYSTEM not set).
2025-01-21 07:06:34.678 [info] > git rev-parse --show-toplevel [1ms]
2025-01-21 07:06:34.678 [info] fatal: not a git repository (or any parent up to mount point /)
Stopping at filesystem boundary (GIT_DISCOVERY_ACROSS_FILESYSTEM not set).
2025-01-21 07:06:34.678 [info] [Model][doInitialScan] Initial repository scan completed - repositories (0), closed repositories (0), parent repositories (0), unsafe repositories (0)
2025-01-21 07:08:13.291 [info] > git rev-parse --show-toplevel [2ms]
2025-01-21 07:08:13.291 [info] fatal: not a git repository (or any parent up to mount point /)
Stopping at filesystem boundary (GIT_DISCOVERY_ACROSS_FILESYSTEM not set).
2025-01-21 07:08:26.195 [info] > git rev-parse --show-toplevel [1ms]
2025-01-21 07:08:26.195 [info] fatal: not a git repository (or any parent up to mount point /)
Stopping at filesystem boundary (GIT_DISCOVERY_ACROSS_FILESYSTEM not set).
2025-01-21 07:08:33.500 [info] > git rev-parse --show-toplevel [3ms]
2025-01-21 07:08:33.500 [info] fatal: not a git repository (or any parent up to mount point /)
Stopping at filesystem boundary (GIT_DISCOVERY_ACROSS_FILESYSTEM not set).
2025-01-21 07:09:12.617 [info] > git rev-parse --show-toplevel [18ms]
2025-01-21 07:09:12.617 [info] fatal: not a git repository (or any parent up to mount point /)
Stopping at filesystem boundary (GIT_DISCOVERY_ACROSS_FILESYSTEM not set).
