2025-01-21 09:47:41.282 [info] Extension host with pid 1183 started
2025-01-21 09:47:41.282 [error] Error: EEXIST: file already exists, open '/home/biswabandita_rout/.codeoss/data/User/workspaceStorage/-2aa307c7/vscode.lock'
2025-01-21 09:47:41.348 [info] Lock '/home/biswabandita_rout/.codeoss/data/User/workspaceStorage/-2aa307c7/vscode.lock': Could not acquire lock, checking if the file is stale.
2025-01-21 09:47:41.352 [info] Lock '/home/biswabandita_rout/.codeoss/data/User/workspaceStorage/-2aa307c7/vscode.lock': The pid 1653 appears to be gone.
2025-01-21 09:47:41.352 [info] Lock '/home/biswabandita_rout/.codeoss/data/User/workspaceStorage/-2aa307c7/vscode.lock': Deleting a stale lock.
2025-01-21 09:47:41.360 [info] Lock '/home/biswabandita_rout/.codeoss/data/User/workspaceStorage/-2aa307c7/vscode.lock': Lock acquired.
2025-01-21 09:47:42.532 [info] ExtensionService#_doActivateExtension vscode.emmet, startup: false, activationEvent: 'onLanguage'
2025-01-21 09:47:42.534 [info] ExtensionService#_doActivateExtension vscode.typescript-language-features, startup: false, activationEvent: 'onLanguage:javascript'
2025-01-21 09:47:43.065 [info] ExtensionService#_doActivateExtension vscode.git-base, startup: true, activationEvent: '*', root cause: vscode.git
2025-01-21 09:47:47.232 [info] ExtensionService#_doActivateExtension vscode.git, startup: true, activationEvent: '*'
2025-01-21 09:47:47.233 [info] ExtensionService#_doActivateExtension vscode.github, startup: true, activationEvent: '*'
2025-01-21 09:47:50.070 [info] Not activating extension 'redhat.fabric8-analytics': Timed out while searching for 'workspaceContains' pattern **/package.json,**/pom.xml,**/go.mod,**/requirements.txt,**/build.gradle,**/Dockerfile,**/Containerfile
2025-01-21 09:47:50.070 [info] Not activating extension 'redhat.java': Timed out while searching for 'workspaceContains' pattern */pom.xml,*/build.gradle,*/settings.gradle,*/build.gradle.kts,*/settings.gradle.kts,*/.classpath
2025-01-21 09:47:50.072 [info] Not activating extension 'vscjava.vscode-java-dependency': Timed out while searching for 'workspaceContains' pattern */pom.xml,*/build.gradle,*/settings.gradle,*/build.gradle.kts,*/settings.gradle.kts,*/.classpath
2025-01-21 09:47:50.072 [info] Not activating extension 'vscjava.vscode-java-test': Timed out while searching for 'workspaceContains' pattern */pom.xml,*/build.gradle,*/settings.gradle,*/build.gradle.kts,*/settings.gradle.kts,*/.classpath
2025-01-21 09:47:50.072 [info] Not activating extension 'vscjava.vscode-maven': Timed out while searching for 'workspaceContains' pattern **/pom.xml
2025-01-21 09:47:50.868 [info] Eager extensions activated
2025-01-21 09:47:50.868 [info] ExtensionService#_doActivateExtension EditorConfig.EditorConfig, startup: false, activationEvent: 'onStartupFinished'
2025-01-21 09:47:50.869 [info] ExtensionService#_doActivateExtension google.cloud-shell, startup: false, activationEvent: 'onStartupFinished'
2025-01-21 09:47:50.869 [info] ExtensionService#_doActivateExtension google.geminicodeassist, startup: false, activationEvent: 'onStartupFinished', root cause: googlecloudtools.cloudcode
2025-01-21 09:47:50.870 [info] ExtensionService#_doActivateExtension vscode.debug-auto-launch, startup: false, activationEvent: 'onStartupFinished'
2025-01-21 09:47:50.870 [info] ExtensionService#_doActivateExtension vscode.merge-conflict, startup: false, activationEvent: 'onStartupFinished'
2025-01-21 09:47:53.467 [info] ExtensionService#_doActivateExtension googlecloudtools.cloudcode, startup: false, activationEvent: 'onStartupFinished'
2025-01-21 09:47:57.624 [info] ExtensionService#_doActivateExtension vscode.configuration-editing, startup: false, activationEvent: 'onLanguage:jsonc'
2025-01-21 09:47:57.625 [info] ExtensionService#_doActivateExtension vscode.json-language-features, startup: false, activationEvent: 'onLanguage:jsonc'
2025-01-21 11:54:19.927 [info] ExtensionService#_doActivateExtension vscode.html-language-features, startup: false, activationEvent: 'onLanguage:html'
