2025-01-23 04:59:51.926 [info] Extension host with pid 2686 started
2025-01-23 04:59:51.927 [error] Error: EEXIST: file already exists, open '/home/biswabandita_rout/.codeoss/data/User/workspaceStorage/-2aa307c7/vscode.lock'
2025-01-23 04:59:51.934 [info] Lock '/home/biswabandita_rout/.codeoss/data/User/workspaceStorage/-2aa307c7/vscode.lock': Could not acquire lock, checking if the file is stale.
2025-01-23 04:59:51.941 [info] Lock '/home/biswabandita_rout/.codeoss/data/User/workspaceStorage/-2aa307c7/vscode.lock': The lock does not look stale, elapsed: 189 ms, giving up.
2025-01-23 04:59:51.948 [error] Error: EEXIST: file already exists, open '/home/biswabandita_rout/.codeoss/data/User/workspaceStorage/-2aa307c7-1/vscode.lock'
2025-01-23 04:59:51.949 [info] Lock '/home/biswabandita_rout/.codeoss/data/User/workspaceStorage/-2aa307c7-1/vscode.lock': Could not acquire lock, checking if the file is stale.
2025-01-23 04:59:51.950 [info] Lock '/home/biswabandita_rout/.codeoss/data/User/workspaceStorage/-2aa307c7-1/vscode.lock': The lock does not look stale, elapsed: 777 ms, giving up.
2025-01-23 04:59:51.958 [info] Lock '/home/biswabandita_rout/.codeoss/data/User/workspaceStorage/-2aa307c7-2/vscode.lock': Lock acquired.
2025-01-23 04:59:52.324 [info] ExtensionService#_doActivateExtension vscode.emmet, startup: false, activationEvent: 'onLanguage'
2025-01-23 04:59:52.326 [info] ExtensionService#_doActivateExtension vscode.typescript-language-features, startup: false, activationEvent: 'onLanguage:javascript'
2025-01-23 04:59:53.079 [info] ExtensionService#_doActivateExtension vscode.git-base, startup: true, activationEvent: '*', root cause: vscode.git
2025-01-23 04:59:54.408 [info] ExtensionService#_doActivateExtension vscode.git, startup: true, activationEvent: '*'
2025-01-23 04:59:54.421 [info] ExtensionService#_doActivateExtension vscode.github, startup: true, activationEvent: '*'
2025-01-23 04:59:57.443 [info] ExtensionService#_doActivateExtension vscode.github-authentication, startup: false, activationEvent: 'onAuthenticationRequest:github'
2025-01-23 04:59:57.561 [info] ExtensionService#_doActivateExtension redhat.fabric8-analytics, startup: true, activationEvent: 'workspaceContains:**/package.json,**/pom.xml,**/go.mod,**/requirements.txt,**/build.gradle,**/Dockerfile,**/Containerfile'
2025-01-23 04:59:58.635 [info] Eager extensions activated
2025-01-23 04:59:58.637 [info] ExtensionService#_doActivateExtension EditorConfig.EditorConfig, startup: false, activationEvent: 'onStartupFinished'
2025-01-23 04:59:58.638 [info] ExtensionService#_doActivateExtension google.cloud-shell, startup: false, activationEvent: 'onStartupFinished'
2025-01-23 04:59:58.640 [info] ExtensionService#_doActivateExtension google.geminicodeassist, startup: false, activationEvent: 'onStartupFinished', root cause: googlecloudtools.cloudcode
2025-01-23 04:59:58.641 [info] ExtensionService#_doActivateExtension vscode.debug-auto-launch, startup: false, activationEvent: 'onStartupFinished'
2025-01-23 04:59:58.642 [info] ExtensionService#_doActivateExtension vscode.merge-conflict, startup: false, activationEvent: 'onStartupFinished'
2025-01-23 05:00:03.065 [info] ExtensionService#_doActivateExtension googlecloudtools.cloudcode, startup: false, activationEvent: 'onStartupFinished'
2025-01-23 05:00:07.943 [info] ExtensionService#_doActivateExtension vscode.configuration-editing, startup: false, activationEvent: 'onLanguage:jsonc'
2025-01-23 05:00:07.944 [info] ExtensionService#_doActivateExtension vscode.json-language-features, startup: false, activationEvent: 'onLanguage:jsonc'
2025-01-23 05:05:30.596 [info] ExtensionService#_doActivateExtension vscode.extension-editing, startup: false, activationEvent: 'onLanguage:json'
2025-01-23 05:05:30.597 [info] ExtensionService#_doActivateExtension vscode.npm, startup: false, activationEvent: 'onLanguage:json'
2025-01-23 05:06:00.568 [warning] [Decorations] CAPPING events from decorations provider vscode.git 284
2025-01-23 05:06:05.706 [warning] [Decorations] CAPPING events from decorations provider vscode.git 274
2025-01-23 05:06:27.762 [warning] [Decorations] CAPPING events from decorations provider vscode.git 274
2025-01-23 05:06:32.914 [warning] [Decorations] CAPPING events from decorations provider vscode.git 274
2025-01-23 05:08:21.808 [warning] [Decorations] CAPPING events from decorations provider vscode.git 274
2025-01-23 05:10:36.308 [warning] [Decorations] CAPPING events from decorations provider vscode.git 277
2025-01-23 05:10:41.459 [warning] [Decorations] CAPPING events from decorations provider vscode.git 274
2025-01-23 05:11:19.498 [warning] [Decorations] CAPPING events from decorations provider vscode.git 274
2025-01-23 05:11:55.679 [warning] [Decorations] CAPPING events from decorations provider vscode.git 274
2025-01-23 05:12:00.818 [warning] [Decorations] CAPPING events from decorations provider vscode.git 274
2025-01-23 05:12:12.622 [warning] [Decorations] CAPPING events from decorations provider vscode.git 274
2025-01-23 05:14:56.516 [warning] [Decorations] CAPPING events from decorations provider vscode.git 275
2025-01-23 05:15:01.673 [warning] [Decorations] CAPPING events from decorations provider vscode.git 274
2025-01-23 05:15:14.778 [warning] [Decorations] CAPPING events from decorations provider vscode.git 274
2025-01-23 05:17:47.240 [warning] [Decorations] CAPPING events from decorations provider vscode.git 275
2025-01-23 05:17:52.377 [warning] [Decorations] CAPPING events from decorations provider vscode.git 275
2025-01-23 05:18:15.358 [warning] [Decorations] CAPPING events from decorations provider vscode.git 275
2025-01-23 05:18:20.487 [warning] [Decorations] CAPPING events from decorations provider vscode.git 275
2025-01-23 05:18:25.622 [warning] [Decorations] CAPPING events from decorations provider vscode.git 275
2025-01-23 05:27:48.307 [warning] [Decorations] CAPPING events from decorations provider vscode.git 276
2025-01-23 05:27:53.445 [warning] [Decorations] CAPPING events from decorations provider vscode.git 276
2025-01-23 05:28:38.157 [warning] [Decorations] CAPPING events from decorations provider vscode.git 276
2025-01-23 05:31:34.767 [warning] [Decorations] CAPPING events from decorations provider vscode.git 276
2025-01-23 05:31:55.958 [warning] [Decorations] CAPPING events from decorations provider vscode.git 276
2025-01-23 05:32:11.214 [warning] [Decorations] CAPPING events from decorations provider vscode.git 276
2025-01-23 05:36:10.426 [warning] [Decorations] CAPPING events from decorations provider vscode.git 276
2025-01-23 05:36:15.554 [warning] [Decorations] CAPPING events from decorations provider vscode.git 276
2025-01-23 05:36:20.672 [warning] [Decorations] CAPPING events from decorations provider vscode.git 276
2025-01-23 05:36:35.819 [warning] [Decorations] CAPPING events from decorations provider vscode.git 276
2025-01-23 05:36:40.940 [warning] [Decorations] CAPPING events from decorations provider vscode.git 276
2025-01-23 05:38:19.492 [warning] [Decorations] CAPPING events from decorations provider vscode.git 276
2025-01-23 05:47:04.172 [warning] [Decorations] CAPPING events from decorations provider vscode.git 276
2025-01-23 05:47:09.307 [warning] [Decorations] CAPPING events from decorations provider vscode.git 276
2025-01-23 05:48:25.800 [warning] [Decorations] CAPPING events from decorations provider vscode.git 276
2025-01-23 05:48:30.933 [warning] [Decorations] CAPPING events from decorations provider vscode.git 276
2025-01-23 05:48:36.061 [warning] [Decorations] CAPPING events from decorations provider vscode.git 276
2025-01-23 05:48:41.177 [warning] [Decorations] CAPPING events from decorations provider vscode.git 276
2025-01-23 05:56:25.365 [warning] [Decorations] CAPPING events from decorations provider vscode.git 281
2025-01-23 05:56:35.791 [warning] [Decorations] CAPPING events from decorations provider vscode.git 281
2025-01-23 05:56:40.910 [warning] [Decorations] CAPPING events from decorations provider vscode.git 281
2025-01-23 06:00:44.431 [warning] [Decorations] CAPPING events from decorations provider vscode.git 281
2025-01-23 06:00:49.547 [warning] [Decorations] CAPPING events from decorations provider vscode.git 281
2025-01-23 06:20:02.367 [warning] [Decorations] CAPPING events from decorations provider vscode.git 282
2025-01-23 06:20:07.504 [warning] [Decorations] CAPPING events from decorations provider vscode.git 282
2025-01-23 06:20:12.752 [warning] [Decorations] CAPPING events from decorations provider vscode.git 282
2025-01-23 06:21:54.658 [warning] [Decorations] CAPPING events from decorations provider vscode.git 284
2025-01-23 06:22:12.693 [warning] [Decorations] CAPPING events from decorations provider vscode.git 284
2025-01-23 06:22:17.808 [warning] [Decorations] CAPPING events from decorations provider vscode.git 284
2025-01-23 06:22:22.931 [warning] [Decorations] CAPPING events from decorations provider vscode.git 284
2025-01-23 06:22:28.059 [warning] [Decorations] CAPPING events from decorations provider vscode.git 284
2025-01-23 06:22:33.191 [warning] [Decorations] CAPPING events from decorations provider vscode.git 284
2025-01-23 06:23:05.788 [warning] [Decorations] CAPPING events from decorations provider vscode.git 284
2025-01-23 06:25:46.135 [warning] [Decorations] CAPPING events from decorations provider vscode.git 286
2025-01-23 06:25:51.260 [warning] [Decorations] CAPPING events from decorations provider vscode.git 286
2025-01-23 06:26:37.701 [warning] [Decorations] CAPPING events from decorations provider vscode.git 289
2025-01-23 06:26:42.826 [warning] [Decorations] CAPPING events from decorations provider vscode.git 289
2025-01-23 06:30:13.268 [warning] [Decorations] CAPPING events from decorations provider vscode.git 295
2025-01-23 06:30:18.396 [warning] [Decorations] CAPPING events from decorations provider vscode.git 293
2025-01-23 06:30:23.532 [warning] [Decorations] CAPPING events from decorations provider vscode.git 293
2025-01-23 06:43:03.145 [warning] [Decorations] CAPPING events from decorations provider vscode.git 296
2025-01-23 06:43:08.281 [warning] [Decorations] CAPPING events from decorations provider vscode.git 295
2025-01-23 06:43:44.832 [warning] [Decorations] CAPPING events from decorations provider vscode.git 296
2025-01-23 06:44:09.837 [warning] [Decorations] CAPPING events from decorations provider vscode.git 297
2025-01-23 06:44:17.833 [warning] [Decorations] CAPPING events from decorations provider vscode.git 297
2025-01-23 06:48:11.508 [warning] [Decorations] CAPPING events from decorations provider vscode.git 298
2025-01-23 06:48:16.638 [warning] [Decorations] CAPPING events from decorations provider vscode.git 298
