Initializing document watcher...
Document watcher initialized
biswabandita_rout/frontend/src/app/services/chat-service.service.ts: {"insertSpaces":true,"tabSize":2}
biswabandita_rout/frontend/src/app/services/chat-service.service.ts: Using EditorConfig core...
frontend/src/app/services/chat-service.service.ts: editor.action.trimTrailingWhitespace
biswabandita_rout/frontend/src/app/services/chat-service.service.ts: Using EditorConfig core...
frontend/src/app/services/chat-service.service.ts: editor.action.trimTrailingWhitespace
biswabandita_rout/frontend/src/app/services/chat-service.service.ts: {"insertSpaces":true,"tabSize":2}
biswabandita_rout/frontend/src/app/services/chat-service.service.ts: Using EditorConfig core...
frontend/src/app/services/chat-service.service.ts: editor.action.trimTrailingWhitespace
biswabandita_rout/frontend/src/app/services/chat-service.service.ts: Using EditorConfig core...
frontend/src/app/services/chat-service.service.ts: editor.action.trimTrailingWhitespace
biswabandita_rout/frontend/src/app/services/chat-service.service.ts: Using EditorConfig core...
frontend/src/app/services/chat-service.service.ts: editor.action.trimTrailingWhitespace
biswabandita_rout/frontend/src/app/services/chat-service.service.ts: Using EditorConfig core...
frontend/src/app/services/chat-service.service.ts: editor.action.trimTrailingWhitespace
biswabandita_rout/frontend/src/app/services/chat-service.service.ts: Using EditorConfig core...
frontend/src/app/services/chat-service.service.ts: editor.action.trimTrailingWhitespace
biswabandita_rout/frontend/src/app/services/chat-service.service.ts: Using EditorConfig core...
frontend/src/app/services/chat-service.service.ts: editor.action.trimTrailingWhitespace
biswabandita_rout/frontend/src/app/services/chat-service.service.ts: Using EditorConfig core...
frontend/src/app/services/chat-service.service.ts: editor.action.trimTrailingWhitespace
biswabandita_rout/frontend/src/app/services/chat-service.service.ts: Using EditorConfig core...
frontend/src/app/services/chat-service.service.ts: editor.action.trimTrailingWhitespace
biswabandita_rout/frontend/src/app/services/chat-service.service.ts: Using EditorConfig core...
frontend/src/app/services/chat-service.service.ts: editor.action.trimTrailingWhitespace
biswabandita_rout/frontend/src/app/services/chat-service.service.ts: Using EditorConfig core...
frontend/src/app/services/chat-service.service.ts: editor.action.trimTrailingWhitespace
biswabandita_rout/frontend/src/app/services/chat-service.service.ts: Using EditorConfig core...
frontend/src/app/services/chat-service.service.ts: editor.action.trimTrailingWhitespace
biswabandita_rout/frontend/src/app/services/chat-service.service.ts: Using EditorConfig core...
frontend/src/app/services/chat-service.service.ts: editor.action.trimTrailingWhitespace
biswabandita_rout/frontend/src/app/services/chat-service.service.ts: Using EditorConfig core...
frontend/src/app/services/chat-service.service.ts: editor.action.trimTrailingWhitespace
biswabandita_rout/frontend/src/app/services/chat-service.service.ts: Using EditorConfig core...
frontend/src/app/services/chat-service.service.ts: editor.action.trimTrailingWhitespace
biswabandita_rout/frontend/src/app/services/chat-service.service.ts: Using EditorConfig core...
frontend/src/app/services/chat-service.service.ts: editor.action.trimTrailingWhitespace
biswabandita_rout/frontend/src/app/services/chat-service.service.ts: Using EditorConfig core...
frontend/src/app/services/chat-service.service.ts: editor.action.trimTrailingWhitespace
biswabandita_rout/frontend/src/app/services/chat-service.service.ts: Using EditorConfig core...
frontend/src/app/services/chat-service.service.ts: editor.action.trimTrailingWhitespace
biswabandita_rout/frontend/src/app/services/chat-service.service.ts: Using EditorConfig core...
frontend/src/app/services/chat-service.service.ts: editor.action.trimTrailingWhitespace
biswabandita_rout/frontend/src/app/services/chat-service.service.ts: {"insertSpaces":true,"tabSize":2}
biswabandita_rout/frontend/src/app/services/chat-service.service.ts: {"insertSpaces":true,"tabSize":2}
biswabandita_rout/frontend/src/app/services/chat-service.service.ts: Using EditorConfig core...
frontend/src/app/services/chat-service.service.ts: editor.action.trimTrailingWhitespace
biswabandita_rout/frontend/src/app/services/chat-service.service.ts: Using EditorConfig core...
frontend/src/app/services/chat-service.service.ts: editor.action.trimTrailingWhitespace
biswabandita_rout/frontend/src/app/Component/sidebar/sidebar.component.html: {"insertSpaces":true,"tabSize":2}
biswabandita_rout/frontend/src/app/services/chat-service.service.ts: {"insertSpaces":true,"tabSize":2}
biswabandita_rout/frontend/src/app/Component/sidebar/sidebar.component.scss: {"insertSpaces":true,"tabSize":2}
biswabandita_rout/frontend/src/app/Component/sidebar/sidebar.component.ts: {"insertSpaces":true,"tabSize":2}
biswabandita_rout/frontend/src/app/Component/sidebar/sidebar.component.ts: Using EditorConfig core...
frontend/src/app/Component/sidebar/sidebar.component.ts: editor.action.trimTrailingWhitespace
frontend/src/app/Component/sidebar/sidebar.component.ts: insertFinalNewline(LF)
biswabandita_rout/frontend/src/app/Component/sidebar/sidebar.component.ts: Using EditorConfig core...
frontend/src/app/Component/sidebar/sidebar.component.ts: editor.action.trimTrailingWhitespace
biswabandita_rout/frontend/src/app/Component/sidebar/sidebar.component.ts: Using EditorConfig core...
frontend/src/app/Component/sidebar/sidebar.component.ts: editor.action.trimTrailingWhitespace
biswabandita_rout/frontend/src/app/Component/sidebar/sidebar.component.ts: Using EditorConfig core...
frontend/src/app/Component/sidebar/sidebar.component.ts: editor.action.trimTrailingWhitespace
biswabandita_rout/frontend/src/app/Component/sidebar/sidebar.component.ts: Using EditorConfig core...
frontend/src/app/Component/sidebar/sidebar.component.ts: editor.action.trimTrailingWhitespace
biswabandita_rout/frontend/src/app/Component/sidebar/sidebar.component.ts: Using EditorConfig core...
frontend/src/app/Component/sidebar/sidebar.component.ts: editor.action.trimTrailingWhitespace
biswabandita_rout/frontend/src/app/Component/sidebar/sidebar.component.ts: Using EditorConfig core...
frontend/src/app/Component/sidebar/sidebar.component.ts: editor.action.trimTrailingWhitespace
biswabandita_rout/frontend/src/app/Component/sidebar/sidebar.component.ts: {"insertSpaces":true,"tabSize":2}
biswabandita_rout/frontend/src/app/Component/sidebar/sidebar.component.ts: {"insertSpaces":true,"tabSize":2}
biswabandita_rout/frontend/src/app/Component/sidebar/sidebar.component.ts: {"insertSpaces":true,"tabSize":2}
biswabandita_rout/frontend/src/app/Component/chatbot/chatbot.component.ts: {"insertSpaces":true,"tabSize":2}
No more open editors.
No more open editors.
biswabandita_rout/frontend/src/app/Component/settings/settings.component.scss: {"insertSpaces":true,"tabSize":2}
biswabandita_rout/frontend/src/app/Component/settings/settings.component.scss: Using EditorConfig core...
frontend/src/app/Component/settings/settings.component.scss: editor.action.trimTrailingWhitespace
frontend/src/app/Component/settings/settings.component.scss: insertFinalNewline(LF)
biswabandita_rout/frontend/src/app/Component/settings/settings.component.scss: Using EditorConfig core...
frontend/src/app/Component/settings/settings.component.scss: editor.action.trimTrailingWhitespace
biswabandita_rout/frontend/src/app/Component/settings/settings.component.scss: Using EditorConfig core...
frontend/src/app/Component/settings/settings.component.scss: editor.action.trimTrailingWhitespace
biswabandita_rout/frontend/src/app/Component/settings/settings.component.scss: Using EditorConfig core...
frontend/src/app/Component/settings/settings.component.scss: editor.action.trimTrailingWhitespace
biswabandita_rout/frontend/src/app/Component/settings/settings.component.scss: Using EditorConfig core...
frontend/src/app/Component/settings/settings.component.scss: editor.action.trimTrailingWhitespace
biswabandita_rout/frontend/src/app/Component/settings/settings.component.html: {"insertSpaces":true,"tabSize":2}
biswabandita_rout/frontend/src/app/Component/settings/settings.component.html: Using EditorConfig core...
frontend/src/app/Component/settings/settings.component.html: editor.action.trimTrailingWhitespace
biswabandita_rout/frontend/src/app/Component/settings/settings.component.scss: {"insertSpaces":true,"tabSize":2}
biswabandita_rout/frontend/src/app/Component/settings/settings.component.spec.ts: {"insertSpaces":true,"tabSize":2}
biswabandita_rout/frontend/src/app/Component/settings/settings.component.spec.ts: Using EditorConfig core...
frontend/src/app/Component/settings/settings.component.spec.ts: editor.action.trimTrailingWhitespace
biswabandita_rout/frontend/src/app/Component/settings/settings.component.scss: {"insertSpaces":true,"tabSize":2}
biswabandita_rout/frontend/src/app/Component/settings/settings.component.ts: {"insertSpaces":true,"tabSize":2}
biswabandita_rout/frontend/src/app/Component/settings/settings.component.ts: Using EditorConfig core...
frontend/src/app/Component/settings/settings.component.ts: editor.action.trimTrailingWhitespace
biswabandita_rout/frontend/src/app/Component/settings/settings.component.html: {"insertSpaces":true,"tabSize":2}
biswabandita_rout/frontend/src/app/Component/settings/settings.component.html: {"insertSpaces":true,"tabSize":2}
biswabandita_rout/frontend/src/app/Component/settings/settings.component.html: {"insertSpaces":true,"tabSize":2}
biswabandita_rout/frontend/src/app/Component/settings/settings.component.html: {"insertSpaces":true,"tabSize":2}
biswabandita_rout/frontend/src/app/Component/settings/settings.component.html: Using EditorConfig core...
frontend/src/app/Component/settings/settings.component.html: editor.action.trimTrailingWhitespace
biswabandita_rout/frontend/src/app/Component/settings/settings.component.html: Using EditorConfig core...
frontend/src/app/Component/settings/settings.component.html: editor.action.trimTrailingWhitespace
biswabandita_rout/frontend/src/app/Component/settings/settings.component.html: Using EditorConfig core...
frontend/src/app/Component/settings/settings.component.html: editor.action.trimTrailingWhitespace
biswabandita_rout/frontend/src/app/Component/settings/settings.component.html: {"insertSpaces":true,"tabSize":2}
biswabandita_rout/frontend/src/app/Component/settings/settings.component.html: {"insertSpaces":true,"tabSize":2}
biswabandita_rout/frontend/src/app/Component/settings/settings.component.scss: {"insertSpaces":true,"tabSize":2}
biswabandita_rout/frontend/src/app/Component/settings/settings.component.scss: Using EditorConfig core...
frontend/src/app/Component/settings/settings.component.scss: editor.action.trimTrailingWhitespace
biswabandita_rout/frontend/src/app/Component/settings/settings.component.scss: {"insertSpaces":true,"tabSize":2}
biswabandita_rout/frontend/src/app/Component/settings/settings.component.ts: {"insertSpaces":true,"tabSize":2}
biswabandita_rout/frontend/src/app/Component/settings/settings.component.html: {"insertSpaces":true,"tabSize":2}
biswabandita_rout/frontend/src/app/Component/settings/settings.component.html: Using EditorConfig core...
frontend/src/app/Component/settings/settings.component.html: editor.action.trimTrailingWhitespace
biswabandita_rout/frontend/src/app/Component/settings/settings.component.html: Using EditorConfig core...
frontend/src/app/Component/settings/settings.component.html: editor.action.trimTrailingWhitespace
biswabandita_rout/frontend/src/app/Component/settings/settings.component.html: {"insertSpaces":true,"tabSize":2}
biswabandita_rout/frontend/src/app/Component/settings/settings.component.html: {"insertSpaces":true,"tabSize":2}
biswabandita_rout/frontend/src/app/Component/settings/settings.component.html: {"insertSpaces":true,"tabSize":2}
biswabandita_rout/frontend/src/app/Component/settings/settings.component.html: Using EditorConfig core...
frontend/src/app/Component/settings/settings.component.html: editor.action.trimTrailingWhitespace
biswabandita_rout/frontend/src/app/Component/settings/settings.component.html: {"insertSpaces":true,"tabSize":2}
biswabandita_rout/frontend/src/app/Component/settings/settings.component.html: {"insertSpaces":true,"tabSize":2}
biswabandita_rout/frontend/src/app/Component/settings/settings.component.html: Using EditorConfig core...
frontend/src/app/Component/settings/settings.component.html: editor.action.trimTrailingWhitespace
biswabandita_rout/frontend/src/app/Component/settings/settings.component.html: Using EditorConfig core...
frontend/src/app/Component/settings/settings.component.html: editor.action.trimTrailingWhitespace
biswabandita_rout/frontend/src/app/Component/settings/settings.component.html: {"insertSpaces":true,"tabSize":2}
biswabandita_rout/frontend/src/app/Component/settings/settings.component.html: Using EditorConfig core...
frontend/src/app/Component/settings/settings.component.html: editor.action.trimTrailingWhitespace
biswabandita_rout/frontend/src/app/Component/settings/settings.component.html: Using EditorConfig core...
frontend/src/app/Component/settings/settings.component.html: editor.action.trimTrailingWhitespace
biswabandita_rout/frontend/src/app/Component/settings/settings.component.html: Using EditorConfig core...
frontend/src/app/Component/settings/settings.component.html: editor.action.trimTrailingWhitespace
biswabandita_rout/frontend/src/app/Component/settings/settings.component.html: Using EditorConfig core...
frontend/src/app/Component/settings/settings.component.html: editor.action.trimTrailingWhitespace
biswabandita_rout/frontend/src/app/Component/settings/settings.component.html: Using EditorConfig core...
frontend/src/app/Component/settings/settings.component.html: editor.action.trimTrailingWhitespace
biswabandita_rout/frontend/src/app/Component/settings/settings.component.html: Using EditorConfig core...
frontend/src/app/Component/settings/settings.component.html: editor.action.trimTrailingWhitespace
biswabandita_rout/frontend/src/app/Component/settings/settings.component.html: {"insertSpaces":true,"tabSize":2}
biswabandita_rout/frontend/src/app/Component/settings/settings.component.html: Using EditorConfig core...
frontend/src/app/Component/settings/settings.component.html: editor.action.trimTrailingWhitespace
biswabandita_rout/frontend/src/app/Component/settings/settings.component.html: {"insertSpaces":true,"tabSize":2}
biswabandita_rout/frontend/src/app/Component/settings/settings.component.html: Using EditorConfig core...
frontend/src/app/Component/settings/settings.component.html: editor.action.trimTrailingWhitespace
biswabandita_rout/frontend/src/app/Component/settings/settings.component.html: Using EditorConfig core...
frontend/src/app/Component/settings/settings.component.html: editor.action.trimTrailingWhitespace
biswabandita_rout/frontend/src/app/Component/settings/settings.component.html: Using EditorConfig core...
frontend/src/app/Component/settings/settings.component.html: editor.action.trimTrailingWhitespace
biswabandita_rout/frontend/src/app/Component/settings/settings.component.ts: {"insertSpaces":true,"tabSize":2}
biswabandita_rout/frontend/src/app/Component/settings/settings.component.scss: {"insertSpaces":true,"tabSize":2}
biswabandita_rout/frontend/src/app/Component/settings/settings.component.ts: {"insertSpaces":true,"tabSize":2}
biswabandita_rout/frontend/src/app/Component/settings/settings.component.html: {"insertSpaces":true,"tabSize":2}
biswabandita_rout/frontend/src/app/Component/settings/settings.component.html: Using EditorConfig core...
frontend/src/app/Component/settings/settings.component.html: editor.action.trimTrailingWhitespace
biswabandita_rout/frontend/src/app/Component/settings/settings.component.html: Using EditorConfig core...
frontend/src/app/Component/settings/settings.component.html: editor.action.trimTrailingWhitespace
biswabandita_rout/frontend/src/app/Component/settings/settings.component.html: Using EditorConfig core...
frontend/src/app/Component/settings/settings.component.html: editor.action.trimTrailingWhitespace
biswabandita_rout/frontend/src/app/Component/settings/settings.component.html: Using EditorConfig core...
frontend/src/app/Component/settings/settings.component.html: editor.action.trimTrailingWhitespace
biswabandita_rout/frontend/src/app/Component/settings/settings.component.html: {"insertSpaces":true,"tabSize":2}
No more open editors.
biswabandita_rout/frontend/src/app/Component/upload-document/upload-document.component.html: {"insertSpaces":true,"tabSize":2}
biswabandita_rout/frontend/src/app/Component/upload-document/upload-document.component.html: Using EditorConfig core...
frontend/src/app/Component/upload-document/upload-document.component.html: editor.action.trimTrailingWhitespace
biswabandita_rout/frontend/src/app/Component/upload-document/upload-document.component.ts: {"insertSpaces":true,"tabSize":2}
biswabandita_rout/frontend/src/app/Component/upload-document/upload-document.component.ts: Using EditorConfig core...
frontend/src/app/Component/upload-document/upload-document.component.ts: editor.action.trimTrailingWhitespace
frontend/src/app/Component/upload-document/upload-document.component.ts: insertFinalNewline(LF)
biswabandita_rout/frontend/src/app/Component/upload-document/upload-document.component.scss: {"insertSpaces":true,"tabSize":2}
biswabandita_rout/frontend/src/app/Component/upload-document/upload-document.component.scss: Using EditorConfig core...
frontend/src/app/Component/upload-document/upload-document.component.scss: editor.action.trimTrailingWhitespace
frontend/src/app/Component/upload-document/upload-document.component.scss: insertFinalNewline(LF)
biswabandita_rout/frontend/src/app/Component/upload-document/upload-document.component.scss: {"insertSpaces":true,"tabSize":2}
biswabandita_rout/frontend/src/app/Component/upload-document/upload-document.component.html: {"insertSpaces":true,"tabSize":2}
biswabandita_rout/frontend/src/app/Component/upload-document/upload-document.component.html: {"insertSpaces":true,"tabSize":2}
biswabandita_rout/frontend/src/app/Component/upload-document/upload-document.component.html: Using EditorConfig core...
frontend/src/app/Component/upload-document/upload-document.component.html: editor.action.trimTrailingWhitespace
biswabandita_rout/frontend/src/app/Component/upload-document/upload-document.component.ts: {"insertSpaces":true,"tabSize":2}
biswabandita_rout/frontend/src/app/Component/upload-document/upload-document.component.ts: {"insertSpaces":true,"tabSize":2}
biswabandita_rout/frontend/src/app/Component/upload-document/upload-document.component.html: {"insertSpaces":true,"tabSize":2}
biswabandita_rout/frontend/src/app/Component/upload-document/upload-document.component.html: Using EditorConfig core...
frontend/src/app/Component/upload-document/upload-document.component.html: editor.action.trimTrailingWhitespace
biswabandita_rout/frontend/src/app/Component/upload-document/upload-document.component.html: Using EditorConfig core...
frontend/src/app/Component/upload-document/upload-document.component.html: editor.action.trimTrailingWhitespace
biswabandita_rout/frontend/src/app/Component/upload-document/upload-document.component.html: Using EditorConfig core...
frontend/src/app/Component/upload-document/upload-document.component.html: editor.action.trimTrailingWhitespace
biswabandita_rout/frontend/src/app/Component/upload-document/upload-document.component.html: Using EditorConfig core...
frontend/src/app/Component/upload-document/upload-document.component.html: editor.action.trimTrailingWhitespace
biswabandita_rout/frontend/src/app/Component/upload-document/upload-document.component.html: Using EditorConfig core...
frontend/src/app/Component/upload-document/upload-document.component.html: editor.action.trimTrailingWhitespace
biswabandita_rout/frontend/src/app/Component/upload-document/upload-document.component.html: Using EditorConfig core...
frontend/src/app/Component/upload-document/upload-document.component.html: editor.action.trimTrailingWhitespace
biswabandita_rout/frontend/src/app/Component/upload-document/upload-document.component.html: {"insertSpaces":true,"tabSize":2}
biswabandita_rout/frontend/src/app/Component/upload-document/upload-document.component.html: Using EditorConfig core...
frontend/src/app/Component/upload-document/upload-document.component.html: editor.action.trimTrailingWhitespace
biswabandita_rout/frontend/src/app/Component/upload-document/upload-document.component.html: Using EditorConfig core...
frontend/src/app/Component/upload-document/upload-document.component.html: editor.action.trimTrailingWhitespace
biswabandita_rout/frontend/src/app/Component/upload-document/upload-document.component.html: Using EditorConfig core...
frontend/src/app/Component/upload-document/upload-document.component.html: editor.action.trimTrailingWhitespace
biswabandita_rout/frontend/src/app/Component/upload-document/upload-document.component.html: Using EditorConfig core...
frontend/src/app/Component/upload-document/upload-document.component.html: editor.action.trimTrailingWhitespace
biswabandita_rout/frontend/src/app/Component/upload-document/upload-document.component.html: Using EditorConfig core...
frontend/src/app/Component/upload-document/upload-document.component.html: editor.action.trimTrailingWhitespace
biswabandita_rout/frontend/src/app/Component/upload-document/upload-document.component.html: Using EditorConfig core...
frontend/src/app/Component/upload-document/upload-document.component.html: editor.action.trimTrailingWhitespace
biswabandita_rout/frontend/src/app/Component/upload-document/upload-document.component.html: {"insertSpaces":true,"tabSize":2}
biswabandita_rout/frontend/src/app/Component/upload-document/upload-document.component.html: {"insertSpaces":true,"tabSize":2}
biswabandita_rout/frontend/src/app/Component/upload-document/upload-document.component.html: Using EditorConfig core...
frontend/src/app/Component/upload-document/upload-document.component.html: editor.action.trimTrailingWhitespace
biswabandita_rout/frontend/src/app/Component/upload-document/upload-document.component.html: Using EditorConfig core...
frontend/src/app/Component/upload-document/upload-document.component.html: editor.action.trimTrailingWhitespace
biswabandita_rout/frontend/src/app/Component/upload-document/upload-document.component.html: Using EditorConfig core...
frontend/src/app/Component/upload-document/upload-document.component.html: editor.action.trimTrailingWhitespace
biswabandita_rout/frontend/src/app/Component/upload-document/upload-document.component.html: Using EditorConfig core...
frontend/src/app/Component/upload-document/upload-document.component.html: editor.action.trimTrailingWhitespace
biswabandita_rout/frontend/src/app/Component/upload-document/upload-document.component.ts: {"insertSpaces":true,"tabSize":2}
biswabandita_rout/frontend/src/app/Component/upload-document/upload-document.component.scss: {"insertSpaces":true,"tabSize":2}
biswabandita_rout/frontend/src/app/Component/upload-document/upload-document.component.scss: {"insertSpaces":true,"tabSize":2}
biswabandita_rout/frontend/src/app/Component/upload-document/upload-document.component.scss: Using EditorConfig core...
frontend/src/app/Component/upload-document/upload-document.component.scss: editor.action.trimTrailingWhitespace
biswabandita_rout/frontend/src/app/Component/upload-document/upload-document.component.scss: Using EditorConfig core...
frontend/src/app/Component/upload-document/upload-document.component.scss: editor.action.trimTrailingWhitespace
biswabandita_rout/frontend/src/app/Component/upload-document/upload-document.component.scss: Using EditorConfig core...
frontend/src/app/Component/upload-document/upload-document.component.scss: editor.action.trimTrailingWhitespace
biswabandita_rout/frontend/src/app/Component/upload-document/upload-document.component.scss: Using EditorConfig core...
frontend/src/app/Component/upload-document/upload-document.component.scss: editor.action.trimTrailingWhitespace
biswabandita_rout/frontend/src/app/Component/upload-document/upload-document.component.scss: Using EditorConfig core...
frontend/src/app/Component/upload-document/upload-document.component.scss: editor.action.trimTrailingWhitespace
biswabandita_rout/frontend/src/app/Component/upload-document/upload-document.component.scss: {"insertSpaces":true,"tabSize":2}
biswabandita_rout/frontend/src/app/Component/upload-document/upload-document.component.ts: {"insertSpaces":true,"tabSize":2}
biswabandita_rout/frontend/src/app/Component/upload-document/upload-document.component.ts: Using EditorConfig core...
frontend/src/app/Component/upload-document/upload-document.component.ts: editor.action.trimTrailingWhitespace
biswabandita_rout/frontend/src/app/Component/upload-document/upload-document.component.ts: Using EditorConfig core...
frontend/src/app/Component/upload-document/upload-document.component.ts: editor.action.trimTrailingWhitespace
biswabandita_rout/frontend/src/app/Component/upload-document/upload-document.component.ts: Using EditorConfig core...
frontend/src/app/Component/upload-document/upload-document.component.ts: editor.action.trimTrailingWhitespace
biswabandita_rout/frontend/src/app/Component/upload-document/upload-document.component.ts: Using EditorConfig core...
frontend/src/app/Component/upload-document/upload-document.component.ts: editor.action.trimTrailingWhitespace
biswabandita_rout/frontend/src/app/Component/upload-document/upload-document.component.ts: Using EditorConfig core...
frontend/src/app/Component/upload-document/upload-document.component.ts: editor.action.trimTrailingWhitespace
biswabandita_rout/frontend/src/app/Component/upload-document/upload-document.component.ts: Using EditorConfig core...
frontend/src/app/Component/upload-document/upload-document.component.ts: editor.action.trimTrailingWhitespace
biswabandita_rout/frontend/src/app/Component/upload-document/upload-document.component.ts: Using EditorConfig core...
frontend/src/app/Component/upload-document/upload-document.component.ts: editor.action.trimTrailingWhitespace
biswabandita_rout/frontend/src/app/Component/upload-document/upload-document.component.ts: Using EditorConfig core...
frontend/src/app/Component/upload-document/upload-document.component.ts: editor.action.trimTrailingWhitespace
biswabandita_rout/frontend/src/app/Component/upload-document/upload-document.component.ts: Using EditorConfig core...
frontend/src/app/Component/upload-document/upload-document.component.ts: editor.action.trimTrailingWhitespace
biswabandita_rout/frontend/src/app/Component/upload-document/upload-document.component.ts: Using EditorConfig core...
frontend/src/app/Component/upload-document/upload-document.component.ts: editor.action.trimTrailingWhitespace
biswabandita_rout/frontend/src/app/Component/upload-document/upload-document.component.ts: {"insertSpaces":true,"tabSize":2}
biswabandita_rout/frontend/src/app/Component/upload-document/upload-document.component.ts: Using EditorConfig core...
frontend/src/app/Component/upload-document/upload-document.component.ts: editor.action.trimTrailingWhitespace
biswabandita_rout/frontend/src/app/Component/upload-document/upload-document.component.ts: Using EditorConfig core...
frontend/src/app/Component/upload-document/upload-document.component.ts: editor.action.trimTrailingWhitespace
biswabandita_rout/frontend/src/app/Component/upload-document/upload-document.component.ts: Using EditorConfig core...
frontend/src/app/Component/upload-document/upload-document.component.ts: editor.action.trimTrailingWhitespace
biswabandita_rout/frontend/src/app/Component/upload-document/upload-document.component.ts: Using EditorConfig core...
frontend/src/app/Component/upload-document/upload-document.component.ts: editor.action.trimTrailingWhitespace
biswabandita_rout/frontend/src/app/Component/upload-document/upload-document.component.ts: Using EditorConfig core...
frontend/src/app/Component/upload-document/upload-document.component.ts: editor.action.trimTrailingWhitespace
biswabandita_rout/frontend/src/app/Component/upload-document/upload-document.component.html: {"insertSpaces":true,"tabSize":2}
biswabandita_rout/frontend/src/app/Component/upload-document/upload-document.component.ts: {"insertSpaces":true,"tabSize":2}
biswabandita_rout/frontend/src/app/Component/upload-document/upload-document.component.html: {"insertSpaces":true,"tabSize":2}
biswabandita_rout/frontend/src/app/Component/upload-document/upload-document.component.ts: {"insertSpaces":true,"tabSize":2}
biswabandita_rout/frontend/src/app/Component/upload-document/upload-document.component.ts: {"insertSpaces":true,"tabSize":2}
biswabandita_rout/frontend/src/app/Component/upload-document/upload-document.component.scss: {"insertSpaces":true,"tabSize":2}
biswabandita_rout/frontend/src/app/Component/dialog.component/dialog.component.html: {"insertSpaces":true,"tabSize":2}
biswabandita_rout/frontend/src/app/Component/dialog.component/dialog.component.html: Using EditorConfig core...
frontend/src/app/Component/dialog.component/dialog.component.html: editor.action.trimTrailingWhitespace
frontend/src/app/Component/dialog.component/dialog.component.html: insertFinalNewline(LF)
biswabandita_rout/frontend/src/app/Component/dialog.component/dialog.component.html: {"insertSpaces":true,"tabSize":2}
biswabandita_rout/frontend/src/app/Component/retrian-dialouge/retrian-dialouge.component.html: {"insertSpaces":true,"tabSize":2}
biswabandita_rout/frontend/src/app/Component/retrian-dialouge/retrian-dialouge.component.html: Using EditorConfig core...
frontend/src/app/Component/retrian-dialouge/retrian-dialouge.component.html: editor.action.trimTrailingWhitespace
biswabandita_rout/frontend/src/app/Component/retrian-dialouge/retrian-dialouge.component.html: {"insertSpaces":true,"tabSize":2}
biswabandita_rout/frontend/src/app/Component/dialog.component/dialog.component.html: {"insertSpaces":true,"tabSize":2}
biswabandita_rout/frontend/src/app/Component/retrian-dialouge/retrian-dialouge.component.html: {"insertSpaces":true,"tabSize":2}
biswabandita_rout/frontend/src/app/Component/retrian-dialouge/retrian-dialouge.component.html: Using EditorConfig core...
frontend/src/app/Component/retrian-dialouge/retrian-dialouge.component.html: editor.action.trimTrailingWhitespace
biswabandita_rout/frontend/src/app/Component/retrian-dialouge/retrian-dialouge.component.html: {"insertSpaces":true,"tabSize":2}
biswabandita_rout/frontend/src/app/Component/retrian-dialouge/retrian-dialouge.component.html: {"insertSpaces":true,"tabSize":2}
biswabandita_rout/frontend/src/app/Component/retrian-dialouge/retrian-dialouge.component.html: Using EditorConfig core...
frontend/src/app/Component/retrian-dialouge/retrian-dialouge.component.html: editor.action.trimTrailingWhitespace
biswabandita_rout/frontend/src/app/Component/retrian-dialouge/retrian-dialouge.component.html: Using EditorConfig core...
frontend/src/app/Component/retrian-dialouge/retrian-dialouge.component.html: editor.action.trimTrailingWhitespace
biswabandita_rout/frontend/src/app/Component/retrian-dialouge/retrian-dialouge.component.html: Using EditorConfig core...
frontend/src/app/Component/retrian-dialouge/retrian-dialouge.component.html: editor.action.trimTrailingWhitespace
biswabandita_rout/frontend/src/app/Component/dialog.component/dialog.component.html: {"insertSpaces":true,"tabSize":2}
biswabandita_rout/frontend/src/app/Component/retrian-dialouge/retrian-dialouge.component.html: {"insertSpaces":true,"tabSize":2}
biswabandita_rout/frontend/src/app/Component/retrian-dialouge/retrian-dialouge.component.html: Using EditorConfig core...
frontend/src/app/Component/retrian-dialouge/retrian-dialouge.component.html: editor.action.trimTrailingWhitespace
biswabandita_rout/frontend/src/app/Component/retrian-dialouge/retrian-dialouge.component.scss: {"insertSpaces":true,"tabSize":2}
biswabandita_rout/frontend/src/app/Component/retrian-dialouge/retrian-dialouge.component.scss: Using EditorConfig core...
frontend/src/app/Component/retrian-dialouge/retrian-dialouge.component.scss: editor.action.trimTrailingWhitespace
biswabandita_rout/frontend/src/app/Component/retrian-dialouge/retrian-dialouge.component.scss: Using EditorConfig core...
frontend/src/app/Component/retrian-dialouge/retrian-dialouge.component.scss: editor.action.trimTrailingWhitespace
biswabandita_rout/frontend/src/app/Component/retrian-dialouge/retrian-dialouge.component.html: {"insertSpaces":true,"tabSize":2}
biswabandita_rout/frontend/src/app/Component/retrian-dialouge/retrian-dialouge.component.scss: {"insertSpaces":true,"tabSize":2}
biswabandita_rout/frontend/src/app/Component/retrian-dialouge/retrian-dialouge.component.scss: Using EditorConfig core...
frontend/src/app/Component/retrian-dialouge/retrian-dialouge.component.scss: editor.action.trimTrailingWhitespace
biswabandita_rout/frontend/src/app/Component/retrian-dialouge/retrian-dialouge.component.scss: Using EditorConfig core...
frontend/src/app/Component/retrian-dialouge/retrian-dialouge.component.scss: editor.action.trimTrailingWhitespace
biswabandita_rout/frontend/src/app/Component/retrian-dialouge/retrian-dialouge.component.scss: {"insertSpaces":true,"tabSize":2}
biswabandita_rout/frontend/src/app/Component/retrian-dialouge/retrian-dialouge.component.scss: {"insertSpaces":true,"tabSize":2}
biswabandita_rout/frontend/src/app/Component/retrian-dialouge/retrian-dialouge.component.scss: {"insertSpaces":true,"tabSize":2}
biswabandita_rout/frontend/src/app/Component/retrian-dialouge/retrian-dialouge.component.scss: {"insertSpaces":true,"tabSize":2}
biswabandita_rout/frontend/src/app/Component/retrian-dialouge/retrian-dialouge.component.scss: {"insertSpaces":true,"tabSize":2}
biswabandita_rout/frontend/src/app/Component/retrian-dialouge/retrian-dialouge.component.scss: {"insertSpaces":true,"tabSize":2}
biswabandita_rout/frontend/src/app/Component/retrian-dialouge/retrian-dialouge.component.scss: {"insertSpaces":true,"tabSize":2}
biswabandita_rout/frontend/src/app/Component/retrian-dialouge/retrian-dialouge.component.scss: {"insertSpaces":true,"tabSize":2}
biswabandita_rout/frontend/src/app/Component/retrian-dialouge/retrian-dialouge.component.scss: {"insertSpaces":true,"tabSize":2}
biswabandita_rout/frontend/src/app/Component/retrian-dialouge/retrian-dialouge.component.scss: {"insertSpaces":true,"tabSize":2}
biswabandita_rout/frontend/src/app/Component/retrian-dialouge/retrian-dialouge.component.scss: {"insertSpaces":true,"tabSize":2}
biswabandita_rout/frontend/src/app/Component/retrian-dialouge/retrian-dialouge.component.scss: {"insertSpaces":true,"tabSize":2}
biswabandita_rout/frontend/src/app/Component/retrian-dialouge/retrian-dialouge.component.scss: {"insertSpaces":true,"tabSize":2}
biswabandita_rout/Backend/app.js: {}
biswabandita_rout/Backend/app.js: Using EditorConfig core...
biswabandita_rout/Backend/app.js: Using EditorConfig core...
biswabandita_rout/Backend/app.js: {}
biswabandita_rout/Backend/app.js: Using EditorConfig core...
biswabandita_rout/frontend/src/app/services/upload.service.ts: {"insertSpaces":true,"tabSize":2}
biswabandita_rout/frontend/src/app/services/upload.service.ts: Using EditorConfig core...
frontend/src/app/services/upload.service.ts: editor.action.trimTrailingWhitespace
biswabandita_rout/frontend/src/environments/environment.ts: {"insertSpaces":true,"tabSize":2}
biswabandita_rout/frontend/src/app/services/upload.service.ts: {"insertSpaces":true,"tabSize":2}
biswabandita_rout/Backend/app.js: {}
biswabandita_rout/Backend/app.js: Using EditorConfig core...
biswabandita_rout/Backend/app.js: Using EditorConfig core...
biswabandita_rout/Backend/src/routes/fileUploadRoutes.js: {}
biswabandita_rout/frontend/src/app/services/upload.service.ts: {"insertSpaces":true,"tabSize":2}
biswabandita_rout/frontend/src/app/services/upload.service.ts: Using EditorConfig core...
frontend/src/app/services/upload.service.ts: editor.action.trimTrailingWhitespace
biswabandita_rout/Backend/.env: {}
biswabandita_rout/Backend/.env: Using EditorConfig core...
biswabandita_rout/Backend/.env: {}
biswabandita_rout/Backend/.env: {}
biswabandita_rout/Backend/src/services/gcpfileuploadService.js: {}
biswabandita_rout/Backend/src/services/gcpfileuploadService.js: Using EditorConfig core...
biswabandita_rout/Backend/src/services/uploadService.js: {}
biswabandita_rout/Backend/src/services/uploadService.js: Using EditorConfig core...
biswabandita_rout/frontend/src/app/Component/retrian-dialouge/retrian-dialouge.component.html: {"insertSpaces":true,"tabSize":2}
biswabandita_rout/Backend/src/services/uploadService.js: {}
biswabandita_rout/Backend/src/routes/fileUploadRoutes.js: {}
biswabandita_rout/Backend/src/routes/fileUploadRoutes.js: Using EditorConfig core...
biswabandita_rout/Backend/src/controllers/FileuploadController.js: {}
biswabandita_rout/Backend/src/controllers/FileuploadController.js: Using EditorConfig core...
biswabandita_rout/Backend/src/services/gcpfileuploadService.js: {}
biswabandita_rout/Backend/src/controllers/FileuploadController.js: {}
biswabandita_rout/frontend/src/app/services/upload.service.ts: {"insertSpaces":true,"tabSize":2}
biswabandita_rout/Backend/src/services/gcpfileuploadService.js: {}
biswabandita_rout/frontend/src/app/services/upload.service.ts: {"insertSpaces":true,"tabSize":2}
biswabandita_rout/Backend/src/controllers/FileuploadController.js: {}
biswabandita_rout/Backend/src/routes/fileUploadRoutes.js: {}
biswabandita_rout/Backend/src/controllers/FileuploadController.js: {}
biswabandita_rout/Backend/src/services/gcpfileuploadService.js: {}
biswabandita_rout/Backend/src/services/gcpfileuploadService.js: {}
biswabandita_rout/Backend/src/services/gcpfileuploadService.js: {}
biswabandita_rout/Backend/src/services/gcpfileuploadService.js: {}
biswabandita_rout/Backend/src/services/gcpfileuploadService.js: {}
biswabandita_rout/Backend/src/services/gcpfileuploadService.js: {}
biswabandita_rout/Backend/.env: {}
biswabandita_rout/Backend/.env: {}
biswabandita_rout/Backend/src/services/gcpfileuploadService.js: {}
biswabandita_rout/Backend/src/configs/gcsConfig.js: {}
biswabandita_rout/Backend/src/services/gcpfileuploadService.js: {}
biswabandita_rout/Backend/src/services/gcpfileuploadService.js: {}
biswabandita_rout/Backend/.env: {}
biswabandita_rout/Backend/.env: {}
biswabandita_rout/frontend/src/environments/environment.ts: {"insertSpaces":true,"tabSize":2}
biswabandita_rout/frontend/src/environments/environment.ts: Using EditorConfig core...
frontend/src/environments/environment.ts: editor.action.trimTrailingWhitespace
biswabandita_rout/frontend/src/environments/environment.ts: Using EditorConfig core...
frontend/src/environments/environment.ts: editor.action.trimTrailingWhitespace
biswabandita_rout/Backend/app.js: {}
biswabandita_rout/Backend/app.js: {}
biswabandita_rout/Backend/app.js: {}
biswabandita_rout/Backend/app.js: {}
biswabandita_rout/Backend/app.js: {}
biswabandita_rout/frontend/src/environments/environment.ts: {"insertSpaces":true,"tabSize":2}
biswabandita_rout/Backend/app.js: {}
biswabandita_rout/Backend/src/configs/gcsConfig.js: {}
biswabandita_rout/Backend/src/configs/gcsConfig.js: Using EditorConfig core...
biswabandita_rout/Backend/src/configs/gcsConfig.js: Using EditorConfig core...
biswabandita_rout/Backend/src/configs/gcsConfig.js: Using EditorConfig core...
biswabandita_rout/Backend/src/configs/gcsConfig.js: Using EditorConfig core...
biswabandita_rout/Backend/src/configs/gcsConfig.js: Using EditorConfig core...
biswabandita_rout/Backend/src/configs/gcsConfig.js: Using EditorConfig core...
biswabandita_rout/Backend/src/configs/gcsConfig.js: {}
biswabandita_rout/Backend/.env: {}
biswabandita_rout/Backend/src/configs/gcsConfig.js: {}
biswabandita_rout/Backend/src/configs/gcsConfig.js: {}
biswabandita_rout/Backend/src/configs/gcsConfig.js: {}
biswabandita_rout/Backend/app.js: {}
biswabandita_rout/Backend/src/routes/fileUploadRoutes.js: {}
biswabandita_rout/Backend/src/routes/fileUploadRoutes.js: Using EditorConfig core...
biswabandita_rout/frontend/src/environments/environment.ts: {"insertSpaces":true,"tabSize":2}
biswabandita_rout/Backend/app.js: {}
biswabandita_rout/Backend/src/controllers/FileuploadController.js: {}
biswabandita_rout/Backend/src/routes/fileUploadRoutes.js: {}
biswabandita_rout/Backend/src/routes/fileUploadRoutes.js: Using EditorConfig core...
biswabandita_rout/Backend/src/routes/fileUploadRoutes.js: {}
biswabandita_rout/Backend/src/routes/fileUploadRoutes.js: Using EditorConfig core...
biswabandita_rout/Backend/src/routes/fileUploadRoutes.js: Using EditorConfig core...
biswabandita_rout/Backend/app.js: {}
biswabandita_rout/frontend/src/environments/environment.ts: {"insertSpaces":true,"tabSize":2}
biswabandita_rout/frontend/src/environments/environment.ts: Using EditorConfig core...
frontend/src/environments/environment.ts: editor.action.trimTrailingWhitespace
biswabandita_rout/frontend/src/environments/environment.ts: Using EditorConfig core...
frontend/src/environments/environment.ts: editor.action.trimTrailingWhitespace
biswabandita_rout/frontend/src/environments/environment.ts: {"insertSpaces":true,"tabSize":2}
biswabandita_rout/frontend/src/environments/environment.ts: Using EditorConfig core...
frontend/src/environments/environment.ts: editor.action.trimTrailingWhitespace
biswabandita_rout/frontend/src/environments/environment.ts: Using EditorConfig core...
frontend/src/environments/environment.ts: editor.action.trimTrailingWhitespace
biswabandita_rout/frontend/src/environments/environment.ts: Using EditorConfig core...
frontend/src/environments/environment.ts: editor.action.trimTrailingWhitespace
biswabandita_rout/Backend/app.js: {}
biswabandita_rout/frontend/src/environments/environment.ts: {"insertSpaces":true,"tabSize":2}
biswabandita_rout/frontend/src/environments/environment.ts: Using EditorConfig core...
frontend/src/environments/environment.ts: editor.action.trimTrailingWhitespace
biswabandita_rout/Backend/app.js: {}
biswabandita_rout/frontend/src/environments/environment.ts: {"insertSpaces":true,"tabSize":2}
biswabandita_rout/frontend/src/environments/environment.ts: Using EditorConfig core...
frontend/src/environments/environment.ts: editor.action.trimTrailingWhitespace
biswabandita_rout/frontend/src/environments/environment.ts: {"insertSpaces":true,"tabSize":2}
biswabandita_rout/Backend/app.js: {}
biswabandita_rout/Backend/src/routes/fileUploadRoutes.js: {}
biswabandita_rout/Backend/app.js: {}
biswabandita_rout/frontend/src/environments/environment.ts: {"insertSpaces":true,"tabSize":2}
biswabandita_rout/frontend/src/environments/environment.ts: Using EditorConfig core...
frontend/src/environments/environment.ts: editor.action.trimTrailingWhitespace
biswabandita_rout/frontend/src/environments/environment.ts: {"insertSpaces":true,"tabSize":2}
biswabandita_rout/Backend/app.js: {}
biswabandita_rout/Backend/app.js: {"insertSpaces":true,"tabSize":2}
biswabandita_rout/Backend/src/configs/gcsConfig.js: {}
biswabandita_rout/Backend/src/configs/gcsConfig.js: {}
biswabandita_rout/Backend/src/routes/fileUploadRoutes.js: {}
biswabandita_rout/Backend/src/routes/fileUploadRoutes.js: {}
biswabandita_rout/Backend/src/routes/fileUploadRoutes.js: {}
biswabandita_rout/Backend/app.js: {}
biswabandita_rout/Backend/app.js: {}
biswabandita_rout/Backend/app.js: {}
biswabandita_rout/backend_dockerfile: {}
biswabandita_rout/backend_dockerfile: {}
biswabandita_rout/Backend/app.js: {}
biswabandita_rout/Backend/app.js: {}
biswabandita_rout/frontend/src/environments/environment.ts: {"insertSpaces":true,"tabSize":2}
biswabandita_rout/frontend/src/environments/environment.ts: {"insertSpaces":true,"tabSize":2}
biswabandita_rout/frontend/src/environments/environment.ts: {"insertSpaces":true,"tabSize":2}
biswabandita_rout/Backend/app.js: {}
biswabandita_rout/Backend/.env: {}
biswabandita_rout/Backend/.env: {}
biswabandita_rout/Backend/.env: Using EditorConfig core...
biswabandita_rout/Backend/.env: Using EditorConfig core...
biswabandita_rout/Backend/.env: Using EditorConfig core...
biswabandita_rout/Backend/.env: Using EditorConfig core...
biswabandita_rout/Backend/.env: Using EditorConfig core...
biswabandita_rout/Backend/.env: Using EditorConfig core...
biswabandita_rout/Backend/.env: Using EditorConfig core...
biswabandita_rout/Backend/.env: Using EditorConfig core...
biswabandita_rout/Backend/src/services/uploadService.js: {}
biswabandita_rout/Backend/src/services/gcpfileuploadService.js: {}
biswabandita_rout/Backend/src/services/uploadService.js: {}
biswabandita_rout/Backend/src/configs/gcsConfig.js: {}
biswabandita_rout/Backend/src/configs/gcsConfig.js: Using EditorConfig core...
biswabandita_rout/Backend/src/configs/gcsConfig.js: {}
biswabandita_rout/Backend/src/configs/gcsConfig.js: Using EditorConfig core...
biswabandita_rout/Backend/src/configs/gcsConfig.js: Using EditorConfig core...
biswabandita_rout/Backend/src/configs/gcsConfig.js: {}
biswabandita_rout/Backend/src/controllers/FileuploadController.js: {}
biswabandita_rout/Backend/src/configs/gcsConfig.js: {}
biswabandita_rout/Backend/src/configs/gcsConfig.js: Using EditorConfig core...
biswabandita_rout/Backend/src/configs/gcsConfig.js: {}
biswabandita_rout/Backend/src/configs/gcsConfig.js: Using EditorConfig core...
biswabandita_rout/Backend/src/configs/gcsConfig.js: Using EditorConfig core...
biswabandita_rout/Backend/src/configs/gcsConfig.js: {}
biswabandita_rout/Backend/src/configs/gcsConfig.js: Using EditorConfig core...
biswabandita_rout/Backend/src/configs/gcsConfig.js: Using EditorConfig core...
biswabandita_rout/Backend/src/configs/gcsConfig.js: {}
biswabandita_rout/Backend/src/configs/gcsConfig.js: Using EditorConfig core...
biswabandita_rout/Backend/src/configs/gcsConfig.js: Using EditorConfig core...
biswabandita_rout/Backend/src/configs/gcsConfig.js: Using EditorConfig core...
biswabandita_rout/Backend/src/configs/gcsConfig.js: Using EditorConfig core...
biswabandita_rout/Backend/src/configs/gcsConfig.js: Using EditorConfig core...
biswabandita_rout/Backend/src/configs/gcsConfig.js: Using EditorConfig core...
biswabandita_rout/Backend/src/configs/gcsConfig.js: Using EditorConfig core...
biswabandita_rout/Backend/src/configs/gcsConfig.js: Using EditorConfig core...
biswabandita_rout/Backend/src/configs/gcsConfig.js: Using EditorConfig core...
biswabandita_rout/Backend/src/configs/gcsConfig.js: Using EditorConfig core...
biswabandita_rout/Backend/src/configs/gcsConfig.js: Using EditorConfig core...
biswabandita_rout/Backend/src/configs/gcsConfig.js: Using EditorConfig core...
biswabandita_rout/Backend/src/configs/gcsConfig.js: {}
biswabandita_rout/Backend/app.js: {}
biswabandita_rout/Backend/.env: {}
biswabandita_rout/Backend/src/configs/gcsConfig.js: {}
biswabandita_rout/Backend/src/configs/gcsConfig.js: Using EditorConfig core...
biswabandita_rout/Backend/src/configs/gcsConfig.js: Using EditorConfig core...
biswabandita_rout/Backend/src/configs/gcsConfig.js: {}
biswabandita_rout/Backend/src/configs/gcsConfig.js: Using EditorConfig core...
biswabandita_rout/Backend/src/configs/gcsConfig.js: Using EditorConfig core...
biswabandita_rout/Backend/src/configs/gcsConfig.js: {}
biswabandita_rout/Backend/src/controllers/FileuploadController.js: {}
biswabandita_rout/Backend/src/controllers/FileuploadController.js: {}
biswabandita_rout/Backend/src/controllers/FileuploadController.js: {}
biswabandita_rout/Backend/src/routes/fileUploadRoutes.js: {}
biswabandita_rout/Backend/src/controllers/FileuploadController.js: {}
biswabandita_rout/Backend/src/controllers/FileuploadController.js: Using EditorConfig core...
biswabandita_rout/Backend/src/controllers/uploadController.js: {}
biswabandita_rout/Backend/src/controllers/createAccountController.js: {}
biswabandita_rout/Backend/src/controllers/chatController.js: {}
biswabandita_rout/Backend/src/configs/gcsConfig.js: {}
biswabandita_rout/Backend/src/controllers/FileuploadController.js: {}
biswabandita_rout/Backend/src/controllers/FileuploadController.js: Using EditorConfig core...
biswabandita_rout/Backend/src/controllers/FileuploadController.js: Using EditorConfig core...
biswabandita_rout/Backend/src/controllers/FileuploadController.js: Using EditorConfig core...
biswabandita_rout/Backend/src/controllers/FileuploadController.js: Using EditorConfig core...
biswabandita_rout/Backend/src/controllers/FileuploadController.js: Using EditorConfig core...
biswabandita_rout/Backend/src/controllers/chatController.js: {}
biswabandita_rout/Backend/src/controllers/FileuploadController.js: {}
biswabandita_rout/Backend/src/controllers/FileuploadController.js: Using EditorConfig core...
biswabandita_rout/Backend/src/controllers/FileuploadController.js: Using EditorConfig core...
biswabandita_rout/Backend/src/controllers/FileuploadController.js: Using EditorConfig core...
biswabandita_rout/Backend/src/controllers/FileuploadController.js: Using EditorConfig core...
biswabandita_rout/Backend/src/controllers/FileuploadController.js: Using EditorConfig core...
biswabandita_rout/Backend/src/controllers/FileuploadController.js: Using EditorConfig core...
biswabandita_rout/Backend/src/controllers/FileuploadController.js: Using EditorConfig core...
biswabandita_rout/Backend/src/controllers/chatController.js: {}
biswabandita_rout/Backend/src/controllers/FileuploadController.js: {}
biswabandita_rout/Backend/src/controllers/FileuploadController.js: Using EditorConfig core...
biswabandita_rout/Backend/src/controllers/FileuploadController.js: Using EditorConfig core...
biswabandita_rout/Backend/src/controllers/FileuploadController.js: {}
biswabandita_rout/Backend/src/configs/gcsConfig.js: {}
biswabandita_rout/Backend/src/configs/gcsConfig.js: {}
biswabandita_rout/Backend/src/configs/gcsConfig.js: {}
biswabandita_rout/Backend/src/configs/gcsConfig.js: Using EditorConfig core...
biswabandita_rout/Backend/src/configs/gcsConfig.js: Using EditorConfig core...
biswabandita_rout/Backend/src/configs/gcsConfig.js: {}
biswabandita_rout/Backend/src/configs/gcsConfig.js: Using EditorConfig core...
biswabandita_rout/Backend/app.js: {}
biswabandita_rout/Backend/server.js: {}
biswabandita_rout/Backend/.env: {}
biswabandita_rout/Backend/src/configs/gcsConfig.js: {}
biswabandita_rout/Backend/app.js: {}
biswabandita_rout/Backend/server.js: {}
biswabandita_rout/Backend/src/configs/gcsConfig.js: {}
biswabandita_rout/Backend/src/configs/gcsConfig.js: Using EditorConfig core...
biswabandita_rout/Backend/app.js: {}
biswabandita_rout/Backend/server.js: {}
biswabandita_rout/Backend/src/configs/gcsConfig.js: {}
biswabandita_rout/Backend/src/configs/gcsConfig.js: Using EditorConfig core...
biswabandita_rout/Backend/src/configs/gcsConfig.js: Using EditorConfig core...
biswabandita_rout/Backend/src/configs/gcsConfig.js: {}
biswabandita_rout/frontend/src/environments/environment.ts: {"insertSpaces":true,"tabSize":2}
biswabandita_rout/frontend/src/environments/environment.ts: Using EditorConfig core...
frontend/src/environments/environment.ts: editor.action.trimTrailingWhitespace
biswabandita_rout/frontend/src/environments/environment.ts: Using EditorConfig core...
frontend/src/environments/environment.ts: editor.action.trimTrailingWhitespace
biswabandita_rout/frontend/src/environments/environment.ts: Using EditorConfig core...
frontend/src/environments/environment.ts: editor.action.trimTrailingWhitespace
biswabandita_rout/frontend/src/environments/environment.ts: Using EditorConfig core...
frontend/src/environments/environment.ts: editor.action.trimTrailingWhitespace
biswabandita_rout/frontend/src/environments/environment.ts: {"insertSpaces":true,"tabSize":2}
biswabandita_rout/frontend/src/environments/environment.ts: {"insertSpaces":true,"tabSize":2}
biswabandita_rout/frontend/src/environments/environment.ts: {"insertSpaces":true,"tabSize":2}
biswabandita_rout/frontend/src/environments/environment.ts: {"insertSpaces":true,"tabSize":2}
biswabandita_rout/frontend/src/environments/environment.ts: {"insertSpaces":true,"tabSize":2}
biswabandita_rout/frontend/src/environments/environment.ts: {"insertSpaces":true,"tabSize":2}
biswabandita_rout/frontend/src/environments/environment.ts: {"insertSpaces":true,"tabSize":2}
biswabandita_rout/frontend/src/environments/environment.ts: {"insertSpaces":true,"tabSize":2}
biswabandita_rout/frontend/src/environments/environment.ts: {"insertSpaces":true,"tabSize":2}
biswabandita_rout/Backend/app.js: {}
biswabandita_rout/Backend/app.js: {}
biswabandita_rout/Backend/.env: {}
biswabandita_rout/frontend/src/environments/environment.ts: {"insertSpaces":true,"tabSize":2}
biswabandita_rout/frontend/src/environments/environment.ts: {"insertSpaces":true,"tabSize":2}
biswabandita_rout/frontend/src/environments/environment.ts: Using EditorConfig core...
frontend/src/environments/environment.ts: editor.action.trimTrailingWhitespace
biswabandita_rout/frontend/src/environments/environment.ts: Using EditorConfig core...
frontend/src/environments/environment.ts: editor.action.trimTrailingWhitespace
biswabandita_rout/frontend/src/environments/environment.ts: Using EditorConfig core...
frontend/src/environments/environment.ts: editor.action.trimTrailingWhitespace
biswabandita_rout/Backend/src/controllers/FileuploadController.js: {}
biswabandita_rout/frontend/src/environments/environment.ts: {"insertSpaces":true,"tabSize":2}
biswabandita_rout/frontend/src/app/services/upload.service.ts: {"insertSpaces":true,"tabSize":2}
biswabandita_rout/Backend/src/controllers/FileuploadController.js: {}
biswabandita_rout/Backend/src/routes/fileUploadRoutes.js: {}
biswabandita_rout/frontend/src/environments/environment.ts: {"insertSpaces":true,"tabSize":2}
biswabandita_rout/frontend/src/environments/environment.ts: Using EditorConfig core...
frontend/src/environments/environment.ts: editor.action.trimTrailingWhitespace
biswabandita_rout/frontend/src/environments/environment.ts: Using EditorConfig core...
frontend/src/environments/environment.ts: editor.action.trimTrailingWhitespace
biswabandita_rout/frontend/src/environments/environment.ts: Using EditorConfig core...
frontend/src/environments/environment.ts: editor.action.trimTrailingWhitespace
biswabandita_rout/frontend/src/environments/environment.ts: {"insertSpaces":true,"tabSize":2}
biswabandita_rout/frontend/src/environments/environment.ts: {"insertSpaces":true,"tabSize":2}
biswabandita_rout/frontend/src/environments/environment.ts: {"insertSpaces":true,"tabSize":2}
biswabandita_rout/frontend/src/environments/environment.ts: {"insertSpaces":true,"tabSize":2}
biswabandita_rout/frontend/src/environments/environment.ts: {"insertSpaces":true,"tabSize":2}
biswabandita_rout/frontend/src/environments/environment.ts: {"insertSpaces":true,"tabSize":2}
biswabandita_rout/Backend/src/routes/fileUploadRoutes.js: {}
biswabandita_rout/Backend/src/configs/gcsConfig.js: {}
biswabandita_rout/frontend/src/environments/environment.ts: {"insertSpaces":true,"tabSize":2}
biswabandita_rout/frontend/src/environments/environment.ts: Using EditorConfig core...
frontend/src/environments/environment.ts: editor.action.trimTrailingWhitespace
biswabandita_rout/frontend/src/environments/environment.ts: {"insertSpaces":true,"tabSize":2}
biswabandita_rout/frontend/src/app/services/upload.service.ts: {"insertSpaces":true,"tabSize":2}
biswabandita_rout/frontend/src/app/services/upload.service.ts: {"insertSpaces":true,"tabSize":2}
biswabandita_rout/Backend/src/controllers/FileuploadController.js: {}
biswabandita_rout/Backend/src/services/gcpfileuploadService.js: {}
biswabandita_rout/Backend/src/controllers/FileuploadController.js: {}
biswabandita_rout/frontend/src/environments/environment.ts: {"insertSpaces":true,"tabSize":2}
biswabandita_rout/frontend/src/environments/environment.ts: {"insertSpaces":true,"tabSize":2}
biswabandita_rout/frontend/src/environments/environment.ts: {"insertSpaces":true,"tabSize":2}
