2025-01-24 07:36:42.637 [info] [main] Log level: Info
2025-01-24 07:36:42.637 [info] [main] Validating found git in: "git"
2025-01-24 07:36:42.637 [info] [main] Using git "2.43.0" from "git"
2025-01-24 07:36:42.637 [info] [Model][doInitialScan] Initial repository scan started
2025-01-24 07:36:42.637 [info] > git rev-parse --show-toplevel [76ms]
2025-01-24 07:36:42.642 [info] > git rev-parse --git-dir --git-common-dir [8ms]
2025-01-24 07:36:42.904 [info] [Model][openRepository] Opened repository: /home/biswabandita_rout
2025-01-24 07:36:43.368 [info] > git rev-parse --show-toplevel [70ms]
2025-01-24 07:36:43.373 [info] > git config --get commit.template [101ms]
2025-01-24 07:36:43.413 [info] > git rev-parse --show-toplevel [16ms]
2025-01-24 07:36:43.448 [info] > git rev-parse --show-toplevel [13ms]
2025-01-24 07:36:44.714 [info] > git for-each-ref --format=%(refname)%00%(upstream:short)%00%(objectname)%00%(upstream:track)%00%(upstream:remotename)%00%(upstream:remoteref) refs/heads/main refs/remotes/main [1303ms]
2025-01-24 07:36:44.716 [info] > git rev-parse --show-toplevel [1243ms]
2025-01-24 07:36:44.773 [info] > git check-ignore -v -z --stdin [74ms]
2025-01-24 07:36:44.837 [info] > git rev-parse --show-toplevel [67ms]
2025-01-24 07:36:44.881 [info] > git for-each-ref --sort -committerdate --format %(refname) %(objectname) %(*objectname) [46ms]
2025-01-24 07:36:49.894 [info] > git status -z -uall [5068ms]
2025-01-24 07:36:50.095 [info] > git rev-parse --show-toplevel [5216ms]
2025-01-24 07:36:50.567 [info] > git for-each-ref --format=%(refname)%00%(upstream:short)%00%(objectname)%00%(upstream:track)%00%(upstream:remotename)%00%(upstream:remoteref) refs/heads/main refs/remotes/main [478ms]
2025-01-24 07:36:50.623 [info] > git rev-parse --show-toplevel [79ms]
2025-01-24 07:36:50.634 [info] > git config --get commit.template [118ms]
2025-01-24 07:36:50.675 [info] > git config --local branch.main.vscode-merge-base [61ms]
2025-01-24 07:36:50.675 [warning] [Git][config] git config failed: Failed to execute git
2025-01-24 07:36:50.711 [info] > git rev-parse --show-toplevel [42ms]
2025-01-24 07:36:50.731 [info] > git for-each-ref --format=%(refname)%00%(upstream:short)%00%(objectname)%00%(upstream:track)%00%(upstream:remotename)%00%(upstream:remoteref) refs/heads/main refs/remotes/main [21ms]
2025-01-24 07:36:50.771 [info] > git for-each-ref --sort -committerdate --format %(refname) %(objectname) %(*objectname) [2ms]
2025-01-24 07:36:50.772 [info] > git rev-parse --show-toplevel [42ms]
2025-01-24 07:36:50.788 [info] > git reflog main --grep-reflog=branch: Created from *. [89ms]
2025-01-24 07:36:50.829 [info] > git symbolic-ref --short refs/remotes/origin/HEAD [19ms]
2025-01-24 07:36:50.829 [info] fatal: ref refs/remotes/origin/HEAD is not a symbolic ref
2025-01-24 07:36:50.829 [warning] [Repository][getDefaultBranch] Failed to get default branch details: Failed to execute git.
2025-01-24 07:36:50.855 [info] > git rev-parse --show-toplevel [31ms]
2025-01-24 07:36:50.872 [info] > git merge-base refs/heads/main refs/remotes/origin/main [22ms]
2025-01-24 07:36:50.987 [info] > git rev-parse --show-toplevel [115ms]
2025-01-24 07:36:50.990 [info] [Model][doInitialScan] Initial repository scan completed - repositories (1), closed repositories (0), parent repositories (0), unsafe repositories (0)
2025-01-24 07:36:51.028 [info] > git diff --name-status -z --diff-filter=ADMR 1d52a57d198e5d1cef2c49abaed1a6ae1779a3a6...refs/remotes/origin/main [111ms]
2025-01-24 07:36:51.032 [info] > git status -z -uall [278ms]
2025-01-24 07:36:51.069 [info] > git ls-files --stage -- /home/biswabandita_rout/frontend/src/app/services/chat-service.service.ts [46ms]
2025-01-24 07:36:51.099 [info] > git show --textconv :frontend/src/app/services/chat-service.service.ts [91ms]
2025-01-24 07:36:51.121 [info] > git cat-file -s 4bc2d728ba14178f09cc05eceb11598b336e8e2c [23ms]
2025-01-24 07:37:00.654 [info] > git check-ignore -v -z --stdin [165ms]
2025-01-24 07:37:10.358 [info] > git config --get commit.template [24ms]
2025-01-24 07:37:10.388 [info] > git for-each-ref --format=%(refname)%00%(upstream:short)%00%(objectname)%00%(upstream:track)%00%(upstream:remotename)%00%(upstream:remoteref) refs/heads/main refs/remotes/main [31ms]
2025-01-24 07:37:10.463 [info] > git for-each-ref --sort -committerdate --format %(refname) %(objectname) %(*objectname) [11ms]
2025-01-24 07:37:10.860 [info] > git status -z -uall [430ms]
2025-01-24 07:37:15.972 [info] > git config --get commit.template [20ms]
2025-01-24 07:37:16.006 [info] > git for-each-ref --format=%(refname)%00%(upstream:short)%00%(objectname)%00%(upstream:track)%00%(upstream:remotename)%00%(upstream:remoteref) refs/heads/main refs/remotes/main [34ms]
2025-01-24 07:37:16.058 [info] > git for-each-ref --sort -committerdate --format %(refname) %(objectname) %(*objectname) [22ms]
2025-01-24 07:37:16.263 [info] > git status -z -uall [244ms]
2025-01-24 07:37:34.704 [info] > git ls-files --stage -- /home/biswabandita_rout/frontend/src/app/Component/sidebar/sidebar.component.html [18ms]
2025-01-24 07:37:34.759 [info] > git cat-file -s 3e2028af8822ecc6c03bdc63752e5736ed189a79 [44ms]
2025-01-24 07:37:34.761 [info] > git show --textconv :frontend/src/app/Component/sidebar/sidebar.component.html [83ms]
2025-01-24 07:37:34.860 [info] > git check-ignore -v -z --stdin [9ms]
2025-01-24 07:37:37.243 [info] > git show --textconv :frontend/src/app/services/chat-service.service.ts [9ms]
2025-01-24 07:37:37.247 [info] > git ls-files --stage -- /home/biswabandita_rout/frontend/src/app/services/chat-service.service.ts [5ms]
2025-01-24 07:37:37.255 [info] > git cat-file -s 4bc2d728ba14178f09cc05eceb11598b336e8e2c [2ms]
2025-01-24 07:38:14.192 [info] > git config --get commit.template [10ms]
2025-01-24 07:38:14.193 [info] > git for-each-ref --format=%(refname)%00%(upstream:short)%00%(objectname)%00%(upstream:track)%00%(upstream:remotename)%00%(upstream:remoteref) refs/heads/main refs/remotes/main [3ms]
2025-01-24 07:38:14.222 [info] > git for-each-ref --sort -committerdate --format %(refname) %(objectname) %(*objectname) [5ms]
2025-01-24 07:38:14.279 [info] > git status -z -uall [79ms]
2025-01-24 07:38:19.319 [info] > git config --get commit.template [9ms]
2025-01-24 07:38:19.323 [info] > git for-each-ref --format=%(refname)%00%(upstream:short)%00%(objectname)%00%(upstream:track)%00%(upstream:remotename)%00%(upstream:remoteref) refs/heads/main refs/remotes/main [5ms]
2025-01-24 07:38:19.367 [info] > git for-each-ref --sort -committerdate --format %(refname) %(objectname) %(*objectname) [25ms]
2025-01-24 07:38:19.518 [info] > git status -z -uall [185ms]
2025-01-24 07:38:44.672 [info] > git config --get commit.template [8ms]
2025-01-24 07:38:44.673 [info] > git for-each-ref --format=%(refname)%00%(upstream:short)%00%(objectname)%00%(upstream:track)%00%(upstream:remotename)%00%(upstream:remoteref) refs/heads/main refs/remotes/main [2ms]
2025-01-24 07:38:44.702 [info] > git for-each-ref --sort -committerdate --format %(refname) %(objectname) %(*objectname) [5ms]
2025-01-24 07:38:44.800 [info] > git status -z -uall [120ms]
2025-01-24 07:38:59.089 [info] > git config --get commit.template [9ms]
2025-01-24 07:38:59.090 [info] > git for-each-ref --format=%(refname)%00%(upstream:short)%00%(objectname)%00%(upstream:track)%00%(upstream:remotename)%00%(upstream:remoteref) refs/heads/main refs/remotes/main [3ms]
2025-01-24 07:38:59.117 [info] > git for-each-ref --sort -committerdate --format %(refname) %(objectname) %(*objectname) [8ms]
2025-01-24 07:38:59.179 [info] > git status -z -uall [81ms]
