2025-01-21 09:47:48.230 [info] [main] Log level: Info
2025-01-21 09:47:48.230 [info] [main] Validating found git in: "git"
2025-01-21 09:47:48.230 [info] [main] Using git "2.43.0" from "git"
2025-01-21 09:47:48.230 [info] [Model][doInitialScan] Initial repository scan started
2025-01-21 09:47:48.230 [info] > git rev-parse --show-toplevel [11ms]
2025-01-21 09:47:48.230 [info] fatal: not a git repository (or any parent up to mount point /)
Stopping at filesystem boundary (GIT_DISCOVERY_ACROSS_FILESYSTEM not set).
2025-01-21 09:47:48.230 [info] > git rev-parse --show-toplevel [2ms]
2025-01-21 09:47:48.230 [info] fatal: not a git repository (or any parent up to mount point /)
Stopping at filesystem boundary (GIT_DISCOVERY_ACROSS_FILESYSTEM not set).
2025-01-21 09:47:48.230 [info] > git rev-parse --show-toplevel [3ms]
2025-01-21 09:47:48.230 [info] fatal: not a git repository (or any parent up to mount point /)
Stopping at filesystem boundary (GIT_DISCOVERY_ACROSS_FILESYSTEM not set).
2025-01-21 09:47:48.230 [info] > git rev-parse --show-toplevel [3ms]
2025-01-21 09:47:48.230 [info] fatal: not a git repository (or any parent up to mount point /)
Stopping at filesystem boundary (GIT_DISCOVERY_ACROSS_FILESYSTEM not set).
2025-01-21 09:47:48.230 [info] > git rev-parse --show-toplevel [2ms]
2025-01-21 09:47:48.230 [info] fatal: not a git repository (or any parent up to mount point /)
Stopping at filesystem boundary (GIT_DISCOVERY_ACROSS_FILESYSTEM not set).
2025-01-21 09:47:48.230 [info] > git rev-parse --show-toplevel [2ms]
2025-01-21 09:47:48.230 [info] fatal: not a git repository (or any parent up to mount point /)
Stopping at filesystem boundary (GIT_DISCOVERY_ACROSS_FILESYSTEM not set).
2025-01-21 09:47:48.230 [info] > git rev-parse --show-toplevel [3ms]
2025-01-21 09:47:48.230 [info] fatal: not a git repository (or any parent up to mount point /)
Stopping at filesystem boundary (GIT_DISCOVERY_ACROSS_FILESYSTEM not set).
2025-01-21 09:47:48.230 [info] > git rev-parse --show-toplevel [3ms]
2025-01-21 09:47:48.230 [info] fatal: not a git repository (or any parent up to mount point /)
Stopping at filesystem boundary (GIT_DISCOVERY_ACROSS_FILESYSTEM not set).
2025-01-21 09:47:48.230 [info] > git rev-parse --show-toplevel [2ms]
2025-01-21 09:47:48.230 [info] fatal: not a git repository (or any parent up to mount point /)
Stopping at filesystem boundary (GIT_DISCOVERY_ACROSS_FILESYSTEM not set).
2025-01-21 09:47:48.230 [info] > git rev-parse --show-toplevel [3ms]
2025-01-21 09:47:48.230 [info] fatal: not a git repository (or any parent up to mount point /)
Stopping at filesystem boundary (GIT_DISCOVERY_ACROSS_FILESYSTEM not set).
2025-01-21 09:47:48.230 [info] [Model][doInitialScan] Initial repository scan completed - repositories (0), closed repositories (0), parent repositories (0), unsafe repositories (0)
2025-01-21 09:47:53.023 [info] > git rev-parse --show-toplevel [6ms]
2025-01-21 09:47:53.023 [info] fatal: not a git repository (or any parent up to mount point /)
Stopping at filesystem boundary (GIT_DISCOVERY_ACROSS_FILESYSTEM not set).
2025-01-21 09:47:53.032 [info] > git rev-parse --show-toplevel [3ms]
2025-01-21 09:47:53.032 [info] fatal: not a git repository (or any parent up to mount point /)
Stopping at filesystem boundary (GIT_DISCOVERY_ACROSS_FILESYSTEM not set).
2025-01-21 10:18:18.295 [info] > git rev-parse --show-toplevel [3ms]
2025-01-21 10:18:18.295 [info] fatal: not a git repository (or any parent up to mount point /)
Stopping at filesystem boundary (GIT_DISCOVERY_ACROSS_FILESYSTEM not set).
2025-01-21 10:18:22.896 [info] > git rev-parse --show-toplevel [2ms]
2025-01-21 10:18:22.896 [info] fatal: not a git repository (or any parent up to mount point /)
Stopping at filesystem boundary (GIT_DISCOVERY_ACROSS_FILESYSTEM not set).
2025-01-21 10:38:55.729 [info] > git rev-parse --show-toplevel [2ms]
2025-01-21 10:38:55.729 [info] fatal: not a git repository (or any parent up to mount point /)
Stopping at filesystem boundary (GIT_DISCOVERY_ACROSS_FILESYSTEM not set).
2025-01-21 10:46:11.725 [info] > git rev-parse --show-toplevel [32ms]
2025-01-21 10:46:11.726 [info] fatal: not a git repository (or any parent up to mount point /)
Stopping at filesystem boundary (GIT_DISCOVERY_ACROSS_FILESYSTEM not set).
2025-01-21 11:13:41.623 [info] > git rev-parse --show-toplevel [12ms]
2025-01-21 11:13:41.625 [info] fatal: not a git repository (or any parent up to mount point /)
Stopping at filesystem boundary (GIT_DISCOVERY_ACROSS_FILESYSTEM not set).
2025-01-21 11:14:48.809 [info] > git rev-parse --show-toplevel [33ms]
2025-01-21 11:14:48.809 [info] fatal: not a git repository (or any parent up to mount point /)
Stopping at filesystem boundary (GIT_DISCOVERY_ACROSS_FILESYSTEM not set).
2025-01-21 11:14:56.469 [info] > git rev-parse --show-toplevel [24ms]
2025-01-21 11:14:56.469 [info] fatal: not a git repository (or any parent up to mount point /)
Stopping at filesystem boundary (GIT_DISCOVERY_ACROSS_FILESYSTEM not set).
2025-01-21 11:14:56.523 [info] > git rev-parse --show-toplevel [16ms]
2025-01-21 11:14:56.523 [info] fatal: not a git repository (or any parent up to mount point /)
Stopping at filesystem boundary (GIT_DISCOVERY_ACROSS_FILESYSTEM not set).
2025-01-21 11:14:56.744 [info] > git rev-parse --show-toplevel [50ms]
2025-01-21 11:14:56.744 [info] fatal: not a git repository (or any parent up to mount point /)
Stopping at filesystem boundary (GIT_DISCOVERY_ACROSS_FILESYSTEM not set).
2025-01-21 11:14:56.880 [info] > git rev-parse --show-toplevel [38ms]
2025-01-21 11:14:56.880 [info] fatal: not a git repository (or any parent up to mount point /)
Stopping at filesystem boundary (GIT_DISCOVERY_ACROSS_FILESYSTEM not set).
2025-01-21 11:15:05.035 [info] > git rev-parse --show-toplevel [9ms]
2025-01-21 11:15:05.035 [info] fatal: not a git repository (or any parent up to mount point /)
Stopping at filesystem boundary (GIT_DISCOVERY_ACROSS_FILESYSTEM not set).
2025-01-21 11:15:16.060 [info] > git rev-parse --show-toplevel [9ms]
2025-01-21 11:15:16.060 [info] fatal: not a git repository (or any parent up to mount point /)
Stopping at filesystem boundary (GIT_DISCOVERY_ACROSS_FILESYSTEM not set).
2025-01-21 11:15:16.077 [info] > git rev-parse --show-toplevel [6ms]
2025-01-21 11:15:16.077 [info] fatal: not a git repository (or any parent up to mount point /)
Stopping at filesystem boundary (GIT_DISCOVERY_ACROSS_FILESYSTEM not set).
2025-01-21 11:15:16.089 [info] > git rev-parse --show-toplevel [3ms]
2025-01-21 11:15:16.089 [info] fatal: not a git repository (or any parent up to mount point /)
Stopping at filesystem boundary (GIT_DISCOVERY_ACROSS_FILESYSTEM not set).
2025-01-21 11:15:16.103 [info] > git rev-parse --show-toplevel [3ms]
2025-01-21 11:15:16.103 [info] fatal: not a git repository (or any parent up to mount point /)
Stopping at filesystem boundary (GIT_DISCOVERY_ACROSS_FILESYSTEM not set).
2025-01-21 11:15:16.115 [info] > git rev-parse --show-toplevel [2ms]
2025-01-21 11:15:16.115 [info] fatal: not a git repository (or any parent up to mount point /)
Stopping at filesystem boundary (GIT_DISCOVERY_ACROSS_FILESYSTEM not set).
2025-01-21 11:15:16.127 [info] > git rev-parse --show-toplevel [3ms]
2025-01-21 11:15:16.127 [info] fatal: not a git repository (or any parent up to mount point /)
Stopping at filesystem boundary (GIT_DISCOVERY_ACROSS_FILESYSTEM not set).
2025-01-21 11:15:18.993 [info] > git rev-parse --show-toplevel [3ms]
2025-01-21 11:15:18.993 [info] fatal: not a git repository (or any parent up to mount point /)
Stopping at filesystem boundary (GIT_DISCOVERY_ACROSS_FILESYSTEM not set).
2025-01-21 11:15:34.290 [info] > git rev-parse --show-toplevel [3ms]
2025-01-21 11:15:34.290 [info] fatal: not a git repository (or any parent up to mount point /)
Stopping at filesystem boundary (GIT_DISCOVERY_ACROSS_FILESYSTEM not set).
2025-01-21 11:15:35.858 [info] > git rev-parse --show-toplevel [3ms]
2025-01-21 11:15:35.858 [info] fatal: not a git repository (or any parent up to mount point /)
Stopping at filesystem boundary (GIT_DISCOVERY_ACROSS_FILESYSTEM not set).
2025-01-21 11:15:35.871 [info] > git rev-parse --show-toplevel [3ms]
2025-01-21 11:15:35.871 [info] fatal: not a git repository (or any parent up to mount point /)
Stopping at filesystem boundary (GIT_DISCOVERY_ACROSS_FILESYSTEM not set).
2025-01-21 11:15:35.885 [info] > git rev-parse --show-toplevel [2ms]
2025-01-21 11:15:35.885 [info] fatal: not a git repository (or any parent up to mount point /)
Stopping at filesystem boundary (GIT_DISCOVERY_ACROSS_FILESYSTEM not set).
2025-01-21 11:15:35.897 [info] > git rev-parse --show-toplevel [3ms]
2025-01-21 11:15:35.897 [info] fatal: not a git repository (or any parent up to mount point /)
Stopping at filesystem boundary (GIT_DISCOVERY_ACROSS_FILESYSTEM not set).
2025-01-21 11:16:58.070 [info] > git rev-parse --show-toplevel [22ms]
2025-01-21 11:16:58.071 [info] fatal: not a git repository (or any parent up to mount point /)
Stopping at filesystem boundary (GIT_DISCOVERY_ACROSS_FILESYSTEM not set).
2025-01-21 11:16:58.183 [info] > git rev-parse --show-toplevel [31ms]
2025-01-21 11:16:58.183 [info] fatal: not a git repository (or any parent up to mount point /)
Stopping at filesystem boundary (GIT_DISCOVERY_ACROSS_FILESYSTEM not set).
2025-01-21 11:16:58.331 [info] > git rev-parse --show-toplevel [49ms]
2025-01-21 11:16:58.331 [info] fatal: not a git repository (or any parent up to mount point /)
Stopping at filesystem boundary (GIT_DISCOVERY_ACROSS_FILESYSTEM not set).
2025-01-21 11:16:58.437 [info] > git rev-parse --show-toplevel [5ms]
2025-01-21 11:16:58.437 [info] fatal: not a git repository (or any parent up to mount point /)
Stopping at filesystem boundary (GIT_DISCOVERY_ACROSS_FILESYSTEM not set).
2025-01-21 11:16:58.488 [info] > git rev-parse --show-toplevel [3ms]
2025-01-21 11:16:58.488 [info] fatal: not a git repository (or any parent up to mount point /)
Stopping at filesystem boundary (GIT_DISCOVERY_ACROSS_FILESYSTEM not set).
2025-01-21 11:16:58.578 [info] > git rev-parse --show-toplevel [3ms]
2025-01-21 11:16:58.578 [info] fatal: not a git repository (or any parent up to mount point /)
Stopping at filesystem boundary (GIT_DISCOVERY_ACROSS_FILESYSTEM not set).
2025-01-21 11:16:58.605 [info] > git rev-parse --show-toplevel [1ms]
2025-01-21 11:16:58.605 [info] fatal: not a git repository (or any parent up to mount point /)
Stopping at filesystem boundary (GIT_DISCOVERY_ACROSS_FILESYSTEM not set).
2025-01-21 11:16:58.655 [info] > git rev-parse --show-toplevel [4ms]
2025-01-21 11:16:58.655 [info] fatal: not a git repository (or any parent up to mount point /)
Stopping at filesystem boundary (GIT_DISCOVERY_ACROSS_FILESYSTEM not set).
2025-01-21 11:17:55.332 [info] > git rev-parse --show-toplevel [7ms]
2025-01-21 11:17:55.332 [info] fatal: not a git repository (or any parent up to mount point /)
Stopping at filesystem boundary (GIT_DISCOVERY_ACROSS_FILESYSTEM not set).
2025-01-21 11:17:55.376 [info] > git rev-parse --show-toplevel [19ms]
2025-01-21 11:17:55.376 [info] fatal: not a git repository (or any parent up to mount point /)
Stopping at filesystem boundary (GIT_DISCOVERY_ACROSS_FILESYSTEM not set).
2025-01-21 11:17:55.392 [info] > git rev-parse --show-toplevel [3ms]
2025-01-21 11:17:55.393 [info] fatal: not a git repository (or any parent up to mount point /)
Stopping at filesystem boundary (GIT_DISCOVERY_ACROSS_FILESYSTEM not set).
2025-01-21 11:17:55.406 [info] > git rev-parse --show-toplevel [3ms]
2025-01-21 11:17:55.406 [info] fatal: not a git repository (or any parent up to mount point /)
Stopping at filesystem boundary (GIT_DISCOVERY_ACROSS_FILESYSTEM not set).
2025-01-21 11:17:55.422 [info] > git rev-parse --show-toplevel [3ms]
2025-01-21 11:17:55.422 [info] fatal: not a git repository (or any parent up to mount point /)
Stopping at filesystem boundary (GIT_DISCOVERY_ACROSS_FILESYSTEM not set).
2025-01-21 11:17:55.437 [info] > git rev-parse --show-toplevel [3ms]
2025-01-21 11:17:55.437 [info] fatal: not a git repository (or any parent up to mount point /)
Stopping at filesystem boundary (GIT_DISCOVERY_ACROSS_FILESYSTEM not set).
2025-01-21 11:17:55.453 [info] > git rev-parse --show-toplevel [3ms]
2025-01-21 11:17:55.453 [info] fatal: not a git repository (or any parent up to mount point /)
Stopping at filesystem boundary (GIT_DISCOVERY_ACROSS_FILESYSTEM not set).
2025-01-21 11:17:55.475 [info] > git rev-parse --show-toplevel [3ms]
2025-01-21 11:17:55.475 [info] fatal: not a git repository (or any parent up to mount point /)
Stopping at filesystem boundary (GIT_DISCOVERY_ACROSS_FILESYSTEM not set).
2025-01-21 11:17:55.508 [info] > git rev-parse --show-toplevel [6ms]
2025-01-21 11:17:55.508 [info] fatal: not a git repository (or any parent up to mount point /)
Stopping at filesystem boundary (GIT_DISCOVERY_ACROSS_FILESYSTEM not set).
2025-01-21 11:17:55.534 [info] > git rev-parse --show-toplevel [16ms]
2025-01-21 11:17:55.534 [info] fatal: not a git repository (or any parent up to mount point /)
Stopping at filesystem boundary (GIT_DISCOVERY_ACROSS_FILESYSTEM not set).
2025-01-21 11:17:55.553 [info] > git rev-parse --show-toplevel [3ms]
2025-01-21 11:17:55.553 [info] fatal: not a git repository (or any parent up to mount point /)
Stopping at filesystem boundary (GIT_DISCOVERY_ACROSS_FILESYSTEM not set).
2025-01-21 11:17:55.571 [info] > git rev-parse --show-toplevel [3ms]
2025-01-21 11:17:55.571 [info] fatal: not a git repository (or any parent up to mount point /)
Stopping at filesystem boundary (GIT_DISCOVERY_ACROSS_FILESYSTEM not set).
2025-01-21 11:17:55.583 [info] > git rev-parse --show-toplevel [3ms]
2025-01-21 11:17:55.584 [info] fatal: not a git repository (or any parent up to mount point /)
Stopping at filesystem boundary (GIT_DISCOVERY_ACROSS_FILESYSTEM not set).
2025-01-21 11:18:39.337 [info] > git rev-parse --show-toplevel [3ms]
2025-01-21 11:18:39.337 [info] fatal: not a git repository (or any parent up to mount point /)
Stopping at filesystem boundary (GIT_DISCOVERY_ACROSS_FILESYSTEM not set).
2025-01-21 11:18:39.346 [info] > git rev-parse --show-toplevel [1ms]
2025-01-21 11:18:39.346 [info] fatal: not a git repository (or any parent up to mount point /)
Stopping at filesystem boundary (GIT_DISCOVERY_ACROSS_FILESYSTEM not set).
2025-01-21 11:18:39.354 [info] > git rev-parse --show-toplevel [2ms]
2025-01-21 11:18:39.354 [info] fatal: not a git repository (or any parent up to mount point /)
Stopping at filesystem boundary (GIT_DISCOVERY_ACROSS_FILESYSTEM not set).
2025-01-21 11:18:39.366 [info] > git rev-parse --show-toplevel [3ms]
2025-01-21 11:18:39.366 [info] fatal: not a git repository (or any parent up to mount point /)
Stopping at filesystem boundary (GIT_DISCOVERY_ACROSS_FILESYSTEM not set).
2025-01-21 11:18:39.377 [info] > git rev-parse --show-toplevel [3ms]
2025-01-21 11:18:39.377 [info] fatal: not a git repository (or any parent up to mount point /)
Stopping at filesystem boundary (GIT_DISCOVERY_ACROSS_FILESYSTEM not set).
2025-01-21 11:23:37.219 [info] > git rev-parse --show-toplevel [9ms]
2025-01-21 11:23:37.219 [info] fatal: not a git repository (or any parent up to mount point /)
Stopping at filesystem boundary (GIT_DISCOVERY_ACROSS_FILESYSTEM not set).
2025-01-21 11:27:04.696 [info] > git rev-parse --show-toplevel [4ms]
2025-01-21 11:27:04.697 [info] fatal: not a git repository (or any parent up to mount point /)
Stopping at filesystem boundary (GIT_DISCOVERY_ACROSS_FILESYSTEM not set).
2025-01-21 11:36:47.071 [info] > git rev-parse --show-toplevel [5ms]
2025-01-21 11:36:47.071 [info] fatal: not a git repository (or any parent up to mount point /)
Stopping at filesystem boundary (GIT_DISCOVERY_ACROSS_FILESYSTEM not set).
2025-01-21 11:36:56.167 [info] > git rev-parse --show-toplevel [9ms]
2025-01-21 11:36:56.167 [info] fatal: not a git repository (or any parent up to mount point /)
Stopping at filesystem boundary (GIT_DISCOVERY_ACROSS_FILESYSTEM not set).
2025-01-21 11:42:50.114 [info] > git rev-parse --show-toplevel [4ms]
2025-01-21 11:42:50.114 [info] fatal: not a git repository (or any parent up to mount point /)
Stopping at filesystem boundary (GIT_DISCOVERY_ACROSS_FILESYSTEM not set).
2025-01-21 11:43:01.663 [info] > git rev-parse --show-toplevel [3ms]
2025-01-21 11:43:01.663 [info] fatal: not a git repository (or any parent up to mount point /)
Stopping at filesystem boundary (GIT_DISCOVERY_ACROSS_FILESYSTEM not set).
2025-01-21 11:45:22.508 [info] > git rev-parse --show-toplevel [12ms]
2025-01-21 11:45:22.508 [info] fatal: not a git repository (or any parent up to mount point /)
Stopping at filesystem boundary (GIT_DISCOVERY_ACROSS_FILESYSTEM not set).
2025-01-21 11:45:40.369 [info] > git rev-parse --show-toplevel [3ms]
2025-01-21 11:45:40.369 [info] fatal: not a git repository (or any parent up to mount point /)
Stopping at filesystem boundary (GIT_DISCOVERY_ACROSS_FILESYSTEM not set).
2025-01-21 11:50:31.718 [info] > git rev-parse --show-toplevel [9ms]
2025-01-21 11:50:31.718 [info] fatal: not a git repository (or any parent up to mount point /)
Stopping at filesystem boundary (GIT_DISCOVERY_ACROSS_FILESYSTEM not set).
2025-01-21 11:51:54.648 [info] > git rev-parse --show-toplevel [5ms]
2025-01-21 11:51:54.648 [info] fatal: not a git repository (or any parent up to mount point /)
Stopping at filesystem boundary (GIT_DISCOVERY_ACROSS_FILESYSTEM not set).
2025-01-21 11:52:50.128 [info] > git rev-parse --show-toplevel [7ms]
2025-01-21 11:52:50.128 [info] fatal: not a git repository (or any parent up to mount point /)
Stopping at filesystem boundary (GIT_DISCOVERY_ACROSS_FILESYSTEM not set).
2025-01-21 11:53:29.829 [info] > git rev-parse --show-toplevel [5ms]
2025-01-21 11:53:29.830 [info] fatal: not a git repository (or any parent up to mount point /)
Stopping at filesystem boundary (GIT_DISCOVERY_ACROSS_FILESYSTEM not set).
2025-01-21 11:53:46.805 [info] > git rev-parse --show-toplevel [2ms]
2025-01-21 11:53:46.805 [info] fatal: not a git repository (or any parent up to mount point /)
Stopping at filesystem boundary (GIT_DISCOVERY_ACROSS_FILESYSTEM not set).
2025-01-21 11:54:15.257 [info] > git rev-parse --show-toplevel [4ms]
2025-01-21 11:54:15.257 [info] fatal: not a git repository (or any parent up to mount point /)
Stopping at filesystem boundary (GIT_DISCOVERY_ACROSS_FILESYSTEM not set).
2025-01-21 11:54:20.062 [info] > git rev-parse --show-toplevel [2ms]
2025-01-21 11:54:20.062 [info] fatal: not a git repository (or any parent up to mount point /)
Stopping at filesystem boundary (GIT_DISCOVERY_ACROSS_FILESYSTEM not set).
2025-01-21 11:54:22.853 [info] > git rev-parse --show-toplevel [4ms]
2025-01-21 11:54:22.853 [info] fatal: not a git repository (or any parent up to mount point /)
Stopping at filesystem boundary (GIT_DISCOVERY_ACROSS_FILESYSTEM not set).
2025-01-21 11:57:56.578 [info] > git rev-parse --show-toplevel [8ms]
2025-01-21 11:57:56.578 [info] fatal: not a git repository (or any parent up to mount point /)
Stopping at filesystem boundary (GIT_DISCOVERY_ACROSS_FILESYSTEM not set).
2025-01-21 11:57:59.408 [info] > git rev-parse --show-toplevel [4ms]
2025-01-21 11:57:59.408 [info] fatal: not a git repository (or any parent up to mount point /)
Stopping at filesystem boundary (GIT_DISCOVERY_ACROSS_FILESYSTEM not set).
2025-01-21 11:58:07.194 [info] > git rev-parse --show-toplevel [2ms]
2025-01-21 11:58:07.194 [info] fatal: not a git repository (or any parent up to mount point /)
Stopping at filesystem boundary (GIT_DISCOVERY_ACROSS_FILESYSTEM not set).
2025-01-21 11:58:11.839 [info] > git rev-parse --show-toplevel [2ms]
2025-01-21 11:58:11.839 [info] fatal: not a git repository (or any parent up to mount point /)
Stopping at filesystem boundary (GIT_DISCOVERY_ACROSS_FILESYSTEM not set).
2025-01-21 11:58:56.710 [info] > git rev-parse --show-toplevel [3ms]
2025-01-21 11:58:56.710 [info] fatal: not a git repository (or any parent up to mount point /)
Stopping at filesystem boundary (GIT_DISCOVERY_ACROSS_FILESYSTEM not set).
2025-01-21 12:04:26.683 [info] > git rev-parse --show-toplevel [5ms]
2025-01-21 12:04:26.683 [info] fatal: not a git repository (or any parent up to mount point /)
Stopping at filesystem boundary (GIT_DISCOVERY_ACROSS_FILESYSTEM not set).
2025-01-21 12:05:37.241 [info] > git rev-parse --show-toplevel [6ms]
2025-01-21 12:05:37.242 [info] fatal: not a git repository (or any parent up to mount point /)
Stopping at filesystem boundary (GIT_DISCOVERY_ACROSS_FILESYSTEM not set).
2025-01-21 12:06:16.400 [info] > git rev-parse --show-toplevel [7ms]
2025-01-21 12:06:16.400 [info] fatal: not a git repository (or any parent up to mount point /)
Stopping at filesystem boundary (GIT_DISCOVERY_ACROSS_FILESYSTEM not set).
2025-01-21 12:06:26.429 [info] > git rev-parse --show-toplevel [5ms]
2025-01-21 12:06:26.429 [info] fatal: not a git repository (or any parent up to mount point /)
Stopping at filesystem boundary (GIT_DISCOVERY_ACROSS_FILESYSTEM not set).
2025-01-21 12:11:17.702 [info] > git rev-parse --show-toplevel [5ms]
2025-01-21 12:11:17.703 [info] fatal: not a git repository (or any parent up to mount point /)
Stopping at filesystem boundary (GIT_DISCOVERY_ACROSS_FILESYSTEM not set).
2025-01-21 12:14:48.907 [info] > git rev-parse --show-toplevel [5ms]
2025-01-21 12:14:48.907 [info] fatal: not a git repository (or any parent up to mount point /)
Stopping at filesystem boundary (GIT_DISCOVERY_ACROSS_FILESYSTEM not set).
2025-01-21 12:15:04.898 [info] > git rev-parse --show-toplevel [6ms]
2025-01-21 12:15:04.898 [info] fatal: not a git repository (or any parent up to mount point /)
Stopping at filesystem boundary (GIT_DISCOVERY_ACROSS_FILESYSTEM not set).
2025-01-21 12:20:21.069 [info] > git rev-parse --show-toplevel [2ms]
2025-01-21 12:20:21.069 [info] fatal: not a git repository (or any parent up to mount point /)
Stopping at filesystem boundary (GIT_DISCOVERY_ACROSS_FILESYSTEM not set).
2025-01-21 12:30:46.018 [info] > git rev-parse --show-toplevel [17ms]
2025-01-21 12:30:46.055 [info] fatal: not a git repository (or any parent up to mount point /)
Stopping at filesystem boundary (GIT_DISCOVERY_ACROSS_FILESYSTEM not set).
2025-01-21 12:31:14.903 [info] > git rev-parse --show-toplevel [5ms]
2025-01-21 12:31:14.903 [info] fatal: not a git repository (or any parent up to mount point /)
Stopping at filesystem boundary (GIT_DISCOVERY_ACROSS_FILESYSTEM not set).
2025-01-21 12:32:55.795 [info] > git rev-parse --show-toplevel [4ms]
2025-01-21 12:32:55.795 [info] fatal: not a git repository (or any parent up to mount point /)
Stopping at filesystem boundary (GIT_DISCOVERY_ACROSS_FILESYSTEM not set).
2025-01-21 12:35:36.743 [info] > git rev-parse --show-toplevel [4ms]
2025-01-21 12:35:36.744 [info] fatal: not a git repository (or any parent up to mount point /)
Stopping at filesystem boundary (GIT_DISCOVERY_ACROSS_FILESYSTEM not set).
2025-01-21 12:37:58.089 [info] > git rev-parse --show-toplevel [6ms]
2025-01-21 12:37:58.090 [info] fatal: not a git repository (or any parent up to mount point /)
Stopping at filesystem boundary (GIT_DISCOVERY_ACROSS_FILESYSTEM not set).
2025-01-21 12:42:42.327 [info] > git rev-parse --show-toplevel [7ms]
2025-01-21 12:42:42.327 [info] fatal: not a git repository (or any parent up to mount point /)
Stopping at filesystem boundary (GIT_DISCOVERY_ACROSS_FILESYSTEM not set).
2025-01-21 12:44:39.051 [info] > git rev-parse --show-toplevel [3ms]
2025-01-21 12:44:39.051 [info] fatal: not a git repository (or any parent up to mount point /)
Stopping at filesystem boundary (GIT_DISCOVERY_ACROSS_FILESYSTEM not set).
2025-01-21 12:45:00.237 [info] > git rev-parse --show-toplevel [3ms]
2025-01-21 12:45:00.237 [info] fatal: not a git repository (or any parent up to mount point /)
Stopping at filesystem boundary (GIT_DISCOVERY_ACROSS_FILESYSTEM not set).
2025-01-21 12:45:18.010 [info] > git rev-parse --show-toplevel [4ms]
2025-01-21 12:45:18.011 [info] fatal: not a git repository (or any parent up to mount point /)
Stopping at filesystem boundary (GIT_DISCOVERY_ACROSS_FILESYSTEM not set).
2025-01-21 12:45:20.227 [info] > git rev-parse --show-toplevel [6ms]
2025-01-21 12:45:20.228 [info] fatal: not a git repository (or any parent up to mount point /)
Stopping at filesystem boundary (GIT_DISCOVERY_ACROSS_FILESYSTEM not set).
2025-01-21 12:46:43.737 [info] > git rev-parse --show-toplevel [8ms]
2025-01-21 12:46:43.737 [info] fatal: not a git repository (or any parent up to mount point /)
Stopping at filesystem boundary (GIT_DISCOVERY_ACROSS_FILESYSTEM not set).
2025-01-21 12:46:56.837 [info] > git rev-parse --show-toplevel [7ms]
2025-01-21 12:46:56.837 [info] fatal: not a git repository (or any parent up to mount point /)
Stopping at filesystem boundary (GIT_DISCOVERY_ACROSS_FILESYSTEM not set).
2025-01-21 12:49:03.679 [info] > git rev-parse --show-toplevel [4ms]
2025-01-21 12:49:03.679 [info] fatal: not a git repository (or any parent up to mount point /)
Stopping at filesystem boundary (GIT_DISCOVERY_ACROSS_FILESYSTEM not set).
2025-01-21 12:50:17.912 [info] > git rev-parse --show-toplevel [9ms]
2025-01-21 12:50:17.913 [info] fatal: not a git repository (or any parent up to mount point /)
Stopping at filesystem boundary (GIT_DISCOVERY_ACROSS_FILESYSTEM not set).
