0 verbose cli /usr/local/nvm/versions/node/v22.13.0/bin/node /usr/local/nvm/versions/node/v22.13.0/bin/npm
1 info using npm@11.0.0
2 info using node@v22.13.0
3 silly config load:file:/usr/local/nvm/versions/node/v22.13.0/lib/node_modules/npm/npmrc
4 silly config load:file:/home/biswabandita_rout/Backend/.npmrc
5 silly config load:file:/home/biswabandita_rout/.npmrc
6 silly config load:file:/usr/local/nvm/versions/node/v22.13.0/etc/npmrc
7 verbose title npm install
8 verbose argv "install"
9 verbose logfile logs-max:10 dir:/home/biswabandita_rout/.npm/_logs/2025-01-22T06_24_05_524Z-
10 verbose logfile /home/biswabandita_rout/.npm/_logs/2025-01-22T06_24_05_524Z-debug-0.log
11 silly logfile start cleaning logs, removing 1 files
12 silly logfile done cleaning log files
13 silly packumentCache heap:2197815296 maxSize:549453824 maxEntrySize:274726912
14 silly idealTree buildDeps
15 silly reify moves {}
16 silly audit bulk request {
16 silly audit   '@colors/colors': [ '1.6.0' ],
16 silly audit   '@dabh/diagnostics': [ '2.0.3' ],
16 silly audit   '@google-cloud/bigquery': [ '7.9.1' ],
16 silly audit   '@google-cloud/common': [ '5.0.2' ],
16 silly audit   '@google-cloud/paginator': [ '5.0.2' ],
16 silly audit   '@google-cloud/precise-date': [ '4.0.0' ],
16 silly audit   '@google-cloud/projectify': [ '4.0.0' ],
16 silly audit   '@google-cloud/promisify': [ '4.0.0' ],
16 silly audit   '@google-cloud/storage': [ '7.13.0' ],
16 silly audit   mime: [ '3.0.0', '1.6.0' ],
16 silly audit   uuid: [ '8.3.2', '9.0.1' ],
16 silly audit   '@tootallnate/once': [ '2.0.0' ],
16 silly audit   '@types/body-parser': [ '1.19.5' ],
16 silly audit   '@types/caseless': [ '0.12.5' ],
16 silly audit   '@types/connect': [ '3.4.38' ],
16 silly audit   '@types/cookie-parser': [ '1.4.7' ],
16 silly audit   '@types/cors': [ '2.8.17' ],
16 silly audit   '@types/express': [ '4.17.21' ],
16 silly audit   '@types/express-serve-static-core': [ '4.19.5' ],
16 silly audit   '@types/http-errors': [ '2.0.4' ],
16 silly audit   '@types/mime': [ '1.3.5' ],
16 silly audit   '@types/multer': [ '1.4.12' ],
16 silly audit   '@types/node': [ '22.7.0' ],
16 silly audit   '@types/qs': [ '6.9.16' ],
16 silly audit   '@types/range-parser': [ '1.2.7' ],
16 silly audit   '@types/request': [ '2.48.12' ],
16 silly audit   '@types/send': [ '0.17.4' ],
16 silly audit   '@types/serve-static': [ '1.15.7' ],
16 silly audit   '@types/tough-cookie': [ '4.0.5' ],
16 silly audit   '@types/triple-beam': [ '1.3.5' ],
16 silly audit   'abort-controller': [ '3.0.0' ],
16 silly audit   accepts: [ '1.3.8' ],
16 silly audit   'agent-base': [ '7.1.1', '6.0.2' ],
16 silly audit   debug: [ '4.3.7', '2.6.9' ],
16 silly audit   ms: [ '2.1.3', '2.0.0' ],
16 silly audit   anymatch: [ '3.1.3' ],
16 silly audit   'append-field': [ '1.0.0' ],
16 silly audit   'array-flatten': [ '1.1.1' ],
16 silly audit   arrify: [ '2.0.1' ],
16 silly audit   async: [ '3.2.6' ],
16 silly audit   'async-retry': [ '1.3.3' ],
16 silly audit   asynckit: [ '0.4.0' ],
16 silly audit   axios: [ '1.7.7' ],
16 silly audit   'form-data': [ '4.0.1', '2.5.1' ],
16 silly audit   'balanced-match': [ '1.0.2' ],
16 silly audit   'base64-js': [ '1.5.1' ],
16 silly audit   'big.js': [ '6.2.2' ],
16 silly audit   'bignumber.js': [ '9.1.2' ],
16 silly audit   'binary-extensions': [ '2.3.0' ],
16 silly audit   'body-parser': [ '1.20.3' ],
16 silly audit   'brace-expansion': [ '1.1.11' ],
16 silly audit   braces: [ '3.0.3' ],
16 silly audit   'buffer-equal-constant-time': [ '1.0.1' ],
16 silly audit   'buffer-from': [ '1.1.2' ],
16 silly audit   busboy: [ '1.6.0' ],
16 silly audit   bytes: [ '3.1.2' ],
16 silly audit   'call-bind': [ '1.0.7' ],
16 silly audit   chokidar: [ '3.6.0' ],
16 silly audit   color: [ '3.2.1' ],
16 silly audit   'color-convert': [ '1.9.3' ],
16 silly audit   'color-name': [ '1.1.3' ],
16 silly audit   'color-string': [ '1.9.1' ],
16 silly audit   colorspace: [ '1.1.4' ],
16 silly audit   'combined-stream': [ '1.0.8' ],
16 silly audit   'concat-map': [ '0.0.1' ],
16 silly audit   'concat-stream': [ '1.6.2' ],
16 silly audit   'content-disposition': [ '0.5.4' ],
16 silly audit   'content-type': [ '1.0.5' ],
16 silly audit   cookie: [ '0.6.0', '0.4.1' ],
16 silly audit   'cookie-parser': [ '1.4.6' ],
16 silly audit   'cookie-signature': [ '1.0.6' ],
16 silly audit   'core-util-is': [ '1.0.3' ],
16 silly audit   cors: [ '2.8.5' ],
16 silly audit   'define-data-property': [ '1.1.4' ],
16 silly audit   'delayed-stream': [ '1.0.0' ],
16 silly audit   depd: [ '2.0.0' ],
16 silly audit   destroy: [ '1.2.0' ],
16 silly audit   dotenv: [ '16.4.5' ],
16 silly audit   duplexify: [ '4.1.3' ],
16 silly audit   'readable-stream': [ '3.6.2', '2.3.8' ],
16 silly audit   'ecdsa-sig-formatter': [ '1.0.11' ],
16 silly audit   'ee-first': [ '1.1.1' ],
16 silly audit   enabled: [ '2.0.0' ],
16 silly audit   encodeurl: [ '2.0.0', '1.0.2' ],
16 silly audit   'end-of-stream': [ '1.4.4' ],
16 silly audit   'es-define-property': [ '1.0.0' ],
16 silly audit   'es-errors': [ '1.3.0' ],
16 silly audit   'escape-html': [ '1.0.3' ],
16 silly audit   etag: [ '1.8.1' ],
16 silly audit   'event-target-shim': [ '5.0.1' ],
16 silly audit   express: [ '4.21.0' ],
16 silly audit   extend: [ '3.0.2' ],
16 silly audit   'fast-xml-parser': [ '4.5.0' ],
16 silly audit   fecha: [ '4.2.3' ],
16 silly audit   'fill-range': [ '7.1.1' ],
16 silly audit   finalhandler: [ '1.3.1' ],
16 silly audit   'fn.name': [ '1.1.0' ],
16 silly audit   'follow-redirects': [ '1.15.9' ],
16 silly audit   forwarded: [ '0.2.0' ],
16 silly audit   fresh: [ '0.5.2' ],
16 silly audit   fsevents: [ '2.3.3' ],
16 silly audit   'function-bind': [ '1.1.2' ],
16 silly audit   gaxios: [ '6.7.1' ],
16 silly audit   'gcp-metadata': [ '6.1.0' ],
16 silly audit   'get-intrinsic': [ '1.2.4' ],
16 silly audit   'glob-parent': [ '5.1.2' ],
16 silly audit   'google-auth-library': [ '9.14.1' ],
16 silly audit   gopd: [ '1.0.1' ],
16 silly audit   gtoken: [ '7.1.0' ],
16 silly audit   'has-flag': [ '3.0.0' ],
16 silly audit   'has-property-descriptors': [ '1.0.2' ],
16 silly audit   'has-proto': [ '1.0.3' ],
16 silly audit   'has-symbols': [ '1.0.3' ],
16 silly audit   hasown: [ '2.0.2' ],
16 silly audit   'html-entities': [ '2.5.2' ],
16 silly audit   'http-errors': [ '2.0.0' ],
16 silly audit   'http-proxy-agent': [ '5.0.0' ],
16 silly audit   'https-proxy-agent': [ '7.0.5', '5.0.1' ],
16 silly audit   'iconv-lite': [ '0.4.24' ],
16 silly audit   'ignore-by-default': [ '1.0.1' ],
16 silly audit   inherits: [ '2.0.4' ],
16 silly audit   'ipaddr.js': [ '1.9.1' ],
16 silly audit   is: [ '3.3.0' ],
16 silly audit   'is-arrayish': [ '0.3.2' ],
16 silly audit   'is-binary-path': [ '2.1.0' ],
16 silly audit   'is-extglob': [ '2.1.1' ],
16 silly audit   'is-glob': [ '4.0.3' ],
16 silly audit   'is-number': [ '7.0.0' ],
16 silly audit   'is-stream': [ '2.0.1' ],
16 silly audit   isarray: [ '1.0.0' ],
16 silly audit   'json-bigint': [ '1.0.0' ],
16 silly audit   jwa: [ '2.0.0' ],
16 silly audit   jws: [ '4.0.0' ],
16 silly audit   kuler: [ '2.0.0' ],
16 silly audit   logform: [ '2.6.1' ],
16 silly audit   'media-typer': [ '0.3.0' ],
16 silly audit   'merge-descriptors': [ '1.0.3' ],
16 silly audit   methods: [ '1.1.2' ],
16 silly audit   'mime-db': [ '1.52.0' ],
16 silly audit   'mime-types': [ '2.1.35' ],
16 silly audit   minimatch: [ '3.1.2' ],
16 silly audit   minimist: [ '1.2.8' ],
16 silly audit   mkdirp: [ '0.5.6' ],
16 silly audit   multer: [ '1.4.5-lts.1' ],
16 silly audit   negotiator: [ '0.6.3' ],
16 silly audit   'node-fetch': [ '2.7.0' ],
16 silly audit   nodemon: [ '3.1.7' ],
16 silly audit   'normalize-path': [ '3.0.0' ],
16 silly audit   'object-assign': [ '4.1.1' ],
16 silly audit   'object-inspect': [ '1.13.2' ],
16 silly audit   'on-finished': [ '2.4.1' ],
16 silly audit   once: [ '1.4.0' ],
16 silly audit   'one-time': [ '1.0.0' ],
16 silly audit   'p-limit': [ '3.1.0' ],
16 silly audit   parseurl: [ '1.3.3' ],
16 silly audit   'path-to-regexp': [ '0.1.10' ],
16 silly audit   picomatch: [ '2.3.1' ],
16 silly audit   'process-nextick-args': [ '2.0.1' ],
16 silly audit   'proxy-addr': [ '2.0.7' ],
16 silly audit   'proxy-from-env': [ '1.1.0' ],
16 silly audit   'pstree.remy': [ '1.1.8' ],
16 silly audit   qs: [ '6.13.0' ],
16 silly audit   'range-parser': [ '1.2.1' ],
16 silly audit   'raw-body': [ '2.5.2' ],
16 silly audit   'safe-buffer': [ '5.1.2', '5.2.1' ],
16 silly audit   readdirp: [ '3.6.0' ],
16 silly audit   retry: [ '0.13.1' ],
16 silly audit   'retry-request': [ '7.0.2' ],
16 silly audit   'safe-stable-stringify': [ '2.5.0' ],
16 silly audit   'safer-buffer': [ '2.1.2' ],
16 silly audit   semver: [ '7.6.3' ],
16 silly audit   send: [ '0.19.0' ],
16 silly audit   'serve-static': [ '1.16.2' ],
16 silly audit   'set-function-length': [ '1.2.2' ],
16 silly audit   setprototypeof: [ '1.2.0' ],
16 silly audit   'side-channel': [ '1.0.6' ],
16 silly audit   'simple-swizzle': [ '0.2.2' ],
16 silly audit   'simple-update-notifier': [ '2.0.0' ],
16 silly audit   'stack-trace': [ '0.0.10' ],
16 silly audit   statuses: [ '2.0.1' ],
16 silly audit   'stream-events': [ '1.0.5' ],
16 silly audit   'stream-shift': [ '1.0.3' ],
16 silly audit   streamsearch: [ '1.1.0' ],
16 silly audit   string_decoder: [ '1.1.1' ],
16 silly audit   strnum: [ '1.0.5' ],
16 silly audit   stubs: [ '3.0.0' ],
16 silly audit   'supports-color': [ '5.5.0' ],
16 silly audit   'teeny-request': [ '9.0.0' ],
16 silly audit   'text-hex': [ '1.0.0' ],
16 silly audit   'to-regex-range': [ '5.0.1' ],
16 silly audit   toidentifier: [ '1.0.1' ],
16 silly audit   touch: [ '3.1.1' ],
16 silly audit   tr46: [ '0.0.3' ],
16 silly audit   'triple-beam': [ '1.4.1' ],
16 silly audit   'type-is': [ '1.6.18' ],
16 silly audit   typecript: [ '0.0.1-security' ],
16 silly audit   typedarray: [ '0.0.6' ],
16 silly audit   typescript: [ '5.6.2' ],
16 silly audit   undefsafe: [ '2.0.5' ],
16 silly audit   'undici-types': [ '6.19.8' ],
16 silly audit   unpipe: [ '1.0.0' ],
16 silly audit   'util-deprecate': [ '1.0.2' ],
16 silly audit   'utils-merge': [ '1.0.1' ],
16 silly audit   vary: [ '1.1.2' ],
16 silly audit   'webidl-conversions': [ '3.0.1' ],
16 silly audit   'whatwg-url': [ '5.0.0' ],
16 silly audit   winston: [ '3.14.2' ],
16 silly audit   'winston-transport': [ '4.7.1' ],
16 silly audit   wrappy: [ '1.0.2' ],
16 silly audit   xtend: [ '4.0.2' ],
16 silly audit   'yocto-queue': [ '0.1.0' ]
16 silly audit }
17 verbose reify failed optional dependency /home/biswabandita_rout/Backend/node_modules/fsevents
18 silly reify mark deleted [ '/home/biswabandita_rout/Backend/node_modules/fsevents' ]
19 http cache yocto-queue@https://registry.npmjs.org/yocto-queue/-/yocto-queue-0.1.0.tgz 1ms (cache hit)
20 http cache xtend@https://registry.npmjs.org/xtend/-/xtend-4.0.2.tgz 0ms (cache hit)
21 http cache wrappy@https://registry.npmjs.org/wrappy/-/wrappy-1.0.2.tgz 0ms (cache hit)
22 http cache winston-transport@https://registry.npmjs.org/winston-transport/-/winston-transport-4.7.1.tgz 0ms (cache hit)
23 http cache winston@https://registry.npmjs.org/winston/-/winston-3.14.2.tgz 0ms (cache hit)
24 http cache whatwg-url@https://registry.npmjs.org/whatwg-url/-/whatwg-url-5.0.0.tgz 0ms (cache hit)
25 http cache webidl-conversions@https://registry.npmjs.org/webidl-conversions/-/webidl-conversions-3.0.1.tgz 0ms (cache hit)
26 http cache vary@https://registry.npmjs.org/vary/-/vary-1.1.2.tgz 0ms (cache hit)
27 http cache uuid@https://registry.npmjs.org/uuid/-/uuid-9.0.1.tgz 1ms (cache hit)
28 http cache utils-merge@https://registry.npmjs.org/utils-merge/-/utils-merge-1.0.1.tgz 0ms (cache hit)
29 http cache util-deprecate@https://registry.npmjs.org/util-deprecate/-/util-deprecate-1.0.2.tgz 0ms (cache hit)
30 http cache unpipe@https://registry.npmjs.org/unpipe/-/unpipe-1.0.0.tgz 0ms (cache hit)
31 http cache undici-types@https://registry.npmjs.org/undici-types/-/undici-types-6.19.8.tgz 0ms (cache hit)
32 http cache undefsafe@https://registry.npmjs.org/undefsafe/-/undefsafe-2.0.5.tgz 0ms (cache hit)
33 http cache typescript@https://registry.npmjs.org/typescript/-/typescript-5.6.2.tgz 0ms (cache hit)
34 http cache typedarray@https://registry.npmjs.org/typedarray/-/typedarray-0.0.6.tgz 0ms (cache hit)
35 http cache typecript@https://registry.npmjs.org/typecript/-/typecript-0.0.1-security.tgz 0ms (cache hit)
36 http cache type-is@https://registry.npmjs.org/type-is/-/type-is-1.6.18.tgz 0ms (cache hit)
37 http cache triple-beam@https://registry.npmjs.org/triple-beam/-/triple-beam-1.4.1.tgz 0ms (cache hit)
38 http cache tr46@https://registry.npmjs.org/tr46/-/tr46-0.0.3.tgz 0ms (cache hit)
39 http cache touch@https://registry.npmjs.org/touch/-/touch-3.1.1.tgz 0ms (cache hit)
40 http cache toidentifier@https://registry.npmjs.org/toidentifier/-/toidentifier-1.0.1.tgz 0ms (cache hit)
41 http cache to-regex-range@https://registry.npmjs.org/to-regex-range/-/to-regex-range-5.0.1.tgz 0ms (cache hit)
42 http cache text-hex@https://registry.npmjs.org/text-hex/-/text-hex-1.0.0.tgz 0ms (cache hit)
43 http cache teeny-request@https://registry.npmjs.org/teeny-request/-/teeny-request-9.0.0.tgz 0ms (cache hit)
44 http cache supports-color@https://registry.npmjs.org/supports-color/-/supports-color-5.5.0.tgz 0ms (cache hit)
45 http cache stubs@https://registry.npmjs.org/stubs/-/stubs-3.0.0.tgz 0ms (cache hit)
46 http cache strnum@https://registry.npmjs.org/strnum/-/strnum-1.0.5.tgz 0ms (cache hit)
47 http cache string_decoder@https://registry.npmjs.org/string_decoder/-/string_decoder-1.1.1.tgz 0ms (cache hit)
48 http cache streamsearch@https://registry.npmjs.org/streamsearch/-/streamsearch-1.1.0.tgz 0ms (cache hit)
49 http cache stream-shift@https://registry.npmjs.org/stream-shift/-/stream-shift-1.0.3.tgz 0ms (cache hit)
50 http cache stream-events@https://registry.npmjs.org/stream-events/-/stream-events-1.0.5.tgz 0ms (cache hit)
51 http cache statuses@https://registry.npmjs.org/statuses/-/statuses-2.0.1.tgz 0ms (cache hit)
52 http cache stack-trace@https://registry.npmjs.org/stack-trace/-/stack-trace-0.0.10.tgz 0ms (cache hit)
53 http cache simple-update-notifier@https://registry.npmjs.org/simple-update-notifier/-/simple-update-notifier-2.0.0.tgz 0ms (cache hit)
54 http cache simple-swizzle@https://registry.npmjs.org/simple-swizzle/-/simple-swizzle-0.2.2.tgz 0ms (cache hit)
55 http cache side-channel@https://registry.npmjs.org/side-channel/-/side-channel-1.0.6.tgz 0ms (cache hit)
56 http cache setprototypeof@https://registry.npmjs.org/setprototypeof/-/setprototypeof-1.2.0.tgz 0ms (cache hit)
57 http cache set-function-length@https://registry.npmjs.org/set-function-length/-/set-function-length-1.2.2.tgz 0ms (cache hit)
58 http cache serve-static@https://registry.npmjs.org/serve-static/-/serve-static-1.16.2.tgz 0ms (cache hit)
59 http cache send@https://registry.npmjs.org/send/-/send-0.19.0.tgz 0ms (cache hit)
60 http cache semver@https://registry.npmjs.org/semver/-/semver-7.6.3.tgz 0ms (cache hit)
61 http cache safer-buffer@https://registry.npmjs.org/safer-buffer/-/safer-buffer-2.1.2.tgz 0ms (cache hit)
62 http cache safe-stable-stringify@https://registry.npmjs.org/safe-stable-stringify/-/safe-stable-stringify-2.5.0.tgz 0ms (cache hit)
63 http cache safe-buffer@https://registry.npmjs.org/safe-buffer/-/safe-buffer-5.2.1.tgz 0ms (cache hit)
64 http cache retry-request@https://registry.npmjs.org/retry-request/-/retry-request-7.0.2.tgz 0ms (cache hit)
65 http cache retry@https://registry.npmjs.org/retry/-/retry-0.13.1.tgz 0ms (cache hit)
66 http cache readdirp@https://registry.npmjs.org/readdirp/-/readdirp-3.6.0.tgz 0ms (cache hit)
67 http cache readable-stream@https://registry.npmjs.org/readable-stream/-/readable-stream-2.3.8.tgz 0ms (cache hit)
68 http cache raw-body@https://registry.npmjs.org/raw-body/-/raw-body-2.5.2.tgz 0ms (cache hit)
69 http cache range-parser@https://registry.npmjs.org/range-parser/-/range-parser-1.2.1.tgz 0ms (cache hit)
70 http cache qs@https://registry.npmjs.org/qs/-/qs-6.13.0.tgz 0ms (cache hit)
71 http cache pstree.remy@https://registry.npmjs.org/pstree.remy/-/pstree.remy-1.1.8.tgz 0ms (cache hit)
72 http cache proxy-from-env@https://registry.npmjs.org/proxy-from-env/-/proxy-from-env-1.1.0.tgz 0ms (cache hit)
73 http cache proxy-addr@https://registry.npmjs.org/proxy-addr/-/proxy-addr-2.0.7.tgz 0ms (cache hit)
74 http cache process-nextick-args@https://registry.npmjs.org/process-nextick-args/-/process-nextick-args-2.0.1.tgz 0ms (cache hit)
75 http cache picomatch@https://registry.npmjs.org/picomatch/-/picomatch-2.3.1.tgz 0ms (cache hit)
76 http cache path-to-regexp@https://registry.npmjs.org/path-to-regexp/-/path-to-regexp-0.1.10.tgz 0ms (cache hit)
77 http cache parseurl@https://registry.npmjs.org/parseurl/-/parseurl-1.3.3.tgz 0ms (cache hit)
78 http cache p-limit@https://registry.npmjs.org/p-limit/-/p-limit-3.1.0.tgz 0ms (cache hit)
79 http cache one-time@https://registry.npmjs.org/one-time/-/one-time-1.0.0.tgz 0ms (cache hit)
80 http cache once@https://registry.npmjs.org/once/-/once-1.4.0.tgz 0ms (cache hit)
81 http cache on-finished@https://registry.npmjs.org/on-finished/-/on-finished-2.4.1.tgz 0ms (cache hit)
82 http cache object-inspect@https://registry.npmjs.org/object-inspect/-/object-inspect-1.13.2.tgz 0ms (cache hit)
83 http cache object-assign@https://registry.npmjs.org/object-assign/-/object-assign-4.1.1.tgz 0ms (cache hit)
84 http cache normalize-path@https://registry.npmjs.org/normalize-path/-/normalize-path-3.0.0.tgz 0ms (cache hit)
85 http cache nodemon@https://registry.npmjs.org/nodemon/-/nodemon-3.1.7.tgz 0ms (cache hit)
86 http cache node-fetch@https://registry.npmjs.org/node-fetch/-/node-fetch-2.7.0.tgz 0ms (cache hit)
87 http cache negotiator@https://registry.npmjs.org/negotiator/-/negotiator-0.6.3.tgz 0ms (cache hit)
88 http cache multer@https://registry.npmjs.org/multer/-/multer-1.4.5-lts.1.tgz 0ms (cache hit)
89 http cache ms@https://registry.npmjs.org/ms/-/ms-2.0.0.tgz 0ms (cache hit)
90 http cache mkdirp@https://registry.npmjs.org/mkdirp/-/mkdirp-0.5.6.tgz 0ms (cache hit)
91 http cache minimist@https://registry.npmjs.org/minimist/-/minimist-1.2.8.tgz 0ms (cache hit)
92 http cache minimatch@https://registry.npmjs.org/minimatch/-/minimatch-3.1.2.tgz 0ms (cache hit)
93 http cache mime-types@https://registry.npmjs.org/mime-types/-/mime-types-2.1.35.tgz 0ms (cache hit)
94 http cache mime-db@https://registry.npmjs.org/mime-db/-/mime-db-1.52.0.tgz 0ms (cache hit)
95 http cache mime@https://registry.npmjs.org/mime/-/mime-1.6.0.tgz 0ms (cache hit)
96 http cache methods@https://registry.npmjs.org/methods/-/methods-1.1.2.tgz 0ms (cache hit)
97 http cache merge-descriptors@https://registry.npmjs.org/merge-descriptors/-/merge-descriptors-1.0.3.tgz 0ms (cache hit)
98 http cache media-typer@https://registry.npmjs.org/media-typer/-/media-typer-0.3.0.tgz 0ms (cache hit)
99 http cache logform@https://registry.npmjs.org/logform/-/logform-2.6.1.tgz 0ms (cache hit)
100 http cache kuler@https://registry.npmjs.org/kuler/-/kuler-2.0.0.tgz 0ms (cache hit)
101 http cache jws@https://registry.npmjs.org/jws/-/jws-4.0.0.tgz 0ms (cache hit)
102 http cache jwa@https://registry.npmjs.org/jwa/-/jwa-2.0.0.tgz 0ms (cache hit)
103 http cache json-bigint@https://registry.npmjs.org/json-bigint/-/json-bigint-1.0.0.tgz 0ms (cache hit)
104 http cache isarray@https://registry.npmjs.org/isarray/-/isarray-1.0.0.tgz 0ms (cache hit)
105 http cache is-stream@https://registry.npmjs.org/is-stream/-/is-stream-2.0.1.tgz 0ms (cache hit)
106 http cache is-number@https://registry.npmjs.org/is-number/-/is-number-7.0.0.tgz 0ms (cache hit)
107 http cache is-glob@https://registry.npmjs.org/is-glob/-/is-glob-4.0.3.tgz 0ms (cache hit)
108 http cache is-extglob@https://registry.npmjs.org/is-extglob/-/is-extglob-2.1.1.tgz 0ms (cache hit)
109 http cache is-binary-path@https://registry.npmjs.org/is-binary-path/-/is-binary-path-2.1.0.tgz 0ms (cache hit)
110 http cache is-arrayish@https://registry.npmjs.org/is-arrayish/-/is-arrayish-0.3.2.tgz 0ms (cache hit)
111 http cache is@https://registry.npmjs.org/is/-/is-3.3.0.tgz 0ms (cache hit)
112 http cache ipaddr.js@https://registry.npmjs.org/ipaddr.js/-/ipaddr.js-1.9.1.tgz 0ms (cache hit)
113 http cache inherits@https://registry.npmjs.org/inherits/-/inherits-2.0.4.tgz 0ms (cache hit)
114 http cache ignore-by-default@https://registry.npmjs.org/ignore-by-default/-/ignore-by-default-1.0.1.tgz 0ms (cache hit)
115 http cache iconv-lite@https://registry.npmjs.org/iconv-lite/-/iconv-lite-0.4.24.tgz 0ms (cache hit)
116 http cache https-proxy-agent@https://registry.npmjs.org/https-proxy-agent/-/https-proxy-agent-7.0.5.tgz 0ms (cache hit)
117 http cache http-proxy-agent@https://registry.npmjs.org/http-proxy-agent/-/http-proxy-agent-5.0.0.tgz 0ms (cache hit)
118 http cache http-errors@https://registry.npmjs.org/http-errors/-/http-errors-2.0.0.tgz 0ms (cache hit)
119 http cache html-entities@https://registry.npmjs.org/html-entities/-/html-entities-2.5.2.tgz 0ms (cache hit)
120 http cache hasown@https://registry.npmjs.org/hasown/-/hasown-2.0.2.tgz 0ms (cache hit)
121 http cache has-symbols@https://registry.npmjs.org/has-symbols/-/has-symbols-1.0.3.tgz 0ms (cache hit)
122 http cache has-proto@https://registry.npmjs.org/has-proto/-/has-proto-1.0.3.tgz 0ms (cache hit)
123 http cache has-property-descriptors@https://registry.npmjs.org/has-property-descriptors/-/has-property-descriptors-1.0.2.tgz 0ms (cache hit)
124 http cache has-flag@https://registry.npmjs.org/has-flag/-/has-flag-3.0.0.tgz 0ms (cache hit)
125 http cache gtoken@https://registry.npmjs.org/gtoken/-/gtoken-7.1.0.tgz 0ms (cache hit)
126 http cache gopd@https://registry.npmjs.org/gopd/-/gopd-1.0.1.tgz 0ms (cache hit)
127 http cache google-auth-library@https://registry.npmjs.org/google-auth-library/-/google-auth-library-9.14.1.tgz 0ms (cache hit)
128 http cache glob-parent@https://registry.npmjs.org/glob-parent/-/glob-parent-5.1.2.tgz 0ms (cache hit)
129 http cache get-intrinsic@https://registry.npmjs.org/get-intrinsic/-/get-intrinsic-1.2.4.tgz 0ms (cache hit)
130 http cache gcp-metadata@https://registry.npmjs.org/gcp-metadata/-/gcp-metadata-6.1.0.tgz 0ms (cache hit)
131 http cache gaxios@https://registry.npmjs.org/gaxios/-/gaxios-6.7.1.tgz 0ms (cache hit)
132 http cache function-bind@https://registry.npmjs.org/function-bind/-/function-bind-1.1.2.tgz 0ms (cache hit)
133 http cache fresh@https://registry.npmjs.org/fresh/-/fresh-0.5.2.tgz 0ms (cache hit)
134 http cache forwarded@https://registry.npmjs.org/forwarded/-/forwarded-0.2.0.tgz 0ms (cache hit)
135 http cache form-data@https://registry.npmjs.org/form-data/-/form-data-2.5.1.tgz 0ms (cache hit)
136 http cache follow-redirects@https://registry.npmjs.org/follow-redirects/-/follow-redirects-1.15.9.tgz 0ms (cache hit)
137 http cache fn.name@https://registry.npmjs.org/fn.name/-/fn.name-1.1.0.tgz 0ms (cache hit)
138 http cache finalhandler@https://registry.npmjs.org/finalhandler/-/finalhandler-1.3.1.tgz 0ms (cache hit)
139 http cache fill-range@https://registry.npmjs.org/fill-range/-/fill-range-7.1.1.tgz 0ms (cache hit)
140 http cache fecha@https://registry.npmjs.org/fecha/-/fecha-4.2.3.tgz 0ms (cache hit)
141 http cache fast-xml-parser@https://registry.npmjs.org/fast-xml-parser/-/fast-xml-parser-4.5.0.tgz 0ms (cache hit)
142 http cache extend@https://registry.npmjs.org/extend/-/extend-3.0.2.tgz 0ms (cache hit)
143 http cache express@https://registry.npmjs.org/express/-/express-4.21.0.tgz 0ms (cache hit)
144 http cache event-target-shim@https://registry.npmjs.org/event-target-shim/-/event-target-shim-5.0.1.tgz 0ms (cache hit)
145 http cache etag@https://registry.npmjs.org/etag/-/etag-1.8.1.tgz 0ms (cache hit)
146 http cache escape-html@https://registry.npmjs.org/escape-html/-/escape-html-1.0.3.tgz 0ms (cache hit)
147 http cache es-errors@https://registry.npmjs.org/es-errors/-/es-errors-1.3.0.tgz 0ms (cache hit)
148 http cache es-define-property@https://registry.npmjs.org/es-define-property/-/es-define-property-1.0.0.tgz 0ms (cache hit)
149 http cache end-of-stream@https://registry.npmjs.org/end-of-stream/-/end-of-stream-1.4.4.tgz 0ms (cache hit)
150 http cache encodeurl@https://registry.npmjs.org/encodeurl/-/encodeurl-2.0.0.tgz 0ms (cache hit)
151 http cache enabled@https://registry.npmjs.org/enabled/-/enabled-2.0.0.tgz 0ms (cache hit)
152 http cache ee-first@https://registry.npmjs.org/ee-first/-/ee-first-1.1.1.tgz 0ms (cache hit)
153 http cache ecdsa-sig-formatter@https://registry.npmjs.org/ecdsa-sig-formatter/-/ecdsa-sig-formatter-1.0.11.tgz 0ms (cache hit)
154 http cache duplexify@https://registry.npmjs.org/duplexify/-/duplexify-4.1.3.tgz 0ms (cache hit)
155 http cache dotenv@https://registry.npmjs.org/dotenv/-/dotenv-16.4.5.tgz 1ms (cache hit)
156 http cache destroy@https://registry.npmjs.org/destroy/-/destroy-1.2.0.tgz 0ms (cache hit)
157 http cache depd@https://registry.npmjs.org/depd/-/depd-2.0.0.tgz 0ms (cache hit)
158 http cache delayed-stream@https://registry.npmjs.org/delayed-stream/-/delayed-stream-1.0.0.tgz 0ms (cache hit)
159 http cache define-data-property@https://registry.npmjs.org/define-data-property/-/define-data-property-1.1.4.tgz 0ms (cache hit)
160 http cache debug@https://registry.npmjs.org/debug/-/debug-2.6.9.tgz 0ms (cache hit)
161 http cache cors@https://registry.npmjs.org/cors/-/cors-2.8.5.tgz 0ms (cache hit)
162 http cache core-util-is@https://registry.npmjs.org/core-util-is/-/core-util-is-1.0.3.tgz 0ms (cache hit)
163 http cache cookie-signature@https://registry.npmjs.org/cookie-signature/-/cookie-signature-1.0.6.tgz 0ms (cache hit)
164 http cache cookie-parser@https://registry.npmjs.org/cookie-parser/-/cookie-parser-1.4.6.tgz 1ms (cache hit)
165 http cache cookie@https://registry.npmjs.org/cookie/-/cookie-0.6.0.tgz 0ms (cache hit)
166 http cache content-type@https://registry.npmjs.org/content-type/-/content-type-1.0.5.tgz 0ms (cache hit)
167 http cache content-disposition@https://registry.npmjs.org/content-disposition/-/content-disposition-0.5.4.tgz 0ms (cache hit)
168 http cache concat-stream@https://registry.npmjs.org/concat-stream/-/concat-stream-1.6.2.tgz 0ms (cache hit)
169 http cache concat-map@https://registry.npmjs.org/concat-map/-/concat-map-0.0.1.tgz 0ms (cache hit)
170 http cache combined-stream@https://registry.npmjs.org/combined-stream/-/combined-stream-1.0.8.tgz 0ms (cache hit)
171 http cache colorspace@https://registry.npmjs.org/colorspace/-/colorspace-1.1.4.tgz 0ms (cache hit)
172 http cache color-string@https://registry.npmjs.org/color-string/-/color-string-1.9.1.tgz 0ms (cache hit)
173 http cache color-name@https://registry.npmjs.org/color-name/-/color-name-1.1.3.tgz 0ms (cache hit)
174 http cache color-convert@https://registry.npmjs.org/color-convert/-/color-convert-1.9.3.tgz 0ms (cache hit)
175 http cache color@https://registry.npmjs.org/color/-/color-3.2.1.tgz 0ms (cache hit)
176 http cache chokidar@https://registry.npmjs.org/chokidar/-/chokidar-3.6.0.tgz 0ms (cache hit)
177 http cache call-bind@https://registry.npmjs.org/call-bind/-/call-bind-1.0.7.tgz 0ms (cache hit)
178 http cache bytes@https://registry.npmjs.org/bytes/-/bytes-3.1.2.tgz 0ms (cache hit)
179 http cache busboy@https://registry.npmjs.org/busboy/-/busboy-1.6.0.tgz 0ms (cache hit)
180 http cache buffer-from@https://registry.npmjs.org/buffer-from/-/buffer-from-1.1.2.tgz 0ms (cache hit)
181 http cache buffer-equal-constant-time@https://registry.npmjs.org/buffer-equal-constant-time/-/buffer-equal-constant-time-1.0.1.tgz 0ms (cache hit)
182 http cache braces@https://registry.npmjs.org/braces/-/braces-3.0.3.tgz 0ms (cache hit)
183 http cache brace-expansion@https://registry.npmjs.org/brace-expansion/-/brace-expansion-1.1.11.tgz 0ms (cache hit)
184 http cache body-parser@https://registry.npmjs.org/body-parser/-/body-parser-1.20.3.tgz 0ms (cache hit)
185 http cache binary-extensions@https://registry.npmjs.org/binary-extensions/-/binary-extensions-2.3.0.tgz 0ms (cache hit)
186 http cache bignumber.js@https://registry.npmjs.org/bignumber.js/-/bignumber.js-9.1.2.tgz 0ms (cache hit)
187 http cache big.js@https://registry.npmjs.org/big.js/-/big.js-6.2.2.tgz 0ms (cache hit)
188 http cache base64-js@https://registry.npmjs.org/base64-js/-/base64-js-1.5.1.tgz 0ms (cache hit)
189 http cache balanced-match@https://registry.npmjs.org/balanced-match/-/balanced-match-1.0.2.tgz 0ms (cache hit)
190 http cache axios@https://registry.npmjs.org/axios/-/axios-1.7.7.tgz 0ms (cache hit)
191 http cache asynckit@https://registry.npmjs.org/asynckit/-/asynckit-0.4.0.tgz 0ms (cache hit)
192 http cache async-retry@https://registry.npmjs.org/async-retry/-/async-retry-1.3.3.tgz 0ms (cache hit)
193 http cache async@https://registry.npmjs.org/async/-/async-3.2.6.tgz 0ms (cache hit)
194 http cache arrify@https://registry.npmjs.org/arrify/-/arrify-2.0.1.tgz 0ms (cache hit)
195 http cache array-flatten@https://registry.npmjs.org/array-flatten/-/array-flatten-1.1.1.tgz 0ms (cache hit)
196 http cache append-field@https://registry.npmjs.org/append-field/-/append-field-1.0.0.tgz 0ms (cache hit)
197 http cache anymatch@https://registry.npmjs.org/anymatch/-/anymatch-3.1.3.tgz 0ms (cache hit)
198 http cache agent-base@https://registry.npmjs.org/agent-base/-/agent-base-7.1.1.tgz 0ms (cache hit)
199 http cache accepts@https://registry.npmjs.org/accepts/-/accepts-1.3.8.tgz 0ms (cache hit)
200 http cache abort-controller@https://registry.npmjs.org/abort-controller/-/abort-controller-3.0.0.tgz 0ms (cache hit)
201 http cache @types/triple-beam@https://registry.npmjs.org/@types/triple-beam/-/triple-beam-1.3.5.tgz 0ms (cache hit)
202 http cache @types/tough-cookie@https://registry.npmjs.org/@types/tough-cookie/-/tough-cookie-4.0.5.tgz 0ms (cache hit)
203 http cache @types/serve-static@https://registry.npmjs.org/@types/serve-static/-/serve-static-1.15.7.tgz 0ms (cache hit)
204 http cache @types/send@https://registry.npmjs.org/@types/send/-/send-0.17.4.tgz 0ms (cache hit)
205 http cache @types/request@https://registry.npmjs.org/@types/request/-/request-2.48.12.tgz 0ms (cache hit)
206 http cache @types/range-parser@https://registry.npmjs.org/@types/range-parser/-/range-parser-1.2.7.tgz 0ms (cache hit)
207 http cache @types/qs@https://registry.npmjs.org/@types/qs/-/qs-6.9.16.tgz 0ms (cache hit)
208 http cache @types/node@https://registry.npmjs.org/@types/node/-/node-22.7.0.tgz 0ms (cache hit)
209 http cache @types/multer@https://registry.npmjs.org/@types/multer/-/multer-1.4.12.tgz 0ms (cache hit)
210 http cache @types/mime@https://registry.npmjs.org/@types/mime/-/mime-1.3.5.tgz 0ms (cache hit)
211 http cache @types/http-errors@https://registry.npmjs.org/@types/http-errors/-/http-errors-2.0.4.tgz 0ms (cache hit)
212 http cache @types/express-serve-static-core@https://registry.npmjs.org/@types/express-serve-static-core/-/express-serve-static-core-4.19.5.tgz 0ms (cache hit)
213 http cache @types/express@https://registry.npmjs.org/@types/express/-/express-4.17.21.tgz 0ms (cache hit)
214 http cache @types/cors@https://registry.npmjs.org/@types/cors/-/cors-2.8.17.tgz 0ms (cache hit)
215 http cache @types/cookie-parser@https://registry.npmjs.org/@types/cookie-parser/-/cookie-parser-1.4.7.tgz 0ms (cache hit)
216 http cache @types/connect@https://registry.npmjs.org/@types/connect/-/connect-3.4.38.tgz 0ms (cache hit)
217 http cache @types/caseless@https://registry.npmjs.org/@types/caseless/-/caseless-0.12.5.tgz 0ms (cache hit)
218 http cache @types/body-parser@https://registry.npmjs.org/@types/body-parser/-/body-parser-1.19.5.tgz 0ms (cache hit)
219 http cache @tootallnate/once@https://registry.npmjs.org/@tootallnate/once/-/once-2.0.0.tgz 0ms (cache hit)
220 http cache @google-cloud/storage@https://registry.npmjs.org/@google-cloud/storage/-/storage-7.13.0.tgz 0ms (cache hit)
221 http cache @google-cloud/promisify@https://registry.npmjs.org/@google-cloud/promisify/-/promisify-4.0.0.tgz 0ms (cache hit)
222 http cache @google-cloud/projectify@https://registry.npmjs.org/@google-cloud/projectify/-/projectify-4.0.0.tgz 0ms (cache hit)
223 http cache @google-cloud/precise-date@https://registry.npmjs.org/@google-cloud/precise-date/-/precise-date-4.0.0.tgz 0ms (cache hit)
224 http cache @google-cloud/paginator@https://registry.npmjs.org/@google-cloud/paginator/-/paginator-5.0.2.tgz 0ms (cache hit)
225 http cache @google-cloud/common@https://registry.npmjs.org/@google-cloud/common/-/common-5.0.2.tgz 0ms (cache hit)
226 http cache @google-cloud/bigquery@https://registry.npmjs.org/@google-cloud/bigquery/-/bigquery-7.9.1.tgz 0ms (cache hit)
227 http cache @dabh/diagnostics@https://registry.npmjs.org/@dabh/diagnostics/-/diagnostics-2.0.3.tgz 0ms (cache hit)
228 http cache @colors/colors@https://registry.npmjs.org/@colors/colors/-/colors-1.6.0.tgz 0ms (cache hit)
229 http cache readable-stream@https://registry.npmjs.org/readable-stream/-/readable-stream-3.6.2.tgz 0ms (cache hit)
230 http cache readable-stream@https://registry.npmjs.org/readable-stream/-/readable-stream-3.6.2.tgz 0ms (cache hit)
231 http cache ms@https://registry.npmjs.org/ms/-/ms-2.1.3.tgz 0ms (cache hit)
232 http cache https-proxy-agent@https://registry.npmjs.org/https-proxy-agent/-/https-proxy-agent-5.0.1.tgz 0ms (cache hit)
233 http cache debug@https://registry.npmjs.org/debug/-/debug-4.3.7.tgz 0ms (cache hit)
234 http cache agent-base@https://registry.npmjs.org/agent-base/-/agent-base-6.0.2.tgz 0ms (cache hit)
235 http cache safe-buffer@https://registry.npmjs.org/safe-buffer/-/safe-buffer-5.1.2.tgz 0ms (cache hit)
236 http cache ms@https://registry.npmjs.org/ms/-/ms-2.1.3.tgz 0ms (cache hit)
237 http cache encodeurl@https://registry.npmjs.org/encodeurl/-/encodeurl-1.0.2.tgz 0ms (cache hit)
238 http cache safe-buffer@https://registry.npmjs.org/safe-buffer/-/safe-buffer-5.1.2.tgz 0ms (cache hit)
239 http cache ms@https://registry.npmjs.org/ms/-/ms-2.1.3.tgz 0ms (cache hit)
240 http cache debug@https://registry.npmjs.org/debug/-/debug-4.3.7.tgz 0ms (cache hit)
241 http cache ms@https://registry.npmjs.org/ms/-/ms-2.1.3.tgz 0ms (cache hit)
242 http cache ms@https://registry.npmjs.org/ms/-/ms-2.1.3.tgz 0ms (cache hit)
243 http cache debug@https://registry.npmjs.org/debug/-/debug-4.3.7.tgz 0ms (cache hit)
244 http cache ms@https://registry.npmjs.org/ms/-/ms-2.1.3.tgz 0ms (cache hit)
245 http cache debug@https://registry.npmjs.org/debug/-/debug-4.3.7.tgz 0ms (cache hit)
246 http cache agent-base@https://registry.npmjs.org/agent-base/-/agent-base-6.0.2.tgz 0ms (cache hit)
247 http cache readable-stream@https://registry.npmjs.org/readable-stream/-/readable-stream-3.6.2.tgz 0ms (cache hit)
248 http cache cookie@https://registry.npmjs.org/cookie/-/cookie-0.4.1.tgz 0ms (cache hit)
249 http cache form-data@https://registry.npmjs.org/form-data/-/form-data-4.0.1.tgz 0ms (cache hit)
250 http cache ms@https://registry.npmjs.org/ms/-/ms-2.1.3.tgz 0ms (cache hit)
251 http cache debug@https://registry.npmjs.org/debug/-/debug-4.3.7.tgz 0ms (cache hit)
252 http cache uuid@https://registry.npmjs.org/uuid/-/uuid-8.3.2.tgz 0ms (cache hit)
253 http cache mime@https://registry.npmjs.org/mime/-/mime-3.0.0.tgz 0ms (cache hit)
254 silly tarball no local data for yocto-queue@https://registry.npmjs.org/yocto-queue/-/yocto-queue-0.1.0.tgz. Extracting by manifest.
255 silly tarball no local data for xtend@https://registry.npmjs.org/xtend/-/xtend-4.0.2.tgz. Extracting by manifest.
256 silly tarball no local data for winston-transport@https://registry.npmjs.org/winston-transport/-/winston-transport-4.7.1.tgz. Extracting by manifest.
257 silly tarball no local data for winston@https://registry.npmjs.org/winston/-/winston-3.14.2.tgz. Extracting by manifest.
258 silly tarball no local data for undefsafe@https://registry.npmjs.org/undefsafe/-/undefsafe-2.0.5.tgz. Extracting by manifest.
259 silly tarball no local data for typescript@https://registry.npmjs.org/typescript/-/typescript-5.6.2.tgz. Extracting by manifest.
260 silly tarball no local data for typedarray@https://registry.npmjs.org/typedarray/-/typedarray-0.0.6.tgz. Extracting by manifest.
261 silly tarball no local data for typecript@https://registry.npmjs.org/typecript/-/typecript-0.0.1-security.tgz. Extracting by manifest.
262 silly tarball no local data for triple-beam@https://registry.npmjs.org/triple-beam/-/triple-beam-1.4.1.tgz. Extracting by manifest.
263 silly tarball no local data for touch@https://registry.npmjs.org/touch/-/touch-3.1.1.tgz. Extracting by manifest.
264 silly tarball no local data for text-hex@https://registry.npmjs.org/text-hex/-/text-hex-1.0.0.tgz. Extracting by manifest.
265 silly tarball no local data for strnum@https://registry.npmjs.org/strnum/-/strnum-1.0.5.tgz. Extracting by manifest.
266 silly tarball no local data for streamsearch@https://registry.npmjs.org/streamsearch/-/streamsearch-1.1.0.tgz. Extracting by manifest.
267 silly tarball no local data for stack-trace@https://registry.npmjs.org/stack-trace/-/stack-trace-0.0.10.tgz. Extracting by manifest.
268 silly tarball no local data for simple-update-notifier@https://registry.npmjs.org/simple-update-notifier/-/simple-update-notifier-2.0.0.tgz. Extracting by manifest.
269 silly tarball no local data for simple-swizzle@https://registry.npmjs.org/simple-swizzle/-/simple-swizzle-0.2.2.tgz. Extracting by manifest.
270 silly tarball no local data for serve-static@https://registry.npmjs.org/serve-static/-/serve-static-1.16.2.tgz. Extracting by manifest.
271 silly tarball no local data for send@https://registry.npmjs.org/send/-/send-0.19.0.tgz. Extracting by manifest.
272 silly tarball no local data for safe-stable-stringify@https://registry.npmjs.org/safe-stable-stringify/-/safe-stable-stringify-2.5.0.tgz. Extracting by manifest.
273 silly tarball no local data for qs@https://registry.npmjs.org/qs/-/qs-6.13.0.tgz. Extracting by manifest.
274 silly tarball no local data for pstree.remy@https://registry.npmjs.org/pstree.remy/-/pstree.remy-1.1.8.tgz. Extracting by manifest.
275 silly tarball no local data for proxy-from-env@https://registry.npmjs.org/proxy-from-env/-/proxy-from-env-1.1.0.tgz. Extracting by manifest.
276 silly tarball no local data for path-to-regexp@https://registry.npmjs.org/path-to-regexp/-/path-to-regexp-0.1.10.tgz. Extracting by manifest.
277 silly tarball no local data for p-limit@https://registry.npmjs.org/p-limit/-/p-limit-3.1.0.tgz. Extracting by manifest.
278 silly tarball no local data for one-time@https://registry.npmjs.org/one-time/-/one-time-1.0.0.tgz. Extracting by manifest.
279 silly tarball no local data for nodemon@https://registry.npmjs.org/nodemon/-/nodemon-3.1.7.tgz. Extracting by manifest.
280 silly tarball no local data for multer@https://registry.npmjs.org/multer/-/multer-1.4.5-lts.1.tgz. Extracting by manifest.
281 silly tarball no local data for merge-descriptors@https://registry.npmjs.org/merge-descriptors/-/merge-descriptors-1.0.3.tgz. Extracting by manifest.
282 silly tarball no local data for logform@https://registry.npmjs.org/logform/-/logform-2.6.1.tgz. Extracting by manifest.
283 silly tarball no local data for kuler@https://registry.npmjs.org/kuler/-/kuler-2.0.0.tgz. Extracting by manifest.
284 silly tarball no local data for is-arrayish@https://registry.npmjs.org/is-arrayish/-/is-arrayish-0.3.2.tgz. Extracting by manifest.
285 silly tarball no local data for ignore-by-default@https://registry.npmjs.org/ignore-by-default/-/ignore-by-default-1.0.1.tgz. Extracting by manifest.
286 silly tarball no local data for fn.name@https://registry.npmjs.org/fn.name/-/fn.name-1.1.0.tgz. Extracting by manifest.
287 silly tarball no local data for finalhandler@https://registry.npmjs.org/finalhandler/-/finalhandler-1.3.1.tgz. Extracting by manifest.
288 silly tarball no local data for fecha@https://registry.npmjs.org/fecha/-/fecha-4.2.3.tgz. Extracting by manifest.
289 silly tarball no local data for fast-xml-parser@https://registry.npmjs.org/fast-xml-parser/-/fast-xml-parser-4.5.0.tgz. Extracting by manifest.
290 silly tarball no local data for express@https://registry.npmjs.org/express/-/express-4.21.0.tgz. Extracting by manifest.
291 silly tarball no local data for event-target-shim@https://registry.npmjs.org/event-target-shim/-/event-target-shim-5.0.1.tgz. Extracting by manifest.
292 silly tarball no local data for encodeurl@https://registry.npmjs.org/encodeurl/-/encodeurl-2.0.0.tgz. Extracting by manifest.
293 silly tarball no local data for enabled@https://registry.npmjs.org/enabled/-/enabled-2.0.0.tgz. Extracting by manifest.
294 silly tarball no local data for dotenv@https://registry.npmjs.org/dotenv/-/dotenv-16.4.5.tgz. Extracting by manifest.
295 silly tarball no local data for cookie-parser@https://registry.npmjs.org/cookie-parser/-/cookie-parser-1.4.6.tgz. Extracting by manifest.
296 silly tarball no local data for concat-stream@https://registry.npmjs.org/concat-stream/-/concat-stream-1.6.2.tgz. Extracting by manifest.
297 silly tarball no local data for colorspace@https://registry.npmjs.org/colorspace/-/colorspace-1.1.4.tgz. Extracting by manifest.
298 silly tarball no local data for color-string@https://registry.npmjs.org/color-string/-/color-string-1.9.1.tgz. Extracting by manifest.
299 silly tarball no local data for color@https://registry.npmjs.org/color/-/color-3.2.1.tgz. Extracting by manifest.
300 silly tarball no local data for busboy@https://registry.npmjs.org/busboy/-/busboy-1.6.0.tgz. Extracting by manifest.
301 silly tarball no local data for body-parser@https://registry.npmjs.org/body-parser/-/body-parser-1.20.3.tgz. Extracting by manifest.
302 silly tarball no local data for axios@https://registry.npmjs.org/axios/-/axios-1.7.7.tgz. Extracting by manifest.
303 silly tarball no local data for async-retry@https://registry.npmjs.org/async-retry/-/async-retry-1.3.3.tgz. Extracting by manifest.
304 silly tarball no local data for async@https://registry.npmjs.org/async/-/async-3.2.6.tgz. Extracting by manifest.
305 silly tarball no local data for append-field@https://registry.npmjs.org/append-field/-/append-field-1.0.0.tgz. Extracting by manifest.
306 silly tarball no local data for abort-controller@https://registry.npmjs.org/abort-controller/-/abort-controller-3.0.0.tgz. Extracting by manifest.
307 silly tarball no local data for @types/triple-beam@https://registry.npmjs.org/@types/triple-beam/-/triple-beam-1.3.5.tgz. Extracting by manifest.
308 silly tarball no local data for @types/qs@https://registry.npmjs.org/@types/qs/-/qs-6.9.16.tgz. Extracting by manifest.
309 silly tarball no local data for @types/node@https://registry.npmjs.org/@types/node/-/node-22.7.0.tgz. Extracting by manifest.
310 silly tarball no local data for @types/cookie-parser@https://registry.npmjs.org/@types/cookie-parser/-/cookie-parser-1.4.7.tgz. Extracting by manifest.
311 silly tarball no local data for @google-cloud/storage@https://registry.npmjs.org/@google-cloud/storage/-/storage-7.13.0.tgz. Extracting by manifest.
312 silly tarball no local data for @dabh/diagnostics@https://registry.npmjs.org/@dabh/diagnostics/-/diagnostics-2.0.3.tgz. Extracting by manifest.
313 silly tarball no local data for @colors/colors@https://registry.npmjs.org/@colors/colors/-/colors-1.6.0.tgz. Extracting by manifest.
314 silly tarball no local data for cookie@https://registry.npmjs.org/cookie/-/cookie-0.4.1.tgz. Extracting by manifest.
315 silly tarball no local data for form-data@https://registry.npmjs.org/form-data/-/form-data-4.0.1.tgz. Extracting by manifest.
316 silly tarball no local data for mime@https://registry.npmjs.org/mime/-/mime-3.0.0.tgz. Extracting by manifest.
317 http fetch POST 200 https://registry.npmjs.org/-/npm/v1/security/advisories/bulk 1054ms
318 silly audit report {
318 silly audit report   cookie: [
318 silly audit report     {
318 silly audit report       id: 1099846,
318 silly audit report       url: 'https://github.com/advisories/GHSA-pxg6-pf52-xh8x',
318 silly audit report       title: 'cookie accepts cookie name, path, and domain with out of bounds characters',
318 silly audit report       severity: 'low',
318 silly audit report       vulnerable_versions: '<0.7.0',
318 silly audit report       cwe: [Array],
318 silly audit report       cvss: [Object]
318 silly audit report     }
318 silly audit report   ],
318 silly audit report   'path-to-regexp': [
318 silly audit report     {
318 silly audit report       id: 1101081,
318 silly audit report       url: 'https://github.com/advisories/GHSA-rhx6-c78j-4q9w',
318 silly audit report       title: 'Unpatched `path-to-regexp` ReDoS in 0.1.x',
318 silly audit report       severity: 'moderate',
318 silly audit report       vulnerable_versions: '<0.1.12',
318 silly audit report       cwe: [Array],
318 silly audit report       cvss: [Object]
318 silly audit report     }
318 silly audit report   ]
318 silly audit report }
319 silly packumentCache corgi:https://registry.npmjs.org/cookie cache-miss
320 silly packumentCache corgi:https://registry.npmjs.org/path-to-regexp cache-miss
321 http fetch GET 200 https://registry.npmjs.org/fn.name/-/fn.name-1.1.0.tgz 1443ms (cache miss)
322 http fetch GET 200 https://registry.npmjs.org/color-string/-/color-string-1.9.1.tgz 1435ms (cache miss)
323 http fetch GET 200 https://registry.npmjs.org/append-field/-/append-field-1.0.0.tgz 1433ms (cache miss)
324 http fetch GET 200 https://registry.npmjs.org/text-hex/-/text-hex-1.0.0.tgz 1497ms (cache miss)
325 http fetch GET 200 https://registry.npmjs.org/simple-swizzle/-/simple-swizzle-0.2.2.tgz 1495ms (cache miss)
326 http fetch GET 200 https://registry.npmjs.org/ignore-by-default/-/ignore-by-default-1.0.1.tgz 1484ms (cache miss)
327 http fetch GET 200 https://registry.npmjs.org/color/-/color-3.2.1.tgz 1473ms (cache miss)
328 http fetch GET 200 https://registry.npmjs.org/async-retry/-/async-retry-1.3.3.tgz 1477ms (cache miss)
329 http fetch GET 200 https://registry.npmjs.org/form-data/-/form-data-4.0.1.tgz 1459ms (cache miss)
330 http fetch GET 200 https://registry.npmjs.org/xtend/-/xtend-4.0.2.tgz 1537ms (cache miss)
331 http fetch GET 200 https://registry.npmjs.org/yocto-queue/-/yocto-queue-0.1.0.tgz 1541ms (cache miss)
332 http fetch GET 200 https://registry.npmjs.org/path-to-regexp/-/path-to-regexp-0.1.10.tgz 1520ms (cache miss)
333 http fetch GET 200 https://registry.npmjs.org/kuler/-/kuler-2.0.0.tgz 1512ms (cache miss)
334 http fetch GET 200 https://registry.npmjs.org/p-limit/-/p-limit-3.1.0.tgz 1521ms (cache miss)
335 http fetch GET 200 https://registry.npmjs.org/one-time/-/one-time-1.0.0.tgz 1521ms (cache miss)
336 http fetch GET 200 https://registry.npmjs.org/merge-descriptors/-/merge-descriptors-1.0.3.tgz 1517ms (cache miss)
337 http fetch GET 200 https://registry.npmjs.org/encodeurl/-/encodeurl-2.0.0.tgz 1507ms (cache miss)
338 http fetch GET 200 https://registry.npmjs.org/colorspace/-/colorspace-1.1.4.tgz 1503ms (cache miss)
339 http fetch GET 200 https://registry.npmjs.org/cookie/-/cookie-0.4.1.tgz 1482ms (cache miss)
340 http fetch GET 200 https://registry.npmjs.org/@types/triple-beam/-/triple-beam-1.3.5.tgz 1500ms (cache miss)
341 http fetch GET 200 https://registry.npmjs.org/stack-trace/-/stack-trace-0.0.10.tgz 1547ms (cache miss)
342 http fetch GET 200 https://registry.npmjs.org/touch/-/touch-3.1.1.tgz 1551ms (cache miss)
343 http fetch GET 200 https://registry.npmjs.org/strnum/-/strnum-1.0.5.tgz 1550ms (cache miss)
344 http fetch GET 200 https://registry.npmjs.org/proxy-from-env/-/proxy-from-env-1.1.0.tgz 1545ms (cache miss)
345 http fetch GET 200 https://registry.npmjs.org/is-arrayish/-/is-arrayish-0.3.2.tgz 1541ms (cache miss)
346 http fetch GET 200 https://registry.npmjs.org/enabled/-/enabled-2.0.0.tgz 1535ms (cache miss)
347 http fetch GET 200 https://registry.npmjs.org/cookie-parser/-/cookie-parser-1.4.6.tgz 1541ms (cache miss)
348 http fetch GET 200 https://registry.npmjs.org/concat-stream/-/concat-stream-1.6.2.tgz 1542ms (cache miss)
349 http fetch GET 200 https://registry.npmjs.org/@types/qs/-/qs-6.9.16.tgz 1532ms (cache miss)
350 http fetch GET 200 https://registry.npmjs.org/undefsafe/-/undefsafe-2.0.5.tgz 1587ms (cache miss)
351 http fetch GET 200 https://registry.npmjs.org/finalhandler/-/finalhandler-1.3.1.tgz 1561ms (cache miss)
352 http fetch GET 200 https://registry.npmjs.org/triple-beam/-/triple-beam-1.4.1.tgz 1599ms (cache miss)
353 http fetch GET 200 https://registry.npmjs.org/typedarray/-/typedarray-0.0.6.tgz 1602ms (cache miss)
354 http fetch GET 200 https://registry.npmjs.org/safe-stable-stringify/-/safe-stable-stringify-2.5.0.tgz 1594ms (cache miss)
355 http fetch GET 200 https://registry.npmjs.org/typecript/-/typecript-0.0.1-security.tgz 1616ms (cache miss)
356 http fetch GET 200 https://registry.npmjs.org/body-parser/-/body-parser-1.20.3.tgz 1608ms (cache miss)
357 http fetch GET 200 https://registry.npmjs.org/serve-static/-/serve-static-1.16.2.tgz 1659ms (cache miss)
358 http fetch GET 200 https://registry.npmjs.org/streamsearch/-/streamsearch-1.1.0.tgz 1663ms (cache miss)
359 http fetch GET 200 https://registry.npmjs.org/@types/cookie-parser/-/cookie-parser-1.4.7.tgz 1646ms (cache miss)
360 http fetch GET 200 https://registry.npmjs.org/simple-update-notifier/-/simple-update-notifier-2.0.0.tgz 1694ms (cache miss)
361 http fetch GET 200 https://registry.npmjs.org/pstree.remy/-/pstree.remy-1.1.8.tgz 1712ms (cache miss)
362 http fetch GET 200 https://registry.npmjs.org/dotenv/-/dotenv-16.4.5.tgz 1708ms (cache miss)
363 http fetch GET 200 https://registry.npmjs.org/send/-/send-0.19.0.tgz 1744ms (cache miss)
364 http fetch GET 200 https://registry.npmjs.org/multer/-/multer-1.4.5-lts.1.tgz 1790ms (cache miss)
365 http fetch GET 200 https://registry.npmjs.org/abort-controller/-/abort-controller-3.0.0.tgz 1776ms (cache miss)
366 http fetch GET 200 https://registry.npmjs.org/@colors/colors/-/colors-1.6.0.tgz 1778ms (cache miss)
367 http fetch GET 200 https://registry.npmjs.org/cookie 1015ms (cache updated)
368 silly packumentCache corgi:https://registry.npmjs.org/cookie set size:undefined disposed:false
369 http fetch GET 200 https://registry.npmjs.org/mime/-/mime-3.0.0.tgz 1786ms (cache miss)
370 http fetch GET 200 https://registry.npmjs.org/winston-transport/-/winston-transport-4.7.1.tgz 1886ms (cache miss)
371 http fetch GET 200 https://registry.npmjs.org/event-target-shim/-/event-target-shim-5.0.1.tgz 1854ms (cache miss)
372 http fetch GET 200 https://registry.npmjs.org/path-to-regexp 1070ms (cache updated)
373 silly packumentCache corgi:https://registry.npmjs.org/path-to-regexp set size:undefined disposed:false
374 silly packumentCache corgi:https://registry.npmjs.org/express cache-miss
375 silly packumentCache corgi:https://registry.npmjs.org/cookie-parser cache-miss
376 http fetch GET 200 https://registry.npmjs.org/@dabh/diagnostics/-/diagnostics-2.0.3.tgz 1855ms (cache miss)
377 http fetch GET 200 https://registry.npmjs.org/fecha/-/fecha-4.2.3.tgz 1908ms (cache miss)
378 http fetch GET 200 https://registry.npmjs.org/busboy/-/busboy-1.6.0.tgz 1943ms (cache miss)
379 http fetch GET 200 https://registry.npmjs.org/express/-/express-4.21.0.tgz 2000ms (cache miss)
380 http fetch GET 200 https://registry.npmjs.org/qs/-/qs-6.13.0.tgz 2028ms (cache miss)
381 http fetch GET 200 https://registry.npmjs.org/logform/-/logform-2.6.1.tgz 2110ms (cache miss)
382 http fetch GET 200 https://registry.npmjs.org/nodemon/-/nodemon-3.1.7.tgz 2173ms (cache miss)
383 http fetch GET 200 https://registry.npmjs.org/express 296ms (cache updated)
384 silly packumentCache corgi:https://registry.npmjs.org/express set size:undefined disposed:false
385 http fetch GET 200 https://registry.npmjs.org/winston/-/winston-3.14.2.tgz 2226ms (cache miss)
386 http fetch GET 200 https://registry.npmjs.org/fast-xml-parser/-/fast-xml-parser-4.5.0.tgz 2200ms (cache miss)
387 http fetch GET 200 https://registry.npmjs.org/async/-/async-3.2.6.tgz 2324ms (cache miss)
388 http fetch GET 200 https://registry.npmjs.org/@types/node/-/node-22.7.0.tgz 2348ms (cache miss)
389 http fetch GET 200 https://registry.npmjs.org/@google-cloud/storage/-/storage-7.13.0.tgz 2359ms (cache miss)
390 http fetch GET 200 https://registry.npmjs.org/axios/-/axios-1.7.7.tgz 2382ms (cache miss)
391 http fetch GET 200 https://registry.npmjs.org/cookie-parser 661ms (cache miss)
392 silly packumentCache corgi:https://registry.npmjs.org/cookie-parser set size:undefined disposed:false
393 http fetch GET 200 https://registry.npmjs.org/typescript/-/typescript-5.6.2.tgz 2806ms (cache miss)
394 silly ADD node_modules/yocto-queue
395 silly ADD node_modules/xtend
396 silly ADD node_modules/wrappy
397 silly ADD node_modules/winston-transport
398 silly ADD node_modules/winston-transport/node_modules/readable-stream
399 silly ADD node_modules/winston
400 silly ADD node_modules/winston/node_modules/readable-stream
401 silly ADD node_modules/whatwg-url
402 silly ADD node_modules/webidl-conversions
403 silly ADD node_modules/vary
404 silly ADD node_modules/uuid
405 silly ADD node_modules/utils-merge
406 silly ADD node_modules/util-deprecate
407 silly ADD node_modules/unpipe
408 silly ADD node_modules/undici-types
409 silly ADD node_modules/undefsafe
410 silly ADD node_modules/typescript
411 silly ADD node_modules/typedarray
412 silly ADD node_modules/typecript
413 silly ADD node_modules/type-is
414 silly ADD node_modules/triple-beam
415 silly ADD node_modules/tr46
416 silly ADD node_modules/touch
417 silly ADD node_modules/toidentifier
418 silly ADD node_modules/to-regex-range
419 silly ADD node_modules/text-hex
420 silly ADD node_modules/teeny-request
421 silly ADD node_modules/teeny-request/node_modules/ms
422 silly ADD node_modules/teeny-request/node_modules/https-proxy-agent
423 silly ADD node_modules/teeny-request/node_modules/debug
424 silly ADD node_modules/teeny-request/node_modules/agent-base
425 silly ADD node_modules/supports-color
426 silly ADD node_modules/stubs
427 silly ADD node_modules/strnum
428 silly ADD node_modules/string_decoder
429 silly ADD node_modules/string_decoder/node_modules/safe-buffer
430 silly ADD node_modules/streamsearch
431 silly ADD node_modules/stream-shift
432 silly ADD node_modules/stream-events
433 silly ADD node_modules/statuses
434 silly ADD node_modules/stack-trace
435 silly ADD node_modules/simple-update-notifier
436 silly ADD node_modules/simple-swizzle
437 silly ADD node_modules/side-channel
438 silly ADD node_modules/setprototypeof
439 silly ADD node_modules/set-function-length
440 silly ADD node_modules/serve-static
441 silly ADD node_modules/send
442 silly ADD node_modules/send/node_modules/ms
443 silly ADD node_modules/send/node_modules/encodeurl
444 silly ADD node_modules/semver
445 silly ADD node_modules/safer-buffer
446 silly ADD node_modules/safe-stable-stringify
447 silly ADD node_modules/safe-buffer
448 silly ADD node_modules/retry-request
449 silly ADD node_modules/retry
450 silly ADD node_modules/readdirp
451 silly ADD node_modules/readable-stream
452 silly ADD node_modules/readable-stream/node_modules/safe-buffer
453 silly ADD node_modules/raw-body
454 silly ADD node_modules/range-parser
455 silly ADD node_modules/qs
456 silly ADD node_modules/pstree.remy
457 silly ADD node_modules/proxy-from-env
458 silly ADD node_modules/proxy-addr
459 silly ADD node_modules/process-nextick-args
460 silly ADD node_modules/picomatch
461 silly ADD node_modules/path-to-regexp
462 silly ADD node_modules/parseurl
463 silly ADD node_modules/p-limit
464 silly ADD node_modules/one-time
465 silly ADD node_modules/once
466 silly ADD node_modules/on-finished
467 silly ADD node_modules/object-inspect
468 silly ADD node_modules/object-assign
469 silly ADD node_modules/normalize-path
470 silly ADD node_modules/nodemon
471 silly ADD node_modules/nodemon/node_modules/ms
472 silly ADD node_modules/nodemon/node_modules/debug
473 silly ADD node_modules/node-fetch
474 silly ADD node_modules/negotiator
475 silly ADD node_modules/multer
476 silly ADD node_modules/ms
477 silly ADD node_modules/mkdirp
478 silly ADD node_modules/minimist
479 silly ADD node_modules/minimatch
480 silly ADD node_modules/mime-types
481 silly ADD node_modules/mime-db
482 silly ADD node_modules/mime
483 silly ADD node_modules/methods
484 silly ADD node_modules/merge-descriptors
485 silly ADD node_modules/media-typer
486 silly ADD node_modules/logform
487 silly ADD node_modules/logform/node_modules/ms
488 silly ADD node_modules/kuler
489 silly ADD node_modules/jws
490 silly ADD node_modules/jwa
491 silly ADD node_modules/json-bigint
492 silly ADD node_modules/isarray
493 silly ADD node_modules/is-stream
494 silly ADD node_modules/is-number
495 silly ADD node_modules/is-glob
496 silly ADD node_modules/is-extglob
497 silly ADD node_modules/is-binary-path
498 silly ADD node_modules/is-arrayish
499 silly ADD node_modules/is
500 silly ADD node_modules/ipaddr.js
501 silly ADD node_modules/inherits
502 silly ADD node_modules/ignore-by-default
503 silly ADD node_modules/iconv-lite
504 silly ADD node_modules/https-proxy-agent
505 silly ADD node_modules/https-proxy-agent/node_modules/ms
506 silly ADD node_modules/https-proxy-agent/node_modules/debug
507 silly ADD node_modules/http-proxy-agent
508 silly ADD node_modules/http-proxy-agent/node_modules/ms
509 silly ADD node_modules/http-proxy-agent/node_modules/debug
510 silly ADD node_modules/http-proxy-agent/node_modules/agent-base
511 silly ADD node_modules/http-errors
512 silly ADD node_modules/html-entities
513 silly ADD node_modules/hasown
514 silly ADD node_modules/has-symbols
515 silly ADD node_modules/has-proto
516 silly ADD node_modules/has-property-descriptors
517 silly ADD node_modules/has-flag
518 silly ADD node_modules/gtoken
519 silly ADD node_modules/gopd
520 silly ADD node_modules/google-auth-library
521 silly ADD node_modules/glob-parent
522 silly ADD node_modules/get-intrinsic
523 silly ADD node_modules/gcp-metadata
524 silly ADD node_modules/gaxios
525 silly ADD node_modules/function-bind
526 silly ADD
527 silly ADD node_modules/fresh
528 silly ADD node_modules/forwarded
529 silly ADD node_modules/form-data
530 silly ADD node_modules/follow-redirects
531 silly ADD node_modules/fn.name
532 silly ADD node_modules/finalhandler
533 silly ADD node_modules/fill-range
534 silly ADD node_modules/fecha
535 silly ADD node_modules/fast-xml-parser
536 silly ADD node_modules/extend
537 silly ADD node_modules/express
538 silly ADD node_modules/event-target-shim
539 silly ADD node_modules/etag
540 silly ADD node_modules/escape-html
541 silly ADD node_modules/es-errors
542 silly ADD node_modules/es-define-property
543 silly ADD node_modules/end-of-stream
544 silly ADD node_modules/encodeurl
545 silly ADD node_modules/enabled
546 silly ADD node_modules/ee-first
547 silly ADD node_modules/ecdsa-sig-formatter
548 silly ADD node_modules/duplexify
549 silly ADD node_modules/duplexify/node_modules/readable-stream
550 silly ADD node_modules/dotenv
551 silly ADD node_modules/destroy
552 silly ADD node_modules/depd
553 silly ADD node_modules/delayed-stream
554 silly ADD node_modules/define-data-property
555 silly ADD node_modules/debug
556 silly ADD node_modules/cors
557 silly ADD node_modules/core-util-is
558 silly ADD node_modules/cookie-signature
559 silly ADD node_modules/cookie-parser
560 silly ADD node_modules/cookie-parser/node_modules/cookie
561 silly ADD node_modules/cookie
562 silly ADD node_modules/content-type
563 silly ADD node_modules/content-disposition
564 silly ADD node_modules/concat-stream
565 silly ADD node_modules/concat-map
566 silly ADD node_modules/combined-stream
567 silly ADD node_modules/colorspace
568 silly ADD node_modules/color-string
569 silly ADD node_modules/color-name
570 silly ADD node_modules/color-convert
571 silly ADD node_modules/color
572 silly ADD node_modules/chokidar
573 silly ADD node_modules/call-bind
574 silly ADD node_modules/bytes
575 silly ADD node_modules/busboy
576 silly ADD node_modules/buffer-from
577 silly ADD node_modules/buffer-equal-constant-time
578 silly ADD node_modules/braces
579 silly ADD node_modules/brace-expansion
580 silly ADD node_modules/body-parser
581 silly ADD node_modules/binary-extensions
582 silly ADD node_modules/bignumber.js
583 silly ADD node_modules/big.js
584 silly ADD node_modules/base64-js
585 silly ADD node_modules/balanced-match
586 silly ADD node_modules/axios
587 silly ADD node_modules/axios/node_modules/form-data
588 silly ADD node_modules/asynckit
589 silly ADD node_modules/async-retry
590 silly ADD node_modules/async
591 silly ADD node_modules/arrify
592 silly ADD node_modules/array-flatten
593 silly ADD node_modules/append-field
594 silly ADD node_modules/anymatch
595 silly ADD node_modules/agent-base
596 silly ADD node_modules/agent-base/node_modules/ms
597 silly ADD node_modules/agent-base/node_modules/debug
598 silly ADD node_modules/accepts
599 silly ADD node_modules/abort-controller
600 silly ADD node_modules/@types/triple-beam
601 silly ADD node_modules/@types/tough-cookie
602 silly ADD node_modules/@types/serve-static
603 silly ADD node_modules/@types/send
604 silly ADD node_modules/@types/request
605 silly ADD node_modules/@types/range-parser
606 silly ADD node_modules/@types/qs
607 silly ADD node_modules/@types/node
608 silly ADD node_modules/@types/multer
609 silly ADD node_modules/@types/mime
610 silly ADD node_modules/@types/http-errors
611 silly ADD node_modules/@types/express-serve-static-core
612 silly ADD node_modules/@types/express
613 silly ADD node_modules/@types/cors
614 silly ADD node_modules/@types/cookie-parser
615 silly ADD node_modules/@types/connect
616 silly ADD node_modules/@types/caseless
617 silly ADD node_modules/@types/body-parser
618 silly ADD node_modules/@tootallnate/once
619 silly ADD node_modules/@google-cloud/storage
620 silly ADD node_modules/@google-cloud/storage/node_modules/uuid
621 silly ADD node_modules/@google-cloud/storage/node_modules/mime
622 silly ADD node_modules/@google-cloud/promisify
623 silly ADD node_modules/@google-cloud/projectify
624 silly ADD node_modules/@google-cloud/precise-date
625 silly ADD node_modules/@google-cloud/paginator
626 silly ADD node_modules/@google-cloud/common
627 silly ADD node_modules/@google-cloud/bigquery
628 silly ADD node_modules/@dabh/diagnostics
629 silly ADD node_modules/@colors/colors
630 verbose cwd /home/biswabandita_rout/Backend
631 verbose os Linux 6.1.112+
632 verbose node v22.13.0
633 verbose npm  v11.0.0
634 verbose exit 0
635 info ok
