0 verbose cli /usr/local/nvm/versions/node/v22.13.0/bin/node /usr/local/nvm/versions/node/v22.13.0/bin/npm
1 info using npm@11.0.0
2 info using node@v22.13.0
3 silly config load:file:/usr/local/nvm/versions/node/v22.13.0/lib/node_modules/npm/npmrc
4 silly config load:file:/home/biswabandita_rout/.cache/typescript/5.6/.npmrc
5 silly config load:file:/home/biswabandita_rout/.npmrc
6 silly config load:file:/usr/local/nvm/versions/node/v22.13.0/etc/npmrc
7 verbose title npm install @types/cookie-parser@ts5.6 @types/cors@ts5.6 @types/express@ts5.6 @types/multer@ts5.6 @types/nodemon@ts5.6
8 verbose argv "install" "--ignore-scripts" "@types/cookie-parser@ts5.6" "@types/cors@ts5.6" "@types/express@ts5.6" "@types/multer@ts5.6" "@types/nodemon@ts5.6" "--save-dev" "--user-agent" "typesInstaller/5.6.3"
9 verbose logfile logs-max:10 dir:/home/biswabandita_rout/.npm/_logs/2025-01-22T06_09_53_611Z-
10 verbose logfile /home/biswabandita_rout/.npm/_logs/2025-01-22T06_09_53_611Z-debug-0.log
11 silly logfile start cleaning logs, removing 1 files
12 silly logfile done cleaning log files
13 silly packumentCache heap:2197815296 maxSize:549453824 maxEntrySize:274726912
14 silly packumentCache corgi:https://registry.npmjs.org/@types%2fcookie-parser cache-miss
15 silly packumentCache corgi:https://registry.npmjs.org/@types%2fcors cache-miss
16 silly packumentCache corgi:https://registry.npmjs.org/@types%2fexpress cache-miss
17 silly packumentCache corgi:https://registry.npmjs.org/@types%2fmulter cache-miss
18 silly packumentCache corgi:https://registry.npmjs.org/@types%2fnodemon cache-miss
19 http fetch GET 200 https://registry.npmjs.org/@types%2fnodemon 219ms (cache updated)
20 silly packumentCache corgi:https://registry.npmjs.org/@types%2fnodemon set size:undefined disposed:false
21 http fetch GET 200 https://registry.npmjs.org/@types%2fcookie-parser 225ms (cache updated)
22 silly packumentCache corgi:https://registry.npmjs.org/@types%2fcookie-parser set size:undefined disposed:false
23 http fetch GET 200 https://registry.npmjs.org/@types%2fcors 226ms (cache updated)
24 silly packumentCache corgi:https://registry.npmjs.org/@types%2fcors set size:undefined disposed:false
25 http fetch GET 200 https://registry.npmjs.org/@types%2fmulter 228ms (cache updated)
26 silly packumentCache corgi:https://registry.npmjs.org/@types%2fmulter set size:undefined disposed:false
27 http fetch GET 200 https://registry.npmjs.org/@types%2fexpress 231ms (cache updated)
28 silly packumentCache corgi:https://registry.npmjs.org/@types%2fexpress set size:undefined disposed:false
29 silly idealTree buildDeps
30 silly fetch manifest @types/cookie-parser@1.4.8
31 silly packumentCache full:https://registry.npmjs.org/@types%2fcookie-parser cache-miss
32 http fetch GET 200 https://registry.npmjs.org/@types%2fcookie-parser 57ms (cache updated)
33 silly packumentCache full:https://registry.npmjs.org/@types%2fcookie-parser set size:undefined disposed:false
34 silly fetch manifest @types/express@5.0.0
35 silly packumentCache full:https://registry.npmjs.org/@types%2fexpress cache-miss
36 http fetch GET 200 https://registry.npmjs.org/@types%2fexpress 51ms (cache updated)
37 silly packumentCache full:https://registry.npmjs.org/@types%2fexpress set size:undefined disposed:false
38 silly fetch manifest @types/cors@2.8.17
39 silly packumentCache full:https://registry.npmjs.org/@types%2fcors cache-miss
40 http fetch GET 200 https://registry.npmjs.org/@types%2fcors 37ms (cache updated)
41 silly packumentCache full:https://registry.npmjs.org/@types%2fcors set size:undefined disposed:false
42 silly fetch manifest @types/multer@1.4.12
43 silly packumentCache full:https://registry.npmjs.org/@types%2fmulter cache-miss
44 http fetch GET 200 https://registry.npmjs.org/@types%2fmulter 77ms (cache updated)
45 silly packumentCache full:https://registry.npmjs.org/@types%2fmulter set size:undefined disposed:false
46 silly fetch manifest @types/nodemon@1.19.6
47 silly packumentCache full:https://registry.npmjs.org/@types%2fnodemon cache-miss
48 http fetch GET 200 https://registry.npmjs.org/@types%2fnodemon 70ms (cache updated)
49 silly packumentCache full:https://registry.npmjs.org/@types%2fnodemon set size:undefined disposed:false
50 silly placeDep ROOT @types/cookie-parser@1.4.8 REPLACE for:  want: 1.4.8
51 silly placeDep ROOT @types/cors@2.8.17 REPLACE for:  want: 2.8.17
52 silly placeDep ROOT @types/express@5.0.0 REPLACE for:  want: 5.0.0
53 silly placeDep ROOT @types/multer@1.4.12 REPLACE for:  want: 1.4.12
54 silly placeDep ROOT @types/nodemon@1.19.6 REPLACE for:  want: 1.19.6
55 silly reify moves {}
56 silly audit bulk request {
56 silly audit   '@types/body-parser': [ '1.19.5' ],
56 silly audit   '@types/connect': [ '3.4.38' ],
56 silly audit   '@types/express-serve-static-core': [ '5.0.3' ],
56 silly audit   '@types/http-errors': [ '2.0.4' ],
56 silly audit   '@types/mime': [ '1.3.5' ],
56 silly audit   '@types/node': [ '22.10.3' ],
56 silly audit   '@types/nodemailer': [ '6.4.17' ],
56 silly audit   '@types/qs': [ '6.9.17' ],
56 silly audit   '@types/range-parser': [ '1.2.7' ],
56 silly audit   '@types/send': [ '0.17.4' ],
56 silly audit   '@types/serve-static': [ '1.15.7' ],
56 silly audit   'types-registry': [ '0.1.704' ],
56 silly audit   'undici-types': [ '6.20.0' ],
56 silly audit   '@types/cookie-parser': [ '1.4.8' ],
56 silly audit   '@types/cors': [ '2.8.17' ],
56 silly audit   '@types/express': [ '5.0.0' ],
56 silly audit   '@types/multer': [ '1.4.12' ],
56 silly audit   '@types/nodemon': [ '1.19.6' ]
56 silly audit }
57 http fetch POST 200 https://registry.npmjs.org/-/npm/v1/security/advisories/bulk 218ms
58 silly audit report {}
59 verbose cwd /home/biswabandita_rout/.cache/typescript/5.6
60 verbose os Linux 6.1.112+
61 verbose node v22.13.0
62 verbose npm  v11.0.0
63 verbose exit 0
64 info ok
