0 verbose cli /usr/local/nvm/versions/node/v22.13.1/bin/node /usr/local/nvm/versions/node/v22.13.1/bin/npm
1 info using npm@11.0.0
2 info using node@v22.13.1
3 silly config load:file:/usr/local/nvm/versions/node/v22.13.1/lib/node_modules/npm/npmrc
4 silly config load:file:/home/biswabandita_rout/frontend/.npmrc
5 silly config load:file:/home/biswabandita_rout/.npmrc
6 silly config load:file:/usr/local/nvm/versions/node/v22.13.1/etc/npmrc
7 verbose title npm install @abacritt/angularx-social-login
8 verbose argv "install" "@abacritt/angularx-social-login"
9 verbose logfile logs-max:10 dir:/home/biswabandita_rout/.npm/_logs/2025-01-27T12_17_26_157Z-
10 verbose logfile /home/biswabandita_rout/.npm/_logs/2025-01-27T12_17_26_157Z-debug-0.log
11 silly logfile start cleaning logs, removing 3 files
12 silly logfile done cleaning log files
13 silly packumentCache heap:2197815296 maxSize:549453824 maxEntrySize:274726912
14 silly idealTree buildDeps
15 silly fetch manifest @abacritt/angularx-social-login@*
16 silly packumentCache full:https://registry.npmjs.org/@abacritt%2fangularx-social-login cache-miss
17 verbose shrinkwrap failed to load node_modules/.package-lock.json missing from node_modules: node_modules/@esbuild/aix-ppc64
18 http fetch GET 200 https://registry.npmjs.org/@abacritt%2fangularx-social-login 2898ms (cache miss)
19 silly packumentCache full:https://registry.npmjs.org/@abacritt%2fangularx-social-login set size:undefined disposed:false
20 silly fetch manifest @angular/common@^18.2.0
21 silly packumentCache full:https://registry.npmjs.org/@angular%2fcommon cache-miss
22 http fetch GET 200 https://registry.npmjs.org/@angular%2fcommon 107ms (cache miss)
23 silly packumentCache full:https://registry.npmjs.org/@angular%2fcommon set size:undefined disposed:false
24 silly fetch manifest @angular/core@^18.2.0
25 silly packumentCache full:https://registry.npmjs.org/@angular%2fcore cache-miss
26 http fetch GET 200 https://registry.npmjs.org/@angular%2fcore 162ms (cache miss)
27 silly packumentCache full:https://registry.npmjs.org/@angular%2fcore set size:undefined disposed:false
28 silly fetch manifest rxjs@~7.8.0
29 silly packumentCache full:https://registry.npmjs.org/rxjs cache-miss
30 http fetch GET 200 https://registry.npmjs.org/rxjs 60ms (cache miss)
31 silly packumentCache full:https://registry.npmjs.org/rxjs set size:undefined disposed:false
32 silly fetch manifest zone.js@~0.14.10
33 silly packumentCache full:https://registry.npmjs.org/zone.js cache-miss
34 http fetch GET 200 https://registry.npmjs.org/zone.js 678ms (cache miss)
35 silly packumentCache full:https://registry.npmjs.org/zone.js set size:undefined disposed:false
36 silly placeDep ROOT @abacritt/angularx-social-login@2.3.0 OK for: gcp-frontend@0.0.0 want: *
37 silly reify moves {}
38 silly audit bulk request {
38 silly audit   '@ampproject/remapping': [ '2.3.0' ],
38 silly audit   '@angular-devkit/architect': [ '0.1802.3' ],
38 silly audit   '@angular-devkit/build-angular': [ '18.2.3' ],
38 silly audit   sass: [ '1.77.6', '1.80.4' ],
38 silly audit   tslib: [ '2.6.3', '2.7.0' ],
38 silly audit   '@angular-devkit/build-webpack': [ '0.1802.3' ],
38 silly audit   '@angular-devkit/core': [ '18.2.3' ],
38 silly audit   '@angular-devkit/schematics': [ '18.2.3' ],
38 silly audit   '@angular/animations': [ '18.2.3' ],
38 silly audit   '@angular/build': [ '18.2.3' ],
38 silly audit   '@angular/cdk': [ '18.2.3' ],
38 silly audit   '@angular/cli': [ '18.2.3' ],
38 silly audit   '@angular/common': [ '18.2.3' ],
38 silly audit   '@angular/compiler': [ '18.2.3' ],
38 silly audit   '@angular/compiler-cli': [ '18.2.3' ],
38 silly audit   '@angular/core': [ '18.2.3' ],
38 silly audit   '@angular/flex-layout': [ '15.0.0-beta.42' ],
38 silly audit   '@angular/forms': [ '18.2.3' ],
38 silly audit   '@angular/material': [ '18.2.3' ],
38 silly audit   '@angular/platform-browser': [ '18.2.3' ],
38 silly audit   '@angular/platform-browser-dynamic': [ '18.2.3' ],
38 silly audit   '@angular/platform-server': [ '18.2.3' ],
38 silly audit   '@angular/router': [ '18.2.3' ],
38 silly audit   '@angular/ssr': [ '18.2.3' ],
38 silly audit   '@babel/code-frame': [ '7.24.7' ],
38 silly audit   '@babel/compat-data': [ '7.25.4' ],
38 silly audit   '@babel/core': [ '7.25.2' ],
38 silly audit   'convert-source-map': [ '2.0.0', '1.9.0' ],
38 silly audit   semver: [ '6.3.1', '5.7.2', '7.6.3' ],
38 silly audit   '@babel/generator': [ '7.25.0', '7.25.6' ],
38 silly audit   '@babel/helper-annotate-as-pure': [ '7.24.7' ],
38 silly audit   '@babel/helper-builder-binary-assignment-operator-visitor': [ '7.24.7' ],
38 silly audit   '@babel/helper-compilation-targets': [ '7.25.2' ],
38 silly audit   '@babel/helper-create-class-features-plugin': [ '7.25.4' ],
38 silly audit   '@babel/helper-create-regexp-features-plugin': [ '7.25.2' ],
38 silly audit   '@babel/helper-define-polyfill-provider': [ '0.6.2' ],
38 silly audit   '@babel/helper-member-expression-to-functions': [ '7.24.8' ],
38 silly audit   '@babel/helper-module-imports': [ '7.24.7' ],
38 silly audit   '@babel/helper-module-transforms': [ '7.25.2' ],
38 silly audit   '@babel/helper-optimise-call-expression': [ '7.24.7' ],
38 silly audit   '@babel/helper-plugin-utils': [ '7.24.8' ],
38 silly audit   '@babel/helper-remap-async-to-generator': [ '7.25.0' ],
38 silly audit   '@babel/helper-replace-supers': [ '7.25.0' ],
38 silly audit   '@babel/helper-simple-access': [ '7.24.7' ],
38 silly audit   '@babel/helper-skip-transparent-expression-wrappers': [ '7.24.7' ],
38 silly audit   '@babel/helper-split-export-declaration': [ '7.24.7' ],
38 silly audit   '@babel/helper-string-parser': [ '7.24.8' ],
38 silly audit   '@babel/helper-validator-identifier': [ '7.24.7' ],
38 silly audit   '@babel/helper-validator-option': [ '7.24.8' ],
38 silly audit   '@babel/helper-wrap-function': [ '7.25.0' ],
38 silly audit   '@babel/helpers': [ '7.25.6' ],
38 silly audit   '@babel/highlight': [ '7.24.7' ],
38 silly audit   '@babel/parser': [ '7.25.6' ],
38 silly audit   '@babel/plugin-bugfix-firefox-class-in-computed-class-key': [ '7.25.3' ],
38 silly audit   '@babel/plugin-bugfix-safari-class-field-initializer-scope': [ '7.25.0' ],
38 silly audit   '@babel/plugin-bugfix-safari-id-destructuring-collision-in-function-expression': [ '7.25.0' ],
38 silly audit   '@babel/plugin-bugfix-v8-spread-parameters-in-optional-chaining': [ '7.24.7' ],
38 silly audit   '@babel/plugin-bugfix-v8-static-class-fields-redefine-readonly': [ '7.25.0' ],
38 silly audit   '@babel/plugin-proposal-private-property-in-object': [ '7.21.0-placeholder-for-preset-env.2' ],
38 silly audit   '@babel/plugin-syntax-async-generators': [ '7.8.4' ],
38 silly audit   '@babel/plugin-syntax-class-properties': [ '7.12.13' ],
38 silly audit   '@babel/plugin-syntax-class-static-block': [ '7.14.5' ],
38 silly audit   '@babel/plugin-syntax-dynamic-import': [ '7.8.3' ],
38 silly audit   '@babel/plugin-syntax-export-namespace-from': [ '7.8.3' ],
38 silly audit   '@babel/plugin-syntax-import-assertions': [ '7.25.6' ],
38 silly audit   '@babel/plugin-syntax-import-attributes': [ '7.24.7' ],
38 silly audit   '@babel/plugin-syntax-import-meta': [ '7.10.4' ],
38 silly audit   '@babel/plugin-syntax-json-strings': [ '7.8.3' ],
38 silly audit   '@babel/plugin-syntax-logical-assignment-operators': [ '7.10.4' ],
38 silly audit   '@babel/plugin-syntax-nullish-coalescing-operator': [ '7.8.3' ],
38 silly audit   '@babel/plugin-syntax-numeric-separator': [ '7.10.4' ],
38 silly audit   '@babel/plugin-syntax-object-rest-spread': [ '7.8.3' ],
38 silly audit   '@babel/plugin-syntax-optional-catch-binding': [ '7.8.3' ],
38 silly audit   '@babel/plugin-syntax-optional-chaining': [ '7.8.3' ],
38 silly audit   '@babel/plugin-syntax-private-property-in-object': [ '7.14.5' ],
38 silly audit   '@babel/plugin-syntax-top-level-await': [ '7.14.5' ],
38 silly audit   '@babel/plugin-syntax-unicode-sets-regex': [ '7.18.6' ],
38 silly audit   '@babel/plugin-transform-arrow-functions': [ '7.24.7' ],
38 silly audit   '@babel/plugin-transform-async-generator-functions': [ '7.25.0' ],
38 silly audit   '@babel/plugin-transform-async-to-generator': [ '7.24.7' ],
38 silly audit   '@babel/plugin-transform-block-scoped-functions': [ '7.24.7' ],
38 silly audit   '@babel/plugin-transform-block-scoping': [ '7.25.0' ],
38 silly audit   '@babel/plugin-transform-class-properties': [ '7.25.4' ],
38 silly audit   '@babel/plugin-transform-class-static-block': [ '7.24.7' ],
38 silly audit   '@babel/plugin-transform-classes': [ '7.25.4' ],
38 silly audit   '@babel/plugin-transform-computed-properties': [ '7.24.7' ],
38 silly audit   '@babel/plugin-transform-destructuring': [ '7.24.8' ],
38 silly audit   '@babel/plugin-transform-dotall-regex': [ '7.24.7' ],
38 silly audit   '@babel/plugin-transform-duplicate-keys': [ '7.24.7' ],
38 silly audit   '@babel/plugin-transform-duplicate-named-capturing-groups-regex': [ '7.25.0' ],
38 silly audit   '@babel/plugin-transform-dynamic-import': [ '7.24.7' ],
38 silly audit   '@babel/plugin-transform-exponentiation-operator': [ '7.24.7' ],
38 silly audit   '@babel/plugin-transform-export-namespace-from': [ '7.24.7' ],
38 silly audit   '@babel/plugin-transform-for-of': [ '7.24.7' ],
38 silly audit   '@babel/plugin-transform-function-name': [ '7.25.1' ],
38 silly audit   '@babel/plugin-transform-json-strings': [ '7.24.7' ],
38 silly audit   '@babel/plugin-transform-literals': [ '7.25.2' ],
38 silly audit   '@babel/plugin-transform-logical-assignment-operators': [ '7.24.7' ],
38 silly audit   '@babel/plugin-transform-member-expression-literals': [ '7.24.7' ],
38 silly audit   '@babel/plugin-transform-modules-amd': [ '7.24.7' ],
38 silly audit   '@babel/plugin-transform-modules-commonjs': [ '7.24.8' ],
38 silly audit   '@babel/plugin-transform-modules-systemjs': [ '7.25.0' ],
38 silly audit   '@babel/plugin-transform-modules-umd': [ '7.24.7' ],
38 silly audit   '@babel/plugin-transform-named-capturing-groups-regex': [ '7.24.7' ],
38 silly audit   '@babel/plugin-transform-new-target': [ '7.24.7' ],
38 silly audit   '@babel/plugin-transform-nullish-coalescing-operator': [ '7.24.7' ],
38 silly audit   '@babel/plugin-transform-numeric-separator': [ '7.24.7' ],
38 silly audit   '@babel/plugin-transform-object-rest-spread': [ '7.24.7' ],
38 silly audit   '@babel/plugin-transform-object-super': [ '7.24.7' ],
38 silly audit   '@babel/plugin-transform-optional-catch-binding': [ '7.24.7' ],
38 silly audit   '@babel/plugin-transform-optional-chaining': [ '7.24.8' ],
38 silly audit   '@babel/plugin-transform-parameters': [ '7.24.7' ],
38 silly audit   '@babel/plugin-transform-private-methods': [ '7.25.4' ],
38 silly audit   '@babel/plugin-transform-private-property-in-object': [ '7.24.7' ],
38 silly audit   '@babel/plugin-transform-property-literals': [ '7.24.7' ],
38 silly audit   '@babel/plugin-transform-regenerator': [ '7.24.7' ],
38 silly audit   '@babel/plugin-transform-reserved-words': [ '7.24.7' ],
38 silly audit   '@babel/plugin-transform-runtime': [ '7.24.7' ],
38 silly audit   '@babel/plugin-transform-shorthand-properties': [ '7.24.7' ],
38 silly audit   '@babel/plugin-transform-spread': [ '7.24.7' ],
38 silly audit   '@babel/plugin-transform-sticky-regex': [ '7.24.7' ],
38 silly audit   '@babel/plugin-transform-template-literals': [ '7.24.7' ],
38 silly audit   '@babel/plugin-transform-typeof-symbol': [ '7.24.8' ],
38 silly audit   '@babel/plugin-transform-unicode-escapes': [ '7.24.7' ],
38 silly audit   '@babel/plugin-transform-unicode-property-regex': [ '7.24.7' ],
38 silly audit   '@babel/plugin-transform-unicode-regex': [ '7.24.7' ],
38 silly audit   '@babel/plugin-transform-unicode-sets-regex': [ '7.25.4' ],
38 silly audit   '@babel/preset-env': [ '7.25.3' ],
38 silly audit   '@babel/preset-modules': [ '0.1.6-no-external-plugins' ],
38 silly audit   '@babel/regjsgen': [ '0.8.0' ],
38 silly audit   '@babel/runtime': [ '7.25.0' ],
38 silly audit   '@babel/template': [ '7.25.0' ],
38 silly audit   '@babel/traverse': [ '7.25.6' ],
38 silly audit   '@babel/types': [ '7.25.6' ],
38 silly audit   '@colors/colors': [ '1.5.0' ],
38 silly audit   '@discoveryjs/json-ext': [ '0.6.1' ],
38 silly audit   '@esbuild/aix-ppc64': [ '0.23.0', '0.21.5' ],
38 silly audit   '@esbuild/android-arm': [ '0.23.0', '0.21.5' ],
38 silly audit   '@esbuild/android-arm64': [ '0.23.0', '0.21.5' ],
38 silly audit   '@esbuild/android-x64': [ '0.23.0', '0.21.5' ],
38 silly audit   '@esbuild/darwin-arm64': [ '0.23.0', '0.21.5' ],
38 silly audit   '@esbuild/darwin-x64': [ '0.23.0', '0.21.5' ],
38 silly audit   '@esbuild/freebsd-arm64': [ '0.23.0', '0.21.5' ],
38 silly audit   '@esbuild/freebsd-x64': [ '0.23.0', '0.21.5' ],
38 silly audit   '@esbuild/linux-arm': [ '0.23.0', '0.21.5' ],
38 silly audit   '@esbuild/linux-arm64': [ '0.23.0', '0.21.5' ],
38 silly audit   '@esbuild/linux-ia32': [ '0.23.0', '0.21.5' ],
38 silly audit   '@esbuild/linux-loong64': [ '0.23.0', '0.21.5' ],
38 silly audit   '@esbuild/linux-mips64el': [ '0.23.0', '0.21.5' ],
38 silly audit   '@esbuild/linux-ppc64': [ '0.23.0', '0.21.5' ],
38 silly audit   '@esbuild/linux-riscv64': [ '0.23.0', '0.21.5' ],
38 silly audit   '@esbuild/linux-s390x': [ '0.23.0', '0.21.5' ],
38 silly audit   '@esbuild/linux-x64': [ '0.23.0', '0.21.5' ],
38 silly audit   '@esbuild/netbsd-x64': [ '0.23.0', '0.21.5' ],
38 silly audit   '@esbuild/openbsd-arm64': [ '0.23.0' ],
38 silly audit   '@esbuild/openbsd-x64': [ '0.23.0', '0.21.5' ],
38 silly audit   '@esbuild/sunos-x64': [ '0.23.0', '0.21.5' ],
38 silly audit   '@esbuild/win32-arm64': [ '0.23.0', '0.21.5' ],
38 silly audit   '@esbuild/win32-ia32': [ '0.23.0', '0.21.5' ],
38 silly audit   '@esbuild/win32-x64': [ '0.23.0', '0.21.5' ],
38 silly audit   '@fortawesome/angular-fontawesome': [ '0.15.0' ],
38 silly audit   '@fortawesome/fontawesome-common-types': [ '6.6.0', '6.7.0' ],
38 silly audit   '@fortawesome/fontawesome-free': [ '6.6.0' ],
38 silly audit   '@fortawesome/fontawesome-svg-core': [ '6.6.0' ],
38 silly audit   '@fortawesome/free-solid-svg-icons': [ '6.7.0' ],
38 silly audit   '@google-cloud/bigquery': [ '7.9.1' ],
38 silly audit   'big.js': [ '6.2.2', '5.2.2' ],
38 silly audit   uuid: [ '9.0.1', '8.3.2' ],
38 silly audit   '@google-cloud/common': [ '5.0.2' ],
38 silly audit   '@google-cloud/paginator': [ '5.0.2' ],
38 silly audit   '@google-cloud/precise-date': [ '4.0.0' ],
38 silly audit   '@google-cloud/projectify': [ '4.0.0' ],
38 silly audit   '@google-cloud/promisify': [ '4.0.0' ],
38 silly audit   '@inquirer/checkbox': [ '2.5.0' ],
38 silly audit   '@inquirer/confirm': [ '3.1.22' ],
38 silly audit   '@inquirer/core': [ '9.1.0' ],
38 silly audit   '@types/node': [ '22.5.4', '18.19.50' ],
38 silly audit   'undici-types': [ '6.19.8', '5.26.5' ],
38 silly audit   '@inquirer/editor': [ '2.2.0' ],
38 silly audit   '@inquirer/expand': [ '2.3.0' ],
38 silly audit   '@inquirer/figures': [ '1.0.5' ],
38 silly audit   '@inquirer/input': [ '2.3.0' ],
38 silly audit   '@inquirer/number': [ '1.1.0' ],
38 silly audit   '@inquirer/password': [ '2.2.0' ],
38 silly audit   '@inquirer/prompts': [ '5.3.8' ],
38 silly audit   '@inquirer/rawlist': [ '2.3.0' ],
38 silly audit   '@inquirer/search': [ '1.1.0' ],
38 silly audit   '@inquirer/select': [ '2.5.0' ],
38 silly audit   '@inquirer/type': [ '1.5.3' ],
38 silly audit   '@isaacs/cliui': [ '8.0.2' ],
38 silly audit   'ansi-regex': [ '6.1.0', '5.0.1' ],
38 silly audit   'ansi-styles': [ '6.2.1', '3.2.1', '4.3.0' ],
38 silly audit   'emoji-regex': [ '9.2.2', '8.0.0', '10.4.0' ],
38 silly audit   'string-width': [ '5.1.2', '4.2.3', '7.2.0' ],
38 silly audit   'strip-ansi': [ '7.1.0', '6.0.1' ],
38 silly audit   'wrap-ansi': [ '8.1.0', '7.0.0', '9.0.0', '6.2.0' ],
38 silly audit   '@istanbuljs/schema': [ '0.1.3' ],
38 silly audit   '@jridgewell/gen-mapping': [ '0.3.5' ],
38 silly audit   '@jridgewell/resolve-uri': [ '3.1.2' ],
38 silly audit   '@jridgewell/set-array': [ '1.2.1' ],
38 silly audit   '@jridgewell/source-map': [ '0.3.6' ],
38 silly audit   '@jridgewell/sourcemap-codec': [ '1.5.0' ],
38 silly audit   '@jridgewell/trace-mapping': [ '0.3.25' ],
38 silly audit   '@jsonjoy.com/base64': [ '1.1.2' ],
38 silly audit   '@jsonjoy.com/json-pack': [ '1.1.0' ],
38 silly audit   '@jsonjoy.com/util': [ '1.3.0' ],
38 silly audit   '@leichtgewicht/ip-codec': [ '2.0.5' ],
38 silly audit   '@listr2/prompt-adapter-inquirer': [ '2.0.15' ],
38 silly audit   '@lit-labs/ssr-dom-shim': [ '1.2.1' ],
38 silly audit   '@lit/reactive-element': [ '2.0.4' ],
38 silly audit   '@lmdb/lmdb-darwin-arm64': [ '3.0.13' ],
38 silly audit   '@lmdb/lmdb-darwin-x64': [ '3.0.13' ],
38 silly audit   '@lmdb/lmdb-linux-arm': [ '3.0.13' ],
38 silly audit   '@lmdb/lmdb-linux-arm64': [ '3.0.13' ],
38 silly audit   '@lmdb/lmdb-linux-x64': [ '3.0.13' ],
38 silly audit   '@lmdb/lmdb-win32-x64': [ '3.0.13' ],
38 silly audit   '@material/animation': [ '14.0.0' ],
38 silly audit   '@material/base': [ '14.0.0' ],
38 silly audit   '@material/card': [ '14.0.0' ],
38 silly audit   '@material/dom': [ '14.0.0' ],
38 silly audit   '@material/elevation': [ '14.0.0' ],
38 silly audit   '@material/feature-targeting': [ '14.0.0' ],
38 silly audit   '@material/ripple': [ '14.0.0' ],
38 silly audit   '@material/rtl': [ '14.0.0' ],
38 silly audit   '@material/shape': [ '14.0.0' ],
38 silly audit   '@material/theme': [ '14.0.0' ],
38 silly audit   '@material/web': [ '2.2.0' ],
38 silly audit   '@msgpackr-extract/msgpackr-extract-darwin-arm64': [ '3.0.3' ],
38 silly audit   '@msgpackr-extract/msgpackr-extract-darwin-x64': [ '3.0.3' ],
38 silly audit   '@msgpackr-extract/msgpackr-extract-linux-arm': [ '3.0.3' ],
38 silly audit   '@msgpackr-extract/msgpackr-extract-linux-arm64': [ '3.0.3' ],
38 silly audit   '@msgpackr-extract/msgpackr-extract-linux-x64': [ '3.0.3' ],
38 silly audit   '@msgpackr-extract/msgpackr-extract-win32-x64': [ '3.0.3' ],
38 silly audit   '@ngtools/webpack': [ '18.2.3' ],
38 silly audit   '@nodelib/fs.scandir': [ '2.1.5' ],
38 silly audit   '@nodelib/fs.stat': [ '2.0.5' ],
38 silly audit   '@nodelib/fs.walk': [ '1.2.8' ],
38 silly audit   '@npmcli/agent': [ '2.2.2' ],
38 silly audit   'lru-cache': [ '10.4.3', '5.1.1' ],
38 silly audit   '@npmcli/fs': [ '3.1.1' ],
38 silly audit   '@npmcli/git': [ '5.0.8' ],
38 silly audit   isexe: [ '3.1.1', '2.0.0' ],
38 silly audit   which: [ '4.0.0', '2.0.2', '1.3.1' ],
38 silly audit   '@npmcli/installed-package-contents': [ '2.1.0' ],
38 silly audit   '@npmcli/node-gyp': [ '3.0.0' ],
38 silly audit   '@npmcli/package-json': [ '5.2.0' ],
38 silly audit   'brace-expansion': [ '2.0.1', '1.1.11' ],
38 silly audit   glob: [ '10.4.5', '7.2.3' ],
38 silly audit   minimatch: [ '9.0.5', '3.1.2' ],
38 silly audit   '@npmcli/promise-spawn': [ '7.0.2' ],
38 silly audit   '@npmcli/redact': [ '2.0.1' ],
38 silly audit   '@npmcli/run-script': [ '8.1.0' ],
38 silly audit   '@parcel/watcher': [ '2.4.1' ],
38 silly audit   '@parcel/watcher-android-arm64': [ '2.4.1' ],
38 silly audit   '@parcel/watcher-darwin-arm64': [ '2.4.1' ],
38 silly audit   '@parcel/watcher-darwin-x64': [ '2.4.1' ],
38 silly audit   '@parcel/watcher-freebsd-x64': [ '2.4.1' ],
38 silly audit   '@parcel/watcher-linux-arm-glibc': [ '2.4.1' ],
38 silly audit   '@parcel/watcher-linux-arm64-glibc': [ '2.4.1' ],
38 silly audit   '@parcel/watcher-linux-arm64-musl': [ '2.4.1' ],
38 silly audit   '@parcel/watcher-linux-x64-glibc': [ '2.4.1' ],
38 silly audit   '@parcel/watcher-linux-x64-musl': [ '2.4.1' ],
38 silly audit   '@parcel/watcher-win32-arm64': [ '2.4.1' ],
38 silly audit   '@parcel/watcher-win32-ia32': [ '2.4.1' ],
38 silly audit   '@parcel/watcher-win32-x64': [ '2.4.1' ],
38 silly audit   'detect-libc': [ '1.0.3', '2.0.3' ],
38 silly audit   'node-addon-api': [ '7.1.1', '3.2.1', '6.1.0' ],
38 silly audit   '@pkgjs/parseargs': [ '0.11.0' ],
38 silly audit   '@rollup/rollup-android-arm-eabi': [ '4.20.0' ],
38 silly audit   '@rollup/rollup-android-arm64': [ '4.20.0' ],
38 silly audit   '@rollup/rollup-darwin-arm64': [ '4.20.0' ],
38 silly audit   '@rollup/rollup-darwin-x64': [ '4.20.0' ],
38 silly audit   '@rollup/rollup-linux-arm-gnueabihf': [ '4.20.0' ],
38 silly audit   '@rollup/rollup-linux-arm-musleabihf': [ '4.20.0' ],
38 silly audit   '@rollup/rollup-linux-arm64-gnu': [ '4.20.0' ],
38 silly audit   '@rollup/rollup-linux-arm64-musl': [ '4.20.0' ],
38 silly audit   '@rollup/rollup-linux-powerpc64le-gnu': [ '4.20.0' ],
38 silly audit   '@rollup/rollup-linux-riscv64-gnu': [ '4.20.0' ],
38 silly audit   '@rollup/rollup-linux-s390x-gnu': [ '4.20.0' ],
38 silly audit   '@rollup/rollup-linux-x64-gnu': [ '4.20.0' ],
38 silly audit   '@rollup/rollup-linux-x64-musl': [ '4.20.0' ],
38 silly audit   '@rollup/rollup-win32-arm64-msvc': [ '4.20.0' ],
38 silly audit   '@rollup/rollup-win32-ia32-msvc': [ '4.20.0' ],
38 silly audit   '@rollup/rollup-win32-x64-msvc': [ '4.20.0' ],
38 silly audit   '@schematics/angular': [ '18.2.3' ],
38 silly audit   '@sigstore/bundle': [ '2.3.2' ],
38 silly audit   '@sigstore/core': [ '1.1.0' ],
38 silly audit   '@sigstore/protobuf-specs': [ '0.3.2' ],
38 silly audit   '@sigstore/sign': [ '2.3.2' ],
38 silly audit   '@sigstore/tuf': [ '2.3.4' ],
38 silly audit   '@sigstore/verify': [ '1.2.1' ],
38 silly audit   '@sindresorhus/merge-streams': [ '2.3.0' ],
38 silly audit   '@socket.io/component-emitter': [ '3.1.2' ],
38 silly audit   '@tootallnate/once': [ '2.0.0' ],
38 silly audit   '@tufjs/canonical-json': [ '2.0.0' ],
38 silly audit   '@tufjs/models': [ '2.0.1' ],
38 silly audit   '@types/body-parser': [ '1.19.5' ],
38 silly audit   '@types/bonjour': [ '3.5.13' ],
38 silly audit   '@types/caseless': [ '0.12.5' ],
38 silly audit   '@types/connect': [ '3.4.38' ],
38 silly audit   '@types/connect-history-api-fallback': [ '1.5.4' ],
38 silly audit   '@types/cookie': [ '0.4.1' ],
38 silly audit   '@types/cors': [ '2.8.17' ],
38 silly audit   '@types/estree': [ '1.0.5' ],
38 silly audit   '@types/express': [ '4.17.21' ],
38 silly audit   '@types/express-serve-static-core': [ '4.19.5' ],
38 silly audit   '@types/http-errors': [ '2.0.4' ],
38 silly audit   '@types/http-proxy': [ '1.17.15' ],
38 silly audit   '@types/jasmine': [ '5.1.4' ],
38 silly audit   '@types/json-schema': [ '7.0.15' ],
38 silly audit   '@types/mime': [ '1.3.5' ],
38 silly audit   '@types/mute-stream': [ '0.0.4' ],
38 silly audit   '@types/node-forge': [ '1.3.11' ],
38 silly audit   '@types/qs': [ '6.9.15' ],
38 silly audit   '@types/range-parser': [ '1.2.7' ],
38 silly audit   '@types/request': [ '2.48.12' ],
38 silly audit   '@types/retry': [ '0.12.2' ],
38 silly audit   '@types/send': [ '0.17.4' ],
38 silly audit   '@types/serve-index': [ '1.9.4' ],
38 silly audit   '@types/serve-static': [ '1.15.7' ],
38 silly audit   '@types/sockjs': [ '0.3.36' ],
38 silly audit   '@types/tough-cookie': [ '4.0.5' ],
38 silly audit   '@types/trusted-types': [ '2.0.7' ],
38 silly audit   '@types/wrap-ansi': [ '3.0.0' ],
38 silly audit   '@types/ws': [ '8.5.12' ],
38 silly audit   '@vitejs/plugin-basic-ssl': [ '1.1.0' ],
38 silly audit   '@webassemblyjs/ast': [ '1.12.1' ],
38 silly audit   '@webassemblyjs/floating-point-hex-parser': [ '1.11.6' ],
38 silly audit   '@webassemblyjs/helper-api-error': [ '1.11.6' ],
38 silly audit   '@webassemblyjs/helper-buffer': [ '1.12.1' ],
38 silly audit   '@webassemblyjs/helper-numbers': [ '1.11.6' ],
38 silly audit   '@webassemblyjs/helper-wasm-bytecode': [ '1.11.6' ],
38 silly audit   '@webassemblyjs/helper-wasm-section': [ '1.12.1' ],
38 silly audit   '@webassemblyjs/ieee754': [ '1.11.6' ],
38 silly audit   '@webassemblyjs/leb128': [ '1.11.6' ],
38 silly audit   '@webassemblyjs/utf8': [ '1.11.6' ],
38 silly audit   '@webassemblyjs/wasm-edit': [ '1.12.1' ],
38 silly audit   '@webassemblyjs/wasm-gen': [ '1.12.1' ],
38 silly audit   '@webassemblyjs/wasm-opt': [ '1.12.1' ],
38 silly audit   '@webassemblyjs/wasm-parser': [ '1.12.1' ],
38 silly audit   '@webassemblyjs/wast-printer': [ '1.12.1' ],
38 silly audit   '@xtuc/ieee754': [ '1.2.0' ],
38 silly audit   '@xtuc/long': [ '4.2.2' ],
38 silly audit   '@yarnpkg/lockfile': [ '1.1.0' ],
38 silly audit   abbrev: [ '2.0.0' ],
38 silly audit   accepts: [ '1.3.8' ],
38 silly audit   acorn: [ '8.12.1' ],
38 silly audit   'acorn-import-attributes': [ '1.9.5' ],
38 silly audit   'adjust-sourcemap-loader': [ '4.0.0' ],
38 silly audit   'loader-utils': [ '2.0.4', '3.3.1' ],
38 silly audit   'agent-base': [ '7.1.1', '6.0.2' ],
38 silly audit   'aggregate-error': [ '3.1.0' ],
38 silly audit   ajv: [ '8.17.1', '6.12.6' ],
38 silly audit   'ajv-formats': [ '3.0.1', '2.1.1' ],
38 silly audit   'ajv-keywords': [ '5.1.0', '3.5.2' ],
38 silly audit   'angular-font-awesome': [ '3.1.2' ],
38 silly audit   'ansi-colors': [ '4.1.3' ],
38 silly audit   'ansi-escapes': [ '4.3.2', '7.0.0' ],
38 silly audit   'ansi-html-community': [ '0.0.8' ],
38 silly audit   anymatch: [ '3.1.3' ],
38 silly audit   picomatch: [ '2.3.1', '4.0.2' ],
38 silly audit   argparse: [ '2.0.1' ],
38 silly audit   'array-flatten': [ '1.1.1' ],
38 silly audit   arrify: [ '2.0.1' ],
38 silly audit   asynckit: [ '0.4.0' ],
38 silly audit   autoprefixer: [ '10.4.20' ],
38 silly audit   'babel-loader': [ '9.1.3' ],
38 silly audit   'babel-plugin-polyfill-corejs2': [ '0.4.11' ],
38 silly audit   'babel-plugin-polyfill-corejs3': [ '0.10.6' ],
38 silly audit   'babel-plugin-polyfill-regenerator': [ '0.6.2' ],
38 silly audit   'balanced-match': [ '1.0.2' ],
38 silly audit   'base64-js': [ '1.5.1' ],
38 silly audit   base64id: [ '2.0.0' ],
38 silly audit   batch: [ '0.6.1' ],
38 silly audit   'bignumber.js': [ '9.1.2' ],
38 silly audit   'binary-extensions': [ '2.3.0' ],
38 silly audit   bl: [ '4.1.0' ],
38 silly audit   'body-parser': [ '1.20.2' ],
38 silly audit   debug: [ '2.6.9', '4.3.7' ],
38 silly audit   ms: [ '2.0.0', '2.1.3' ],
38 silly audit   'bonjour-service': [ '1.2.1' ],
38 silly audit   boolbase: [ '1.0.0' ],
38 silly audit   braces: [ '3.0.3' ],
38 silly audit   browserslist: [ '4.23.3' ],
38 silly audit   buffer: [ '5.7.1' ],
38 silly audit   'buffer-equal-constant-time': [ '1.0.1' ],
38 silly audit   'buffer-from': [ '1.1.2' ],
38 silly audit   'bundle-name': [ '4.1.0' ],
38 silly audit   bytes: [ '3.1.2', '3.0.0' ],
38 silly audit   cacache: [ '18.0.4' ],
38 silly audit   'call-bind': [ '1.0.7' ],
38 silly audit   callsites: [ '3.1.0' ],
38 silly audit   'caniuse-lite': [ '1.0.30001659' ],
38 silly audit   chalk: [ '2.4.2', '4.1.2' ],
38 silly audit   chardet: [ '0.7.0' ],
38 silly audit   chokidar: [ '3.6.0', '4.0.1' ],
38 silly audit   chownr: [ '2.0.0' ],
38 silly audit   'chrome-trace-event': [ '1.0.4' ],
38 silly audit   'clean-stack': [ '2.2.0' ],
38 silly audit   'cli-cursor': [ '5.0.0', '3.1.0' ],
38 silly audit   'cli-spinners': [ '2.9.2' ],
38 silly audit   'cli-truncate': [ '4.0.0' ],
38 silly audit   'cli-width': [ '4.1.0' ],
38 silly audit   cliui: [ '8.0.1', '7.0.4' ],
38 silly audit   'color-convert': [ '2.0.1', '1.9.3' ],
38 silly audit   'color-name': [ '1.1.4', '1.1.3' ],
38 silly audit   'is-fullwidth-code-point': [ '3.0.0', '4.0.0', '5.0.0' ],
38 silly audit   clone: [ '1.0.4' ],
38 silly audit   'clone-deep': [ '4.0.1' ],
38 silly audit   colorette: [ '2.0.20' ],
38 silly audit   'combined-stream': [ '1.0.8' ],
38 silly audit   commander: [ '2.20.3' ],
38 silly audit   'common-path-prefix': [ '3.0.0' ],
38 silly audit   compressible: [ '2.0.18' ],
38 silly audit   compression: [ '1.7.4' ],
38 silly audit   'safe-buffer': [ '5.1.2', '5.2.1' ],
38 silly audit   'concat-map': [ '0.0.1' ],
38 silly audit   connect: [ '3.7.0' ],
38 silly audit   'connect-history-api-fallback': [ '2.0.0' ],
38 silly audit   finalhandler: [ '1.1.2', '1.2.0' ],
38 silly audit   'on-finished': [ '2.3.0', '2.4.1' ],
38 silly audit   statuses: [ '1.5.0', '2.0.1' ],
38 silly audit   'content-disposition': [ '0.5.4' ],
38 silly audit   'content-type': [ '1.0.5' ],
38 silly audit   cookie: [ '0.6.0', '0.4.2' ],
38 silly audit   'cookie-signature': [ '1.0.6' ],
38 silly audit   'copy-anything': [ '2.0.6' ],
38 silly audit   'copy-webpack-plugin': [ '12.0.2' ],
38 silly audit   'glob-parent': [ '6.0.2', '5.1.2' ],
38 silly audit   'core-js-compat': [ '3.38.1' ],
38 silly audit   'core-util-is': [ '1.0.3' ],
38 silly audit   cors: [ '2.8.5' ],
38 silly audit   cosmiconfig: [ '9.0.0' ],
38 silly audit   critters: [ '0.0.24' ],
38 silly audit   'has-flag': [ '4.0.0', '3.0.0' ],
38 silly audit   'supports-color': [ '7.2.0', '8.1.1', '5.5.0' ],
38 silly audit   'cross-spawn': [ '7.0.3' ],
38 silly audit   'css-loader': [ '7.1.2' ],
38 silly audit   'css-select': [ '5.1.0' ],
38 silly audit   'css-what': [ '6.1.0' ],
38 silly audit   cssesc: [ '3.0.0' ],
38 silly audit   'custom-event': [ '1.0.1' ],
38 silly audit   'date-format': [ '4.0.14' ],
38 silly audit   'default-browser': [ '5.2.1' ],
38 silly audit   'default-browser-id': [ '5.0.0' ],
38 silly audit   'default-gateway': [ '6.0.3' ],
38 silly audit   defaults: [ '1.0.4' ],
38 silly audit   'define-data-property': [ '1.1.4' ],
38 silly audit   'define-lazy-prop': [ '3.0.0' ],
38 silly audit   'delayed-stream': [ '1.0.0' ],
38 silly audit   depd: [ '2.0.0', '1.1.2' ],
38 silly audit   destroy: [ '1.2.0' ],
38 silly audit   'detect-node': [ '2.1.0' ],
38 silly audit   di: [ '0.0.1' ],
38 silly audit   'dns-packet': [ '5.6.1' ],
38 silly audit   'dom-serialize': [ '2.2.1' ],
38 silly audit   'dom-serializer': [ '2.0.0' ],
38 silly audit   domelementtype: [ '2.3.0' ],
38 silly audit   domhandler: [ '5.0.3' ],
38 silly audit   domutils: [ '3.1.0' ],
38 silly audit   duplexify: [ '4.1.3' ],
38 silly audit   eastasianwidth: [ '0.2.0' ],
38 silly audit   'ecdsa-sig-formatter': [ '1.0.11' ],
38 silly audit   'ee-first': [ '1.1.1' ],
38 silly audit   'electron-to-chromium': [ '1.5.18' ],
38 silly audit   'emojis-list': [ '3.0.0' ],
38 silly audit   encodeurl: [ '1.0.2' ],
38 silly audit   encoding: [ '0.1.13' ],
38 silly audit   'iconv-lite': [ '0.6.3', '0.4.24' ],
38 silly audit   'end-of-stream': [ '1.4.4' ],
38 silly audit   'engine.io': [ '6.5.5' ],
38 silly audit   'engine.io-parser': [ '5.2.3' ],
38 silly audit   'enhanced-resolve': [ '5.17.1' ],
38 silly audit   ent: [ '2.2.1' ],
38 silly audit   entities: [ '4.5.0' ],
38 silly audit   'env-paths': [ '2.2.1' ],
38 silly audit   environment: [ '1.1.0' ],
38 silly audit   'err-code': [ '2.0.3' ],
38 silly audit   errno: [ '0.1.8' ],
38 silly audit   'error-ex': [ '1.3.2' ],
38 silly audit   'es-define-property': [ '1.0.0' ],
38 silly audit   'es-errors': [ '1.3.0' ],
38 silly audit   'es-module-lexer': [ '1.5.4' ],
38 silly audit   esbuild: [ '0.23.0', '0.21.5' ],
38 silly audit   'esbuild-wasm': [ '0.23.0' ],
38 silly audit   escalade: [ '3.2.0' ],
38 silly audit   'escape-html': [ '1.0.3' ],
38 silly audit   'escape-string-regexp': [ '1.0.5' ],
38 silly audit   'eslint-scope': [ '5.1.1' ],
38 silly audit   esrecurse: [ '4.3.0' ],
38 silly audit   estraverse: [ '5.3.0', '4.3.0' ],
38 silly audit   esutils: [ '2.0.3' ],
38 silly audit   etag: [ '1.8.1' ],
38 silly audit   eventemitter3: [ '4.0.7', '5.0.1' ],
38 silly audit   events: [ '3.3.0' ],
38 silly audit   execa: [ '5.1.1' ],
38 silly audit   onetime: [ '5.1.2', '7.0.0' ],
38 silly audit   'signal-exit': [ '3.0.7', '4.1.0' ],
38 silly audit   'exponential-backoff': [ '3.1.1' ],
38 silly audit   express: [ '4.19.2' ],
38 silly audit   extend: [ '3.0.2' ],
38 silly audit   'external-editor': [ '3.1.0' ],
38 silly audit   'fast-deep-equal': [ '3.1.3' ],
38 silly audit   'fast-glob': [ '3.3.2' ],
38 silly audit   'fast-json-stable-stringify': [ '2.1.0' ],
38 silly audit   'fast-uri': [ '3.0.1' ],
38 silly audit   fastq: [ '1.17.1' ],
38 silly audit   'faye-websocket': [ '0.11.4' ],
38 silly audit   'fill-range': [ '7.1.1' ],
38 silly audit   'find-cache-dir': [ '4.0.0' ],
38 silly audit   'find-up': [ '6.3.0' ],
38 silly audit   flat: [ '5.0.2' ],
38 silly audit   flatted: [ '3.3.1' ],
38 silly audit   'follow-redirects': [ '1.15.9' ],
38 silly audit   'font-awesome': [ '4.7.0' ],
38 silly audit   'foreground-child': [ '3.3.0' ],
38 silly audit   'form-data': [ '2.5.1' ],
38 silly audit   forwarded: [ '0.2.0' ],
38 silly audit   'fraction.js': [ '4.3.7' ],
38 silly audit   fresh: [ '0.5.2' ],
38 silly audit   'fs-extra': [ '8.1.0' ],
38 silly audit   'fs-minipass': [ '3.0.3', '2.1.0' ],
38 silly audit   'fs.realpath': [ '1.0.0' ],
38 silly audit   fsevents: [ '2.3.3' ],
38 silly audit   'function-bind': [ '1.1.2' ],
38 silly audit   gaxios: [ '6.7.1' ],
38 silly audit   'gcp-metadata': [ '6.1.0' ],
38 silly audit   gensync: [ '1.0.0-beta.2' ],
38 silly audit   'get-caller-file': [ '2.0.5' ],
38 silly audit   'get-east-asian-width': [ '1.2.0' ],
38 silly audit   'get-intrinsic': [ '1.2.4' ],
38 silly audit   'get-stream': [ '6.0.1' ],
38 silly audit   'glob-to-regexp': [ '0.4.1' ],
38 silly audit   globals: [ '11.12.0' ],
38 silly audit   globby: [ '14.0.2' ],
38 silly audit   'google-auth-library': [ '9.14.1' ],
38 silly audit   gopd: [ '1.0.1' ],
38 silly audit   'graceful-fs': [ '4.2.11' ],
38 silly audit   gtoken: [ '7.1.0' ],
38 silly audit   'handle-thing': [ '2.0.1' ],
38 silly audit   'has-property-descriptors': [ '1.0.2' ],
38 silly audit   'has-proto': [ '1.0.3' ],
38 silly audit   'has-symbols': [ '1.0.3' ],
38 silly audit   hasown: [ '2.0.2' ],
38 silly audit   'hosted-git-info': [ '7.0.2' ],
38 silly audit   'hpack.js': [ '2.1.6' ],
38 silly audit   'readable-stream': [ '2.3.8', '3.6.2' ],
38 silly audit   string_decoder: [ '1.1.1', '1.3.0' ],
38 silly audit   'html-entities': [ '2.5.2' ],
38 silly audit   'html-escaper': [ '2.0.2' ],
38 silly audit   htmlparser2: [ '8.0.2' ],
38 silly audit   'http-cache-semantics': [ '4.1.1' ],
38 silly audit   'http-deceiver': [ '1.2.7' ],
38 silly audit   'http-errors': [ '2.0.0', '1.6.3' ],
38 silly audit   'http-parser-js': [ '0.5.8' ],
38 silly audit   'http-proxy': [ '1.18.1' ],
38 silly audit   'http-proxy-agent': [ '7.0.2', '5.0.0' ],
38 silly audit   'http-proxy-middleware': [ '3.0.0', '2.0.6' ],
38 silly audit   'https-proxy-agent': [ '7.0.5', '5.0.1' ],
38 silly audit   'human-signals': [ '2.1.0' ],
38 silly audit   hyperdyperid: [ '1.2.0' ],
38 silly audit   'icss-utils': [ '5.1.0' ],
38 silly audit   ieee754: [ '1.2.1' ],
38 silly audit   ignore: [ '5.3.2' ],
38 silly audit   'ignore-walk': [ '6.0.5' ],
38 silly audit   'image-size': [ '0.5.5' ],
38 silly audit   immutable: [ '4.3.7' ],
38 silly audit   'import-fresh': [ '3.3.0' ],
38 silly audit   imurmurhash: [ '0.1.4' ],
38 silly audit   'indent-string': [ '4.0.0' ],
38 silly audit   inflight: [ '1.0.6' ],
38 silly audit   inherits: [ '2.0.4', '2.0.3' ],
38 silly audit   ini: [ '4.1.3' ],
38 silly audit   'ip-address': [ '9.0.5' ],
38 silly audit   'ipaddr.js': [ '1.9.1', '2.2.0' ],
38 silly audit   is: [ '3.3.0' ],
38 silly audit   'is-arrayish': [ '0.2.1' ],
38 silly audit   'is-binary-path': [ '2.1.0' ],
38 silly audit   'is-core-module': [ '2.15.1' ],
38 silly audit   'is-docker': [ '3.0.0' ],
38 silly audit   'is-extglob': [ '2.1.1' ],
38 silly audit   'is-glob': [ '4.0.3' ],
38 silly audit   'is-inside-container': [ '1.0.0' ],
38 silly audit   'is-interactive': [ '1.0.0' ],
38 silly audit   'is-lambda': [ '1.0.1' ],
38 silly audit   'is-network-error': [ '1.1.0' ],
38 silly audit   'is-number': [ '7.0.0' ],
38 silly audit   'is-plain-obj': [ '3.0.0' ],
38 silly audit   'is-plain-object': [ '2.0.4' ],
38 silly audit   'is-stream': [ '2.0.1' ],
38 silly audit   'is-unicode-supported': [ '0.1.0' ],
38 silly audit   'is-what': [ '3.14.1' ],
38 silly audit   'is-wsl': [ '3.1.0' ],
38 silly audit   isarray: [ '1.0.0' ],
38 silly audit   isbinaryfile: [ '4.0.10' ],
38 silly audit   isobject: [ '3.0.1' ],
38 silly audit   'istanbul-lib-coverage': [ '3.2.2' ],
38 silly audit   'istanbul-lib-instrument': [ '6.0.3', '5.2.1' ],
38 silly audit   'istanbul-lib-report': [ '3.0.1' ],
38 silly audit   'istanbul-lib-source-maps': [ '4.0.1' ],
38 silly audit   'source-map': [ '0.6.1', '0.7.4' ],
38 silly audit   'istanbul-reports': [ '3.1.7' ],
38 silly audit   jackspeak: [ '3.4.3' ],
38 silly audit   'jasmine-core': [ '5.2.0', '4.6.1' ],
38 silly audit   'jest-worker': [ '27.5.1' ],
38 silly audit   jiti: [ '1.21.6' ],
38 silly audit   'js-tokens': [ '4.0.0' ],
38 silly audit   'js-yaml': [ '4.1.0' ],
38 silly audit   jsbn: [ '1.1.0' ],
38 silly audit   jsesc: [ '2.5.2', '0.5.0' ],
38 silly audit   'json-bigint': [ '1.0.0' ],
38 silly audit   'json-parse-even-better-errors': [ '3.0.2', '2.3.1' ],
38 silly audit   'json-schema-traverse': [ '1.0.0', '0.4.1' ],
38 silly audit   json5: [ '2.2.3' ],
38 silly audit   'jsonc-parser': [ '3.3.1' ],
38 silly audit   jsonfile: [ '4.0.0' ],
38 silly audit   jsonparse: [ '1.3.1' ],
38 silly audit   jwa: [ '2.0.0' ],
38 silly audit   jws: [ '4.0.0' ],
38 silly audit   karma: [ '6.4.4' ],
38 silly audit   'karma-chrome-launcher': [ '3.2.0' ],
38 silly audit   'karma-coverage': [ '2.2.1' ],
38 silly audit   'karma-jasmine': [ '5.1.0' ],
38 silly audit   'karma-jasmine-html-reporter': [ '2.1.0' ],
38 silly audit   'karma-source-map-support': [ '1.4.0' ],
38 silly audit   tmp: [ '0.2.3', '0.0.33' ],
38 silly audit   yargs: [ '16.2.0', '17.7.2' ],
38 silly audit   'yargs-parser': [ '20.2.9', '21.1.1' ],
38 silly audit   'kind-of': [ '6.0.3' ],
38 silly audit   'launch-editor': [ '2.9.1' ],
38 silly audit   less: [ '4.2.0' ],
38 silly audit   'less-loader': [ '12.2.0' ],
38 silly audit   'make-dir': [ '2.1.0', '4.0.0' ],
38 silly audit   mime: [ '1.6.0', '2.6.0' ],
38 silly audit   'license-webpack-plugin': [ '4.0.2' ],
38 silly audit   'lines-and-columns': [ '1.2.4' ],
38 silly audit   listr2: [ '8.2.4' ],
38 silly audit   lit: [ '3.2.1' ],
38 silly audit   'lit-element': [ '4.1.1' ],
38 silly audit   'lit-html': [ '3.2.1' ],
38 silly audit   lmdb: [ '3.0.13' ],
38 silly audit   'loader-runner': [ '4.3.0' ],
38 silly audit   'locate-path': [ '7.2.0' ],
38 silly audit   lodash: [ '4.17.21' ],
38 silly audit   'lodash.debounce': [ '4.0.8' ],
38 silly audit   'log-symbols': [ '4.1.0' ],
38 silly audit   'log-update': [ '6.1.0' ],
38 silly audit   'slice-ansi': [ '7.1.0', '5.0.0' ],
38 silly audit   log4js: [ '6.9.1' ],
38 silly audit   'magic-string': [ '0.30.11' ],
38 silly audit   'make-fetch-happen': [ '13.0.1' ],
38 silly audit   'media-typer': [ '0.3.0' ],
38 silly audit   memfs: [ '4.11.1' ],
38 silly audit   'merge-descriptors': [ '1.0.1' ],
38 silly audit   'merge-stream': [ '2.0.0' ],
38 silly audit   merge2: [ '1.4.1' ],
38 silly audit   methods: [ '1.1.2' ],
38 silly audit   micromatch: [ '4.0.8' ],
38 silly audit   'mime-db': [ '1.52.0' ],
38 silly audit   'mime-types': [ '2.1.35' ],
38 silly audit   'mimic-fn': [ '2.1.0' ],
38 silly audit   'mimic-function': [ '5.0.1' ],
38 silly audit   'mini-css-extract-plugin': [ '2.9.0' ],
38 silly audit   'minimalistic-assert': [ '1.0.1' ],
38 silly audit   minimist: [ '1.2.8' ],
38 silly audit   minipass: [ '7.1.2', '3.3.6', '5.0.0' ],
38 silly audit   'minipass-collect': [ '2.0.1' ],
38 silly audit   'minipass-fetch': [ '3.0.5' ],
38 silly audit   'minipass-flush': [ '1.0.5' ],
38 silly audit   yallist: [ '4.0.0', '3.1.1' ],
38 silly audit   'minipass-pipeline': [ '1.2.4' ],
38 silly audit   'minipass-sized': [ '1.0.3' ],
38 silly audit   minizlib: [ '2.1.2' ],
38 silly audit   mkdirp: [ '0.5.6', '1.0.4' ],
38 silly audit   mrmime: [ '2.0.0' ],
38 silly audit   msgpackr: [ '1.11.0' ],
38 silly audit   'msgpackr-extract': [ '3.0.3' ],
38 silly audit   'multicast-dns': [ '7.2.5' ],
38 silly audit   'mute-stream': [ '1.0.0' ],
38 silly audit   nanoid: [ '3.3.7' ],
38 silly audit   needle: [ '3.3.1' ],
38 silly audit   negotiator: [ '0.6.3' ],
38 silly audit   'neo-async': [ '2.6.2' ],
38 silly audit   'ngx-skeleton-loader': [ '9.0.0' ],
38 silly audit   'nice-napi': [ '1.0.2' ],
38 silly audit   'node-fetch': [ '2.7.0' ],
38 silly audit   'node-forge': [ '1.3.1' ],
38 silly audit   'node-gyp': [ '10.2.0' ],
38 silly audit   'node-gyp-build': [ '4.8.2' ],
38 silly audit   'node-gyp-build-optional-packages': [ '5.2.2' ],
38 silly audit   'node-releases': [ '2.0.18' ],
38 silly audit   nopt: [ '7.2.1' ],
38 silly audit   'normalize-package-data': [ '6.0.2' ],
38 silly audit   'normalize-path': [ '3.0.0' ],
38 silly audit   'normalize-range': [ '0.1.2' ],
38 silly audit   'npm-bundled': [ '3.0.1' ],
38 silly audit   'npm-install-checks': [ '6.3.0' ],
38 silly audit   'npm-normalize-package-bin': [ '3.0.1' ],
38 silly audit   'npm-package-arg': [ '11.0.3' ],
38 silly audit   'npm-packlist': [ '8.0.2' ],
38 silly audit   'npm-pick-manifest': [ '9.1.0' ],
38 silly audit   'npm-registry-fetch': [ '17.1.0' ],
38 silly audit   'npm-run-path': [ '4.0.1' ],
38 silly audit   'nth-check': [ '2.1.1' ],
38 silly audit   'object-assign': [ '4.1.1' ],
38 silly audit   'object-inspect': [ '1.13.2' ],
38 silly audit   obuf: [ '1.1.2' ],
38 silly audit   'on-headers': [ '1.0.2' ],
38 silly audit   once: [ '1.4.0' ],
38 silly audit   open: [ '10.1.0' ],
38 silly audit   ora: [ '5.4.1' ],
38 silly audit   'restore-cursor': [ '3.1.0', '5.1.0' ],
38 silly audit   'ordered-binary': [ '1.5.1' ],
38 silly audit   'os-tmpdir': [ '1.0.2' ],
38 silly audit   'p-limit': [ '4.0.0' ],
38 silly audit   'p-locate': [ '6.0.0' ],
38 silly audit   'p-map': [ '4.0.0' ],
38 silly audit   'p-retry': [ '6.2.0' ],
38 silly audit   retry: [ '0.13.1', '0.12.0' ],
38 silly audit   'package-json-from-dist': [ '1.0.0' ],
38 silly audit   pacote: [ '18.0.6' ],
38 silly audit   'parent-module': [ '1.0.1' ],
38 silly audit   'parse-json': [ '5.2.0' ],
38 silly audit   'parse-node-version': [ '1.0.1' ],
38 silly audit   parse5: [ '7.1.2' ],
38 silly audit   'parse5-html-rewriting-stream': [ '7.0.0' ],
38 silly audit   'parse5-sax-parser': [ '7.0.0' ],
38 silly audit   parseurl: [ '1.3.3' ],
38 silly audit   'path-exists': [ '5.0.0' ],
38 silly audit   'path-is-absolute': [ '1.0.1' ],
38 silly audit   'path-key': [ '3.1.1' ],
38 silly audit   'path-parse': [ '1.0.7' ],
38 silly audit   'path-scurry': [ '1.11.1' ],
38 silly audit   'path-to-regexp': [ '0.1.7' ],
38 silly audit   'path-type': [ '5.0.0' ],
38 silly audit   picocolors: [ '1.1.0' ],
38 silly audit   pify: [ '4.0.1' ],
38 silly audit   piscina: [ '4.6.1' ],
38 silly audit   'pkg-dir': [ '7.0.0' ],
38 silly audit   postcss: [ '8.4.41' ],
38 silly audit   'postcss-loader': [ '8.1.1' ],
38 silly audit   'postcss-media-query-parser': [ '0.2.3' ],
38 silly audit   'postcss-modules-extract-imports': [ '3.1.0' ],
38 silly audit   'postcss-modules-local-by-default': [ '4.0.5' ],
38 silly audit   'postcss-modules-scope': [ '3.2.0' ],
38 silly audit   'postcss-modules-values': [ '4.0.0' ],
38 silly audit   'postcss-selector-parser': [ '6.1.2' ],
38 silly audit   'postcss-value-parser': [ '4.2.0' ],
38 silly audit   'proc-log': [ '4.2.0' ],
38 silly audit   'process-nextick-args': [ '2.0.1' ],
38 silly audit   'promise-inflight': [ '1.0.1' ],
38 silly audit   'promise-retry': [ '2.0.1' ],
38 silly audit   'proxy-addr': [ '2.0.7' ],
38 silly audit   prr: [ '1.0.1' ],
38 silly audit   punycode: [ '1.4.1', '2.3.1' ],
38 silly audit   qjobs: [ '1.2.0' ],
38 silly audit   qs: [ '6.11.0' ],
38 silly audit   'queue-microtask': [ '1.2.3' ],
38 silly audit   randombytes: [ '2.1.0' ],
38 silly audit   'range-parser': [ '1.2.1' ],
38 silly audit   'raw-body': [ '2.5.2' ],
38 silly audit   readdirp: [ '3.6.0', '4.0.2' ],
38 silly audit   'reflect-metadata': [ '0.2.2' ],
38 silly audit   regenerate: [ '1.4.2' ],
38 silly audit   'regenerate-unicode-properties': [ '10.1.1' ],
38 silly audit   'regenerator-runtime': [ '0.14.1' ],
38 silly audit   'regenerator-transform': [ '0.15.2' ],
38 silly audit   'regex-parser': [ '2.3.0' ],
38 silly audit   'regexpu-core': [ '5.3.2' ],
38 silly audit   regjsparser: [ '0.9.1' ],
38 silly audit   'require-directory': [ '2.1.1' ],
38 silly audit   'require-from-string': [ '2.0.2' ],
38 silly audit   'requires-port': [ '1.0.0' ],
38 silly audit   resolve: [ '1.22.8' ],
38 silly audit   'resolve-from': [ '4.0.0' ],
38 silly audit   'resolve-url-loader': [ '5.0.0' ],
38 silly audit   'retry-request': [ '7.0.2' ],
38 silly audit   reusify: [ '1.0.4' ],
38 silly audit   rfdc: [ '1.4.1' ],
38 silly audit   rimraf: [ '3.0.2', '5.0.10' ],
38 silly audit   rollup: [ '4.20.0' ],
38 silly audit   'run-applescript': [ '7.0.0' ],
38 silly audit   'run-parallel': [ '1.2.0' ],
38 silly audit   rxjs: [ '7.8.1' ],
38 silly audit   'safer-buffer': [ '2.1.2' ],
38 silly audit   'sass-loader': [ '16.0.0' ],
38 silly audit   sax: [ '1.4.1' ],
38 silly audit   'schema-utils': [ '4.2.0', '3.3.0' ],
38 silly audit   'select-hose': [ '2.0.0' ],
38 silly audit   selfsigned: [ '2.4.1' ],
38 silly audit   send: [ '0.18.0' ],
38 silly audit   'serialize-javascript': [ '6.0.2' ],
38 silly audit   'serve-index': [ '1.9.1' ],
38 silly audit   setprototypeof: [ '1.1.0', '1.2.0' ],
38 silly audit   'serve-static': [ '1.15.0' ],
38 silly audit   'set-function-length': [ '1.2.2' ],
38 silly audit   'shallow-clone': [ '3.0.1' ],
38 silly audit   'shebang-command': [ '2.0.0' ],
38 silly audit   'shebang-regex': [ '3.0.0' ],
38 silly audit   'shell-quote': [ '1.8.1' ],
38 silly audit   'side-channel': [ '1.0.6' ],
38 silly audit   sigstore: [ '2.3.1' ],
38 silly audit   slash: [ '5.1.0' ],
38 silly audit   'smart-buffer': [ '4.2.0' ],
38 silly audit   'socket.io': [ '4.7.5' ],
38 silly audit   'socket.io-adapter': [ '2.5.5' ],
38 silly audit   'socket.io-parser': [ '4.2.4' ],
38 silly audit   sockjs: [ '0.3.24' ],
38 silly audit   socks: [ '2.8.3' ],
38 silly audit   'socks-proxy-agent': [ '8.0.4' ],
38 silly audit   'sonar-scanner': [ '3.1.0' ],
38 silly audit   'source-map-js': [ '1.2.1' ],
38 silly audit   'source-map-loader': [ '5.0.0' ],
38 silly audit   'source-map-support': [ '0.5.21' ],
38 silly audit   'spdx-correct': [ '3.2.0' ],
38 silly audit   'spdx-exceptions': [ '2.5.0' ],
38 silly audit   'spdx-expression-parse': [ '3.0.1' ],
38 silly audit   'spdx-license-ids': [ '3.0.20' ],
38 silly audit   spdy: [ '4.0.2' ],
38 silly audit   'spdy-transport': [ '3.0.0' ],
38 silly audit   'sprintf-js': [ '1.1.3' ],
38 silly audit   ssri: [ '10.0.6' ],
38 silly audit   'stream-events': [ '1.0.5' ],
38 silly audit   'stream-shift': [ '1.0.3' ],
38 silly audit   streamroller: [ '3.1.5' ],
38 silly audit   'strip-final-newline': [ '2.0.0' ],
38 silly audit   stubs: [ '3.0.0' ],
38 silly audit   'supports-preserve-symlinks-flag': [ '1.0.0' ],
38 silly audit   'symbol-observable': [ '4.0.0' ],
38 silly audit   tapable: [ '2.2.1' ],
38 silly audit   tar: [ '6.2.1' ],
38 silly audit   'teeny-request': [ '9.0.0' ],
38 silly audit   terser: [ '5.31.6' ],
38 silly audit   'terser-webpack-plugin': [ '5.3.10' ],
38 silly audit   thingies: [ '1.21.0' ],
38 silly audit   thunky: [ '1.1.0' ],
38 silly audit   'to-fast-properties': [ '2.0.0' ],
38 silly audit   'to-regex-range': [ '5.0.1' ],
38 silly audit   toidentifier: [ '1.0.1' ],
38 silly audit   tr46: [ '0.0.3' ],
38 silly audit   'tree-dump': [ '1.0.2' ],
38 silly audit   'tree-kill': [ '1.2.2' ],
38 silly audit   'tuf-js': [ '2.2.1' ],
38 silly audit   'type-fest': [ '0.21.3' ],
38 silly audit   'type-is': [ '1.6.18' ],
38 silly audit   'typed-assert': [ '1.0.9' ],
38 silly audit   typescript: [ '5.5.4' ],
38 silly audit   'ua-parser-js': [ '0.7.38' ],
38 silly audit   'unicode-canonical-property-names-ecmascript': [ '2.0.0' ],
38 silly audit   'unicode-match-property-ecmascript': [ '2.0.0' ],
38 silly audit   'unicode-match-property-value-ecmascript': [ '2.1.0' ],
38 silly audit   'unicode-property-aliases-ecmascript': [ '2.1.0' ],
38 silly audit   'unicorn-magic': [ '0.1.0' ],
38 silly audit   'unique-filename': [ '3.0.0' ],
38 silly audit   'unique-slug': [ '4.0.0' ],
38 silly audit   universalify: [ '0.1.2' ],
38 silly audit   unpipe: [ '1.0.0' ],
38 silly audit   'update-browserslist-db': [ '1.1.0' ],
38 silly audit   'uri-js': [ '4.4.1' ],
38 silly audit   'util-deprecate': [ '1.0.2' ],
38 silly audit   'utils-merge': [ '1.0.1' ],
38 silly audit   'validate-npm-package-license': [ '3.0.4' ],
38 silly audit   'validate-npm-package-name': [ '5.0.1' ],
38 silly audit   vary: [ '1.1.2' ],
38 silly audit   vite: [ '5.4.0' ],
38 silly audit   'void-elements': [ '2.0.1' ],
38 silly audit   watchpack: [ '2.4.1' ],
38 silly audit   wbuf: [ '1.7.3' ],
38 silly audit   wcwidth: [ '1.0.1' ],
38 silly audit   'weak-lru-cache': [ '1.2.2' ],
38 silly audit   'webidl-conversions': [ '3.0.1' ],
38 silly audit   webpack: [ '5.94.0' ],
38 silly audit   'webpack-dev-middleware': [ '7.4.2' ],
38 silly audit   'webpack-dev-server': [ '5.0.4' ],
38 silly audit   'webpack-merge': [ '6.0.1' ],
38 silly audit   'webpack-sources': [ '3.2.3' ],
38 silly audit   'webpack-subresource-integrity': [ '5.1.0' ],
38 silly audit   'websocket-driver': [ '0.7.4' ],
38 silly audit   'websocket-extensions': [ '0.1.4' ],
38 silly audit   'whatwg-url': [ '5.0.0' ],
38 silly audit   wildcard: [ '2.0.1' ],
38 silly audit   wrappy: [ '1.0.2' ],
38 silly audit   ws: [ '8.17.1' ],
38 silly audit   xhr2: [ '0.2.1' ],
38 silly audit   y18n: [ '5.0.8' ],
38 silly audit   'yocto-queue': [ '1.1.1' ],
38 silly audit   'yoctocolors-cjs': [ '2.1.2' ],
38 silly audit   'zone.js': [ '0.14.10' ],
38 silly audit   '@abacritt/angularx-social-login': [ '2.3.0' ]
38 silly audit }
39 verbose reify failed optional dependency /home/biswabandita_rout/frontend/node_modules/fsevents
40 silly reify mark deleted [ '/home/biswabandita_rout/frontend/node_modules/fsevents' ]
41 verbose reify failed optional dependency /home/biswabandita_rout/frontend/node_modules/@rollup/rollup-win32-x64-msvc
42 silly reify mark deleted [
42 silly reify   '/home/biswabandita_rout/frontend/node_modules/@rollup/rollup-win32-x64-msvc'
42 silly reify ]
43 verbose reify failed optional dependency /home/biswabandita_rout/frontend/node_modules/@rollup/rollup-win32-ia32-msvc
44 silly reify mark deleted [
44 silly reify   '/home/biswabandita_rout/frontend/node_modules/@rollup/rollup-win32-ia32-msvc'
44 silly reify ]
45 verbose reify failed optional dependency /home/biswabandita_rout/frontend/node_modules/@rollup/rollup-win32-arm64-msvc
46 silly reify mark deleted [
46 silly reify   '/home/biswabandita_rout/frontend/node_modules/@rollup/rollup-win32-arm64-msvc'
46 silly reify ]
47 verbose reify failed optional dependency /home/biswabandita_rout/frontend/node_modules/@rollup/rollup-linux-s390x-gnu
48 silly reify mark deleted [
48 silly reify   '/home/biswabandita_rout/frontend/node_modules/@rollup/rollup-linux-s390x-gnu'
48 silly reify ]
49 verbose reify failed optional dependency /home/biswabandita_rout/frontend/node_modules/@rollup/rollup-linux-riscv64-gnu
50 silly reify mark deleted [
50 silly reify   '/home/biswabandita_rout/frontend/node_modules/@rollup/rollup-linux-riscv64-gnu'
50 silly reify ]
51 verbose reify failed optional dependency /home/biswabandita_rout/frontend/node_modules/@rollup/rollup-linux-powerpc64le-gnu
52 silly reify mark deleted [
52 silly reify   '/home/biswabandita_rout/frontend/node_modules/@rollup/rollup-linux-powerpc64le-gnu'
52 silly reify ]
53 verbose reify failed optional dependency /home/biswabandita_rout/frontend/node_modules/@rollup/rollup-linux-arm64-musl
54 silly reify mark deleted [
54 silly reify   '/home/biswabandita_rout/frontend/node_modules/@rollup/rollup-linux-arm64-musl'
54 silly reify ]
55 verbose reify failed optional dependency /home/biswabandita_rout/frontend/node_modules/@rollup/rollup-linux-arm64-gnu
56 silly reify mark deleted [
56 silly reify   '/home/biswabandita_rout/frontend/node_modules/@rollup/rollup-linux-arm64-gnu'
56 silly reify ]
57 verbose reify failed optional dependency /home/biswabandita_rout/frontend/node_modules/@rollup/rollup-linux-arm-musleabihf
58 silly reify mark deleted [
58 silly reify   '/home/biswabandita_rout/frontend/node_modules/@rollup/rollup-linux-arm-musleabihf'
58 silly reify ]
59 verbose reify failed optional dependency /home/biswabandita_rout/frontend/node_modules/@rollup/rollup-linux-arm-gnueabihf
60 silly reify mark deleted [
60 silly reify   '/home/biswabandita_rout/frontend/node_modules/@rollup/rollup-linux-arm-gnueabihf'
60 silly reify ]
61 verbose reify failed optional dependency /home/biswabandita_rout/frontend/node_modules/@rollup/rollup-darwin-x64
62 silly reify mark deleted [
62 silly reify   '/home/biswabandita_rout/frontend/node_modules/@rollup/rollup-darwin-x64'
62 silly reify ]
63 verbose reify failed optional dependency /home/biswabandita_rout/frontend/node_modules/@rollup/rollup-darwin-arm64
64 silly reify mark deleted [
64 silly reify   '/home/biswabandita_rout/frontend/node_modules/@rollup/rollup-darwin-arm64'
64 silly reify ]
65 verbose reify failed optional dependency /home/biswabandita_rout/frontend/node_modules/@rollup/rollup-android-arm64
66 silly reify mark deleted [
66 silly reify   '/home/biswabandita_rout/frontend/node_modules/@rollup/rollup-android-arm64'
66 silly reify ]
67 verbose reify failed optional dependency /home/biswabandita_rout/frontend/node_modules/@rollup/rollup-android-arm-eabi
68 silly reify mark deleted [
68 silly reify   '/home/biswabandita_rout/frontend/node_modules/@rollup/rollup-android-arm-eabi'
68 silly reify ]
69 verbose reify failed optional dependency /home/biswabandita_rout/frontend/node_modules/@parcel/watcher-win32-x64
70 silly reify mark deleted [
70 silly reify   '/home/biswabandita_rout/frontend/node_modules/@parcel/watcher-win32-x64'
70 silly reify ]
71 verbose reify failed optional dependency /home/biswabandita_rout/frontend/node_modules/@parcel/watcher-win32-ia32
72 silly reify mark deleted [
72 silly reify   '/home/biswabandita_rout/frontend/node_modules/@parcel/watcher-win32-ia32'
72 silly reify ]
73 verbose reify failed optional dependency /home/biswabandita_rout/frontend/node_modules/@parcel/watcher-win32-arm64
74 silly reify mark deleted [
74 silly reify   '/home/biswabandita_rout/frontend/node_modules/@parcel/watcher-win32-arm64'
74 silly reify ]
75 verbose reify failed optional dependency /home/biswabandita_rout/frontend/node_modules/@parcel/watcher-linux-arm64-musl
76 silly reify mark deleted [
76 silly reify   '/home/biswabandita_rout/frontend/node_modules/@parcel/watcher-linux-arm64-musl'
76 silly reify ]
77 verbose reify failed optional dependency /home/biswabandita_rout/frontend/node_modules/@parcel/watcher-linux-arm64-glibc
78 silly reify mark deleted [
78 silly reify   '/home/biswabandita_rout/frontend/node_modules/@parcel/watcher-linux-arm64-glibc'
78 silly reify ]
79 verbose reify failed optional dependency /home/biswabandita_rout/frontend/node_modules/@parcel/watcher-linux-arm-glibc
80 silly reify mark deleted [
80 silly reify   '/home/biswabandita_rout/frontend/node_modules/@parcel/watcher-linux-arm-glibc'
80 silly reify ]
81 verbose reify failed optional dependency /home/biswabandita_rout/frontend/node_modules/@parcel/watcher-freebsd-x64
82 silly reify mark deleted [
82 silly reify   '/home/biswabandita_rout/frontend/node_modules/@parcel/watcher-freebsd-x64'
82 silly reify ]
83 verbose reify failed optional dependency /home/biswabandita_rout/frontend/node_modules/@parcel/watcher-darwin-x64
84 silly reify mark deleted [
84 silly reify   '/home/biswabandita_rout/frontend/node_modules/@parcel/watcher-darwin-x64'
84 silly reify ]
85 verbose reify failed optional dependency /home/biswabandita_rout/frontend/node_modules/@parcel/watcher-darwin-arm64
86 silly reify mark deleted [
86 silly reify   '/home/biswabandita_rout/frontend/node_modules/@parcel/watcher-darwin-arm64'
86 silly reify ]
87 verbose reify failed optional dependency /home/biswabandita_rout/frontend/node_modules/@parcel/watcher-android-arm64
88 silly reify mark deleted [
88 silly reify   '/home/biswabandita_rout/frontend/node_modules/@parcel/watcher-android-arm64'
88 silly reify ]
89 verbose reify failed optional dependency /home/biswabandita_rout/frontend/node_modules/@msgpackr-extract/msgpackr-extract-win32-x64
90 silly reify mark deleted [
90 silly reify   '/home/biswabandita_rout/frontend/node_modules/@msgpackr-extract/msgpackr-extract-win32-x64'
90 silly reify ]
91 verbose reify failed optional dependency /home/biswabandita_rout/frontend/node_modules/@msgpackr-extract/msgpackr-extract-linux-arm64
92 silly reify mark deleted [
92 silly reify   '/home/biswabandita_rout/frontend/node_modules/@msgpackr-extract/msgpackr-extract-linux-arm64'
92 silly reify ]
93 verbose reify failed optional dependency /home/biswabandita_rout/frontend/node_modules/@msgpackr-extract/msgpackr-extract-linux-arm
94 silly reify mark deleted [
94 silly reify   '/home/biswabandita_rout/frontend/node_modules/@msgpackr-extract/msgpackr-extract-linux-arm'
94 silly reify ]
95 verbose reify failed optional dependency /home/biswabandita_rout/frontend/node_modules/@msgpackr-extract/msgpackr-extract-darwin-x64
96 silly reify mark deleted [
96 silly reify   '/home/biswabandita_rout/frontend/node_modules/@msgpackr-extract/msgpackr-extract-darwin-x64'
96 silly reify ]
97 verbose reify failed optional dependency /home/biswabandita_rout/frontend/node_modules/@msgpackr-extract/msgpackr-extract-darwin-arm64
98 silly reify mark deleted [
98 silly reify   '/home/biswabandita_rout/frontend/node_modules/@msgpackr-extract/msgpackr-extract-darwin-arm64'
98 silly reify ]
99 verbose reify failed optional dependency /home/biswabandita_rout/frontend/node_modules/@lmdb/lmdb-win32-x64
100 silly reify mark deleted [
100 silly reify   '/home/biswabandita_rout/frontend/node_modules/@lmdb/lmdb-win32-x64'
100 silly reify ]
101 verbose reify failed optional dependency /home/biswabandita_rout/frontend/node_modules/@lmdb/lmdb-linux-arm64
102 silly reify mark deleted [
102 silly reify   '/home/biswabandita_rout/frontend/node_modules/@lmdb/lmdb-linux-arm64'
102 silly reify ]
103 verbose reify failed optional dependency /home/biswabandita_rout/frontend/node_modules/@lmdb/lmdb-linux-arm
104 silly reify mark deleted [
104 silly reify   '/home/biswabandita_rout/frontend/node_modules/@lmdb/lmdb-linux-arm'
104 silly reify ]
105 verbose reify failed optional dependency /home/biswabandita_rout/frontend/node_modules/@lmdb/lmdb-darwin-x64
106 silly reify mark deleted [
106 silly reify   '/home/biswabandita_rout/frontend/node_modules/@lmdb/lmdb-darwin-x64'
106 silly reify ]
107 verbose reify failed optional dependency /home/biswabandita_rout/frontend/node_modules/@lmdb/lmdb-darwin-arm64
108 silly reify mark deleted [
108 silly reify   '/home/biswabandita_rout/frontend/node_modules/@lmdb/lmdb-darwin-arm64'
108 silly reify ]
109 verbose reify failed optional dependency /home/biswabandita_rout/frontend/node_modules/@esbuild/win32-x64
110 silly reify mark deleted [ '/home/biswabandita_rout/frontend/node_modules/@esbuild/win32-x64' ]
111 verbose reify failed optional dependency /home/biswabandita_rout/frontend/node_modules/@esbuild/win32-ia32
112 silly reify mark deleted [ '/home/biswabandita_rout/frontend/node_modules/@esbuild/win32-ia32' ]
113 verbose reify failed optional dependency /home/biswabandita_rout/frontend/node_modules/@esbuild/win32-arm64
114 silly reify mark deleted [
114 silly reify   '/home/biswabandita_rout/frontend/node_modules/@esbuild/win32-arm64'
114 silly reify ]
115 verbose reify failed optional dependency /home/biswabandita_rout/frontend/node_modules/@esbuild/sunos-x64
116 silly reify mark deleted [ '/home/biswabandita_rout/frontend/node_modules/@esbuild/sunos-x64' ]
117 verbose reify failed optional dependency /home/biswabandita_rout/frontend/node_modules/@esbuild/openbsd-x64
118 silly reify mark deleted [
118 silly reify   '/home/biswabandita_rout/frontend/node_modules/@esbuild/openbsd-x64'
118 silly reify ]
119 verbose reify failed optional dependency /home/biswabandita_rout/frontend/node_modules/@esbuild/openbsd-arm64
120 silly reify mark deleted [
120 silly reify   '/home/biswabandita_rout/frontend/node_modules/@esbuild/openbsd-arm64'
120 silly reify ]
121 verbose reify failed optional dependency /home/biswabandita_rout/frontend/node_modules/@esbuild/netbsd-x64
122 silly reify mark deleted [ '/home/biswabandita_rout/frontend/node_modules/@esbuild/netbsd-x64' ]
123 verbose reify failed optional dependency /home/biswabandita_rout/frontend/node_modules/@esbuild/linux-s390x
124 silly reify mark deleted [
124 silly reify   '/home/biswabandita_rout/frontend/node_modules/@esbuild/linux-s390x'
124 silly reify ]
125 verbose reify failed optional dependency /home/biswabandita_rout/frontend/node_modules/@esbuild/linux-riscv64
126 silly reify mark deleted [
126 silly reify   '/home/biswabandita_rout/frontend/node_modules/@esbuild/linux-riscv64'
126 silly reify ]
127 verbose reify failed optional dependency /home/biswabandita_rout/frontend/node_modules/@esbuild/linux-ppc64
128 silly reify mark deleted [
128 silly reify   '/home/biswabandita_rout/frontend/node_modules/@esbuild/linux-ppc64'
128 silly reify ]
129 verbose reify failed optional dependency /home/biswabandita_rout/frontend/node_modules/@esbuild/linux-mips64el
130 silly reify mark deleted [
130 silly reify   '/home/biswabandita_rout/frontend/node_modules/@esbuild/linux-mips64el'
130 silly reify ]
131 verbose reify failed optional dependency /home/biswabandita_rout/frontend/node_modules/@esbuild/linux-loong64
132 silly reify mark deleted [
132 silly reify   '/home/biswabandita_rout/frontend/node_modules/@esbuild/linux-loong64'
132 silly reify ]
133 verbose reify failed optional dependency /home/biswabandita_rout/frontend/node_modules/@esbuild/linux-ia32
134 silly reify mark deleted [ '/home/biswabandita_rout/frontend/node_modules/@esbuild/linux-ia32' ]
135 verbose reify failed optional dependency /home/biswabandita_rout/frontend/node_modules/@esbuild/linux-arm64
136 silly reify mark deleted [
136 silly reify   '/home/biswabandita_rout/frontend/node_modules/@esbuild/linux-arm64'
136 silly reify ]
137 verbose reify failed optional dependency /home/biswabandita_rout/frontend/node_modules/@esbuild/linux-arm
138 silly reify mark deleted [ '/home/biswabandita_rout/frontend/node_modules/@esbuild/linux-arm' ]
139 verbose reify failed optional dependency /home/biswabandita_rout/frontend/node_modules/@esbuild/freebsd-x64
140 silly reify mark deleted [
140 silly reify   '/home/biswabandita_rout/frontend/node_modules/@esbuild/freebsd-x64'
140 silly reify ]
141 verbose reify failed optional dependency /home/biswabandita_rout/frontend/node_modules/@esbuild/freebsd-arm64
142 silly reify mark deleted [
142 silly reify   '/home/biswabandita_rout/frontend/node_modules/@esbuild/freebsd-arm64'
142 silly reify ]
143 verbose reify failed optional dependency /home/biswabandita_rout/frontend/node_modules/@esbuild/darwin-x64
144 silly reify mark deleted [ '/home/biswabandita_rout/frontend/node_modules/@esbuild/darwin-x64' ]
145 verbose reify failed optional dependency /home/biswabandita_rout/frontend/node_modules/@esbuild/darwin-arm64
146 silly reify mark deleted [
146 silly reify   '/home/biswabandita_rout/frontend/node_modules/@esbuild/darwin-arm64'
146 silly reify ]
147 verbose reify failed optional dependency /home/biswabandita_rout/frontend/node_modules/@esbuild/android-x64
148 silly reify mark deleted [
148 silly reify   '/home/biswabandita_rout/frontend/node_modules/@esbuild/android-x64'
148 silly reify ]
149 verbose reify failed optional dependency /home/biswabandita_rout/frontend/node_modules/@esbuild/android-arm64
150 silly reify mark deleted [
150 silly reify   '/home/biswabandita_rout/frontend/node_modules/@esbuild/android-arm64'
150 silly reify ]
151 verbose reify failed optional dependency /home/biswabandita_rout/frontend/node_modules/@esbuild/android-arm
152 silly reify mark deleted [
152 silly reify   '/home/biswabandita_rout/frontend/node_modules/@esbuild/android-arm'
152 silly reify ]
153 verbose reify failed optional dependency /home/biswabandita_rout/frontend/node_modules/@esbuild/aix-ppc64
154 silly reify mark deleted [ '/home/biswabandita_rout/frontend/node_modules/@esbuild/aix-ppc64' ]
155 verbose reify failed optional dependency /home/biswabandita_rout/frontend/node_modules/vite/node_modules/@esbuild/win32-x64
156 silly reify mark deleted [
156 silly reify   '/home/biswabandita_rout/frontend/node_modules/vite/node_modules/@esbuild/win32-x64'
156 silly reify ]
157 verbose reify failed optional dependency /home/biswabandita_rout/frontend/node_modules/vite/node_modules/@esbuild/win32-ia32
158 silly reify mark deleted [
158 silly reify   '/home/biswabandita_rout/frontend/node_modules/vite/node_modules/@esbuild/win32-ia32'
158 silly reify ]
159 verbose reify failed optional dependency /home/biswabandita_rout/frontend/node_modules/vite/node_modules/@esbuild/win32-arm64
160 silly reify mark deleted [
160 silly reify   '/home/biswabandita_rout/frontend/node_modules/vite/node_modules/@esbuild/win32-arm64'
160 silly reify ]
161 verbose reify failed optional dependency /home/biswabandita_rout/frontend/node_modules/vite/node_modules/@esbuild/sunos-x64
162 silly reify mark deleted [
162 silly reify   '/home/biswabandita_rout/frontend/node_modules/vite/node_modules/@esbuild/sunos-x64'
162 silly reify ]
163 verbose reify failed optional dependency /home/biswabandita_rout/frontend/node_modules/vite/node_modules/@esbuild/openbsd-x64
164 silly reify mark deleted [
164 silly reify   '/home/biswabandita_rout/frontend/node_modules/vite/node_modules/@esbuild/openbsd-x64'
164 silly reify ]
165 verbose reify failed optional dependency /home/biswabandita_rout/frontend/node_modules/vite/node_modules/@esbuild/netbsd-x64
166 silly reify mark deleted [
166 silly reify   '/home/biswabandita_rout/frontend/node_modules/vite/node_modules/@esbuild/netbsd-x64'
166 silly reify ]
167 verbose reify failed optional dependency /home/biswabandita_rout/frontend/node_modules/vite/node_modules/@esbuild/linux-s390x
168 silly reify mark deleted [
168 silly reify   '/home/biswabandita_rout/frontend/node_modules/vite/node_modules/@esbuild/linux-s390x'
168 silly reify ]
169 verbose reify failed optional dependency /home/biswabandita_rout/frontend/node_modules/vite/node_modules/@esbuild/linux-riscv64
170 silly reify mark deleted [
170 silly reify   '/home/biswabandita_rout/frontend/node_modules/vite/node_modules/@esbuild/linux-riscv64'
170 silly reify ]
171 verbose reify failed optional dependency /home/biswabandita_rout/frontend/node_modules/vite/node_modules/@esbuild/linux-ppc64
172 silly reify mark deleted [
172 silly reify   '/home/biswabandita_rout/frontend/node_modules/vite/node_modules/@esbuild/linux-ppc64'
172 silly reify ]
173 verbose reify failed optional dependency /home/biswabandita_rout/frontend/node_modules/vite/node_modules/@esbuild/linux-mips64el
174 silly reify mark deleted [
174 silly reify   '/home/biswabandita_rout/frontend/node_modules/vite/node_modules/@esbuild/linux-mips64el'
174 silly reify ]
175 verbose reify failed optional dependency /home/biswabandita_rout/frontend/node_modules/vite/node_modules/@esbuild/linux-loong64
176 silly reify mark deleted [
176 silly reify   '/home/biswabandita_rout/frontend/node_modules/vite/node_modules/@esbuild/linux-loong64'
176 silly reify ]
177 verbose reify failed optional dependency /home/biswabandita_rout/frontend/node_modules/vite/node_modules/@esbuild/linux-ia32
178 silly reify mark deleted [
178 silly reify   '/home/biswabandita_rout/frontend/node_modules/vite/node_modules/@esbuild/linux-ia32'
178 silly reify ]
179 verbose reify failed optional dependency /home/biswabandita_rout/frontend/node_modules/vite/node_modules/@esbuild/linux-arm64
180 silly reify mark deleted [
180 silly reify   '/home/biswabandita_rout/frontend/node_modules/vite/node_modules/@esbuild/linux-arm64'
180 silly reify ]
181 verbose reify failed optional dependency /home/biswabandita_rout/frontend/node_modules/vite/node_modules/@esbuild/linux-arm
182 silly reify mark deleted [
182 silly reify   '/home/biswabandita_rout/frontend/node_modules/vite/node_modules/@esbuild/linux-arm'
182 silly reify ]
183 verbose reify failed optional dependency /home/biswabandita_rout/frontend/node_modules/vite/node_modules/@esbuild/freebsd-x64
184 silly reify mark deleted [
184 silly reify   '/home/biswabandita_rout/frontend/node_modules/vite/node_modules/@esbuild/freebsd-x64'
184 silly reify ]
185 verbose reify failed optional dependency /home/biswabandita_rout/frontend/node_modules/vite/node_modules/@esbuild/freebsd-arm64
186 silly reify mark deleted [
186 silly reify   '/home/biswabandita_rout/frontend/node_modules/vite/node_modules/@esbuild/freebsd-arm64'
186 silly reify ]
187 verbose reify failed optional dependency /home/biswabandita_rout/frontend/node_modules/vite/node_modules/@esbuild/darwin-x64
188 silly reify mark deleted [
188 silly reify   '/home/biswabandita_rout/frontend/node_modules/vite/node_modules/@esbuild/darwin-x64'
188 silly reify ]
189 verbose reify failed optional dependency /home/biswabandita_rout/frontend/node_modules/vite/node_modules/@esbuild/darwin-arm64
190 silly reify mark deleted [
190 silly reify   '/home/biswabandita_rout/frontend/node_modules/vite/node_modules/@esbuild/darwin-arm64'
190 silly reify ]
191 verbose reify failed optional dependency /home/biswabandita_rout/frontend/node_modules/vite/node_modules/@esbuild/android-x64
192 silly reify mark deleted [
192 silly reify   '/home/biswabandita_rout/frontend/node_modules/vite/node_modules/@esbuild/android-x64'
192 silly reify ]
193 verbose reify failed optional dependency /home/biswabandita_rout/frontend/node_modules/vite/node_modules/@esbuild/android-arm64
194 silly reify mark deleted [
194 silly reify   '/home/biswabandita_rout/frontend/node_modules/vite/node_modules/@esbuild/android-arm64'
194 silly reify ]
195 verbose reify failed optional dependency /home/biswabandita_rout/frontend/node_modules/vite/node_modules/@esbuild/android-arm
196 silly reify mark deleted [
196 silly reify   '/home/biswabandita_rout/frontend/node_modules/vite/node_modules/@esbuild/android-arm'
196 silly reify ]
197 verbose reify failed optional dependency /home/biswabandita_rout/frontend/node_modules/vite/node_modules/@esbuild/aix-ppc64
198 silly reify mark deleted [
198 silly reify   '/home/biswabandita_rout/frontend/node_modules/vite/node_modules/@esbuild/aix-ppc64'
198 silly reify ]
199 http cache @abacritt/angularx-social-login@https://registry.npmjs.org/@abacritt/angularx-social-login/-/angularx-social-login-2.3.0.tgz 0ms (cache hit)
200 silly tarball no local data for @abacritt/angularx-social-login@https://registry.npmjs.org/@abacritt/angularx-social-login/-/angularx-social-login-2.3.0.tgz. Extracting by manifest.
201 http fetch POST 200 https://registry.npmjs.org/-/npm/v1/security/advisories/bulk 223ms
202 silly audit report {
202 silly audit report   'body-parser': [
202 silly audit report     {
202 silly audit report       id: 1099520,
202 silly audit report       url: 'https://github.com/advisories/GHSA-qwcr-r2fm-qrc7',
202 silly audit report       title: 'body-parser vulnerable to denial of service when url encoding is enabled',
202 silly audit report       severity: 'high',
202 silly audit report       vulnerable_versions: '<1.20.3',
202 silly audit report       cwe: [Array],
202 silly audit report       cvss: [Object]
202 silly audit report     }
202 silly audit report   ],
202 silly audit report   cookie: [
202 silly audit report     {
202 silly audit report       id: 1099846,
202 silly audit report       url: 'https://github.com/advisories/GHSA-pxg6-pf52-xh8x',
202 silly audit report       title: 'cookie accepts cookie name, path, and domain with out of bounds characters',
202 silly audit report       severity: 'low',
202 silly audit report       vulnerable_versions: '<0.7.0',
202 silly audit report       cwe: [Array],
202 silly audit report       cvss: [Object]
202 silly audit report     }
202 silly audit report   ],
202 silly audit report   'cross-spawn': [
202 silly audit report     {
202 silly audit report       id: 1100563,
202 silly audit report       url: 'https://github.com/advisories/GHSA-3xgq-45jj-v275',
202 silly audit report       title: 'Regular Expression Denial of Service (ReDoS) in cross-spawn',
202 silly audit report       severity: 'high',
202 silly audit report       vulnerable_versions: '>=7.0.0 <7.0.5',
202 silly audit report       cwe: [Array],
202 silly audit report       cvss: [Object]
202 silly audit report     }
202 silly audit report   ],
202 silly audit report   express: [
202 silly audit report     {
202 silly audit report       id: 1100530,
202 silly audit report       url: 'https://github.com/advisories/GHSA-qw6h-vgh9-j6wx',
202 silly audit report       title: 'express vulnerable to XSS via response.redirect()',
202 silly audit report       severity: 'low',
202 silly audit report       vulnerable_versions: '<4.20.0',
202 silly audit report       cwe: [Array],
202 silly audit report       cvss: [Object]
202 silly audit report     }
202 silly audit report   ],
202 silly audit report   'http-proxy-middleware': [
202 silly audit report     {
202 silly audit report       id: 1100222,
202 silly audit report       url: 'https://github.com/advisories/GHSA-c7qv-q95q-8v27',
202 silly audit report       title: 'Denial of service in http-proxy-middleware',
202 silly audit report       severity: 'high',
202 silly audit report       vulnerable_versions: '>=3.0.0 <3.0.3',
202 silly audit report       cwe: [Array],
202 silly audit report       cvss: [Object]
202 silly audit report     },
202 silly audit report     {
202 silly audit report       id: 1100223,
202 silly audit report       url: 'https://github.com/advisories/GHSA-c7qv-q95q-8v27',
202 silly audit report       title: 'Denial of service in http-proxy-middleware',
202 silly audit report       severity: 'high',
202 silly audit report       vulnerable_versions: '<2.0.7',
202 silly audit report       cwe: [Array],
202 silly audit report       cvss: [Object]
202 silly audit report     }
202 silly audit report   ],
202 silly audit report   nanoid: [
202 silly audit report     {
202 silly audit report       id: 1101163,
202 silly audit report       url: 'https://github.com/advisories/GHSA-mwcw-c2x4-8c55',
202 silly audit report       title: 'Predictable results in nanoid generation when given non-integer values',
202 silly audit report       severity: 'moderate',
202 silly audit report       vulnerable_versions: '<3.3.8',
202 silly audit report       cwe: [Array],
202 silly audit report       cvss: [Object]
202 silly audit report     }
202 silly audit report   ],
202 silly audit report   'path-to-regexp': [
202 silly audit report     {
202 silly audit report       id: 1101844,
202 silly audit report       url: 'https://github.com/advisories/GHSA-rhx6-c78j-4q9w',
202 silly audit report       title: 'Unpatched `path-to-regexp` ReDoS in 0.1.x',
202 silly audit report       severity: 'high',
202 silly audit report       vulnerable_versions: '<0.1.12',
202 silly audit report       cwe: [Array],
202 silly audit report       cvss: [Object]
202 silly audit report     },
202 silly audit report     {
202 silly audit report       id: 1101850,
202 silly audit report       url: 'https://github.com/advisories/GHSA-9wv6-86v2-598j',
202 silly audit report       title: 'path-to-regexp outputs backtracking regular expressions',
202 silly audit report       severity: 'high',
202 silly audit report       vulnerable_versions: '<0.1.10',
202 silly audit report       cwe: [Array],
202 silly audit report       cvss: [Object]
202 silly audit report     }
202 silly audit report   ],
202 silly audit report   rollup: [
202 silly audit report     {
202 silly audit report       id: 1099764,
202 silly audit report       url: 'https://github.com/advisories/GHSA-gcx4-mw62-g8wm',
202 silly audit report       title: 'DOM Clobbering Gadget found in rollup bundled scripts that leads to XSS',
202 silly audit report       severity: 'high',
202 silly audit report       vulnerable_versions: '>=4.0.0 <4.22.4',
202 silly audit report       cwe: [Array],
202 silly audit report       cvss: [Object]
202 silly audit report     }
202 silly audit report   ],
202 silly audit report   send: [
202 silly audit report     {
202 silly audit report       id: 1100526,
202 silly audit report       url: 'https://github.com/advisories/GHSA-m6fv-jmcg-4jfg',
202 silly audit report       title: 'send vulnerable to template injection that can lead to XSS',
202 silly audit report       severity: 'low',
202 silly audit report       vulnerable_versions: '<0.19.0',
202 silly audit report       cwe: [Array],
202 silly audit report       cvss: [Object]
202 silly audit report     }
202 silly audit report   ],
202 silly audit report   'serve-static': [
202 silly audit report     {
202 silly audit report       id: 1100528,
202 silly audit report       url: 'https://github.com/advisories/GHSA-cm22-4g7w-348p',
202 silly audit report       title: 'serve-static vulnerable to template injection that can lead to XSS',
202 silly audit report       severity: 'low',
202 silly audit report       vulnerable_versions: '<1.16.0',
202 silly audit report       cwe: [Array],
202 silly audit report       cvss: [Object]
202 silly audit report     }
202 silly audit report   ],
202 silly audit report   vite: [
202 silly audit report     {
202 silly audit report       id: 1099693,
202 silly audit report       url: 'https://github.com/advisories/GHSA-64vr-g452-qvp3',
202 silly audit report       title: 'Vite DOM Clobbering gadget found in vite bundled scripts that leads to XSS',
202 silly audit report       severity: 'moderate',
202 silly audit report       vulnerable_versions: '>=5.4.0 <5.4.6',
202 silly audit report       cwe: [Array],
202 silly audit report       cvss: [Object]
202 silly audit report     },
202 silly audit report     {
202 silly audit report       id: 1099698,
202 silly audit report       url: 'https://github.com/advisories/GHSA-9cwx-2883-4wfx',
202 silly audit report       title: "Vite's `server.fs.deny` is bypassed when using `?import&raw`",
202 silly audit report       severity: 'moderate',
202 silly audit report       vulnerable_versions: '>=5.4.0 <=5.4.5',
202 silly audit report       cwe: [Array],
202 silly audit report       cvss: [Object]
202 silly audit report     },
202 silly audit report     {
202 silly audit report       id: 1101618,
202 silly audit report       url: 'https://github.com/advisories/GHSA-vg6x-rcgg-rjx6',
202 silly audit report       title: 'Websites were able to send any requests to the development server and read the response in vite',
202 silly audit report       severity: 'moderate',
202 silly audit report       vulnerable_versions: '>=5.0.0 <=5.4.11',
202 silly audit report       cwe: [Array],
202 silly audit report       cvss: [Object]
202 silly audit report     }
202 silly audit report   ]
202 silly audit report }
203 silly packumentCache corgi:https://registry.npmjs.org/body-parser cache-miss
204 silly packumentCache corgi:https://registry.npmjs.org/cookie cache-miss
205 silly packumentCache corgi:https://registry.npmjs.org/cross-spawn cache-miss
206 silly packumentCache corgi:https://registry.npmjs.org/express cache-miss
207 silly packumentCache corgi:https://registry.npmjs.org/http-proxy-middleware cache-miss
208 silly packumentCache corgi:https://registry.npmjs.org/nanoid cache-miss
209 silly packumentCache corgi:https://registry.npmjs.org/path-to-regexp cache-miss
210 silly packumentCache corgi:https://registry.npmjs.org/rollup cache-miss
211 silly packumentCache corgi:https://registry.npmjs.org/send cache-miss
212 silly packumentCache corgi:https://registry.npmjs.org/serve-static cache-miss
213 silly packumentCache corgi:https://registry.npmjs.org/vite cache-miss
214 http fetch GET 200 https://registry.npmjs.org/cookie 286ms (cache updated)
215 silly packumentCache corgi:https://registry.npmjs.org/cookie set size:undefined disposed:false
216 http fetch GET 200 https://registry.npmjs.org/send 303ms (cache updated)
217 silly packumentCache corgi:https://registry.npmjs.org/send set size:undefined disposed:false
218 http fetch GET 200 https://registry.npmjs.org/cross-spawn 312ms (cache updated)
219 silly packumentCache corgi:https://registry.npmjs.org/cross-spawn set size:undefined disposed:false
220 http fetch GET 200 https://registry.npmjs.org/body-parser 318ms (cache updated)
221 silly packumentCache corgi:https://registry.npmjs.org/body-parser set size:undefined disposed:false
222 http fetch GET 200 https://registry.npmjs.org/serve-static 314ms (cache updated)
223 silly packumentCache corgi:https://registry.npmjs.org/serve-static set size:undefined disposed:false
224 http fetch GET 200 https://registry.npmjs.org/path-to-regexp 321ms (cache updated)
225 silly packumentCache corgi:https://registry.npmjs.org/path-to-regexp set size:undefined disposed:false
226 http fetch GET 200 https://registry.npmjs.org/http-proxy-middleware 349ms (cache updated)
227 silly packumentCache corgi:https://registry.npmjs.org/http-proxy-middleware set size:undefined disposed:false
228 http fetch GET 200 https://registry.npmjs.org/nanoid 370ms (cache updated)
229 silly packumentCache corgi:https://registry.npmjs.org/nanoid set size:undefined disposed:false
230 http fetch GET 200 https://registry.npmjs.org/express 374ms (cache updated)
231 silly packumentCache corgi:https://registry.npmjs.org/express set size:undefined disposed:false
232 http fetch GET 200 https://registry.npmjs.org/rollup 432ms (cache updated)
233 silly packumentCache corgi:https://registry.npmjs.org/rollup set size:undefined disposed:false
234 http fetch GET 200 https://registry.npmjs.org/vite 534ms (cache updated)
235 silly packumentCache corgi:https://registry.npmjs.org/vite set size:undefined disposed:false
236 silly packumentCache corgi:https://registry.npmjs.org/karma cache-miss
237 http fetch GET 200 https://registry.npmjs.org/karma 45ms (cache updated)
238 silly packumentCache corgi:https://registry.npmjs.org/karma set size:undefined disposed:false
239 silly packumentCache corgi:https://registry.npmjs.org/engine.io cache-miss
240 http fetch GET 200 https://registry.npmjs.org/@abacritt/angularx-social-login/-/angularx-social-login-2.3.0.tgz 922ms (cache miss)
241 http fetch GET 200 https://registry.npmjs.org/engine.io 101ms (cache updated)
242 silly packumentCache corgi:https://registry.npmjs.org/engine.io set size:undefined disposed:false
243 silly packumentCache corgi:https://registry.npmjs.org/execa cache-miss
244 silly packumentCache corgi:https://registry.npmjs.org/foreground-child cache-miss
245 http fetch GET 200 https://registry.npmjs.org/foreground-child 734ms (cache updated)
246 silly packumentCache corgi:https://registry.npmjs.org/foreground-child set size:undefined disposed:false
247 http fetch GET 200 https://registry.npmjs.org/execa 742ms (cache updated)
248 silly packumentCache corgi:https://registry.npmjs.org/execa set size:undefined disposed:false
249 silly packumentCache corgi:https://registry.npmjs.org/webpack-dev-server cache-miss
250 http fetch GET 200 https://registry.npmjs.org/webpack-dev-server 59ms (cache updated)
251 silly packumentCache corgi:https://registry.npmjs.org/webpack-dev-server set size:undefined disposed:false
252 silly packumentCache corgi:https://registry.npmjs.org/@angular-devkit%2fbuild-angular cache-miss
253 http fetch GET 200 https://registry.npmjs.org/@angular-devkit%2fbuild-angular 112ms (cache updated)
254 silly packumentCache corgi:https://registry.npmjs.org/@angular-devkit%2fbuild-angular set size:undefined disposed:false
255 silly packumentCache corgi:https://registry.npmjs.org/postcss cache-miss
256 http fetch GET 200 https://registry.npmjs.org/postcss 58ms (cache updated)
257 silly packumentCache corgi:https://registry.npmjs.org/postcss set size:undefined disposed:false
258 silly packumentCache corgi:https://registry.npmjs.org/@angular%2fbuild cache-miss
259 http fetch GET 200 https://registry.npmjs.org/@angular%2fbuild 194ms (cache updated)
260 silly packumentCache corgi:https://registry.npmjs.org/@angular%2fbuild set size:undefined disposed:false
261 silly packumentCache corgi:https://registry.npmjs.org/@vitejs%2fplugin-basic-ssl cache-miss
262 http fetch GET 200 https://registry.npmjs.org/@vitejs%2fplugin-basic-ssl 125ms (cache updated)
263 silly packumentCache corgi:https://registry.npmjs.org/@vitejs%2fplugin-basic-ssl set size:undefined disposed:false
264 silly packumentCache corgi:https://registry.npmjs.org/socket.io cache-miss
265 http fetch GET 200 https://registry.npmjs.org/socket.io 40ms (cache updated)
266 silly packumentCache corgi:https://registry.npmjs.org/socket.io set size:undefined disposed:false
267 silly ADD node_modules/@abacritt/angularx-social-login
268 silly ADD
269 silly ADD
270 silly ADD
271 silly ADD
272 silly ADD
273 silly ADD
274 silly ADD
275 silly ADD
276 silly ADD
277 silly ADD
278 silly ADD
279 silly ADD
280 silly ADD
281 silly ADD
282 silly ADD
283 silly ADD
284 silly ADD
285 silly ADD
286 silly ADD
287 silly ADD
288 silly ADD
289 silly ADD
290 silly ADD
291 silly ADD
292 silly ADD
293 silly ADD
294 silly ADD
295 silly ADD
296 silly ADD
297 silly ADD
298 silly ADD
299 silly ADD
300 silly ADD
301 silly ADD
302 silly ADD
303 silly ADD
304 silly ADD
305 silly ADD
306 silly ADD
307 silly ADD
308 silly ADD
309 silly ADD
310 silly ADD
311 silly ADD
312 silly ADD
313 silly ADD
314 silly ADD
315 silly ADD
316 silly ADD
317 silly ADD
318 silly ADD
319 silly ADD
320 silly ADD
321 silly ADD
322 silly ADD
323 silly ADD
324 silly ADD
325 silly ADD
326 silly ADD
327 silly ADD
328 silly ADD
329 silly ADD
330 silly ADD
331 silly ADD
332 silly ADD
333 silly ADD
334 silly ADD
335 silly ADD
336 silly ADD
337 silly ADD
338 silly ADD
339 silly ADD
340 silly ADD
341 silly ADD
342 silly ADD
343 silly ADD
344 silly ADD
345 silly ADD
346 silly ADD
347 silly ADD
348 verbose cwd /home/biswabandita_rout/frontend
349 verbose os Linux 6.1.124+
350 verbose node v22.13.1
351 verbose npm  v11.0.0
352 verbose exit 0
353 info ok
