2025-01-17 10:01:33.191 [info] [main] Log level: Info
2025-01-17 10:01:33.191 [info] [main] Validating found git in: "git"
2025-01-17 10:01:33.191 [info] [main] Using git "2.43.0" from "git"
2025-01-17 10:01:33.191 [info] [Model][doInitialScan] Initial repository scan started
2025-01-17 10:01:33.191 [info] > git rev-parse --show-toplevel [5ms]
2025-01-17 10:01:33.191 [info] fatal: not a git repository (or any parent up to mount point /)
Stopping at filesystem boundary (GIT_DISCOVERY_ACROSS_FILESYSTEM not set).
2025-01-17 10:01:33.191 [info] > git rev-parse --show-toplevel [2ms]
2025-01-17 10:01:33.191 [info] fatal: not a git repository (or any parent up to mount point /)
Stopping at filesystem boundary (GIT_DISCOVERY_ACROSS_FILESYSTEM not set).
2025-01-17 10:01:33.191 [info] > git rev-parse --show-toplevel [2ms]
2025-01-17 10:01:33.191 [info] fatal: not a git repository (or any parent up to mount point /)
Stopping at filesystem boundary (GIT_DISCOVERY_ACROSS_FILESYSTEM not set).
2025-01-17 10:01:33.191 [info] > git rev-parse --show-toplevel [1ms]
2025-01-17 10:01:33.191 [info] fatal: not a git repository (or any parent up to mount point /)
Stopping at filesystem boundary (GIT_DISCOVERY_ACROSS_FILESYSTEM not set).
2025-01-17 10:01:33.191 [info] > git rev-parse --show-toplevel [2ms]
2025-01-17 10:01:33.191 [info] fatal: not a git repository (or any parent up to mount point /)
Stopping at filesystem boundary (GIT_DISCOVERY_ACROSS_FILESYSTEM not set).
2025-01-17 10:01:33.191 [info] > git rev-parse --show-toplevel [2ms]
2025-01-17 10:01:33.191 [info] fatal: not a git repository (or any parent up to mount point /)
Stopping at filesystem boundary (GIT_DISCOVERY_ACROSS_FILESYSTEM not set).
2025-01-17 10:01:33.191 [info] > git rev-parse --show-toplevel [2ms]
2025-01-17 10:01:33.191 [info] fatal: not a git repository (or any parent up to mount point /)
Stopping at filesystem boundary (GIT_DISCOVERY_ACROSS_FILESYSTEM not set).
2025-01-17 10:01:33.191 [info] > git rev-parse --show-toplevel [2ms]
2025-01-17 10:01:33.191 [info] fatal: not a git repository (or any parent up to mount point /)
Stopping at filesystem boundary (GIT_DISCOVERY_ACROSS_FILESYSTEM not set).
2025-01-17 10:01:33.191 [info] > git rev-parse --show-toplevel [2ms]
2025-01-17 10:01:33.191 [info] fatal: not a git repository (or any parent up to mount point /)
Stopping at filesystem boundary (GIT_DISCOVERY_ACROSS_FILESYSTEM not set).
2025-01-17 10:01:33.191 [info] > git rev-parse --show-toplevel [1ms]
2025-01-17 10:01:33.191 [info] fatal: not a git repository (or any parent up to mount point /)
Stopping at filesystem boundary (GIT_DISCOVERY_ACROSS_FILESYSTEM not set).
2025-01-17 10:01:33.191 [info] > git rev-parse --show-toplevel [1ms]
2025-01-17 10:01:33.191 [info] fatal: not a git repository (or any parent up to mount point /)
Stopping at filesystem boundary (GIT_DISCOVERY_ACROSS_FILESYSTEM not set).
2025-01-17 10:01:33.191 [info] [Model][doInitialScan] Initial repository scan completed - repositories (0), closed repositories (0), parent repositories (0), unsafe repositories (0)
2025-01-17 10:01:50.364 [info] > git rev-parse --show-toplevel [19ms]
2025-01-17 10:01:50.364 [info] fatal: not a git repository (or any parent up to mount point /)
Stopping at filesystem boundary (GIT_DISCOVERY_ACROSS_FILESYSTEM not set).
2025-01-17 10:02:07.716 [info] > git rev-parse --show-toplevel [2ms]
2025-01-17 10:02:07.716 [info] fatal: not a git repository (or any parent up to mount point /)
Stopping at filesystem boundary (GIT_DISCOVERY_ACROSS_FILESYSTEM not set).
2025-01-17 10:02:08.155 [info] > git rev-parse --show-toplevel [2ms]
2025-01-17 10:02:08.155 [info] fatal: not a git repository (or any parent up to mount point /)
Stopping at filesystem boundary (GIT_DISCOVERY_ACROSS_FILESYSTEM not set).
