2025-01-02 12:03:12.609 [info] [main] Log level: Info
2025-01-02 12:03:12.609 [info] [main] Validating found git in: "git"
2025-01-02 12:03:12.609 [info] [main] Using git "2.43.0" from "git"
2025-01-02 12:03:12.609 [info] [Model][doInitialScan] Initial repository scan started
2025-01-02 12:03:12.609 [info] > git rev-parse --show-toplevel [4ms]
2025-01-02 12:03:12.609 [info] fatal: not a git repository (or any parent up to mount point /)
Stopping at filesystem boundary (GIT_DISCOVERY_ACROSS_FILESYSTEM not set).
2025-01-02 12:03:12.609 [info] > git rev-parse --show-toplevel [3ms]
2025-01-02 12:03:12.609 [info] fatal: not a git repository (or any parent up to mount point /)
Stopping at filesystem boundary (GIT_DISCOVERY_ACROSS_FILESYSTEM not set).
2025-01-02 12:03:12.609 [info] > git rev-parse --show-toplevel [3ms]
2025-01-02 12:03:12.609 [info] fatal: not a git repository (or any parent up to mount point /)
Stopping at filesystem boundary (GIT_DISCOVERY_ACROSS_FILESYSTEM not set).
2025-01-02 12:03:12.609 [info] > git rev-parse --show-toplevel [2ms]
2025-01-02 12:03:12.609 [info] fatal: not a git repository (or any parent up to mount point /)
Stopping at filesystem boundary (GIT_DISCOVERY_ACROSS_FILESYSTEM not set).
2025-01-02 12:03:12.609 [info] > git rev-parse --show-toplevel [2ms]
2025-01-02 12:03:12.609 [info] fatal: not a git repository (or any parent up to mount point /)
Stopping at filesystem boundary (GIT_DISCOVERY_ACROSS_FILESYSTEM not set).
2025-01-02 12:03:12.609 [info] > git rev-parse --show-toplevel [1ms]
2025-01-02 12:03:12.609 [info] fatal: not a git repository (or any parent up to mount point /)
Stopping at filesystem boundary (GIT_DISCOVERY_ACROSS_FILESYSTEM not set).
2025-01-02 12:03:12.609 [info] > git rev-parse --show-toplevel [2ms]
2025-01-02 12:03:12.609 [info] fatal: not a git repository (or any parent up to mount point /)
Stopping at filesystem boundary (GIT_DISCOVERY_ACROSS_FILESYSTEM not set).
2025-01-02 12:03:12.609 [info] > git rev-parse --show-toplevel [3ms]
2025-01-02 12:03:12.609 [info] fatal: not a git repository (or any parent up to mount point /)
Stopping at filesystem boundary (GIT_DISCOVERY_ACROSS_FILESYSTEM not set).
2025-01-02 12:03:12.609 [info] > git rev-parse --show-toplevel [2ms]
2025-01-02 12:03:12.609 [info] fatal: not a git repository (or any parent up to mount point /)
Stopping at filesystem boundary (GIT_DISCOVERY_ACROSS_FILESYSTEM not set).
2025-01-02 12:03:12.609 [info] > git rev-parse --show-toplevel [2ms]
2025-01-02 12:03:12.609 [info] fatal: not a git repository (or any parent up to mount point /)
Stopping at filesystem boundary (GIT_DISCOVERY_ACROSS_FILESYSTEM not set).
2025-01-02 12:03:12.609 [info] [Model][doInitialScan] Initial repository scan completed - repositories (0), closed repositories (0), parent repositories (0), unsafe repositories (0)
2025-01-02 12:03:12.609 [info] > git rev-parse --show-toplevel [5ms]
2025-01-02 12:03:12.610 [info] fatal: not a git repository (or any parent up to mount point /)
Stopping at filesystem boundary (GIT_DISCOVERY_ACROSS_FILESYSTEM not set).
2025-01-02 12:03:12.610 [info] > git rev-parse --show-toplevel [5ms]
2025-01-02 12:03:12.610 [info] fatal: not a git repository (or any parent up to mount point /)
Stopping at filesystem boundary (GIT_DISCOVERY_ACROSS_FILESYSTEM not set).
2025-01-02 12:03:49.793 [info] > git rev-parse --show-toplevel [12ms]
2025-01-02 12:03:49.793 [info] fatal: not a git repository (or any parent up to mount point /)
Stopping at filesystem boundary (GIT_DISCOVERY_ACROSS_FILESYSTEM not set).
2025-01-02 12:25:45.833 [info] > git rev-parse --show-toplevel [6ms]
2025-01-02 12:25:45.834 [info] fatal: not a git repository (or any parent up to mount point /)
Stopping at filesystem boundary (GIT_DISCOVERY_ACROSS_FILESYSTEM not set).
2025-01-02 12:25:47.411 [info] > git rev-parse --show-toplevel [8ms]
2025-01-02 12:25:47.411 [info] fatal: not a git repository (or any parent up to mount point /)
Stopping at filesystem boundary (GIT_DISCOVERY_ACROSS_FILESYSTEM not set).
2025-01-02 12:25:54.803 [info] > git rev-parse --show-toplevel [7ms]
2025-01-02 12:25:54.804 [info] fatal: not a git repository (or any parent up to mount point /)
Stopping at filesystem boundary (GIT_DISCOVERY_ACROSS_FILESYSTEM not set).
2025-01-02 12:37:09.368 [info] > git rev-parse --show-toplevel [8ms]
2025-01-02 12:37:09.368 [info] fatal: not a git repository (or any parent up to mount point /)
Stopping at filesystem boundary (GIT_DISCOVERY_ACROSS_FILESYSTEM not set).
2025-01-02 12:37:35.046 [info] > git rev-parse --show-toplevel [3ms]
2025-01-02 12:37:35.046 [info] fatal: not a git repository (or any parent up to mount point /)
Stopping at filesystem boundary (GIT_DISCOVERY_ACROSS_FILESYSTEM not set).
2025-01-02 12:37:37.309 [info] > git rev-parse --show-toplevel [4ms]
2025-01-02 12:37:37.309 [info] fatal: not a git repository (or any parent up to mount point /)
Stopping at filesystem boundary (GIT_DISCOVERY_ACROSS_FILESYSTEM not set).
2025-01-02 12:37:41.055 [info] > git rev-parse --show-toplevel [3ms]
2025-01-02 12:37:41.056 [info] fatal: not a git repository (or any parent up to mount point /)
Stopping at filesystem boundary (GIT_DISCOVERY_ACROSS_FILESYSTEM not set).
2025-01-02 12:38:02.071 [info] > git rev-parse --show-toplevel [1ms]
2025-01-02 12:38:02.071 [info] fatal: not a git repository (or any parent up to mount point /)
Stopping at filesystem boundary (GIT_DISCOVERY_ACROSS_FILESYSTEM not set).
2025-01-02 12:38:10.156 [info] > git rev-parse --show-toplevel [4ms]
2025-01-02 12:38:10.156 [info] fatal: not a git repository (or any parent up to mount point /)
Stopping at filesystem boundary (GIT_DISCOVERY_ACROSS_FILESYSTEM not set).
2025-01-02 12:38:18.856 [info] > git rev-parse --show-toplevel [2ms]
2025-01-02 12:38:18.856 [info] fatal: not a git repository (or any parent up to mount point /)
Stopping at filesystem boundary (GIT_DISCOVERY_ACROSS_FILESYSTEM not set).
2025-01-02 12:39:10.255 [info] > git rev-parse --show-toplevel [3ms]
2025-01-02 12:39:10.256 [info] fatal: not a git repository (or any parent up to mount point /)
Stopping at filesystem boundary (GIT_DISCOVERY_ACROSS_FILESYSTEM not set).
2025-01-02 12:39:15.498 [info] > git rev-parse --show-toplevel [3ms]
2025-01-02 12:39:15.498 [info] fatal: not a git repository (or any parent up to mount point /)
Stopping at filesystem boundary (GIT_DISCOVERY_ACROSS_FILESYSTEM not set).
2025-01-02 12:49:55.664 [info] > git rev-parse --show-toplevel [15ms]
2025-01-02 12:49:55.664 [info] fatal: not a git repository (or any parent up to mount point /)
Stopping at filesystem boundary (GIT_DISCOVERY_ACROSS_FILESYSTEM not set).
2025-01-02 12:49:55.743 [info] > git rev-parse --show-toplevel [2ms]
2025-01-02 12:49:55.743 [info] fatal: not a git repository (or any parent up to mount point /)
Stopping at filesystem boundary (GIT_DISCOVERY_ACROSS_FILESYSTEM not set).
2025-01-02 12:50:11.978 [info] > git rev-parse --show-toplevel [2ms]
2025-01-02 12:50:11.978 [info] fatal: not a git repository (or any parent up to mount point /)
Stopping at filesystem boundary (GIT_DISCOVERY_ACROSS_FILESYSTEM not set).
2025-01-02 12:50:13.516 [info] > git rev-parse --show-toplevel [6ms]
2025-01-02 12:50:13.517 [info] fatal: not a git repository (or any parent up to mount point /)
Stopping at filesystem boundary (GIT_DISCOVERY_ACROSS_FILESYSTEM not set).
2025-01-02 12:51:32.932 [info] > git rev-parse --show-toplevel [2ms]
2025-01-02 12:51:32.932 [info] fatal: not a git repository (or any parent up to mount point /)
Stopping at filesystem boundary (GIT_DISCOVERY_ACROSS_FILESYSTEM not set).
2025-01-02 12:52:03.293 [info] > git rev-parse --show-toplevel [3ms]
2025-01-02 12:52:03.293 [info] fatal: not a git repository (or any parent up to mount point /)
Stopping at filesystem boundary (GIT_DISCOVERY_ACROSS_FILESYSTEM not set).
