2025-01-28 05:15:49.477 [info] Extension host with pid 1230 started
2025-01-28 05:15:49.477 [error] Error: EEXIST: file already exists, open '/home/biswabandita_rout/.codeoss/data/User/workspaceStorage/-2aa307c7/vscode.lock'
2025-01-28 05:15:49.512 [info] Lock '/home/biswabandita_rout/.codeoss/data/User/workspaceStorage/-2aa307c7/vscode.lock': Could not acquire lock, checking if the file is stale.
2025-01-28 05:15:49.516 [info] Lock '/home/biswabandita_rout/.codeoss/data/User/workspaceStorage/-2aa307c7/vscode.lock': The pid 1203 appears to be gone.
2025-01-28 05:15:49.516 [info] Lock '/home/biswabandita_rout/.codeoss/data/User/workspaceStorage/-2aa307c7/vscode.lock': Deleting a stale lock.
2025-01-28 05:15:49.523 [info] Lock '/home/biswabandita_rout/.codeoss/data/User/workspaceStorage/-2aa307c7/vscode.lock': Lock acquired.
2025-01-28 05:15:51.803 [info] ExtensionService#_doActivateExtension vscode.emmet, startup: false, activationEvent: 'onLanguage'
2025-01-28 05:15:51.804 [info] ExtensionService#_doActivateExtension vscode.configuration-editing, startup: false, activationEvent: 'onLanguage:json'
2025-01-28 05:15:51.805 [info] ExtensionService#_doActivateExtension vscode.extension-editing, startup: false, activationEvent: 'onLanguage:json'
2025-01-28 05:15:51.805 [info] ExtensionService#_doActivateExtension vscode.json-language-features, startup: false, activationEvent: 'onLanguage:json'
2025-01-28 05:15:51.806 [info] ExtensionService#_doActivateExtension vscode.npm, startup: false, activationEvent: 'onLanguage:json'
2025-01-28 05:15:52.808 [info] ExtensionService#_doActivateExtension vscode.git-base, startup: true, activationEvent: '*', root cause: vscode.git
2025-01-28 05:15:55.865 [info] ExtensionService#_doActivateExtension vscode.git, startup: true, activationEvent: '*'
2025-01-28 05:15:55.866 [info] ExtensionService#_doActivateExtension vscode.github, startup: true, activationEvent: '*'
2025-01-28 05:15:59.386 [warning] [Decorations] CAPPING events from decorations provider vscode.git 1034
2025-01-28 05:15:59.733 [warning] [Decorations] CAPPING events from decorations provider vscode.git 1034
2025-01-28 05:15:59.998 [info] Not activating extension 'redhat.fabric8-analytics': Timed out while searching for 'workspaceContains' pattern **/package.json,**/pom.xml,**/go.mod,**/requirements.txt,**/build.gradle,**/Dockerfile,**/Containerfile
2025-01-28 05:15:59.999 [info] Not activating extension 'redhat.java': Timed out while searching for 'workspaceContains' pattern */pom.xml,*/build.gradle,*/settings.gradle,*/build.gradle.kts,*/settings.gradle.kts,*/.classpath
2025-01-28 05:15:59.999 [info] Not activating extension 'vscjava.vscode-java-dependency': Timed out while searching for 'workspaceContains' pattern */pom.xml,*/build.gradle,*/settings.gradle,*/build.gradle.kts,*/settings.gradle.kts,*/.classpath
2025-01-28 05:15:59.999 [info] Not activating extension 'vscjava.vscode-java-test': Timed out while searching for 'workspaceContains' pattern */pom.xml,*/build.gradle,*/settings.gradle,*/build.gradle.kts,*/settings.gradle.kts,*/.classpath
2025-01-28 05:15:59.999 [info] Not activating extension 'vscjava.vscode-maven': Timed out while searching for 'workspaceContains' pattern **/pom.xml
2025-01-28 05:16:02.814 [info] ExtensionService#_doActivateExtension EditorConfig.EditorConfig, startup: false, activationEvent: 'onStartupFinished'
2025-01-28 05:16:02.815 [info] ExtensionService#_doActivateExtension google.cloud-shell, startup: false, activationEvent: 'onStartupFinished'
2025-01-28 05:16:02.815 [info] ExtensionService#_doActivateExtension google.geminicodeassist, startup: false, activationEvent: 'onStartupFinished', root cause: googlecloudtools.cloudcode
2025-01-28 05:16:02.816 [info] ExtensionService#_doActivateExtension vscode.debug-auto-launch, startup: false, activationEvent: 'onStartupFinished'
2025-01-28 05:16:02.816 [info] ExtensionService#_doActivateExtension vscode.merge-conflict, startup: false, activationEvent: 'onStartupFinished'
2025-01-28 05:16:12.000 [info] ExtensionService#_doActivateExtension vscode.github-authentication, startup: false, activationEvent: 'onAuthenticationRequest:github'
2025-01-28 05:16:25.491 [info] Eager extensions activated
2025-01-28 05:16:25.604 [info] ExtensionService#_doActivateExtension googlecloudtools.cloudcode, startup: false, activationEvent: 'onStartupFinished'
2025-01-28 05:16:28.274 [info] ExtensionService#_doActivateExtension vscode.typescript-language-features, startup: false, activationEvent: 'onLanguage:jsonc'
2025-01-28 05:16:42.298 [warning] [Decorations] CAPPING events from decorations provider vscode.git 1039
2025-01-28 05:16:56.390 [warning] [Decorations] CAPPING events from decorations provider vscode.git 1039
2025-01-28 05:17:07.363 [warning] [Decorations] CAPPING events from decorations provider vscode.git 1039
2025-01-28 05:17:12.477 [warning] [Decorations] CAPPING events from decorations provider vscode.git 1039
2025-01-28 05:17:17.592 [warning] [Decorations] CAPPING events from decorations provider vscode.git 1039
2025-01-28 05:17:22.712 [warning] [Decorations] CAPPING events from decorations provider vscode.git 1039
2025-01-28 05:17:31.152 [warning] [Decorations] CAPPING events from decorations provider vscode.git 1039
2025-01-28 05:17:36.268 [warning] [Decorations] CAPPING events from decorations provider vscode.git 1039
2025-01-28 05:17:41.377 [warning] [Decorations] CAPPING events from decorations provider vscode.git 1039
2025-01-28 05:17:46.492 [warning] [Decorations] CAPPING events from decorations provider vscode.git 1039
2025-01-28 05:17:51.608 [warning] [Decorations] CAPPING events from decorations provider vscode.git 1039
2025-01-28 05:17:56.715 [warning] [Decorations] CAPPING events from decorations provider vscode.git 1039
2025-01-28 05:18:01.823 [warning] [Decorations] CAPPING events from decorations provider vscode.git 1039
2025-01-28 05:18:06.948 [warning] [Decorations] CAPPING events from decorations provider vscode.git 1039
2025-01-28 05:18:12.059 [warning] [Decorations] CAPPING events from decorations provider vscode.git 1039
2025-01-28 05:18:17.169 [warning] [Decorations] CAPPING events from decorations provider vscode.git 1039
2025-01-28 05:18:22.282 [warning] [Decorations] CAPPING events from decorations provider vscode.git 1039
2025-01-28 05:18:27.387 [warning] [Decorations] CAPPING events from decorations provider vscode.git 1039
2025-01-28 05:18:32.494 [warning] [Decorations] CAPPING events from decorations provider vscode.git 1039
2025-01-28 05:18:37.608 [warning] [Decorations] CAPPING events from decorations provider vscode.git 1039
2025-01-28 05:18:42.733 [warning] [Decorations] CAPPING events from decorations provider vscode.git 1039
2025-01-28 05:18:47.840 [warning] [Decorations] CAPPING events from decorations provider vscode.git 1039
2025-01-28 05:18:52.948 [warning] [Decorations] CAPPING events from decorations provider vscode.git 1039
2025-01-28 05:18:58.067 [warning] [Decorations] CAPPING events from decorations provider vscode.git 1039
2025-01-28 05:19:09.928 [warning] [Decorations] CAPPING events from decorations provider vscode.git 1039
2025-01-28 05:19:15.043 [warning] [Decorations] CAPPING events from decorations provider vscode.git 1039
2025-01-28 05:19:20.162 [warning] [Decorations] CAPPING events from decorations provider vscode.git 1039
2025-01-28 05:19:25.271 [warning] [Decorations] CAPPING events from decorations provider vscode.git 1039
2025-01-28 05:19:30.380 [warning] [Decorations] CAPPING events from decorations provider vscode.git 1039
2025-01-28 05:19:35.500 [warning] [Decorations] CAPPING events from decorations provider vscode.git 1039
2025-01-28 05:19:41.489 [warning] [Decorations] CAPPING events from decorations provider vscode.git 1039
2025-01-28 05:19:46.600 [warning] [Decorations] CAPPING events from decorations provider vscode.git 1039
2025-01-28 05:19:51.723 [warning] [Decorations] CAPPING events from decorations provider vscode.git 1039
2025-01-28 05:19:56.835 [warning] [Decorations] CAPPING events from decorations provider vscode.git 1039
2025-01-28 05:20:01.941 [warning] [Decorations] CAPPING events from decorations provider vscode.git 1039
2025-01-28 05:20:07.066 [warning] [Decorations] CAPPING events from decorations provider vscode.git 1039
2025-01-28 05:20:12.184 [warning] [Decorations] CAPPING events from decorations provider vscode.git 1039
2025-01-28 05:20:17.296 [warning] [Decorations] CAPPING events from decorations provider vscode.git 1039
2025-01-28 05:20:22.408 [warning] [Decorations] CAPPING events from decorations provider vscode.git 1039
2025-01-28 05:20:27.517 [warning] [Decorations] CAPPING events from decorations provider vscode.git 1039
2025-01-28 05:20:32.628 [warning] [Decorations] CAPPING events from decorations provider vscode.git 1039
2025-01-28 05:20:37.734 [warning] [Decorations] CAPPING events from decorations provider vscode.git 1039
2025-01-28 05:20:42.846 [warning] [Decorations] CAPPING events from decorations provider vscode.git 1039
2025-01-28 05:20:47.961 [warning] [Decorations] CAPPING events from decorations provider vscode.git 1039
2025-01-28 05:20:53.069 [warning] [Decorations] CAPPING events from decorations provider vscode.git 1039
2025-01-28 05:20:58.191 [warning] [Decorations] CAPPING events from decorations provider vscode.git 1039
2025-01-28 05:21:03.311 [warning] [Decorations] CAPPING events from decorations provider vscode.git 1039
2025-01-28 05:21:08.432 [warning] [Decorations] CAPPING events from decorations provider vscode.git 1039
2025-01-28 05:21:13.549 [warning] [Decorations] CAPPING events from decorations provider vscode.git 1039
2025-01-28 05:21:25.590 [warning] [Decorations] CAPPING events from decorations provider vscode.git 1039
2025-01-28 05:21:30.701 [warning] [Decorations] CAPPING events from decorations provider vscode.git 1039
2025-01-28 05:21:35.810 [warning] [Decorations] CAPPING events from decorations provider vscode.git 1039
2025-01-28 05:21:40.920 [warning] [Decorations] CAPPING events from decorations provider vscode.git 1039
2025-01-28 05:21:46.036 [warning] [Decorations] CAPPING events from decorations provider vscode.git 1039
2025-01-28 05:21:51.149 [warning] [Decorations] CAPPING events from decorations provider vscode.git 1039
2025-01-28 05:21:56.254 [warning] [Decorations] CAPPING events from decorations provider vscode.git 1039
2025-01-28 05:22:01.360 [warning] [Decorations] CAPPING events from decorations provider vscode.git 1039
2025-01-28 05:22:06.482 [warning] [Decorations] CAPPING events from decorations provider vscode.git 1039
2025-01-28 05:22:11.594 [warning] [Decorations] CAPPING events from decorations provider vscode.git 1039
2025-01-28 05:22:16.703 [warning] [Decorations] CAPPING events from decorations provider vscode.git 1039
2025-01-28 05:22:21.815 [warning] [Decorations] CAPPING events from decorations provider vscode.git 1039
2025-01-28 05:22:26.928 [warning] [Decorations] CAPPING events from decorations provider vscode.git 1039
2025-01-28 05:22:32.036 [warning] [Decorations] CAPPING events from decorations provider vscode.git 1039
2025-01-28 05:22:37.147 [warning] [Decorations] CAPPING events from decorations provider vscode.git 1039
2025-01-28 05:22:42.266 [warning] [Decorations] CAPPING events from decorations provider vscode.git 1039
2025-01-28 05:22:47.381 [warning] [Decorations] CAPPING events from decorations provider vscode.git 1039
2025-01-28 05:22:52.496 [warning] [Decorations] CAPPING events from decorations provider vscode.git 1039
2025-01-28 05:22:57.603 [warning] [Decorations] CAPPING events from decorations provider vscode.git 1039
2025-01-28 05:23:02.708 [warning] [Decorations] CAPPING events from decorations provider vscode.git 1039
2025-01-28 05:23:07.822 [warning] [Decorations] CAPPING events from decorations provider vscode.git 1039
2025-01-28 05:23:12.932 [warning] [Decorations] CAPPING events from decorations provider vscode.git 1039
2025-01-28 05:23:18.036 [warning] [Decorations] CAPPING events from decorations provider vscode.git 1039
2025-01-28 05:23:28.160 [warning] [Decorations] CAPPING events from decorations provider vscode.git 1039
2025-01-28 05:23:33.280 [warning] [Decorations] CAPPING events from decorations provider vscode.git 1039
2025-01-28 05:23:38.415 [warning] [Decorations] CAPPING events from decorations provider vscode.git 1039
2025-01-28 05:23:43.519 [warning] [Decorations] CAPPING events from decorations provider vscode.git 1039
2025-01-28 05:23:48.632 [warning] [Decorations] CAPPING events from decorations provider vscode.git 1039
2025-01-28 05:23:53.735 [warning] [Decorations] CAPPING events from decorations provider vscode.git 1039
2025-01-28 05:23:58.842 [warning] [Decorations] CAPPING events from decorations provider vscode.git 1039
2025-01-28 05:24:03.944 [warning] [Decorations] CAPPING events from decorations provider vscode.git 1039
2025-01-28 05:24:09.052 [warning] [Decorations] CAPPING events from decorations provider vscode.git 1039
2025-01-28 05:24:14.156 [warning] [Decorations] CAPPING events from decorations provider vscode.git 1039
2025-01-28 05:24:19.261 [warning] [Decorations] CAPPING events from decorations provider vscode.git 1039
2025-01-28 05:24:24.363 [warning] [Decorations] CAPPING events from decorations provider vscode.git 1039
2025-01-28 05:24:29.465 [warning] [Decorations] CAPPING events from decorations provider vscode.git 1039
2025-01-28 05:24:34.569 [warning] [Decorations] CAPPING events from decorations provider vscode.git 1039
2025-01-28 05:24:39.671 [warning] [Decorations] CAPPING events from decorations provider vscode.git 1039
2025-01-28 05:24:44.778 [warning] [Decorations] CAPPING events from decorations provider vscode.git 1039
2025-01-28 05:24:49.885 [warning] [Decorations] CAPPING events from decorations provider vscode.git 1039
2025-01-28 05:24:54.990 [warning] [Decorations] CAPPING events from decorations provider vscode.git 1039
2025-01-28 05:25:00.094 [warning] [Decorations] CAPPING events from decorations provider vscode.git 1039
2025-01-28 05:25:05.195 [warning] [Decorations] CAPPING events from decorations provider vscode.git 1039
2025-01-28 05:25:10.301 [warning] [Decorations] CAPPING events from decorations provider vscode.git 1039
2025-01-28 05:25:15.407 [warning] [Decorations] CAPPING events from decorations provider vscode.git 1039
2025-01-28 05:25:20.513 [warning] [Decorations] CAPPING events from decorations provider vscode.git 1039
2025-01-28 05:25:25.633 [warning] [Decorations] CAPPING events from decorations provider vscode.git 1039
2025-01-28 05:25:30.744 [warning] [Decorations] CAPPING events from decorations provider vscode.git 1039
2025-01-28 05:25:43.389 [warning] [Decorations] CAPPING events from decorations provider vscode.git 1039
2025-01-28 05:25:48.502 [warning] [Decorations] CAPPING events from decorations provider vscode.git 1039
2025-01-28 05:25:53.605 [warning] [Decorations] CAPPING events from decorations provider vscode.git 1039
2025-01-28 05:25:58.707 [warning] [Decorations] CAPPING events from decorations provider vscode.git 1039
2025-01-28 05:26:03.812 [warning] [Decorations] CAPPING events from decorations provider vscode.git 1039
2025-01-28 05:26:08.917 [warning] [Decorations] CAPPING events from decorations provider vscode.git 1039
2025-01-28 05:26:14.026 [warning] [Decorations] CAPPING events from decorations provider vscode.git 1039
2025-01-28 05:26:19.130 [warning] [Decorations] CAPPING events from decorations provider vscode.git 1039
2025-01-28 05:26:24.239 [warning] [Decorations] CAPPING events from decorations provider vscode.git 1039
2025-01-28 05:26:29.341 [warning] [Decorations] CAPPING events from decorations provider vscode.git 1039
2025-01-28 05:26:34.445 [warning] [Decorations] CAPPING events from decorations provider vscode.git 1039
2025-01-28 05:26:39.546 [warning] [Decorations] CAPPING events from decorations provider vscode.git 1039
2025-01-28 05:26:44.648 [warning] [Decorations] CAPPING events from decorations provider vscode.git 1039
2025-01-28 05:26:49.758 [warning] [Decorations] CAPPING events from decorations provider vscode.git 1039
2025-01-28 05:26:54.863 [warning] [Decorations] CAPPING events from decorations provider vscode.git 1039
2025-01-28 05:26:59.971 [warning] [Decorations] CAPPING events from decorations provider vscode.git 1039
2025-01-28 05:27:05.075 [warning] [Decorations] CAPPING events from decorations provider vscode.git 1039
2025-01-28 05:27:10.178 [warning] [Decorations] CAPPING events from decorations provider vscode.git 1039
2025-01-28 05:27:15.288 [warning] [Decorations] CAPPING events from decorations provider vscode.git 1039
2025-01-28 05:27:20.396 [warning] [Decorations] CAPPING events from decorations provider vscode.git 1039
2025-01-28 05:27:25.500 [warning] [Decorations] CAPPING events from decorations provider vscode.git 1039
2025-01-28 05:27:30.607 [warning] [Decorations] CAPPING events from decorations provider vscode.git 1039
2025-01-28 05:27:35.712 [warning] [Decorations] CAPPING events from decorations provider vscode.git 1039
2025-01-28 05:27:45.847 [warning] [Decorations] CAPPING events from decorations provider vscode.git 1039
2025-01-28 05:27:50.951 [warning] [Decorations] CAPPING events from decorations provider vscode.git 1039
2025-01-28 05:27:56.055 [warning] [Decorations] CAPPING events from decorations provider vscode.git 1039
2025-01-28 05:28:01.177 [warning] [Decorations] CAPPING events from decorations provider vscode.git 1039
2025-01-28 05:28:06.291 [warning] [Decorations] CAPPING events from decorations provider vscode.git 1039
2025-01-28 05:28:11.395 [warning] [Decorations] CAPPING events from decorations provider vscode.git 1039
2025-01-28 05:28:16.497 [warning] [Decorations] CAPPING events from decorations provider vscode.git 1039
2025-01-28 05:28:21.622 [warning] [Decorations] CAPPING events from decorations provider vscode.git 1039
2025-01-28 05:28:26.730 [warning] [Decorations] CAPPING events from decorations provider vscode.git 1039
2025-01-28 05:28:31.836 [warning] [Decorations] CAPPING events from decorations provider vscode.git 1039
2025-01-28 05:28:36.943 [warning] [Decorations] CAPPING events from decorations provider vscode.git 1039
2025-01-28 05:28:42.057 [warning] [Decorations] CAPPING events from decorations provider vscode.git 1039
2025-01-28 05:28:47.165 [warning] [Decorations] CAPPING events from decorations provider vscode.git 1039
2025-01-28 05:28:52.270 [warning] [Decorations] CAPPING events from decorations provider vscode.git 1039
2025-01-28 05:28:57.377 [warning] [Decorations] CAPPING events from decorations provider vscode.git 1039
2025-01-28 05:29:02.777 [warning] [Decorations] CAPPING events from decorations provider vscode.git 1039
2025-01-28 05:29:07.896 [warning] [Decorations] CAPPING events from decorations provider vscode.git 1039
2025-01-28 05:29:13.003 [warning] [Decorations] CAPPING events from decorations provider vscode.git 1039
2025-01-28 05:29:18.116 [warning] [Decorations] CAPPING events from decorations provider vscode.git 1039
2025-01-28 05:29:23.219 [warning] [Decorations] CAPPING events from decorations provider vscode.git 1039
2025-01-28 05:29:28.356 [warning] [Decorations] CAPPING events from decorations provider vscode.git 1039
2025-01-28 05:29:33.460 [warning] [Decorations] CAPPING events from decorations provider vscode.git 1039
2025-01-28 05:29:45.886 [warning] [Decorations] CAPPING events from decorations provider vscode.git 1039
2025-01-28 05:29:50.996 [warning] [Decorations] CAPPING events from decorations provider vscode.git 1039
2025-01-28 05:30:01.749 [warning] [Decorations] CAPPING events from decorations provider vscode.git 1039
2025-01-28 05:30:06.853 [warning] [Decorations] CAPPING events from decorations provider vscode.git 1039
2025-01-28 05:30:11.958 [warning] [Decorations] CAPPING events from decorations provider vscode.git 1039
2025-01-28 05:36:21.472 [warning] [Decorations] CAPPING events from decorations provider vscode.git 1039
