Initializing document watcher...
Document watcher initialized
biswabandita_rout/Backend/server.js: {}
biswabandita_rout/Backend/server.js: {}
biswabandita_rout/Backend/server.js: {}
biswabandita_rout/Backend/server.js: {}
biswabandita_rout/Backend/server.js: Using EditorConfig core...
biswabandita_rout/Backend/server.js: Using EditorConfig core...
biswabandita_rout/backend_dockerfile: {}
biswabandita_rout/Backend/.env: {}
No more open editors.
No more open editors.
No more open editors.
No more open editors.
No more open editors.
No more open editors.
biswabandita_rout/frontend/src/app/Component/chatbot/chatbot.component.ts: {"insertSpaces":true,"tabSize":2}
biswabandita_rout/frontend/src/app/Component/chatbot/chatbot.component.ts: Using EditorConfig core...
frontend/src/app/Component/chatbot/chatbot.component.ts: editor.action.trimTrailingWhitespace
frontend/src/app/Component/chatbot/chatbot.component.ts: insertFinalNewline(LF)
No more open editors.
No more open editors.
No more open editors.
No more open editors.
No more open editors.
No more open editors.
biswabandita_rout/frontend/src/app/Component/chatbot/chatbot.component.ts: {"insertSpaces":true,"tabSize":2}
biswabandita_rout/frontend/src/app/Component/chatbot/chatbot.component.ts: {"insertSpaces":true,"tabSize":2}
biswabandita_rout/frontend/src/app/Component/chatbot/chatbot.component.ts: Using EditorConfig core...
frontend/src/app/Component/chatbot/chatbot.component.ts: editor.action.trimTrailingWhitespace
biswabandita_rout/frontend/src/app/Component/chatbot/chatbot.component.ts: Using EditorConfig core...
frontend/src/app/Component/chatbot/chatbot.component.ts: editor.action.trimTrailingWhitespace
biswabandita_rout/frontend/src/app/Component/chatbot/chatbot.component.ts: Using EditorConfig core...
frontend/src/app/Component/chatbot/chatbot.component.ts: editor.action.trimTrailingWhitespace
biswabandita_rout/frontend/src/app/Component/chatbot/chatbot.component.ts: {"insertSpaces":true,"tabSize":2}
biswabandita_rout/frontend/src/app/Component/chatbot/chatbot.component.ts: {"insertSpaces":true,"tabSize":2}
biswabandita_rout/frontend/src/app/Component/chatbot/chatbot.component.ts: Using EditorConfig core...
frontend/src/app/Component/chatbot/chatbot.component.ts: editor.action.trimTrailingWhitespace
biswabandita_rout/frontend/src/app/Component/chatbot/chatbot.component.ts: Using EditorConfig core...
frontend/src/app/Component/chatbot/chatbot.component.ts: editor.action.trimTrailingWhitespace
biswabandita_rout/frontend/src/app/services/chat-service.service.ts: {"insertSpaces":true,"tabSize":2}
biswabandita_rout/frontend/src/app/services/chat-service.service.ts: Using EditorConfig core...
frontend/src/app/services/chat-service.service.ts: editor.action.trimTrailingWhitespace
biswabandita_rout/frontend/src/app/services/chat-service.service.ts: Using EditorConfig core...
frontend/src/app/services/chat-service.service.ts: editor.action.trimTrailingWhitespace
biswabandita_rout/frontend/src/app/services/chat-service.service.ts: Using EditorConfig core...
frontend/src/app/services/chat-service.service.ts: editor.action.trimTrailingWhitespace
biswabandita_rout/frontend/src/app/services/chat-service.service.ts: Using EditorConfig core...
frontend/src/app/services/chat-service.service.ts: editor.action.trimTrailingWhitespace
biswabandita_rout/frontend/src/app/services/chat-service.service.ts: Using EditorConfig core...
frontend/src/app/services/chat-service.service.ts: editor.action.trimTrailingWhitespace
biswabandita_rout/frontend/src/app/services/chat-service.service.ts: Using EditorConfig core...
frontend/src/app/services/chat-service.service.ts: editor.action.trimTrailingWhitespace
biswabandita_rout/frontend/src/app/services/chat-service.service.ts: Using EditorConfig core...
frontend/src/app/services/chat-service.service.ts: editor.action.trimTrailingWhitespace
biswabandita_rout/frontend/src/app/services/chat-service.service.ts: Using EditorConfig core...
frontend/src/app/services/chat-service.service.ts: editor.action.trimTrailingWhitespace
biswabandita_rout/frontend/src/app/services/chat-service.service.ts: Using EditorConfig core...
frontend/src/app/services/chat-service.service.ts: editor.action.trimTrailingWhitespace
biswabandita_rout/frontend/src/app/services/chat-service.service.ts: Using EditorConfig core...
frontend/src/app/services/chat-service.service.ts: editor.action.trimTrailingWhitespace
biswabandita_rout/frontend/src/app/services/chat-service.service.ts: Using EditorConfig core...
frontend/src/app/services/chat-service.service.ts: editor.action.trimTrailingWhitespace
biswabandita_rout/frontend/src/app/services/chat-service.service.ts: Using EditorConfig core...
frontend/src/app/services/chat-service.service.ts: editor.action.trimTrailingWhitespace
biswabandita_rout/frontend/src/app/services/chat-service.service.ts: Using EditorConfig core...
frontend/src/app/services/chat-service.service.ts: editor.action.trimTrailingWhitespace
biswabandita_rout/frontend/src/app/services/chat-service.service.ts: {"insertSpaces":true,"tabSize":2}
biswabandita_rout/frontend/src/app/services/chat-service.service.ts: Using EditorConfig core...
frontend/src/app/services/chat-service.service.ts: editor.action.trimTrailingWhitespace
biswabandita_rout/frontend/src/app/services/chat-service.service.ts: Using EditorConfig core...
frontend/src/app/services/chat-service.service.ts: editor.action.trimTrailingWhitespace
biswabandita_rout/frontend/src/app/services/chat-service.service.ts: Using EditorConfig core...
frontend/src/app/services/chat-service.service.ts: editor.action.trimTrailingWhitespace
biswabandita_rout/frontend/src/app/services/chat-service.service.ts: Using EditorConfig core...
frontend/src/app/services/chat-service.service.ts: editor.action.trimTrailingWhitespace
biswabandita_rout/frontend/src/app/services/chat-service.service.ts: Using EditorConfig core...
frontend/src/app/services/chat-service.service.ts: editor.action.trimTrailingWhitespace
biswabandita_rout/frontend/src/app/services/chat-service.service.ts: Using EditorConfig core...
frontend/src/app/services/chat-service.service.ts: editor.action.trimTrailingWhitespace
biswabandita_rout/frontend/src/app/services/chat-service.service.ts: Using EditorConfig core...
frontend/src/app/services/chat-service.service.ts: editor.action.trimTrailingWhitespace
biswabandita_rout/frontend/src/app/services/chat-service.service.ts: Using EditorConfig core...
frontend/src/app/services/chat-service.service.ts: editor.action.trimTrailingWhitespace
biswabandita_rout/frontend/src/app/services/chat-service.service.ts: Using EditorConfig core...
frontend/src/app/services/chat-service.service.ts: editor.action.trimTrailingWhitespace
biswabandita_rout/frontend/src/app/services/chat-service.service.ts: Using EditorConfig core...
frontend/src/app/services/chat-service.service.ts: editor.action.trimTrailingWhitespace
biswabandita_rout/frontend/src/app/services/chat-service.service.ts: Using EditorConfig core...
frontend/src/app/services/chat-service.service.ts: editor.action.trimTrailingWhitespace
biswabandita_rout/frontend/src/app/services/chat-service.service.ts: Using EditorConfig core...
frontend/src/app/services/chat-service.service.ts: editor.action.trimTrailingWhitespace
biswabandita_rout/frontend/src/app/services/chat-service.service.ts: Using EditorConfig core...
frontend/src/app/services/chat-service.service.ts: editor.action.trimTrailingWhitespace
biswabandita_rout/frontend/src/app/services/chat-service.service.ts: Using EditorConfig core...
frontend/src/app/services/chat-service.service.ts: editor.action.trimTrailingWhitespace
biswabandita_rout/frontend/src/app/services/chat-service.service.ts: Using EditorConfig core...
frontend/src/app/services/chat-service.service.ts: editor.action.trimTrailingWhitespace
biswabandita_rout/frontend/src/app/services/chat-service.service.ts: Using EditorConfig core...
frontend/src/app/services/chat-service.service.ts: editor.action.trimTrailingWhitespace
biswabandita_rout/frontend/src/app/services/chat-service.service.ts: Using EditorConfig core...
frontend/src/app/services/chat-service.service.ts: editor.action.trimTrailingWhitespace
biswabandita_rout/frontend/src/app/Component/chatbot/chatbot.component.ts: {"insertSpaces":true,"tabSize":2}
biswabandita_rout/frontend/src/app/Component/chatbot/chatbot.component.ts: Using EditorConfig core...
frontend/src/app/Component/chatbot/chatbot.component.ts: editor.action.trimTrailingWhitespace
biswabandita_rout/frontend/src/app/Component/chatbot/chatbot.component.ts: Using EditorConfig core...
frontend/src/app/Component/chatbot/chatbot.component.ts: editor.action.trimTrailingWhitespace
biswabandita_rout/frontend/src/app/Component/chatbot/chatbot.component.ts: Using EditorConfig core...
frontend/src/app/Component/chatbot/chatbot.component.ts: editor.action.trimTrailingWhitespace
biswabandita_rout/frontend/src/app/Component/chatbot/chatbot.component.ts: Using EditorConfig core...
frontend/src/app/Component/chatbot/chatbot.component.ts: editor.action.trimTrailingWhitespace
biswabandita_rout/frontend/src/app/Component/chatbot/chatbot.component.ts: Using EditorConfig core...
frontend/src/app/Component/chatbot/chatbot.component.ts: editor.action.trimTrailingWhitespace
biswabandita_rout/frontend/src/app/Component/chatbot/chatbot.component.ts: Using EditorConfig core...
frontend/src/app/Component/chatbot/chatbot.component.ts: editor.action.trimTrailingWhitespace
biswabandita_rout/frontend/src/app/Component/chatbot/chatbot.component.ts: {"insertSpaces":true,"tabSize":2}
biswabandita_rout/frontend/src/app/Component/chatbot/chatbot.component.ts: {"insertSpaces":true,"tabSize":2}
biswabandita_rout/frontend/src/app/Component/chatbot/chatbot.component.ts: {"insertSpaces":true,"tabSize":2}
biswabandita_rout/frontend/src/app/Component/chatbot/chatbot.component.ts: Using EditorConfig core...
frontend/src/app/Component/chatbot/chatbot.component.ts: editor.action.trimTrailingWhitespace
biswabandita_rout/frontend/src/app/Component/chatbot/chatbot.component.ts: {"insertSpaces":true,"tabSize":2}
biswabandita_rout/frontend/src/app/Component/chatbot/chatbot.component.ts: Using EditorConfig core...
frontend/src/app/Component/chatbot/chatbot.component.ts: editor.action.trimTrailingWhitespace
biswabandita_rout/frontend/src/app/Component/chatbot/chatbot.component.ts: {"insertSpaces":true,"tabSize":2}
biswabandita_rout/frontend/src/app/Component/chatbot/chatbot.component.ts: {"insertSpaces":true,"tabSize":2}
biswabandita_rout/frontend/src/app/services/chat-service.service.ts: {"insertSpaces":true,"tabSize":2}
biswabandita_rout/frontend/src/app/services/chat-service.service.ts: {"insertSpaces":true,"tabSize":2}
biswabandita_rout/frontend/src/environments/environment.ts: {"insertSpaces":true,"tabSize":2}
biswabandita_rout/frontend/src/environments/environment.ts: Using EditorConfig core...
frontend/src/environments/environment.ts: editor.action.trimTrailingWhitespace
frontend/src/environments/environment.ts: insertFinalNewline(LF)
biswabandita_rout/frontend/src/environments/environment.ts: Using EditorConfig core...
frontend/src/environments/environment.ts: editor.action.trimTrailingWhitespace
biswabandita_rout/frontend/src/environments/environment.ts: Using EditorConfig core...
frontend/src/environments/environment.ts: editor.action.trimTrailingWhitespace
biswabandita_rout/frontend/src/environments/environment.ts: Using EditorConfig core...
frontend/src/environments/environment.ts: editor.action.trimTrailingWhitespace
biswabandita_rout/frontend/src/environments/environment.ts: Using EditorConfig core...
frontend/src/environments/environment.ts: editor.action.trimTrailingWhitespace
biswabandita_rout/frontend/src/environments/environment.ts: Using EditorConfig core...
frontend/src/environments/environment.ts: editor.action.trimTrailingWhitespace
biswabandita_rout/frontend/src/environments/environment.ts: Using EditorConfig core...
frontend/src/environments/environment.ts: editor.action.trimTrailingWhitespace
biswabandita_rout/frontend/src/environments/environment.ts: Using EditorConfig core...
frontend/src/environments/environment.ts: editor.action.trimTrailingWhitespace
biswabandita_rout/frontend/src/environments/environment.ts: Using EditorConfig core...
frontend/src/environments/environment.ts: editor.action.trimTrailingWhitespace
biswabandita_rout/frontend/src/environments/environment.ts: Using EditorConfig core...
frontend/src/environments/environment.ts: editor.action.trimTrailingWhitespace
biswabandita_rout/frontend/src/environments/environment.ts: Using EditorConfig core...
frontend/src/environments/environment.ts: editor.action.trimTrailingWhitespace
biswabandita_rout/frontend/src/environments/environment.ts: Using EditorConfig core...
frontend/src/environments/environment.ts: editor.action.trimTrailingWhitespace
biswabandita_rout/frontend/src/environments/environment.ts: Using EditorConfig core...
frontend/src/environments/environment.ts: editor.action.trimTrailingWhitespace
biswabandita_rout/frontend/src/environments/environment.ts: Using EditorConfig core...
frontend/src/environments/environment.ts: editor.action.trimTrailingWhitespace
biswabandita_rout/frontend/src/environments/environment.ts: Using EditorConfig core...
frontend/src/environments/environment.ts: editor.action.trimTrailingWhitespace
biswabandita_rout/frontend/src/environments/environment.ts: Using EditorConfig core...
frontend/src/environments/environment.ts: editor.action.trimTrailingWhitespace
biswabandita_rout/frontend/src/environments/environment.ts: {"insertSpaces":true,"tabSize":2}
biswabandita_rout/frontend/src/app/services/chat-service.service.ts: {"insertSpaces":true,"tabSize":2}
biswabandita_rout/frontend/src/app/services/chat-service.service.ts: {"insertSpaces":true,"tabSize":2}
biswabandita_rout/frontend/src/app/services/chat-service.service.ts: Using EditorConfig core...
frontend/src/app/services/chat-service.service.ts: editor.action.trimTrailingWhitespace
biswabandita_rout/frontend/src/app/services/chat-service.service.ts: Using EditorConfig core...
frontend/src/app/services/chat-service.service.ts: editor.action.trimTrailingWhitespace
biswabandita_rout/frontend/src/app/Component/chatbot/chatbot.component.ts: {"insertSpaces":true,"tabSize":2}
biswabandita_rout/frontend/src/app/Component/chatbot/chatbot.component.ts: Using EditorConfig core...
frontend/src/app/Component/chatbot/chatbot.component.ts: editor.action.trimTrailingWhitespace
biswabandita_rout/frontend/src/app/Component/chatbot/chatbot.component.ts: {"insertSpaces":true,"tabSize":2}
biswabandita_rout/frontend/src/app/Component/chatbot/chatbot.component.ts: Using EditorConfig core...
frontend/src/app/Component/chatbot/chatbot.component.ts: editor.action.trimTrailingWhitespace
biswabandita_rout/frontend/src/app/Component/chatbot/chatbot.component.ts: Using EditorConfig core...
frontend/src/app/Component/chatbot/chatbot.component.ts: editor.action.trimTrailingWhitespace
biswabandita_rout/frontend/src/app/Component/chatbot/chatbot.component.ts: Using EditorConfig core...
frontend/src/app/Component/chatbot/chatbot.component.ts: editor.action.trimTrailingWhitespace
biswabandita_rout/frontend/src/app/Component/chatbot/chatbot.component.ts: Using EditorConfig core...
frontend/src/app/Component/chatbot/chatbot.component.ts: editor.action.trimTrailingWhitespace
biswabandita_rout/frontend/src/app/Component/chatbot/chatbot.component.ts: Using EditorConfig core...
frontend/src/app/Component/chatbot/chatbot.component.ts: editor.action.trimTrailingWhitespace
biswabandita_rout/frontend/src/app/Component/chatbot/chatbot.component.ts: Using EditorConfig core...
frontend/src/app/Component/chatbot/chatbot.component.ts: editor.action.trimTrailingWhitespace
biswabandita_rout/frontend/src/app/Component/chatbot/chatbot.component.ts: Using EditorConfig core...
frontend/src/app/Component/chatbot/chatbot.component.ts: editor.action.trimTrailingWhitespace
biswabandita_rout/frontend/src/app/Component/chatbot/chatbot.component.ts: Using EditorConfig core...
frontend/src/app/Component/chatbot/chatbot.component.ts: editor.action.trimTrailingWhitespace
biswabandita_rout/frontend/src/app/Component/chatbot/chatbot.component.ts: Using EditorConfig core...
frontend/src/app/Component/chatbot/chatbot.component.ts: editor.action.trimTrailingWhitespace
biswabandita_rout/frontend/src/app/Component/chatbot/chatbot.component.ts: Using EditorConfig core...
frontend/src/app/Component/chatbot/chatbot.component.ts: editor.action.trimTrailingWhitespace
biswabandita_rout/frontend/src/app/Component/chatbot/chatbot.component.ts: Using EditorConfig core...
frontend/src/app/Component/chatbot/chatbot.component.ts: editor.action.trimTrailingWhitespace
biswabandita_rout/frontend/src/app/Component/chatbot/chatbot.component.ts: Using EditorConfig core...
frontend/src/app/Component/chatbot/chatbot.component.ts: editor.action.trimTrailingWhitespace
biswabandita_rout/frontend/src/app/Component/chatbot/chatbot.component.ts: Using EditorConfig core...
frontend/src/app/Component/chatbot/chatbot.component.ts: editor.action.trimTrailingWhitespace
biswabandita_rout/frontend/src/app/Component/chatbot/chatbot.component.ts: Using EditorConfig core...
frontend/src/app/Component/chatbot/chatbot.component.ts: editor.action.trimTrailingWhitespace
biswabandita_rout/frontend/src/app/Component/chatbot/chatbot.component.ts: Using EditorConfig core...
frontend/src/app/Component/chatbot/chatbot.component.ts: editor.action.trimTrailingWhitespace
biswabandita_rout/frontend/src/app/Component/chatbot/chatbot.component.ts: Using EditorConfig core...
frontend/src/app/Component/chatbot/chatbot.component.ts: editor.action.trimTrailingWhitespace
biswabandita_rout/frontend/src/app/Component/chatbot/chatbot.component.ts: Using EditorConfig core...
frontend/src/app/Component/chatbot/chatbot.component.ts: editor.action.trimTrailingWhitespace
biswabandita_rout/frontend/src/app/Component/chatbot/chatbot.component.ts: Using EditorConfig core...
frontend/src/app/Component/chatbot/chatbot.component.ts: editor.action.trimTrailingWhitespace
biswabandita_rout/frontend/src/app/Component/chatbot/chatbot.component.ts: Using EditorConfig core...
frontend/src/app/Component/chatbot/chatbot.component.ts: editor.action.trimTrailingWhitespace
biswabandita_rout/frontend/src/app/Component/chatbot/chatbot.component.ts: Using EditorConfig core...
frontend/src/app/Component/chatbot/chatbot.component.ts: editor.action.trimTrailingWhitespace
biswabandita_rout/frontend/src/app/Component/chatbot/chatbot.component.ts: {"insertSpaces":true,"tabSize":2}
biswabandita_rout/frontend/src/app/Component/chatbot/chatbot.component.ts: Using EditorConfig core...
frontend/src/app/Component/chatbot/chatbot.component.ts: editor.action.trimTrailingWhitespace
biswabandita_rout/frontend/src/app/Component/chatbot/chatbot.component.ts: Using EditorConfig core...
frontend/src/app/Component/chatbot/chatbot.component.ts: editor.action.trimTrailingWhitespace
biswabandita_rout/frontend/src/environments/environment.ts: {"insertSpaces":true,"tabSize":2}
biswabandita_rout/frontend/src/app/Component/chatbot/chatbot.component.ts: {"insertSpaces":true,"tabSize":2}
biswabandita_rout/frontend/src/app/Component/chatbot/chatbot.component.ts: Using EditorConfig core...
frontend/src/app/Component/chatbot/chatbot.component.ts: editor.action.trimTrailingWhitespace
biswabandita_rout/frontend/src/app/Component/chatbot/chatbot.component.ts: Using EditorConfig core...
frontend/src/app/Component/chatbot/chatbot.component.ts: editor.action.trimTrailingWhitespace
biswabandita_rout/frontend/src/app/Component/chatbot/chatbot.component.ts: Using EditorConfig core...
frontend/src/app/Component/chatbot/chatbot.component.ts: editor.action.trimTrailingWhitespace
biswabandita_rout/frontend/src/app/Component/chatbot/chatbot.component.ts: {"insertSpaces":true,"tabSize":2}
biswabandita_rout/frontend/src/app/Component/chatbot/chatbot.component.ts: Using EditorConfig core...
frontend/src/app/Component/chatbot/chatbot.component.ts: editor.action.trimTrailingWhitespace
biswabandita_rout/frontend/src/app/Component/chatbot/chatbot.component.ts: {"insertSpaces":true,"tabSize":2}
biswabandita_rout/frontend/src/app/Component/chatbot/chatbot.component.ts: {"insertSpaces":true,"tabSize":2}
biswabandita_rout/frontend/src/app/Component/chatbot/chatbot.component.ts: {"insertSpaces":true,"tabSize":2}
biswabandita_rout/frontend/src/app/Component/chatbot/chatbot.component.ts: {"insertSpaces":true,"tabSize":2}
biswabandita_rout/frontend/src/app/services/chat-service.service.ts: {"insertSpaces":true,"tabSize":2}
biswabandita_rout/frontend/src/app/services/chat-service.service.ts: {"insertSpaces":true,"tabSize":2}
biswabandita_rout/frontend/src/app/services/chat-service.service.ts: {"insertSpaces":true,"tabSize":2}
biswabandita_rout/frontend/src/app/services/chat-service.service.ts: {"insertSpaces":true,"tabSize":2}
biswabandita_rout/frontend/src/app/Component/chatbot/chatbot.component.ts: {"insertSpaces":true,"tabSize":2}
biswabandita_rout/frontend/src/app/services/chat-service.service.ts: {"insertSpaces":true,"tabSize":2}
biswabandita_rout/frontend/src/app/Component/chatbot/chatbot.component.ts: {"insertSpaces":true,"tabSize":2}
biswabandita_rout/frontend/src/app/services/chat-service.service.ts: {"insertSpaces":true,"tabSize":2}
biswabandita_rout/frontend/src/app/Component/chatbot/chatbot.component.ts: {"insertSpaces":true,"tabSize":2}
biswabandita_rout/frontend/src/app/Component/chatbot/chatbot.component.html: {"insertSpaces":true,"tabSize":2}
biswabandita_rout/frontend/src/app/Component/chatbot/chatbot.component.ts: {"insertSpaces":true,"tabSize":2}
biswabandita_rout/frontend/src/app/Component/chatbot/chatbot.component.ts: Using EditorConfig core...
frontend/src/app/Component/chatbot/chatbot.component.ts: editor.action.trimTrailingWhitespace
biswabandita_rout/frontend/src/app/Component/chatbot/chatbot.component.ts: Using EditorConfig core...
frontend/src/app/Component/chatbot/chatbot.component.ts: editor.action.trimTrailingWhitespace
biswabandita_rout/frontend/src/app/Component/chatbot/chatbot.component.ts: Using EditorConfig core...
frontend/src/app/Component/chatbot/chatbot.component.ts: editor.action.trimTrailingWhitespace
biswabandita_rout/frontend/src/app/Component/chatbot/chatbot.component.ts: Using EditorConfig core...
frontend/src/app/Component/chatbot/chatbot.component.ts: editor.action.trimTrailingWhitespace
biswabandita_rout/frontend/src/app/Component/chatbot/chatbot.component.ts: Using EditorConfig core...
frontend/src/app/Component/chatbot/chatbot.component.ts: editor.action.trimTrailingWhitespace
biswabandita_rout/frontend/src/app/Component/chatbot/chatbot.component.ts: Using EditorConfig core...
frontend/src/app/Component/chatbot/chatbot.component.ts: editor.action.trimTrailingWhitespace
biswabandita_rout/frontend/src/app/Component/chatbot/chatbot.component.ts: Using EditorConfig core...
frontend/src/app/Component/chatbot/chatbot.component.ts: editor.action.trimTrailingWhitespace
biswabandita_rout/frontend/src/app/Component/chatbot/chatbot.component.ts: {"insertSpaces":true,"tabSize":2}
biswabandita_rout/frontend/src/app/Component/chatbot/chatbot.component.html: {"insertSpaces":true,"tabSize":2}
biswabandita_rout/frontend/src/app/Component/chatbot/chatbot.component.html: {"insertSpaces":true,"tabSize":2}
biswabandita_rout/frontend/src/app/services/chat-service.service.ts: {"insertSpaces":true,"tabSize":2}
biswabandita_rout/frontend/src/environments/environment.ts: {"insertSpaces":true,"tabSize":2}
biswabandita_rout/frontend/src/app/services/chat-service.service.ts: {"insertSpaces":true,"tabSize":2}
biswabandita_rout/frontend/src/app/services/chat-service.service.ts: {"insertSpaces":true,"tabSize":2}
biswabandita_rout/frontend/src/app/services/chat-service.service.ts: {"insertSpaces":true,"tabSize":2}
biswabandita_rout/frontend/src/index.html: {"insertSpaces":true,"tabSize":2}
biswabandita_rout/frontend/src/index.html: {"insertSpaces":true,"tabSize":2}
biswabandita_rout/frontend/src/index.html: {"insertSpaces":true,"tabSize":2}
biswabandita_rout/frontend/src/index.html: {"insertSpaces":true,"tabSize":2}
biswabandita_rout/frontend/src/index.html: {"insertSpaces":true,"tabSize":2}
biswabandita_rout/frontend/src/index.html: {"insertSpaces":true,"tabSize":2}
biswabandita_rout/frontend/src/app/Component/chatbot/chatbot.component.ts: {"insertSpaces":true,"tabSize":2}
biswabandita_rout/frontend/src/app/Component/chatbot/chatbot.component.ts: {"insertSpaces":true,"tabSize":2}
biswabandita_rout/frontend/src/app/Component/chatbot/chatbot.component.ts: Using EditorConfig core...
frontend/src/app/Component/chatbot/chatbot.component.ts: editor.action.trimTrailingWhitespace
biswabandita_rout/frontend/src/app/Component/chatbot/chatbot.component.ts: Using EditorConfig core...
frontend/src/app/Component/chatbot/chatbot.component.ts: editor.action.trimTrailingWhitespace
biswabandita_rout/frontend/src/app/Component/chatbot/chatbot.component.ts: Using EditorConfig core...
frontend/src/app/Component/chatbot/chatbot.component.ts: editor.action.trimTrailingWhitespace
biswabandita_rout/frontend/src/app/Component/chatbot/chatbot.component.ts: Using EditorConfig core...
frontend/src/app/Component/chatbot/chatbot.component.ts: editor.action.trimTrailingWhitespace
biswabandita_rout/frontend/src/app/Component/chatbot/chatbot.component.ts: {"insertSpaces":true,"tabSize":2}
biswabandita_rout/frontend/src/app/Component/chatbot/chatbot.component.ts: {"insertSpaces":true,"tabSize":2}
biswabandita_rout/frontend/src/app/Component/chatbot/chatbot.component.ts: {"insertSpaces":true,"tabSize":2}
biswabandita_rout/frontend/src/app/services/chat-service.service.ts: {"insertSpaces":true,"tabSize":2}
biswabandita_rout/frontend/src/app/services/chat-service.service.ts: Using EditorConfig core...
frontend/src/app/services/chat-service.service.ts: editor.action.trimTrailingWhitespace
biswabandita_rout/frontend/src/app/services/chat-service.service.ts: Using EditorConfig core...
frontend/src/app/services/chat-service.service.ts: editor.action.trimTrailingWhitespace
biswabandita_rout/frontend/src/app/services/chat-service.service.ts: Using EditorConfig core...
frontend/src/app/services/chat-service.service.ts: editor.action.trimTrailingWhitespace
biswabandita_rout/frontend/src/app/services/chat-service.service.ts: Using EditorConfig core...
frontend/src/app/services/chat-service.service.ts: editor.action.trimTrailingWhitespace
biswabandita_rout/frontend/src/app/services/chat-service.service.ts: Using EditorConfig core...
frontend/src/app/services/chat-service.service.ts: editor.action.trimTrailingWhitespace
biswabandita_rout/frontend/src/app/Component/chatbot/chatbot.component.ts: {"insertSpaces":true,"tabSize":2}
biswabandita_rout/frontend/src/app/Component/chatbot/chatbot.component.ts: Using EditorConfig core...
frontend/src/app/Component/chatbot/chatbot.component.ts: editor.action.trimTrailingWhitespace
biswabandita_rout/frontend/src/app/Component/chatbot/chatbot.component.ts: Using EditorConfig core...
frontend/src/app/Component/chatbot/chatbot.component.ts: editor.action.trimTrailingWhitespace
biswabandita_rout/frontend/src/app/services/chat-service.service.ts: {"insertSpaces":true,"tabSize":2}
biswabandita_rout/frontend/src/app/services/chat-service.service.ts: Using EditorConfig core...
frontend/src/app/services/chat-service.service.ts: editor.action.trimTrailingWhitespace
biswabandita_rout/frontend/src/app/services/chat-service.service.ts: Using EditorConfig core...
frontend/src/app/services/chat-service.service.ts: editor.action.trimTrailingWhitespace
biswabandita_rout/frontend/src/app/services/chat-service.service.ts: Using EditorConfig core...
frontend/src/app/services/chat-service.service.ts: editor.action.trimTrailingWhitespace
biswabandita_rout/frontend/src/app/services/chat-service.service.ts: Using EditorConfig core...
frontend/src/app/services/chat-service.service.ts: editor.action.trimTrailingWhitespace
biswabandita_rout/frontend/src/app/services/chat-service.service.ts: Using EditorConfig core...
frontend/src/app/services/chat-service.service.ts: editor.action.trimTrailingWhitespace
biswabandita_rout/frontend/src/app/services/chat-service.service.ts: Using EditorConfig core...
frontend/src/app/services/chat-service.service.ts: editor.action.trimTrailingWhitespace
biswabandita_rout/frontend/src/app/services/chat-service.service.ts: Using EditorConfig core...
frontend/src/app/services/chat-service.service.ts: editor.action.trimTrailingWhitespace
biswabandita_rout/frontend/src/app/services/chat-service.service.ts: Using EditorConfig core...
frontend/src/app/services/chat-service.service.ts: editor.action.trimTrailingWhitespace
biswabandita_rout/frontend/src/app/services/chat-service.service.ts: Using EditorConfig core...
frontend/src/app/services/chat-service.service.ts: editor.action.trimTrailingWhitespace
biswabandita_rout/frontend/src/app/services/chat-service.service.ts: Using EditorConfig core...
frontend/src/app/services/chat-service.service.ts: editor.action.trimTrailingWhitespace
biswabandita_rout/frontend/src/app/services/chat-service.service.ts: Using EditorConfig core...
frontend/src/app/services/chat-service.service.ts: editor.action.trimTrailingWhitespace
biswabandita_rout/frontend/src/app/services/chat-service.service.ts: Using EditorConfig core...
frontend/src/app/services/chat-service.service.ts: editor.action.trimTrailingWhitespace
biswabandita_rout/frontend/src/app/services/chat-service.service.ts: Using EditorConfig core...
frontend/src/app/services/chat-service.service.ts: editor.action.trimTrailingWhitespace
biswabandita_rout/frontend/src/app/services/chat-service.service.ts: Using EditorConfig core...
frontend/src/app/services/chat-service.service.ts: editor.action.trimTrailingWhitespace
biswabandita_rout/frontend/src/app/services/chat-service.service.ts: Using EditorConfig core...
frontend/src/app/services/chat-service.service.ts: editor.action.trimTrailingWhitespace
biswabandita_rout/frontend/src/app/services/chat-service.service.ts: Using EditorConfig core...
frontend/src/app/services/chat-service.service.ts: editor.action.trimTrailingWhitespace
biswabandita_rout/frontend/src/app/services/chat-service.service.ts: Using EditorConfig core...
frontend/src/app/services/chat-service.service.ts: editor.action.trimTrailingWhitespace
biswabandita_rout/frontend/src/app/services/chat-service.service.ts: Using EditorConfig core...
frontend/src/app/services/chat-service.service.ts: editor.action.trimTrailingWhitespace
biswabandita_rout/frontend/src/app/services/chat-service.service.ts: Using EditorConfig core...
frontend/src/app/services/chat-service.service.ts: editor.action.trimTrailingWhitespace
biswabandita_rout/frontend/src/app/services/chat-service.service.ts: Using EditorConfig core...
frontend/src/app/services/chat-service.service.ts: editor.action.trimTrailingWhitespace
biswabandita_rout/frontend/src/app/services/chat-service.service.ts: Using EditorConfig core...
frontend/src/app/services/chat-service.service.ts: editor.action.trimTrailingWhitespace
biswabandita_rout/frontend/src/app/services/chat-service.service.ts: Using EditorConfig core...
frontend/src/app/services/chat-service.service.ts: editor.action.trimTrailingWhitespace
biswabandita_rout/frontend/src/app/services/chat-service.service.ts: Using EditorConfig core...
frontend/src/app/services/chat-service.service.ts: editor.action.trimTrailingWhitespace
biswabandita_rout/frontend/src/app/services/chat-service.service.ts: Using EditorConfig core...
frontend/src/app/services/chat-service.service.ts: editor.action.trimTrailingWhitespace
biswabandita_rout/frontend/src/app/services/chat-service.service.ts: Using EditorConfig core...
frontend/src/app/services/chat-service.service.ts: editor.action.trimTrailingWhitespace
biswabandita_rout/frontend/src/app/services/chat-service.service.ts: Using EditorConfig core...
frontend/src/app/services/chat-service.service.ts: editor.action.trimTrailingWhitespace
biswabandita_rout/frontend/src/app/services/chat-service.service.ts: Using EditorConfig core...
frontend/src/app/services/chat-service.service.ts: editor.action.trimTrailingWhitespace
biswabandita_rout/frontend/src/app/services/chat-service.service.ts: Using EditorConfig core...
frontend/src/app/services/chat-service.service.ts: editor.action.trimTrailingWhitespace
biswabandita_rout/frontend/src/app/services/chat-service.service.ts: Using EditorConfig core...
frontend/src/app/services/chat-service.service.ts: editor.action.trimTrailingWhitespace
biswabandita_rout/frontend/src/app/services/chat-service.service.ts: Using EditorConfig core...
frontend/src/app/services/chat-service.service.ts: editor.action.trimTrailingWhitespace
biswabandita_rout/frontend/src/app/services/chat-service.service.ts: Using EditorConfig core...
frontend/src/app/services/chat-service.service.ts: editor.action.trimTrailingWhitespace
biswabandita_rout/frontend/src/app/services/chat-service.service.ts: Using EditorConfig core...
frontend/src/app/services/chat-service.service.ts: editor.action.trimTrailingWhitespace
biswabandita_rout/frontend/src/app/services/chat-service.service.ts: Using EditorConfig core...
frontend/src/app/services/chat-service.service.ts: editor.action.trimTrailingWhitespace
biswabandita_rout/frontend/src/app/services/chat-service.service.ts: Using EditorConfig core...
frontend/src/app/services/chat-service.service.ts: editor.action.trimTrailingWhitespace
biswabandita_rout/frontend/src/app/services/chat-service.service.ts: Using EditorConfig core...
frontend/src/app/services/chat-service.service.ts: editor.action.trimTrailingWhitespace
biswabandita_rout/frontend/src/app/services/chat-service.service.ts: Using EditorConfig core...
frontend/src/app/services/chat-service.service.ts: editor.action.trimTrailingWhitespace
biswabandita_rout/frontend/src/app/services/chat-service.service.ts: Using EditorConfig core...
frontend/src/app/services/chat-service.service.ts: editor.action.trimTrailingWhitespace
biswabandita_rout/frontend/src/environments/environment.ts: {"insertSpaces":true,"tabSize":2}
biswabandita_rout/frontend/src/environments/environment.ts: Using EditorConfig core...
frontend/src/environments/environment.ts: editor.action.trimTrailingWhitespace
biswabandita_rout/frontend/src/environments/environment.ts: Using EditorConfig core...
frontend/src/environments/environment.ts: editor.action.trimTrailingWhitespace
biswabandita_rout/frontend/src/environments/environment.ts: Using EditorConfig core...
frontend/src/environments/environment.ts: editor.action.trimTrailingWhitespace
biswabandita_rout/frontend/src/environments/environment.ts: {"insertSpaces":true,"tabSize":2}
biswabandita_rout/frontend/src/environments/environment.ts: {"insertSpaces":true,"tabSize":2}
biswabandita_rout/frontend/src/environments/environment.ts: {"insertSpaces":true,"tabSize":2}
biswabandita_rout/frontend/src/environments/environment.ts: Using EditorConfig core...
frontend/src/environments/environment.ts: editor.action.trimTrailingWhitespace
biswabandita_rout/frontend/src/environments/environment.ts: Using EditorConfig core...
frontend/src/environments/environment.ts: editor.action.trimTrailingWhitespace
biswabandita_rout/frontend/src/environments/environment.ts: {"insertSpaces":true,"tabSize":2}
biswabandita_rout/frontend/src/app/services/chat-service.service.ts: {"insertSpaces":true,"tabSize":2}
biswabandita_rout/frontend/src/app/services/chat-service.service.ts: {"insertSpaces":true,"tabSize":2}
biswabandita_rout/frontend/src/environments/environment.ts: {"insertSpaces":true,"tabSize":2}
biswabandita_rout/frontend/src/environments/environment.ts: {"insertSpaces":true,"tabSize":2}
biswabandita_rout/frontend/src/app/services/chat-service.service.ts: {"insertSpaces":true,"tabSize":2}
biswabandita_rout/frontend/src/app/services/chat-service.service.ts: {"insertSpaces":true,"tabSize":2}
biswabandita_rout/frontend/src/app/services/chat-service.service.ts: Using EditorConfig core...
frontend/src/app/services/chat-service.service.ts: editor.action.trimTrailingWhitespace
biswabandita_rout/frontend/src/app/services/chat-service.service.ts: Using EditorConfig core...
frontend/src/app/services/chat-service.service.ts: editor.action.trimTrailingWhitespace
biswabandita_rout/frontend/src/app/services/chat-service.service.ts: Using EditorConfig core...
frontend/src/app/services/chat-service.service.ts: editor.action.trimTrailingWhitespace
biswabandita_rout/frontend/src/app/services/chat-service.service.ts: Using EditorConfig core...
frontend/src/app/services/chat-service.service.ts: editor.action.trimTrailingWhitespace
biswabandita_rout/frontend/src/app/services/chat-service.service.ts: Using EditorConfig core...
frontend/src/app/services/chat-service.service.ts: editor.action.trimTrailingWhitespace
biswabandita_rout/frontend/src/app/services/chat-service.service.ts: Using EditorConfig core...
frontend/src/app/services/chat-service.service.ts: editor.action.trimTrailingWhitespace
biswabandita_rout/frontend/src/app/services/chat-service.service.ts: {"insertSpaces":true,"tabSize":2}
biswabandita_rout/frontend/src/app/services/chat-service.service.ts: {"insertSpaces":true,"tabSize":2}
biswabandita_rout/frontend/src/app/services/chat-service.service.ts: Using EditorConfig core...
frontend/src/app/services/chat-service.service.ts: editor.action.trimTrailingWhitespace
biswabandita_rout/frontend/src/app/services/chat-service.service.ts: {"insertSpaces":true,"tabSize":2}
biswabandita_rout/frontend/src/app/services/chat-service.service.ts: {"insertSpaces":true,"tabSize":2}
biswabandita_rout/frontend/src/app/services/chat-service.service.ts: Using EditorConfig core...
frontend/src/app/services/chat-service.service.ts: editor.action.trimTrailingWhitespace
biswabandita_rout/frontend/src/app/services/chat-service.service.ts: Using EditorConfig core...
frontend/src/app/services/chat-service.service.ts: editor.action.trimTrailingWhitespace
biswabandita_rout/frontend/src/app/services/chat-service.service.ts: Using EditorConfig core...
frontend/src/app/services/chat-service.service.ts: editor.action.trimTrailingWhitespace
biswabandita_rout/frontend/src/app/services/chat-service.service.ts: Using EditorConfig core...
frontend/src/app/services/chat-service.service.ts: editor.action.trimTrailingWhitespace
biswabandita_rout/frontend/src/app/services/chat-service.service.ts: Using EditorConfig core...
frontend/src/app/services/chat-service.service.ts: editor.action.trimTrailingWhitespace
biswabandita_rout/frontend/src/app/services/chat-service.service.ts: Using EditorConfig core...
frontend/src/app/services/chat-service.service.ts: editor.action.trimTrailingWhitespace
biswabandita_rout/frontend/src/app/services/chat-service.service.ts: Using EditorConfig core...
frontend/src/app/services/chat-service.service.ts: editor.action.trimTrailingWhitespace
biswabandita_rout/frontend/src/app/services/chat-service.service.ts: Using EditorConfig core...
frontend/src/app/services/chat-service.service.ts: editor.action.trimTrailingWhitespace
biswabandita_rout/frontend/src/app/services/chat-service.service.ts: {"insertSpaces":true,"tabSize":2}
biswabandita_rout/frontend/src/app/Component/chatbot/chatbot.component.ts: {"insertSpaces":true,"tabSize":2}
biswabandita_rout/frontend/src/app/Component/chatbot/chatbot.component.ts: {"insertSpaces":true,"tabSize":2}
biswabandita_rout/frontend/src/app/Component/chatbot/chatbot.component.ts: Using EditorConfig core...
frontend/src/app/Component/chatbot/chatbot.component.ts: editor.action.trimTrailingWhitespace
biswabandita_rout/frontend/src/app/Component/chatbot/chatbot.component.ts: Using EditorConfig core...
frontend/src/app/Component/chatbot/chatbot.component.ts: editor.action.trimTrailingWhitespace
biswabandita_rout/frontend/src/app/Component/chatbot/chatbot.component.ts: Using EditorConfig core...
frontend/src/app/Component/chatbot/chatbot.component.ts: editor.action.trimTrailingWhitespace
biswabandita_rout/frontend/src/app/Component/chatbot/chatbot.component.ts: Using EditorConfig core...
frontend/src/app/Component/chatbot/chatbot.component.ts: editor.action.trimTrailingWhitespace
biswabandita_rout/frontend/src/app/services/chat-service.service.ts: {"insertSpaces":true,"tabSize":2}
biswabandita_rout/frontend/src/app/services/chat-service.service.ts: Using EditorConfig core...
frontend/src/app/services/chat-service.service.ts: editor.action.trimTrailingWhitespace
biswabandita_rout/frontend/src/app/services/chat-service.service.ts: {"insertSpaces":true,"tabSize":2}
biswabandita_rout/frontend/src/environments/environment.ts: {"insertSpaces":true,"tabSize":2}
biswabandita_rout/frontend/src/environments/environment.ts: {"insertSpaces":true,"tabSize":2}
biswabandita_rout/frontend/src/environments/environment.ts: Using EditorConfig core...
frontend/src/environments/environment.ts: editor.action.trimTrailingWhitespace
biswabandita_rout/frontend/src/environments/environment.ts: {"insertSpaces":true,"tabSize":2}
biswabandita_rout/frontend/src/environments/environment.ts: {"insertSpaces":true,"tabSize":2}
biswabandita_rout/frontend/src/app/services/chat-service.service.ts: {"insertSpaces":true,"tabSize":2}
biswabandita_rout/frontend/src/app/services/chat-service.service.ts: {"insertSpaces":true,"tabSize":2}
biswabandita_rout/frontend/src/app/services/chat-service.service.ts: Using EditorConfig core...
frontend/src/app/services/chat-service.service.ts: editor.action.trimTrailingWhitespace
biswabandita_rout/frontend/src/app/services/chat-service.service.ts: Using EditorConfig core...
frontend/src/app/services/chat-service.service.ts: editor.action.trimTrailingWhitespace
biswabandita_rout/frontend/src/app/services/chat-service.service.ts: {"insertSpaces":true,"tabSize":2}
biswabandita_rout/frontend/src/app/services/chat-service.service.ts: Using EditorConfig core...
frontend/src/app/services/chat-service.service.ts: editor.action.trimTrailingWhitespace
biswabandita_rout/frontend/src/app/services/chat-service.service.ts: Using EditorConfig core...
frontend/src/app/services/chat-service.service.ts: editor.action.trimTrailingWhitespace
biswabandita_rout/frontend/src/app/services/chat-service.service.ts: {"insertSpaces":true,"tabSize":2}
biswabandita_rout/frontend/src/app/services/chat-service.service.ts: Using EditorConfig core...
frontend/src/app/services/chat-service.service.ts: editor.action.trimTrailingWhitespace
biswabandita_rout/frontend/src/app/services/chat-service.service.ts: {"insertSpaces":true,"tabSize":2}
biswabandita_rout/frontend/src/environments/environment.ts: {"insertSpaces":true,"tabSize":2}
biswabandita_rout/frontend/src/environments/environment.ts: {"insertSpaces":true,"tabSize":2}
biswabandita_rout/frontend/src/environments/environment.ts: Using EditorConfig core...
frontend/src/environments/environment.ts: editor.action.trimTrailingWhitespace
biswabandita_rout/frontend/src/environments/environment.ts: {"insertSpaces":true,"tabSize":2}
biswabandita_rout/frontend/src/app/services/chat-service.service.ts: {"insertSpaces":true,"tabSize":2}
biswabandita_rout/frontend/src/app/services/chat-service.service.ts: {"insertSpaces":true,"tabSize":2}
biswabandita_rout/frontend/src/app/services/chat-service.service.ts: Using EditorConfig core...
frontend/src/app/services/chat-service.service.ts: editor.action.trimTrailingWhitespace
biswabandita_rout/frontend/src/app/services/chat-service.service.ts: Using EditorConfig core...
frontend/src/app/services/chat-service.service.ts: editor.action.trimTrailingWhitespace
biswabandita_rout/frontend/src/app/services/chat-service.service.ts: Using EditorConfig core...
frontend/src/app/services/chat-service.service.ts: editor.action.trimTrailingWhitespace
biswabandita_rout/frontend/src/app/services/chat-service.service.ts: {"insertSpaces":true,"tabSize":2}
biswabandita_rout/frontend/src/app/services/chat-service.service.ts: {"insertSpaces":true,"tabSize":2}
biswabandita_rout/frontend/src/app/services/chat-service.service.ts: Using EditorConfig core...
frontend/src/app/services/chat-service.service.ts: editor.action.trimTrailingWhitespace
biswabandita_rout/frontend/src/environments/environment.ts: {"insertSpaces":true,"tabSize":2}
biswabandita_rout/frontend/src/environments/environment.ts: Using EditorConfig core...
frontend/src/environments/environment.ts: editor.action.trimTrailingWhitespace
biswabandita_rout/frontend/src/environments/environment.ts: Using EditorConfig core...
frontend/src/environments/environment.ts: editor.action.trimTrailingWhitespace
biswabandita_rout/frontend/src/app/services/chat-service.service.ts: {"insertSpaces":true,"tabSize":2}
biswabandita_rout/frontend/src/app/services/chat-service.service.ts: Using EditorConfig core...
frontend/src/app/services/chat-service.service.ts: editor.action.trimTrailingWhitespace
biswabandita_rout/frontend/src/app/services/chat-service.service.ts: Using EditorConfig core...
frontend/src/app/services/chat-service.service.ts: editor.action.trimTrailingWhitespace
biswabandita_rout/frontend/src/environments/environment.ts: {"insertSpaces":true,"tabSize":2}
biswabandita_rout/frontend/src/app/services/chat-service.service.ts: {"insertSpaces":true,"tabSize":2}
biswabandita_rout/frontend/src/app/services/chat-service.service.ts: Using EditorConfig core...
frontend/src/app/services/chat-service.service.ts: editor.action.trimTrailingWhitespace
biswabandita_rout/frontend/src/app/services/chat-service.service.ts: Using EditorConfig core...
frontend/src/app/services/chat-service.service.ts: editor.action.trimTrailingWhitespace
biswabandita_rout/frontend/src/app/services/chat-service.service.ts: {"insertSpaces":true,"tabSize":2}
biswabandita_rout/frontend/src/app/services/chat-service.service.ts: {"insertSpaces":true,"tabSize":2}
biswabandita_rout/frontend/src/app/services/chat-service.service.ts: Using EditorConfig core...
frontend/src/app/services/chat-service.service.ts: editor.action.trimTrailingWhitespace
biswabandita_rout/frontend/src/app/services/chat-service.service.ts: Using EditorConfig core...
frontend/src/app/services/chat-service.service.ts: editor.action.trimTrailingWhitespace
biswabandita_rout/frontend/src/environments/environment.ts: {"insertSpaces":true,"tabSize":2}
biswabandita_rout/frontend/src/environments/environment.ts: Using EditorConfig core...
frontend/src/environments/environment.ts: editor.action.trimTrailingWhitespace
biswabandita_rout/frontend/src/environments/environment.ts: Using EditorConfig core...
frontend/src/environments/environment.ts: editor.action.trimTrailingWhitespace
biswabandita_rout/frontend/src/app/services/chat-service.service.ts: {"insertSpaces":true,"tabSize":2}
biswabandita_rout/frontend/src/app/services/chat-service.service.ts: Using EditorConfig core...
frontend/src/app/services/chat-service.service.ts: editor.action.trimTrailingWhitespace
biswabandita_rout/frontend/src/app/services/chat-service.service.ts: Using EditorConfig core...
frontend/src/app/services/chat-service.service.ts: editor.action.trimTrailingWhitespace
biswabandita_rout/frontend/src/app/services/chat-service.service.ts: Using EditorConfig core...
frontend/src/app/services/chat-service.service.ts: editor.action.trimTrailingWhitespace
biswabandita_rout/frontend/src/app/services/chat-service.service.ts: Using EditorConfig core...
frontend/src/app/services/chat-service.service.ts: editor.action.trimTrailingWhitespace
biswabandita_rout/frontend/src/app/services/chat-service.service.ts: Using EditorConfig core...
frontend/src/app/services/chat-service.service.ts: editor.action.trimTrailingWhitespace
biswabandita_rout/frontend/src/app/services/chat-service.service.ts: Using EditorConfig core...
frontend/src/app/services/chat-service.service.ts: editor.action.trimTrailingWhitespace
biswabandita_rout/frontend/src/app/services/chat-service.service.ts: Using EditorConfig core...
frontend/src/app/services/chat-service.service.ts: editor.action.trimTrailingWhitespace
biswabandita_rout/frontend/src/app/services/chat-service.service.ts: Using EditorConfig core...
frontend/src/app/services/chat-service.service.ts: editor.action.trimTrailingWhitespace
biswabandita_rout/frontend/src/app/services/chat-service.service.ts: Using EditorConfig core...
frontend/src/app/services/chat-service.service.ts: editor.action.trimTrailingWhitespace
biswabandita_rout/frontend/src/app/services/chat-service.service.ts: Using EditorConfig core...
frontend/src/app/services/chat-service.service.ts: editor.action.trimTrailingWhitespace
biswabandita_rout/frontend/src/app/services/chat-service.service.ts: {"insertSpaces":true,"tabSize":2}
biswabandita_rout/frontend/src/app/services/chat-service.service.ts: {"insertSpaces":true,"tabSize":2}
biswabandita_rout/frontend/src/environments/environment.ts: {"insertSpaces":true,"tabSize":2}
biswabandita_rout/frontend/src/environments/environment.ts: {"insertSpaces":true,"tabSize":2}
biswabandita_rout/frontend/src/environments/environment.ts: Using EditorConfig core...
frontend/src/environments/environment.ts: editor.action.trimTrailingWhitespace
biswabandita_rout/frontend/src/environments/environment.ts: Using EditorConfig core...
frontend/src/environments/environment.ts: editor.action.trimTrailingWhitespace
biswabandita_rout/frontend/src/environments/environment.ts: {"insertSpaces":true,"tabSize":2}
biswabandita_rout/frontend/src/app/services/chat-service.service.ts: {"insertSpaces":true,"tabSize":2}
biswabandita_rout/frontend/src/app/services/chat-service.service.ts: Using EditorConfig core...
frontend/src/app/services/chat-service.service.ts: editor.action.trimTrailingWhitespace
biswabandita_rout/frontend/src/app/services/chat-service.service.ts: Using EditorConfig core...
frontend/src/app/services/chat-service.service.ts: editor.action.trimTrailingWhitespace
biswabandita_rout/frontend/src/app/services/chat-service.service.ts: Using EditorConfig core...
frontend/src/app/services/chat-service.service.ts: editor.action.trimTrailingWhitespace
biswabandita_rout/frontend/src/app/services/chat-service.service.ts: Using EditorConfig core...
frontend/src/app/services/chat-service.service.ts: editor.action.trimTrailingWhitespace
biswabandita_rout/frontend/src/app/services/chat-service.service.ts: {"insertSpaces":true,"tabSize":2}
biswabandita_rout/frontend/src/app/services/chat-service.service.ts: {"insertSpaces":true,"tabSize":2}
biswabandita_rout/frontend/src/app/services/chat-service.service.ts: Using EditorConfig core...
frontend/src/app/services/chat-service.service.ts: editor.action.trimTrailingWhitespace
biswabandita_rout/frontend/src/app/services/chat-service.service.ts: Using EditorConfig core...
frontend/src/app/services/chat-service.service.ts: editor.action.trimTrailingWhitespace
biswabandita_rout/frontend/src/app/services/chat-service.service.ts: {"insertSpaces":true,"tabSize":2}
