Initializing document watcher...
Document watcher initialized
biswabandita_rout/frontend/src/app/services/chat-service.service.ts: {"insertSpaces":true,"tabSize":2}
biswabandita_rout/frontend/src/app/services/chat-service.service.ts: {"insertSpaces":true,"tabSize":2}
biswabandita_rout/frontend/src/app/services/chat-service.service.ts: {"insertSpaces":true,"tabSize":2}
biswabandita_rout/Backend/server.js: {}
biswabandita_rout/Backend/exampleserver.js: {}
biswabandita_rout/Backend/exampleserver.js: Using EditorConfig core...
biswabandita_rout/Backend/exampleserver.js: {}
biswabandita_rout/Backend/server.js: {}
biswabandita_rout/Backend/server.js: {}
biswabandita_rout/Backend/app.js: {}
biswabandita_rout/Backend/src/routes/apiRoutes.js: {}
biswabandita_rout/Backend/src/routes/fileUploadRoutes.js: {}
biswabandita_rout/Backend/src/routes/apiRoutes.js: {}
biswabandita_rout/Backend/src/routes/apiRoutes.js: Using EditorConfig core...
biswabandita_rout/Backend/src/routes/fileUploadRoutes.js: {}
biswabandita_rout/Backend/src/routes/apiRoutes.js: {}
biswabandita_rout/Backend/src/routes/apiRoutes.js: Using EditorConfig core...
biswabandita_rout/Backend/src/routes/apiRoutes.js: Using EditorConfig core...
biswabandita_rout/Backend/app.js: {}
biswabandita_rout/Backend/app.js: Using EditorConfig core...
biswabandita_rout/Backend/app.js: Using EditorConfig core...
biswabandita_rout/Backend/app.js: Using EditorConfig core...
biswabandita_rout/Backend/app.js: Using EditorConfig core...
biswabandita_rout/Backend/app.js: Using EditorConfig core...
biswabandita_rout/Backend/app.js: Using EditorConfig core...
biswabandita_rout/Backend/app.js: {}
biswabandita_rout/Backend/app.js: {}
biswabandita_rout/Backend/app.js: {}
biswabandita_rout/Backend/app.js: Using EditorConfig core...
biswabandita_rout/Backend/app.js: Using EditorConfig core...
biswabandita_rout/Backend/app.js: Using EditorConfig core...
biswabandita_rout/Backend/app.js: Using EditorConfig core...
biswabandita_rout/Backend/app.js: Using EditorConfig core...
biswabandita_rout/Backend/app.js: Using EditorConfig core...
biswabandita_rout/Backend/app.js: Using EditorConfig core...
biswabandita_rout/Backend/app.js: Using EditorConfig core...
biswabandita_rout/Backend/app.js: Using EditorConfig core...
biswabandita_rout/Backend/app.js: Using EditorConfig core...
biswabandita_rout/Backend/app.js: Using EditorConfig core...
biswabandita_rout/Backend/app.js: Using EditorConfig core...
biswabandita_rout/Backend/src/routes/apiRoutes.js: {}
biswabandita_rout/Backend/exampleserver.js: {}
biswabandita_rout/Backend/exampleserver.js: {}
biswabandita_rout/Backend/exampleserver.js: {}
biswabandita_rout/Backend/exampleserver.js: {}
biswabandita_rout/Backend/src/routes/fileUploadRoutes.js: {}
biswabandita_rout/Backend/src/routes/fileUploadRoutes.js: {}
biswabandita_rout/Backend/src/routes/apiRoutes.js: {}
biswabandita_rout/Backend/src/routes/apiRoutes.js: Using EditorConfig core...
biswabandita_rout/Backend/src/routes/fileUploadRoutes.js: {}
biswabandita_rout/Backend/src/routes/apiRoutes.js: {}
biswabandita_rout/Backend/src/routes/apiRoutes.js: Using EditorConfig core...
biswabandita_rout/Backend/src/routes/apiRoutes.js: Using EditorConfig core...
biswabandita_rout/Backend/src/routes/apiRoutes.js: Using EditorConfig core...
biswabandita_rout/Backend/src/routes/apiRoutes.js: Using EditorConfig core...
biswabandita_rout/Backend/src/routes/apiRoutes.js: Using EditorConfig core...
biswabandita_rout/Backend/src/routes/fileUploadRoutes.js: {}
biswabandita_rout/Backend/app.js: {}
biswabandita_rout/Backend/src/routes/apiRoutes.js: {}
biswabandita_rout/Backend/src/routes/fileUploadRoutes.js: {}
biswabandita_rout/Backend/src/routes/UploadRoutes.js: {}
biswabandita_rout/Backend/src/routes/UploadRoutes.js: {}
biswabandita_rout/Backend/src/routes/apiRoutes.js: {}
biswabandita_rout/Backend/src/routes/apiRoutes.js: Using EditorConfig core...
biswabandita_rout/Backend/src/routes/apiRoutes.js: Using EditorConfig core...
biswabandita_rout/Backend/src/routes/apiRoutes.js: Using EditorConfig core...
biswabandita_rout/Backend/src/routes/apiRoutes.js: Using EditorConfig core...
biswabandita_rout/Backend/src/routes/apiRoutes.js: Using EditorConfig core...
biswabandita_rout/Backend/src/routes/apiRoutes.js: Using EditorConfig core...
biswabandita_rout/Backend/src/routes/apiRoutes.js: Using EditorConfig core...
biswabandita_rout/Backend/src/routes/apiRoutes.js: Using EditorConfig core...
biswabandita_rout/Backend/src/routes/apiRoutes.js: Using EditorConfig core...
biswabandita_rout/Backend/src/routes/apiRoutes.js: Using EditorConfig core...
biswabandita_rout/Backend/package.json: {}
biswabandita_rout/Backend/package.json: {}
biswabandita_rout/Backend/src/routes/apiRoutes.js: {}
biswabandita_rout/Backend/app.js: {}
biswabandita_rout/Backend/app.js: Using EditorConfig core...
biswabandita_rout/Backend/app.js: Using EditorConfig core...
biswabandita_rout/Backend/app.js: Using EditorConfig core...
biswabandita_rout/Backend/app.js: Using EditorConfig core...
biswabandita_rout/Backend/app.js: Using EditorConfig core...
biswabandita_rout/Backend/app.js: Using EditorConfig core...
biswabandita_rout/Backend/app.js: Using EditorConfig core...
biswabandita_rout/Backend/app.js: Using EditorConfig core...
biswabandita_rout/Backend/app.js: {}
biswabandita_rout/Backend/package.json: {}
biswabandita_rout/Backend/package.json: {}
biswabandita_rout/Backend/src/routes/apiRoutes.js: {}
biswabandita_rout/Backend/app.js: {}
biswabandita_rout/Backend/src/routes/apiRoutes.js: {}
biswabandita_rout/frontend/src/app/Component/chatbot/chatbot.component.ts: {"insertSpaces":true,"tabSize":2}
biswabandita_rout/frontend/src/app/Component/chatbot/chatbot.component.ts: Using EditorConfig core...
frontend/src/app/Component/chatbot/chatbot.component.ts: editor.action.trimTrailingWhitespace
biswabandita_rout/frontend/src/app/Component/chatbot/chatbot.component.ts: Using EditorConfig core...
frontend/src/app/Component/chatbot/chatbot.component.ts: editor.action.trimTrailingWhitespace
biswabandita_rout/frontend/src/app/Component/chatbot/chatbot.component.ts: Using EditorConfig core...
frontend/src/app/Component/chatbot/chatbot.component.ts: editor.action.trimTrailingWhitespace
biswabandita_rout/frontend/src/app/Component/chatbot/chatbot.component.ts: Using EditorConfig core...
frontend/src/app/Component/chatbot/chatbot.component.ts: editor.action.trimTrailingWhitespace
biswabandita_rout/frontend/src/app/Component/chatbot/chatbot.component.ts: Using EditorConfig core...
frontend/src/app/Component/chatbot/chatbot.component.ts: editor.action.trimTrailingWhitespace
biswabandita_rout/frontend/src/app/Component/chatbot/chatbot.component.ts: Using EditorConfig core...
frontend/src/app/Component/chatbot/chatbot.component.ts: editor.action.trimTrailingWhitespace
biswabandita_rout/frontend/src/app/Component/chatbot/chatbot.component.ts: Using EditorConfig core...
frontend/src/app/Component/chatbot/chatbot.component.ts: editor.action.trimTrailingWhitespace
biswabandita_rout/frontend/src/app/Component/chatbot/chatbot.component.ts: Using EditorConfig core...
frontend/src/app/Component/chatbot/chatbot.component.ts: editor.action.trimTrailingWhitespace
biswabandita_rout/frontend/src/app/services/chat-service.service.ts: {"insertSpaces":true,"tabSize":2}
biswabandita_rout/frontend/src/app/Component/chatbot/chatbot.component.ts: {"insertSpaces":true,"tabSize":2}
biswabandita_rout/frontend/src/app/services/chat-service.service.ts: {"insertSpaces":true,"tabSize":2}
biswabandita_rout/frontend/src/app/services/chat-service.service.ts: Using EditorConfig core...
frontend/src/app/services/chat-service.service.ts: editor.action.trimTrailingWhitespace
biswabandita_rout/frontend/src/app/services/chat-service.service.ts: Using EditorConfig core...
frontend/src/app/services/chat-service.service.ts: editor.action.trimTrailingWhitespace
biswabandita_rout/frontend/src/app/services/chat-service.service.ts: Using EditorConfig core...
frontend/src/app/services/chat-service.service.ts: editor.action.trimTrailingWhitespace
biswabandita_rout/frontend/src/app/services/chat-service.service.ts: Using EditorConfig core...
frontend/src/app/services/chat-service.service.ts: editor.action.trimTrailingWhitespace
biswabandita_rout/frontend/src/app/services/chat-service.service.ts: Using EditorConfig core...
frontend/src/app/services/chat-service.service.ts: editor.action.trimTrailingWhitespace
biswabandita_rout/frontend/src/environments/environment.ts: {"insertSpaces":true,"tabSize":2}
biswabandita_rout/frontend/src/app/services/chat-service.service.ts: {"insertSpaces":true,"tabSize":2}
biswabandita_rout/frontend/src/environments/environment.ts: {"insertSpaces":true,"tabSize":2}
biswabandita_rout/frontend/src/app/services/chat-service.service.ts: {"insertSpaces":true,"tabSize":2}
biswabandita_rout/frontend/src/environments/environment.ts: {"insertSpaces":true,"tabSize":2}
biswabandita_rout/frontend/src/app/services/chat-service.service.ts: {"insertSpaces":true,"tabSize":2}
biswabandita_rout/frontend/src/app/services/chat-service.service.ts: Using EditorConfig core...
frontend/src/app/services/chat-service.service.ts: editor.action.trimTrailingWhitespace
biswabandita_rout/frontend/src/app/services/chat-service.service.ts: Using EditorConfig core...
frontend/src/app/services/chat-service.service.ts: editor.action.trimTrailingWhitespace
biswabandita_rout/frontend/src/app/services/chat-service.service.ts: Using EditorConfig core...
frontend/src/app/services/chat-service.service.ts: editor.action.trimTrailingWhitespace
biswabandita_rout/frontend/src/app/services/chat-service.service.ts: Using EditorConfig core...
frontend/src/app/services/chat-service.service.ts: editor.action.trimTrailingWhitespace
biswabandita_rout/Backend/src/routes/apiRoutes.js: {}
biswabandita_rout/Backend/app.js: {}
biswabandita_rout/frontend/src/app/services/chat-service.service.ts: {"insertSpaces":true,"tabSize":2}
biswabandita_rout/Backend/app.js: {}
biswabandita_rout/Backend/src/routes/apiRoutes.js: {}
biswabandita_rout/Backend/src/routes/apiRoutes.js: {}
biswabandita_rout/Backend/src/routes/apiRoutes.js: {}
biswabandita_rout/Backend/src/routes/apiRoutes.js: {}
biswabandita_rout/Backend/src/routes/apiRoutes.js: {}
biswabandita_rout/Backend/.env: {}
biswabandita_rout/Backend/.env-sample: {}
biswabandita_rout/Backend/.env: {}
biswabandita_rout/Backend/server.js: {}
biswabandita_rout/frontend/src/environments/environment.ts: {"insertSpaces":true,"tabSize":2}
biswabandita_rout/Backend/.env: {}
biswabandita_rout/Backend/.env: Using EditorConfig core...
biswabandita_rout/Backend/.env-sample: {}
biswabandita_rout/frontend/src/environments/environment.prod.ts: {"insertSpaces":true,"tabSize":2}
biswabandita_rout/frontend/src/environments/environment.ts: {"insertSpaces":true,"tabSize":2}
biswabandita_rout/frontend/src/environments/environment.ts: {"insertSpaces":true,"tabSize":2}
biswabandita_rout/frontend/src/environments/environment.prod.ts: {"insertSpaces":true,"tabSize":2}
biswabandita_rout/frontend/src/app/services/chat-service.service.ts: {"insertSpaces":true,"tabSize":2}
biswabandita_rout/frontend/src/app/services/chat-service.service.ts: {"insertSpaces":true,"tabSize":2}
biswabandita_rout/Backend/app.js: {}
biswabandita_rout/Backend/app.js: {}
biswabandita_rout/Backend/src/routes/apiRoutes.js: {}
biswabandita_rout/Backend/src/routes/apiRoutes.js: Using EditorConfig core...
biswabandita_rout/Backend/src/routes/apiRoutes.js: {}
biswabandita_rout/Backend/src/routes/apiRoutes.js: {}
biswabandita_rout/Backend/src/routes/apiRoutes.js: {}
biswabandita_rout/Backend/src/routes/apiRoutes.js: {}
biswabandita_rout/Backend/src/routes/apiRoutes.js: {}
biswabandita_rout/Backend/src/routes/apiRoutes.js: {}
biswabandita_rout/Backend/src/routes/chatRoutes.js: {}
biswabandita_rout/Backend/src/controllers/chatController.js: {}
biswabandita_rout/Backend/src/controllers/createAccountController.js: {}
biswabandita_rout/Backend/src/controllers/FileuploadController.js: {}
biswabandita_rout/Backend/src/controllers/uploadController.js: {}
biswabandita_rout/Backend/src/routes/apiRoutes.js: {}
biswabandita_rout/Backend/src/controllers/uploadController.js: {}
biswabandita_rout/Backend/src/routes/apiRoutes.js: {}
biswabandita_rout/Backend/src/routes/apiRoutes.js: {}
biswabandita_rout/Backend/app.js: {}
biswabandita_rout/frontend/src/app/services/chat-service.service.ts: {"insertSpaces":true,"tabSize":2}
biswabandita_rout/frontend/src/app/services/chat-service.service.ts: {"insertSpaces":true,"tabSize":2}
biswabandita_rout/frontend/src/app/services/chat-service.service.ts: {"insertSpaces":true,"tabSize":2}
biswabandita_rout/frontend/src/app/services/chat-service.service.ts: Using EditorConfig core...
frontend/src/app/services/chat-service.service.ts: editor.action.trimTrailingWhitespace
biswabandita_rout/frontend/src/app/services/chat-service.service.ts: Using EditorConfig core...
frontend/src/app/services/chat-service.service.ts: editor.action.trimTrailingWhitespace
biswabandita_rout/frontend/src/app/services/chat-service.service.ts: Using EditorConfig core...
frontend/src/app/services/chat-service.service.ts: editor.action.trimTrailingWhitespace
biswabandita_rout/Backend/app.js: {}
biswabandita_rout/Backend/app.js: {}
biswabandita_rout/Backend/app.js: {}
biswabandita_rout/frontend/src/app/services/chat-service.service.ts: {"insertSpaces":true,"tabSize":2}
biswabandita_rout/frontend/src/app/services/chat-service.service.ts: {"insertSpaces":true,"tabSize":2}
biswabandita_rout/Backend/app.js: {}
biswabandita_rout/Backend/.env: {}
biswabandita_rout/Backend/.env: {}
biswabandita_rout/Backend/.env: {}
biswabandita_rout/Backend/.env: {}
biswabandita_rout/Backend/.env: {}
biswabandita_rout/frontend/src/environments/environment.ts: {"insertSpaces":true,"tabSize":2}
biswabandita_rout/frontend/src/environments/environment.ts: Using EditorConfig core...
frontend/src/environments/environment.ts: editor.action.trimTrailingWhitespace
biswabandita_rout/frontend/src/environments/environment.ts: {"insertSpaces":true,"tabSize":2}
biswabandita_rout/frontend/src/app/services/chat-service.service.ts: {"insertSpaces":true,"tabSize":2}
biswabandita_rout/frontend/src/app/services/chat-service.service.ts: Using EditorConfig core...
frontend/src/app/services/chat-service.service.ts: editor.action.trimTrailingWhitespace
biswabandita_rout/frontend/src/app/services/chat-service.service.ts: {"insertSpaces":true,"tabSize":2}
biswabandita_rout/frontend/src/app/services/chat-service.service.ts: {"insertSpaces":true,"tabSize":2}
biswabandita_rout/frontend/src/environments/environment.ts: {"insertSpaces":true,"tabSize":2}
biswabandita_rout/frontend/src/environments/environment.ts: {"insertSpaces":true,"tabSize":2}
biswabandita_rout/Backend/.env: {}
biswabandita_rout/Backend/.env: Using EditorConfig core...
biswabandita_rout/Backend/.env: {}
biswabandita_rout/Backend/app.js: {}
biswabandita_rout/frontend/src/environments/environment.ts: {"insertSpaces":true,"tabSize":2}
biswabandita_rout/Backend/src/routes/apiRoutes.js: {}
biswabandita_rout/Backend/src/routes/apiRoutes.js: Using EditorConfig core...
biswabandita_rout/Backend/src/routes/apiRoutes.js: Using EditorConfig core...
biswabandita_rout/Backend/src/routes/apiRoutes.js: Using EditorConfig core...
biswabandita_rout/Backend/src/routes/apiRoutes.js: {}
biswabandita_rout/Backend/src/routes/apiRoutes.js: Using EditorConfig core...
biswabandita_rout/Backend/src/routes/apiRoutes.js: Using EditorConfig core...
biswabandita_rout/Backend/src/routes/apiRoutes.js: Using EditorConfig core...
biswabandita_rout/Backend/src/routes/apiRoutes.js: Using EditorConfig core...
biswabandita_rout/Backend/src/routes/apiRoutes.js: Using EditorConfig core...
biswabandita_rout/Backend/src/routes/apiRoutes.js: Using EditorConfig core...
biswabandita_rout/Backend/src/routes/apiRoutes.js: Using EditorConfig core...
biswabandita_rout/Backend/src/routes/apiRoutes.js: Using EditorConfig core...
biswabandita_rout/Backend/src/routes/apiRoutes.js: Using EditorConfig core...
biswabandita_rout/Backend/src/routes/apiRoutes.js: {}
biswabandita_rout/Backend/src/routes/apiRoutes.js: {}
biswabandita_rout/Backend/src/routes/apiRoutes.js: Using EditorConfig core...
biswabandita_rout/Backend/src/routes/apiRoutes.js: Using EditorConfig core...
biswabandita_rout/Backend/src/routes/apiRoutes.js: Using EditorConfig core...
biswabandita_rout/Backend/src/routes/apiRoutes.js: Using EditorConfig core...
biswabandita_rout/Backend/src/routes/apiRoutes.js: Using EditorConfig core...
biswabandita_rout/Backend/src/routes/apiRoutes.js: Using EditorConfig core...
biswabandita_rout/Backend/src/routes/apiRoutes.js: Using EditorConfig core...
biswabandita_rout/Backend/src/routes/apiRoutes.js: {}
biswabandita_rout/Backend/src/routes/apiRoutes.js: Using EditorConfig core...
biswabandita_rout/Backend/src/routes/apiRoutes.js: {}
biswabandita_rout/Backend/src/routes/apiRoutes.js: {}
biswabandita_rout/Backend/src/routes/apiRoutes.js: {}
biswabandita_rout/Backend/src/routes/apiRoutes.js: {}
biswabandita_rout/Backend/app.js: {}
biswabandita_rout/Backend/app.js: {}
biswabandita_rout/Backend/app.js: {}
biswabandita_rout/Backend/app.js: {}
biswabandita_rout/Backend/src/routes/apiRoutes.js: {}
biswabandita_rout/Backend/src/routes/apiRoutes.js: {}
biswabandita_rout/frontend/src/app/services/chat-service.service.ts: {}
biswabandita_rout/frontend/src/app/services/chat-service.service.ts: {"insertSpaces":true,"tabSize":2}
biswabandita_rout/frontend/src/app/services/chat-service.service.ts: {"insertSpaces":true,"tabSize":2}
biswabandita_rout/frontend/src/app/services/chat-service.service.ts: {"insertSpaces":true,"tabSize":2}
biswabandita_rout/frontend/src/app/services/chat-service.service.ts: {"insertSpaces":true,"tabSize":2}
biswabandita_rout/frontend/src/app/services/chat-service.service.ts: {"insertSpaces":true,"tabSize":2}
biswabandita_rout/frontend/src/app/services/chat-service.service.ts: {"insertSpaces":true,"tabSize":2}
biswabandita_rout/frontend/src/app/services/chat-service.service.ts: {"insertSpaces":true,"tabSize":2}
biswabandita_rout/Dockerfile: {}
biswabandita_rout/Dockerfile: {}
biswabandita_rout/backend_dockerfile: {}
biswabandita_rout/backend_dockerfile: {}
biswabandita_rout/backend_dockerfile: {}
biswabandita_rout/frontend/src/app/Component/chatbot/chatbot.component.ts: {"insertSpaces":true,"tabSize":2}
biswabandita_rout/frontend/src/app/services/chat-service.service.ts: {"insertSpaces":true,"tabSize":2}
biswabandita_rout/backend_dockerfile: {}
biswabandita_rout/frontend/src/app/services/chat-service.service.ts: {"insertSpaces":true,"tabSize":2}
biswabandita_rout/Backend/src/routes/apiRoutes.js: {}
biswabandita_rout/Backend/src/routes/apiRoutes.js: {}
biswabandita_rout/Backend/src/routes/apiRoutes.js: {}
biswabandita_rout/frontend/src/app/services/chat-service.service.ts: {"insertSpaces":true,"tabSize":2}
biswabandita_rout/Backend/app.js: {}
biswabandita_rout/Backend/.env: {}
biswabandita_rout/frontend/src/environments/environment.ts: {"insertSpaces":true,"tabSize":2}
biswabandita_rout/frontend/src/environments/environment.ts: Using EditorConfig core...
frontend/src/environments/environment.ts: editor.action.trimTrailingWhitespace
biswabandita_rout/frontend/src/environments/environment.ts: Using EditorConfig core...
frontend/src/environments/environment.ts: editor.action.trimTrailingWhitespace
biswabandita_rout/frontend/src/environments/environment.ts: {"insertSpaces":true,"tabSize":2}
biswabandita_rout/frontend/src/environments/environment.ts: Using EditorConfig core...
frontend/src/environments/environment.ts: editor.action.trimTrailingWhitespace
biswabandita_rout/frontend/src/app/services/chat-service.service.ts: {"insertSpaces":true,"tabSize":2}
biswabandita_rout/Backend/src/routes/apiRoutes.js: {}
biswabandita_rout/Backend/src/routes/apiRoutes.js: {}
biswabandita_rout/Backend/src/routes/apiRoutes.js: {}
biswabandita_rout/Backend/src/routes/apiRoutes.js: {}
biswabandita_rout/frontend/src/environments/environment.ts: {}
biswabandita_rout/frontend/src/environments/environment.ts: {"insertSpaces":true,"tabSize":2}
biswabandita_rout/frontend/src/environments/environment.ts: {"insertSpaces":true,"tabSize":2}
biswabandita_rout/Backend/server.js: {}
biswabandita_rout/Backend/server.js: Using EditorConfig core...
biswabandita_rout/frontend/src/environments/environment.ts: {}
biswabandita_rout/frontend/src/environments/environment.ts: {"insertSpaces":true,"tabSize":2}
biswabandita_rout/frontend/src/app/services/chat-service.service.ts: {"insertSpaces":true,"tabSize":2}
biswabandita_rout/Backend/app.js: {}
biswabandita_rout/frontend/src/app/services/chat-service.service.ts: {"insertSpaces":true,"tabSize":2}
biswabandita_rout/frontend/src/app/services/chat-service.service.ts: {"insertSpaces":true,"tabSize":2}
biswabandita_rout/Backend/app.js: {}
biswabandita_rout/frontend/src/app/services/chat-service.service.ts: {"insertSpaces":true,"tabSize":2}
biswabandita_rout/Backend/app.js: {}
biswabandita_rout/Backend/src/routes/apiRoutes.js: {}
biswabandita_rout/Backend/src/routes/apiRoutes.js: {}
biswabandita_rout/frontend/src/environments/environment.ts: {"insertSpaces":true,"tabSize":2}
biswabandita_rout/frontend/src/environments/environment.ts: Using EditorConfig core...
frontend/src/environments/environment.ts: editor.action.trimTrailingWhitespace
biswabandita_rout/frontend/src/environments/environment.ts: {"insertSpaces":true,"tabSize":2}
biswabandita_rout/frontend/src/environments/environment.ts: {"insertSpaces":true,"tabSize":2}
biswabandita_rout/frontend/src/environments/environment.ts: {"insertSpaces":true,"tabSize":2}
biswabandita_rout/Backend/server.js: {}
biswabandita_rout/Backend/server.js: {"insertSpaces":true,"tabSize":2}
biswabandita_rout/frontend/src/app/services/chat-service.service.ts: {"insertSpaces":true,"tabSize":2}
biswabandita_rout/Backend/app.js: {}
biswabandita_rout/Backend/app.js: {}
biswabandita_rout/Backend/src/routes/apiRoutes.js: {}
biswabandita_rout/Backend/app.js: {}
biswabandita_rout/Backend/app.js: {}
biswabandita_rout/Backend/app.js: {}
biswabandita_rout/Backend/app.js: {}
biswabandita_rout/Backend/.env: {}
biswabandita_rout/Backend/.env: {}
biswabandita_rout/Backend/.env: {}
biswabandita_rout/Backend/.env: {}
biswabandita_rout/Backend/.env: {}
biswabandita_rout/Backend/src/routes/apiRoutes.js: {}
biswabandita_rout/Backend/src/routes/apiRoutes.js: Using EditorConfig core...
biswabandita_rout/Backend/src/routes/apiRoutes.js: Using EditorConfig core...
biswabandita_rout/Backend/src/routes/apiRoutes.js: Using EditorConfig core...
biswabandita_rout/Backend/src/routes/apiRoutes.js: Using EditorConfig core...
biswabandita_rout/Backend/src/routes/apiRoutes.js: Using EditorConfig core...
biswabandita_rout/Backend/src/routes/apiRoutes.js: Using EditorConfig core...
biswabandita_rout/Backend/src/routes/apiRoutes.js: Using EditorConfig core...
biswabandita_rout/Backend/src/routes/apiRoutes.js: Using EditorConfig core...
biswabandita_rout/Backend/src/routes/apiRoutes.js: Using EditorConfig core...
biswabandita_rout/Backend/src/routes/apiRoutes.js: {}
biswabandita_rout/Backend/src/routes/apiRoutes.js: Using EditorConfig core...
biswabandita_rout/Backend/src/routes/apiRoutes.js: {}
biswabandita_rout/Backend/server.js: {}
biswabandita_rout/frontend/src/app/Component/chatbot/chatbot.component.ts: {"insertSpaces":true,"tabSize":2}
biswabandita_rout/frontend/src/app/Component/chatbot/chatbot.component.ts: Using EditorConfig core...
frontend/src/app/Component/chatbot/chatbot.component.ts: editor.action.trimTrailingWhitespace
biswabandita_rout/frontend/src/app/Component/chatbot/chatbot.component.ts: {"insertSpaces":true,"tabSize":2}
biswabandita_rout/Backend/server.js: {}
biswabandita_rout/Backend/server.js: {"insertSpaces":true,"tabSize":2}
biswabandita_rout/Backend/app.js: {}
biswabandita_rout/Backend/app.js: {}
biswabandita_rout/Backend/app.js: {}
biswabandita_rout/frontend/src/app/services/chat-service.service.ts: {}
biswabandita_rout/frontend/src/app/services/chat-service.service.ts: {"insertSpaces":true,"tabSize":2}
biswabandita_rout/Backend/src/routes/apiRoutes.js: {}
biswabandita_rout/Backend/src/routes/apiRoutes.js: {}
biswabandita_rout/Backend/src/routes/apiRoutes.js: {}
biswabandita_rout/Backend/src/routes/apiRoutes.js: {}
biswabandita_rout/Backend/src/routes/apiRoutes.js: {}
biswabandita_rout/Backend/src/routes/apiRoutes.js: {}
biswabandita_rout/Backend/src/routes/apiRoutes.js: {}
biswabandita_rout/Backend/src/routes/apiRoutes.js: Using EditorConfig core...
biswabandita_rout/Backend/src/routes/apiRoutes.js: Using EditorConfig core...
biswabandita_rout/Backend/src/routes/apiRoutes.js: Using EditorConfig core...
biswabandita_rout/Backend/src/routes/apiRoutes.js: Using EditorConfig core...
biswabandita_rout/Backend/src/routes/apiRoutes.js: {}
biswabandita_rout/Backend/src/routes/apiRoutes.js: {}
biswabandita_rout/Backend/app.js: {}
biswabandita_rout/Backend/src/routes/apiRoutes.js: {}
biswabandita_rout/Backend/src/routes/apiRoutes.js: {}
biswabandita_rout/Backend/app.js: {}
biswabandita_rout/Backend/app.js: {}
biswabandita_rout/Backend/app.js: {}
biswabandita_rout/Backend/app.js: {}
biswabandita_rout/Backend/server.js: {}
biswabandita_rout/Backend/server.js: {}
biswabandita_rout/Backend/app.js: {}
biswabandita_rout/Backend/app.js: Using EditorConfig core...
biswabandita_rout/Backend/app.js: Using EditorConfig core...
biswabandita_rout/Backend/src/routes/apiRoutes.js: {}
biswabandita_rout/Backend/app.js: {}
biswabandita_rout/Backend/app.js: Using EditorConfig core...
biswabandita_rout/Backend/app.js: {}
biswabandita_rout/Backend/server.js: {}
biswabandita_rout/Backend/server.js: Using EditorConfig core...
biswabandita_rout/Backend/server.js: {}
biswabandita_rout/Backend/server.js: {}
biswabandita_rout/Backend/app.js: {}
biswabandita_rout/Backend/app.js: Using EditorConfig core...
biswabandita_rout/Backend/app.js: Using EditorConfig core...
biswabandita_rout/Backend/app.js: Using EditorConfig core...
biswabandita_rout/Backend/app.js: {}
biswabandita_rout/Backend/app.js: {}
biswabandita_rout/Backend/app.js: {}
biswabandita_rout/Backend/app.js: {}
biswabandita_rout/Backend/app.js: {}
biswabandita_rout/Backend/.env: {}
biswabandita_rout/Backend/.env: Using EditorConfig core...
biswabandita_rout/Backend/.env: {}
biswabandita_rout/Backend/src/configs/gcsConfig.js: {}
biswabandita_rout/Backend/src/configs/bigQueryConfig.js: {}
biswabandita_rout/frontend/src/environments/environment.ts: {"insertSpaces":true,"tabSize":2}
