2025-01-28 05:15:58.763 [info] [main] Log level: Info
2025-01-28 05:15:58.763 [info] [main] Validating found git in: "git"
2025-01-28 05:15:58.763 [info] [main] Using git "2.43.0" from "git"
2025-01-28 05:15:58.763 [info] [Model][doInitialScan] Initial repository scan started
2025-01-28 05:15:58.763 [info] > git rev-parse --show-toplevel [119ms]
2025-01-28 05:15:58.763 [info] > git rev-parse --git-dir --git-common-dir [86ms]
2025-01-28 05:15:58.763 [info] [Model][openRepository] Opened repository: /home/biswabandita_rout
2025-01-28 05:15:58.763 [info] > git rev-parse --show-toplevel [45ms]
2025-01-28 05:15:58.763 [info] > git config --get commit.template [50ms]
2025-01-28 05:15:58.764 [info] > git rev-parse --show-toplevel [6ms]
2025-01-28 05:15:58.769 [info] > git rev-parse --show-toplevel [2ms]
2025-01-28 05:15:58.776 [info] > git rev-parse --show-toplevel [3ms]
2025-01-28 05:15:58.781 [info] > git rev-parse --show-toplevel [2ms]
2025-01-28 05:15:58.786 [info] > git rev-parse --show-toplevel [2ms]
2025-01-28 05:15:58.791 [info] > git rev-parse --show-toplevel [2ms]
2025-01-28 05:15:58.795 [info] > git rev-parse --show-toplevel [1ms]
2025-01-28 05:15:58.800 [info] > git rev-parse --show-toplevel [2ms]
2025-01-28 05:15:58.804 [info] > git rev-parse --show-toplevel [2ms]
2025-01-28 05:15:58.805 [info] [Model][doInitialScan] Initial repository scan completed - repositories (1), closed repositories (0), parent repositories (0), unsafe repositories (0)
2025-01-28 05:15:58.841 [info] > git for-each-ref --format=%(refname)%00%(upstream:short)%00%(objectname)%00%(upstream:track)%00%(upstream:remotename)%00%(upstream:remoteref) refs/heads/main refs/remotes/main [79ms]
2025-01-28 05:15:58.853 [info] > git for-each-ref --sort -committerdate --format %(refname) %(objectname) %(*objectname) [3ms]
2025-01-28 05:15:59.352 [info] > git status -z -uall [506ms]
2025-01-28 05:15:59.412 [info] > git for-each-ref --format=%(refname)%00%(upstream:short)%00%(objectname)%00%(upstream:track)%00%(upstream:remotename)%00%(upstream:remoteref) refs/heads/main refs/remotes/main [11ms]
2025-01-28 05:15:59.417 [info] > git config --get commit.template [8ms]
2025-01-28 05:15:59.418 [info] > git config --local branch.main.vscode-merge-base [3ms]
2025-01-28 05:15:59.418 [warning] [Git][config] git config failed: Failed to execute git
2025-01-28 05:15:59.428 [info] > git reflog main --grep-reflog=branch: Created from *. [7ms]
2025-01-28 05:15:59.431 [info] > git for-each-ref --format=%(refname)%00%(upstream:short)%00%(objectname)%00%(upstream:track)%00%(upstream:remotename)%00%(upstream:remoteref) refs/heads/main refs/remotes/main [6ms]
2025-01-28 05:15:59.442 [info] > git symbolic-ref --short refs/remotes/origin/HEAD [11ms]
2025-01-28 05:15:59.443 [info] fatal: ref refs/remotes/origin/HEAD is not a symbolic ref
2025-01-28 05:15:59.443 [warning] [Repository][getDefaultBranch] Failed to get default branch details: Failed to execute git.
2025-01-28 05:15:59.699 [info] > git status -z -uall [263ms]
2025-01-28 05:15:59.700 [info] > git merge-base refs/heads/main refs/remotes/origin/main [249ms]
2025-01-28 05:15:59.709 [info] > git for-each-ref --sort -committerdate --format %(refname) %(objectname) %(*objectname) [268ms]
2025-01-28 05:15:59.766 [info] > git merge-base refs/heads/main refs/remotes/origin/main [24ms]
2025-01-28 05:15:59.772 [info] > git diff --name-status -z --diff-filter=ADMR 1d52a57d198e5d1cef2c49abaed1a6ae1779a3a6...refs/remotes/origin/main [68ms]
2025-01-28 05:15:59.779 [info] > git diff --name-status -z --diff-filter=ADMR 1d52a57d198e5d1cef2c49abaed1a6ae1779a3a6...refs/remotes/origin/main [8ms]
2025-01-28 05:15:59.781 [info] > git check-ignore -v -z --stdin [18ms]
2025-01-28 05:16:12.499 [info] > git check-ignore -v -z --stdin [6ms]
2025-01-28 05:16:41.224 [info] > git ls-files --stage -- /home/biswabandita_rout/frontend/package.json [15ms]
2025-01-28 05:16:41.243 [info] > git cat-file -s 49ae2c6d783ba0f171d2648c958cf1dfe2b5400b [12ms]
2025-01-28 05:16:41.245 [info] > git show --textconv :frontend/package.json [46ms]
2025-01-28 05:16:41.702 [info] > git check-ignore -v -z --stdin [10ms]
2025-01-28 05:16:42.203 [info] > git config --get commit.template [9ms]
2025-01-28 05:16:42.204 [info] > git for-each-ref --format=%(refname)%00%(upstream:short)%00%(objectname)%00%(upstream:track)%00%(upstream:remotename)%00%(upstream:remoteref) refs/heads/main refs/remotes/main [2ms]
2025-01-28 05:16:42.233 [info] > git for-each-ref --sort -committerdate --format %(refname) %(objectname) %(*objectname) [5ms]
2025-01-28 05:16:42.282 [info] > git status -z -uall [71ms]
2025-01-28 05:16:56.279 [info] > git config --get commit.template [9ms]
2025-01-28 05:16:56.280 [info] > git for-each-ref --format=%(refname)%00%(upstream:short)%00%(objectname)%00%(upstream:track)%00%(upstream:remotename)%00%(upstream:remoteref) refs/heads/main refs/remotes/main [2ms]
2025-01-28 05:16:56.302 [info] > git for-each-ref --sort -committerdate --format %(refname) %(objectname) %(*objectname) [4ms]
2025-01-28 05:16:56.374 [info] > git status -z -uall [85ms]
2025-01-28 05:17:07.263 [info] > git config --get commit.template [9ms]
2025-01-28 05:17:07.264 [info] > git for-each-ref --format=%(refname)%00%(upstream:short)%00%(objectname)%00%(upstream:track)%00%(upstream:remotename)%00%(upstream:remoteref) refs/heads/main refs/remotes/main [2ms]
2025-01-28 05:17:07.290 [info] > git for-each-ref --sort -committerdate --format %(refname) %(objectname) %(*objectname) [10ms]
2025-01-28 05:17:07.345 [info] > git status -z -uall [74ms]
2025-01-28 05:17:12.384 [info] > git config --get commit.template [8ms]
2025-01-28 05:17:12.386 [info] > git for-each-ref --format=%(refname)%00%(upstream:short)%00%(objectname)%00%(upstream:track)%00%(upstream:remotename)%00%(upstream:remoteref) refs/heads/main refs/remotes/main [3ms]
2025-01-28 05:17:12.415 [info] > git for-each-ref --sort -committerdate --format %(refname) %(objectname) %(*objectname) [6ms]
2025-01-28 05:17:12.463 [info] > git status -z -uall [70ms]
2025-01-28 05:17:17.498 [info] > git config --get commit.template [9ms]
2025-01-28 05:17:17.499 [info] > git for-each-ref --format=%(refname)%00%(upstream:short)%00%(objectname)%00%(upstream:track)%00%(upstream:remotename)%00%(upstream:remoteref) refs/heads/main refs/remotes/main [3ms]
2025-01-28 05:17:17.528 [info] > git for-each-ref --sort -committerdate --format %(refname) %(objectname) %(*objectname) [5ms]
2025-01-28 05:17:17.578 [info] > git status -z -uall [71ms]
2025-01-28 05:17:22.610 [info] > git config --get commit.template [9ms]
2025-01-28 05:17:22.612 [info] > git for-each-ref --format=%(refname)%00%(upstream:short)%00%(objectname)%00%(upstream:track)%00%(upstream:remotename)%00%(upstream:remoteref) refs/heads/main refs/remotes/main [3ms]
2025-01-28 05:17:22.643 [info] > git for-each-ref --sort -committerdate --format %(refname) %(objectname) %(*objectname) [6ms]
2025-01-28 05:17:22.697 [info] > git status -z -uall [77ms]
2025-01-28 05:17:31.036 [info] > git config --get commit.template [6ms]
2025-01-28 05:17:31.054 [info] > git for-each-ref --format=%(refname)%00%(upstream:short)%00%(objectname)%00%(upstream:track)%00%(upstream:remotename)%00%(upstream:remoteref) refs/heads/main refs/remotes/main [6ms]
2025-01-28 05:17:31.073 [info] > git for-each-ref --sort -committerdate --format %(refname) %(objectname) %(*objectname) [7ms]
2025-01-28 05:17:31.132 [info] > git status -z -uall [73ms]
2025-01-28 05:17:36.169 [info] > git config --get commit.template [7ms]
2025-01-28 05:17:36.170 [info] > git for-each-ref --format=%(refname)%00%(upstream:short)%00%(objectname)%00%(upstream:track)%00%(upstream:remotename)%00%(upstream:remoteref) refs/heads/main refs/remotes/main [3ms]
2025-01-28 05:17:36.195 [info] > git for-each-ref --sort -committerdate --format %(refname) %(objectname) %(*objectname) [13ms]
2025-01-28 05:17:36.246 [info] > git status -z -uall [70ms]
2025-01-28 05:17:41.281 [info] > git config --get commit.template [2ms]
2025-01-28 05:17:41.288 [info] > git for-each-ref --format=%(refname)%00%(upstream:short)%00%(objectname)%00%(upstream:track)%00%(upstream:remotename)%00%(upstream:remoteref) refs/heads/main refs/remotes/main [2ms]
2025-01-28 05:17:41.312 [info] > git for-each-ref --sort -committerdate --format %(refname) %(objectname) %(*objectname) [13ms]
2025-01-28 05:17:41.363 [info] > git status -z -uall [70ms]
2025-01-28 05:17:46.393 [info] > git config --get commit.template [7ms]
2025-01-28 05:17:46.395 [info] > git for-each-ref --format=%(refname)%00%(upstream:short)%00%(objectname)%00%(upstream:track)%00%(upstream:remotename)%00%(upstream:remoteref) refs/heads/main refs/remotes/main [3ms]
2025-01-28 05:17:46.419 [info] > git for-each-ref --sort -committerdate --format %(refname) %(objectname) %(*objectname) [11ms]
2025-01-28 05:17:46.471 [info] > git status -z -uall [71ms]
2025-01-28 05:17:51.508 [info] > git config --get commit.template [7ms]
2025-01-28 05:17:51.510 [info] > git for-each-ref --format=%(refname)%00%(upstream:short)%00%(objectname)%00%(upstream:track)%00%(upstream:remotename)%00%(upstream:remoteref) refs/heads/main refs/remotes/main [3ms]
2025-01-28 05:17:51.536 [info] > git for-each-ref --sort -committerdate --format %(refname) %(objectname) %(*objectname) [13ms]
2025-01-28 05:17:51.587 [info] > git status -z -uall [71ms]
2025-01-28 05:17:56.624 [info] > git config --get commit.template [7ms]
2025-01-28 05:17:56.626 [info] > git for-each-ref --format=%(refname)%00%(upstream:short)%00%(objectname)%00%(upstream:track)%00%(upstream:remotename)%00%(upstream:remoteref) refs/heads/main refs/remotes/main [3ms]
2025-01-28 05:17:56.651 [info] > git for-each-ref --sort -committerdate --format %(refname) %(objectname) %(*objectname) [13ms]
2025-01-28 05:17:56.702 [info] > git status -z -uall [71ms]
2025-01-28 05:18:01.732 [info] > git config --get commit.template [7ms]
2025-01-28 05:18:01.733 [info] > git for-each-ref --format=%(refname)%00%(upstream:short)%00%(objectname)%00%(upstream:track)%00%(upstream:remotename)%00%(upstream:remoteref) refs/heads/main refs/remotes/main [2ms]
2025-01-28 05:18:01.758 [info] > git for-each-ref --sort -committerdate --format %(refname) %(objectname) %(*objectname) [12ms]
2025-01-28 05:18:01.809 [info] > git status -z -uall [70ms]
2025-01-28 05:18:06.839 [info] > git config --get commit.template [9ms]
2025-01-28 05:18:06.843 [info] > git for-each-ref --format=%(refname)%00%(upstream:short)%00%(objectname)%00%(upstream:track)%00%(upstream:remotename)%00%(upstream:remoteref) refs/heads/main refs/remotes/main [4ms]
2025-01-28 05:18:06.861 [info] > git for-each-ref --sort -committerdate --format %(refname) %(objectname) %(*objectname) [5ms]
2025-01-28 05:18:06.931 [info] > git status -z -uall [81ms]
2025-01-28 05:18:11.967 [info] > git for-each-ref --format=%(refname)%00%(upstream:short)%00%(objectname)%00%(upstream:track)%00%(upstream:remotename)%00%(upstream:remoteref) refs/heads/main refs/remotes/main [1ms]
2025-01-28 05:18:11.968 [info] > git config --get commit.template [11ms]
2025-01-28 05:18:11.990 [info] > git for-each-ref --sort -committerdate --format %(refname) %(objectname) %(*objectname) [9ms]
2025-01-28 05:18:12.046 [info] > git status -z -uall [71ms]
2025-01-28 05:18:17.074 [info] > git config --get commit.template [6ms]
2025-01-28 05:18:17.076 [info] > git for-each-ref --format=%(refname)%00%(upstream:short)%00%(objectname)%00%(upstream:track)%00%(upstream:remotename)%00%(upstream:remoteref) refs/heads/main refs/remotes/main [3ms]
2025-01-28 05:18:17.100 [info] > git for-each-ref --sort -committerdate --format %(refname) %(objectname) %(*objectname) [13ms]
2025-01-28 05:18:17.154 [info] > git status -z -uall [73ms]
2025-01-28 05:18:22.183 [info] > git config --get commit.template [7ms]
2025-01-28 05:18:22.185 [info] > git for-each-ref --format=%(refname)%00%(upstream:short)%00%(objectname)%00%(upstream:track)%00%(upstream:remotename)%00%(upstream:remoteref) refs/heads/main refs/remotes/main [3ms]
2025-01-28 05:18:22.209 [info] > git for-each-ref --sort -committerdate --format %(refname) %(objectname) %(*objectname) [13ms]
2025-01-28 05:18:22.261 [info] > git status -z -uall [71ms]
2025-01-28 05:18:27.298 [info] > git config --get commit.template [7ms]
2025-01-28 05:18:27.300 [info] > git for-each-ref --format=%(refname)%00%(upstream:short)%00%(objectname)%00%(upstream:track)%00%(upstream:remotename)%00%(upstream:remoteref) refs/heads/main refs/remotes/main [2ms]
2025-01-28 05:18:27.321 [info] > git for-each-ref --sort -committerdate --format %(refname) %(objectname) %(*objectname) [9ms]
2025-01-28 05:18:27.374 [info] > git status -z -uall [70ms]
2025-01-28 05:18:32.404 [info] > git config --get commit.template [8ms]
2025-01-28 05:18:32.405 [info] > git for-each-ref --format=%(refname)%00%(upstream:short)%00%(objectname)%00%(upstream:track)%00%(upstream:remotename)%00%(upstream:remoteref) refs/heads/main refs/remotes/main [2ms]
2025-01-28 05:18:32.430 [info] > git for-each-ref --sort -committerdate --format %(refname) %(objectname) %(*objectname) [13ms]
2025-01-28 05:18:32.480 [info] > git status -z -uall [69ms]
2025-01-28 05:18:37.511 [info] > git config --get commit.template [9ms]
2025-01-28 05:18:37.512 [info] > git for-each-ref --format=%(refname)%00%(upstream:short)%00%(objectname)%00%(upstream:track)%00%(upstream:remotename)%00%(upstream:remoteref) refs/heads/main refs/remotes/main [3ms]
2025-01-28 05:18:37.537 [info] > git for-each-ref --sort -committerdate --format %(refname) %(objectname) %(*objectname) [12ms]
2025-01-28 05:18:37.588 [info] > git status -z -uall [70ms]
2025-01-28 05:18:42.627 [info] > git config --get commit.template [9ms]
2025-01-28 05:18:42.632 [info] > git for-each-ref --format=%(refname)%00%(upstream:short)%00%(objectname)%00%(upstream:track)%00%(upstream:remotename)%00%(upstream:remoteref) refs/heads/main refs/remotes/main [6ms]
2025-01-28 05:18:42.649 [info] > git for-each-ref --sort -committerdate --format %(refname) %(objectname) %(*objectname) [4ms]
2025-01-28 05:18:42.715 [info] > git status -z -uall [77ms]
2025-01-28 05:18:47.748 [info] > git config --get commit.template [7ms]
2025-01-28 05:18:47.750 [info] > git for-each-ref --format=%(refname)%00%(upstream:short)%00%(objectname)%00%(upstream:track)%00%(upstream:remotename)%00%(upstream:remoteref) refs/heads/main refs/remotes/main [3ms]
2025-01-28 05:18:47.776 [info] > git for-each-ref --sort -committerdate --format %(refname) %(objectname) %(*objectname) [14ms]
2025-01-28 05:18:47.827 [info] > git status -z -uall [71ms]
2025-01-28 05:18:52.856 [info] > git config --get commit.template [7ms]
2025-01-28 05:18:52.857 [info] > git for-each-ref --format=%(refname)%00%(upstream:short)%00%(objectname)%00%(upstream:track)%00%(upstream:remotename)%00%(upstream:remoteref) refs/heads/main refs/remotes/main [2ms]
2025-01-28 05:18:52.884 [info] > git for-each-ref --sort -committerdate --format %(refname) %(objectname) %(*objectname) [14ms]
2025-01-28 05:18:52.935 [info] > git status -z -uall [72ms]
2025-01-28 05:18:57.964 [info] > git config --get commit.template [7ms]
2025-01-28 05:18:57.966 [info] > git for-each-ref --format=%(refname)%00%(upstream:short)%00%(objectname)%00%(upstream:track)%00%(upstream:remotename)%00%(upstream:remoteref) refs/heads/main refs/remotes/main [2ms]
2025-01-28 05:18:57.992 [info] > git for-each-ref --sort -committerdate --format %(refname) %(objectname) %(*objectname) [14ms]
2025-01-28 05:18:58.049 [info] > git status -z -uall [78ms]
2025-01-28 05:19:09.824 [info] > git config --get commit.template [32ms]
2025-01-28 05:19:09.826 [info] > git for-each-ref --format=%(refname)%00%(upstream:short)%00%(objectname)%00%(upstream:track)%00%(upstream:remotename)%00%(upstream:remoteref) refs/heads/main refs/remotes/main [2ms]
2025-01-28 05:19:09.850 [info] > git for-each-ref --sort -committerdate --format %(refname) %(objectname) %(*objectname) [11ms]
2025-01-28 05:19:09.904 [info] > git status -z -uall [73ms]
2025-01-28 05:19:14.946 [info] > git config --get commit.template [6ms]
2025-01-28 05:19:14.948 [info] > git for-each-ref --format=%(refname)%00%(upstream:short)%00%(objectname)%00%(upstream:track)%00%(upstream:remotename)%00%(upstream:remoteref) refs/heads/main refs/remotes/main [3ms]
2025-01-28 05:19:14.972 [info] > git for-each-ref --sort -committerdate --format %(refname) %(objectname) %(*objectname) [11ms]
2025-01-28 05:19:15.025 [info] > git status -z -uall [71ms]
2025-01-28 05:19:20.063 [info] > git config --get commit.template [7ms]
2025-01-28 05:19:20.065 [info] > git for-each-ref --format=%(refname)%00%(upstream:short)%00%(objectname)%00%(upstream:track)%00%(upstream:remotename)%00%(upstream:remoteref) refs/heads/main refs/remotes/main [3ms]
2025-01-28 05:19:20.090 [info] > git for-each-ref --sort -committerdate --format %(refname) %(objectname) %(*objectname) [12ms]
2025-01-28 05:19:20.143 [info] > git status -z -uall [72ms]
2025-01-28 05:19:25.178 [info] > git config --get commit.template [7ms]
2025-01-28 05:19:25.180 [info] > git for-each-ref --format=%(refname)%00%(upstream:short)%00%(objectname)%00%(upstream:track)%00%(upstream:remotename)%00%(upstream:remoteref) refs/heads/main refs/remotes/main [3ms]
2025-01-28 05:19:25.204 [info] > git for-each-ref --sort -committerdate --format %(refname) %(objectname) %(*objectname) [12ms]
2025-01-28 05:19:25.256 [info] > git status -z -uall [71ms]
2025-01-28 05:19:30.283 [info] > git config --get commit.template [2ms]
2025-01-28 05:19:30.291 [info] > git for-each-ref --format=%(refname)%00%(upstream:short)%00%(objectname)%00%(upstream:track)%00%(upstream:remotename)%00%(upstream:remoteref) refs/heads/main refs/remotes/main [2ms]
2025-01-28 05:19:30.316 [info] > git for-each-ref --sort -committerdate --format %(refname) %(objectname) %(*objectname) [12ms]
2025-01-28 05:19:30.367 [info] > git status -z -uall [70ms]
2025-01-28 05:19:35.404 [info] > git config --get commit.template [7ms]
2025-01-28 05:19:35.406 [info] > git for-each-ref --format=%(refname)%00%(upstream:short)%00%(objectname)%00%(upstream:track)%00%(upstream:remotename)%00%(upstream:remoteref) refs/heads/main refs/remotes/main [3ms]
2025-01-28 05:19:35.430 [info] > git for-each-ref --sort -committerdate --format %(refname) %(objectname) %(*objectname) [12ms]
2025-01-28 05:19:35.485 [info] > git status -z -uall [73ms]
2025-01-28 05:19:41.398 [info] > git config --get commit.template [8ms]
2025-01-28 05:19:41.400 [info] > git for-each-ref --format=%(refname)%00%(upstream:short)%00%(objectname)%00%(upstream:track)%00%(upstream:remotename)%00%(upstream:remoteref) refs/heads/main refs/remotes/main [3ms]
2025-01-28 05:19:41.425 [info] > git for-each-ref --sort -committerdate --format %(refname) %(objectname) %(*objectname) [12ms]
2025-01-28 05:19:41.475 [info] > git status -z -uall [69ms]
2025-01-28 05:19:46.506 [info] > git config --get commit.template [7ms]
2025-01-28 05:19:46.507 [info] > git for-each-ref --format=%(refname)%00%(upstream:short)%00%(objectname)%00%(upstream:track)%00%(upstream:remotename)%00%(upstream:remoteref) refs/heads/main refs/remotes/main [2ms]
2025-01-28 05:19:46.530 [info] > git for-each-ref --sort -committerdate --format %(refname) %(objectname) %(*objectname) [10ms]
2025-01-28 05:19:46.586 [info] > git status -z -uall [73ms]
2025-01-28 05:19:51.616 [info] > git config --get commit.template [7ms]
2025-01-28 05:19:51.618 [info] > git for-each-ref --format=%(refname)%00%(upstream:short)%00%(objectname)%00%(upstream:track)%00%(upstream:remotename)%00%(upstream:remoteref) refs/heads/main refs/remotes/main [3ms]
2025-01-28 05:19:51.641 [info] > git for-each-ref --sort -committerdate --format %(refname) %(objectname) %(*objectname) [9ms]
2025-01-28 05:19:51.695 [info] > git status -z -uall [71ms]
2025-01-28 05:19:56.740 [info] > git config --get commit.template [7ms]
2025-01-28 05:19:56.741 [info] > git for-each-ref --format=%(refname)%00%(upstream:short)%00%(objectname)%00%(upstream:track)%00%(upstream:remotename)%00%(upstream:remoteref) refs/heads/main refs/remotes/main [2ms]
2025-01-28 05:19:56.759 [info] > git for-each-ref --sort -committerdate --format %(refname) %(objectname) %(*objectname) [4ms]
2025-01-28 05:19:56.818 [info] > git status -z -uall [71ms]
2025-01-28 05:20:01.851 [info] > git config --get commit.template [6ms]
2025-01-28 05:20:01.852 [info] > git for-each-ref --format=%(refname)%00%(upstream:short)%00%(objectname)%00%(upstream:track)%00%(upstream:remotename)%00%(upstream:remoteref) refs/heads/main refs/remotes/main [2ms]
2025-01-28 05:20:01.877 [info] > git for-each-ref --sort -committerdate --format %(refname) %(objectname) %(*objectname) [13ms]
2025-01-28 05:20:01.928 [info] > git status -z -uall [70ms]
2025-01-28 05:20:06.960 [info] > git config --get commit.template [8ms]
2025-01-28 05:20:06.962 [info] > git for-each-ref --format=%(refname)%00%(upstream:short)%00%(objectname)%00%(upstream:track)%00%(upstream:remotename)%00%(upstream:remoteref) refs/heads/main refs/remotes/main [3ms]
2025-01-28 05:20:06.987 [info] > git for-each-ref --sort -committerdate --format %(refname) %(objectname) %(*objectname) [9ms]
2025-01-28 05:20:07.049 [info] > git status -z -uall [80ms]
2025-01-28 05:20:12.085 [info] > git config --get commit.template [7ms]
2025-01-28 05:20:12.087 [info] > git for-each-ref --format=%(refname)%00%(upstream:short)%00%(objectname)%00%(upstream:track)%00%(upstream:remotename)%00%(upstream:remoteref) refs/heads/main refs/remotes/main [2ms]
2025-01-28 05:20:12.112 [info] > git for-each-ref --sort -committerdate --format %(refname) %(objectname) %(*objectname) [12ms]
2025-01-28 05:20:12.166 [info] > git status -z -uall [74ms]
2025-01-28 05:20:17.202 [info] > git config --get commit.template [7ms]
2025-01-28 05:20:17.203 [info] > git for-each-ref --format=%(refname)%00%(upstream:short)%00%(objectname)%00%(upstream:track)%00%(upstream:remotename)%00%(upstream:remoteref) refs/heads/main refs/remotes/main [2ms]
2025-01-28 05:20:17.227 [info] > git for-each-ref --sort -committerdate --format %(refname) %(objectname) %(*objectname) [12ms]
2025-01-28 05:20:17.282 [info] > git status -z -uall [74ms]
2025-01-28 05:20:22.308 [info] > git config --get commit.template [3ms]
2025-01-28 05:20:22.316 [info] > git for-each-ref --format=%(refname)%00%(upstream:short)%00%(objectname)%00%(upstream:track)%00%(upstream:remotename)%00%(upstream:remoteref) refs/heads/main refs/remotes/main [2ms]
2025-01-28 05:20:22.341 [info] > git for-each-ref --sort -committerdate --format %(refname) %(objectname) %(*objectname) [12ms]
2025-01-28 05:20:22.390 [info] > git status -z -uall [69ms]
2025-01-28 05:20:27.424 [info] > git config --get commit.template [6ms]
2025-01-28 05:20:27.426 [info] > git for-each-ref --format=%(refname)%00%(upstream:short)%00%(objectname)%00%(upstream:track)%00%(upstream:remotename)%00%(upstream:remoteref) refs/heads/main refs/remotes/main [2ms]
2025-01-28 05:20:27.450 [info] > git for-each-ref --sort -committerdate --format %(refname) %(objectname) %(*objectname) [12ms]
2025-01-28 05:20:27.501 [info] > git status -z -uall [70ms]
2025-01-28 05:20:32.533 [info] > git config --get commit.template [7ms]
2025-01-28 05:20:32.535 [info] > git for-each-ref --format=%(refname)%00%(upstream:short)%00%(objectname)%00%(upstream:track)%00%(upstream:remotename)%00%(upstream:remoteref) refs/heads/main refs/remotes/main [2ms]
2025-01-28 05:20:32.560 [info] > git for-each-ref --sort -committerdate --format %(refname) %(objectname) %(*objectname) [12ms]
2025-01-28 05:20:32.611 [info] > git status -z -uall [70ms]
2025-01-28 05:20:37.644 [info] > git config --get commit.template [7ms]
2025-01-28 05:20:37.646 [info] > git for-each-ref --format=%(refname)%00%(upstream:short)%00%(objectname)%00%(upstream:track)%00%(upstream:remotename)%00%(upstream:remoteref) refs/heads/main refs/remotes/main [2ms]
2025-01-28 05:20:37.670 [info] > git for-each-ref --sort -committerdate --format %(refname) %(objectname) %(*objectname) [12ms]
2025-01-28 05:20:37.721 [info] > git status -z -uall [70ms]
2025-01-28 05:20:42.752 [info] > git config --get commit.template [8ms]
2025-01-28 05:20:42.754 [info] > git for-each-ref --format=%(refname)%00%(upstream:short)%00%(objectname)%00%(upstream:track)%00%(upstream:remotename)%00%(upstream:remoteref) refs/heads/main refs/remotes/main [3ms]
2025-01-28 05:20:42.782 [info] > git for-each-ref --sort -committerdate --format %(refname) %(objectname) %(*objectname) [15ms]
2025-01-28 05:20:42.833 [info] > git status -z -uall [72ms]
2025-01-28 05:20:47.861 [info] > git config --get commit.template [6ms]
2025-01-28 05:20:47.863 [info] > git for-each-ref --format=%(refname)%00%(upstream:short)%00%(objectname)%00%(upstream:track)%00%(upstream:remotename)%00%(upstream:remoteref) refs/heads/main refs/remotes/main [3ms]
2025-01-28 05:20:47.888 [info] > git for-each-ref --sort -committerdate --format %(refname) %(objectname) %(*objectname) [13ms]
2025-01-28 05:20:47.943 [info] > git status -z -uall [74ms]
2025-01-28 05:20:52.976 [info] > git config --get commit.template [7ms]
2025-01-28 05:20:52.978 [info] > git for-each-ref --format=%(refname)%00%(upstream:short)%00%(objectname)%00%(upstream:track)%00%(upstream:remotename)%00%(upstream:remoteref) refs/heads/main refs/remotes/main [3ms]
2025-01-28 05:20:53.000 [info] > git for-each-ref --sort -committerdate --format %(refname) %(objectname) %(*objectname) [9ms]
2025-01-28 05:20:53.055 [info] > git status -z -uall [72ms]
2025-01-28 05:20:58.085 [info] > git config --get commit.template [8ms]
2025-01-28 05:20:58.087 [info] > git for-each-ref --format=%(refname)%00%(upstream:short)%00%(objectname)%00%(upstream:track)%00%(upstream:remotename)%00%(upstream:remoteref) refs/heads/main refs/remotes/main [2ms]
2025-01-28 05:20:58.117 [info] > git for-each-ref --sort -committerdate --format %(refname) %(objectname) %(*objectname) [15ms]
2025-01-28 05:20:58.169 [info] > git status -z -uall [75ms]
2025-01-28 05:21:03.209 [info] > git config --get commit.template [8ms]
2025-01-28 05:21:03.212 [info] > git for-each-ref --format=%(refname)%00%(upstream:short)%00%(objectname)%00%(upstream:track)%00%(upstream:remotename)%00%(upstream:remoteref) refs/heads/main refs/remotes/main [3ms]
2025-01-28 05:21:03.237 [info] > git for-each-ref --sort -committerdate --format %(refname) %(objectname) %(*objectname) [13ms]
2025-01-28 05:21:03.290 [info] > git status -z -uall [73ms]
2025-01-28 05:21:08.336 [info] > git for-each-ref --format=%(refname)%00%(upstream:short)%00%(objectname)%00%(upstream:track)%00%(upstream:remotename)%00%(upstream:remoteref) refs/heads/main refs/remotes/main [1ms]
2025-01-28 05:21:08.337 [info] > git config --get commit.template [14ms]
2025-01-28 05:21:08.356 [info] > git for-each-ref --sort -committerdate --format %(refname) %(objectname) %(*objectname) [4ms]
2025-01-28 05:21:08.415 [info] > git status -z -uall [71ms]
2025-01-28 05:21:13.445 [info] > git config --get commit.template [2ms]
2025-01-28 05:21:13.455 [info] > git for-each-ref --format=%(refname)%00%(upstream:short)%00%(objectname)%00%(upstream:track)%00%(upstream:remotename)%00%(upstream:remoteref) refs/heads/main refs/remotes/main [4ms]
2025-01-28 05:21:13.485 [info] > git for-each-ref --sort -committerdate --format %(refname) %(objectname) %(*objectname) [15ms]
2025-01-28 05:21:13.535 [info] > git status -z -uall [73ms]
2025-01-28 05:21:25.490 [info] > git config --get commit.template [8ms]
2025-01-28 05:21:25.491 [info] > git for-each-ref --format=%(refname)%00%(upstream:short)%00%(objectname)%00%(upstream:track)%00%(upstream:remotename)%00%(upstream:remoteref) refs/heads/main refs/remotes/main [2ms]
2025-01-28 05:21:25.516 [info] > git for-each-ref --sort -committerdate --format %(refname) %(objectname) %(*objectname) [12ms]
2025-01-28 05:21:25.567 [info] > git status -z -uall [70ms]
2025-01-28 05:21:30.607 [info] > git config --get commit.template [7ms]
2025-01-28 05:21:30.609 [info] > git for-each-ref --format=%(refname)%00%(upstream:short)%00%(objectname)%00%(upstream:track)%00%(upstream:remotename)%00%(upstream:remoteref) refs/heads/main refs/remotes/main [2ms]
2025-01-28 05:21:30.634 [info] > git for-each-ref --sort -committerdate --format %(refname) %(objectname) %(*objectname) [12ms]
2025-01-28 05:21:30.685 [info] > git status -z -uall [71ms]
2025-01-28 05:21:35.718 [info] > git config --get commit.template [8ms]
2025-01-28 05:21:35.720 [info] > git for-each-ref --format=%(refname)%00%(upstream:short)%00%(objectname)%00%(upstream:track)%00%(upstream:remotename)%00%(upstream:remoteref) refs/heads/main refs/remotes/main [3ms]
2025-01-28 05:21:35.744 [info] > git for-each-ref --sort -committerdate --format %(refname) %(objectname) %(*objectname) [12ms]
2025-01-28 05:21:35.797 [info] > git status -z -uall [72ms]
2025-01-28 05:21:40.826 [info] > git config --get commit.template [7ms]
2025-01-28 05:21:40.828 [info] > git for-each-ref --format=%(refname)%00%(upstream:short)%00%(objectname)%00%(upstream:track)%00%(upstream:remotename)%00%(upstream:remoteref) refs/heads/main refs/remotes/main [3ms]
2025-01-28 05:21:40.853 [info] > git for-each-ref --sort -committerdate --format %(refname) %(objectname) %(*objectname) [11ms]
2025-01-28 05:21:40.906 [info] > git status -z -uall [73ms]
2025-01-28 05:21:45.936 [info] > git config --get commit.template [7ms]
2025-01-28 05:21:45.938 [info] > git for-each-ref --format=%(refname)%00%(upstream:short)%00%(objectname)%00%(upstream:track)%00%(upstream:remotename)%00%(upstream:remoteref) refs/heads/main refs/remotes/main [2ms]
2025-01-28 05:21:45.963 [info] > git for-each-ref --sort -committerdate --format %(refname) %(objectname) %(*objectname) [12ms]
2025-01-28 05:21:46.014 [info] > git status -z -uall [71ms]
2025-01-28 05:21:51.051 [info] > git config --get commit.template [6ms]
2025-01-28 05:21:51.053 [info] > git for-each-ref --format=%(refname)%00%(upstream:short)%00%(objectname)%00%(upstream:track)%00%(upstream:remotename)%00%(upstream:remoteref) refs/heads/main refs/remotes/main [2ms]
2025-01-28 05:21:51.078 [info] > git for-each-ref --sort -committerdate --format %(refname) %(objectname) %(*objectname) [13ms]
2025-01-28 05:21:51.130 [info] > git status -z -uall [72ms]
2025-01-28 05:21:56.163 [info] > git config --get commit.template [6ms]
2025-01-28 05:21:56.165 [info] > git for-each-ref --format=%(refname)%00%(upstream:short)%00%(objectname)%00%(upstream:track)%00%(upstream:remotename)%00%(upstream:remoteref) refs/heads/main refs/remotes/main [3ms]
2025-01-28 05:21:56.190 [info] > git for-each-ref --sort -committerdate --format %(refname) %(objectname) %(*objectname) [12ms]
2025-01-28 05:21:56.240 [info] > git status -z -uall [70ms]
2025-01-28 05:22:01.265 [info] > git config --get commit.template [4ms]
2025-01-28 05:22:01.273 [info] > git for-each-ref --format=%(refname)%00%(upstream:short)%00%(objectname)%00%(upstream:track)%00%(upstream:remotename)%00%(upstream:remoteref) refs/heads/main refs/remotes/main [2ms]
2025-01-28 05:22:01.297 [info] > git for-each-ref --sort -committerdate --format %(refname) %(objectname) %(*objectname) [12ms]
2025-01-28 05:22:01.347 [info] > git status -z -uall [69ms]
2025-01-28 05:22:06.378 [info] > git for-each-ref --format=%(refname)%00%(upstream:short)%00%(objectname)%00%(upstream:track)%00%(upstream:remotename)%00%(upstream:remoteref) refs/heads/main refs/remotes/main [4ms]
2025-01-28 05:22:06.379 [info] > git config --get commit.template [10ms]
2025-01-28 05:22:06.407 [info] > git for-each-ref --sort -committerdate --format %(refname) %(objectname) %(*objectname) [15ms]
2025-01-28 05:22:06.465 [info] > git status -z -uall [80ms]
2025-01-28 05:22:11.498 [info] > git config --get commit.template [7ms]
2025-01-28 05:22:11.499 [info] > git for-each-ref --format=%(refname)%00%(upstream:short)%00%(objectname)%00%(upstream:track)%00%(upstream:remotename)%00%(upstream:remoteref) refs/heads/main refs/remotes/main [2ms]
2025-01-28 05:22:11.527 [info] > git for-each-ref --sort -committerdate --format %(refname) %(objectname) %(*objectname) [12ms]
2025-01-28 05:22:11.580 [info] > git status -z -uall [72ms]
2025-01-28 05:22:16.607 [info] > git config --get commit.template [4ms]
2025-01-28 05:22:16.614 [info] > git for-each-ref --format=%(refname)%00%(upstream:short)%00%(objectname)%00%(upstream:track)%00%(upstream:remotename)%00%(upstream:remoteref) refs/heads/main refs/remotes/main [2ms]
2025-01-28 05:22:16.638 [info] > git for-each-ref --sort -committerdate --format %(refname) %(objectname) %(*objectname) [11ms]
2025-01-28 05:22:16.690 [info] > git status -z -uall [70ms]
2025-01-28 05:22:21.720 [info] > git config --get commit.template [7ms]
2025-01-28 05:22:21.721 [info] > git for-each-ref --format=%(refname)%00%(upstream:short)%00%(objectname)%00%(upstream:track)%00%(upstream:remotename)%00%(upstream:remoteref) refs/heads/main refs/remotes/main [2ms]
2025-01-28 05:22:21.749 [info] > git for-each-ref --sort -committerdate --format %(refname) %(objectname) %(*objectname) [15ms]
2025-01-28 05:22:21.801 [info] > git status -z -uall [74ms]
2025-01-28 05:22:26.831 [info] > git config --get commit.template [7ms]
2025-01-28 05:22:26.832 [info] > git for-each-ref --format=%(refname)%00%(upstream:short)%00%(objectname)%00%(upstream:track)%00%(upstream:remotename)%00%(upstream:remoteref) refs/heads/main refs/remotes/main [3ms]
2025-01-28 05:22:26.856 [info] > git for-each-ref --sort -committerdate --format %(refname) %(objectname) %(*objectname) [10ms]
2025-01-28 05:22:26.909 [info] > git status -z -uall [71ms]
2025-01-28 05:22:31.944 [info] > git config --get commit.template [7ms]
2025-01-28 05:22:31.946 [info] > git for-each-ref --format=%(refname)%00%(upstream:short)%00%(objectname)%00%(upstream:track)%00%(upstream:remotename)%00%(upstream:remoteref) refs/heads/main refs/remotes/main [3ms]
2025-01-28 05:22:31.971 [info] > git for-each-ref --sort -committerdate --format %(refname) %(objectname) %(*objectname) [12ms]
2025-01-28 05:22:32.023 [info] > git status -z -uall [72ms]
2025-01-28 05:22:37.047 [info] > git config --get commit.template [3ms]
2025-01-28 05:22:37.056 [info] > git for-each-ref --format=%(refname)%00%(upstream:short)%00%(objectname)%00%(upstream:track)%00%(upstream:remotename)%00%(upstream:remoteref) refs/heads/main refs/remotes/main [4ms]
2025-01-28 05:22:37.081 [info] > git for-each-ref --sort -committerdate --format %(refname) %(objectname) %(*objectname) [10ms]
2025-01-28 05:22:37.134 [info] > git status -z -uall [72ms]
2025-01-28 05:22:42.161 [info] > git config --get commit.template [6ms]
2025-01-28 05:22:42.163 [info] > git for-each-ref --format=%(refname)%00%(upstream:short)%00%(objectname)%00%(upstream:track)%00%(upstream:remotename)%00%(upstream:remoteref) refs/heads/main refs/remotes/main [2ms]
2025-01-28 05:22:42.190 [info] > git for-each-ref --sort -committerdate --format %(refname) %(objectname) %(*objectname) [13ms]
2025-01-28 05:22:42.243 [info] > git status -z -uall [72ms]
2025-01-28 05:22:47.278 [info] > git config --get commit.template [3ms]
2025-01-28 05:22:47.285 [info] > git for-each-ref --format=%(refname)%00%(upstream:short)%00%(objectname)%00%(upstream:track)%00%(upstream:remotename)%00%(upstream:remoteref) refs/heads/main refs/remotes/main [2ms]
2025-01-28 05:22:47.308 [info] > git for-each-ref --sort -committerdate --format %(refname) %(objectname) %(*objectname) [11ms]
2025-01-28 05:22:47.364 [info] > git status -z -uall [73ms]
2025-01-28 05:22:52.392 [info] > git config --get commit.template [4ms]
2025-01-28 05:22:52.400 [info] > git for-each-ref --format=%(refname)%00%(upstream:short)%00%(objectname)%00%(upstream:track)%00%(upstream:remotename)%00%(upstream:remoteref) refs/heads/main refs/remotes/main [3ms]
2025-01-28 05:22:52.421 [info] > git for-each-ref --sort -committerdate --format %(refname) %(objectname) %(*objectname) [10ms]
2025-01-28 05:22:52.477 [info] > git status -z -uall [72ms]
2025-01-28 05:22:57.510 [info] > git config --get commit.template [6ms]
2025-01-28 05:22:57.512 [info] > git for-each-ref --format=%(refname)%00%(upstream:short)%00%(objectname)%00%(upstream:track)%00%(upstream:remotename)%00%(upstream:remoteref) refs/heads/main refs/remotes/main [3ms]
2025-01-28 05:22:57.533 [info] > git for-each-ref --sort -committerdate --format %(refname) %(objectname) %(*objectname) [11ms]
2025-01-28 05:22:57.589 [info] > git status -z -uall [72ms]
2025-01-28 05:23:02.617 [info] > git config --get commit.template [5ms]
2025-01-28 05:23:02.618 [info] > git for-each-ref --format=%(refname)%00%(upstream:short)%00%(objectname)%00%(upstream:track)%00%(upstream:remotename)%00%(upstream:remoteref) refs/heads/main refs/remotes/main [2ms]
2025-01-28 05:23:02.637 [info] > git for-each-ref --sort -committerdate --format %(refname) %(objectname) %(*objectname) [8ms]
2025-01-28 05:23:02.695 [info] > git status -z -uall [73ms]
2025-01-28 05:23:07.722 [info] > git config --get commit.template [6ms]
2025-01-28 05:23:07.724 [info] > git for-each-ref --format=%(refname)%00%(upstream:short)%00%(objectname)%00%(upstream:track)%00%(upstream:remotename)%00%(upstream:remoteref) refs/heads/main refs/remotes/main [3ms]
2025-01-28 05:23:07.749 [info] > git for-each-ref --sort -committerdate --format %(refname) %(objectname) %(*objectname) [15ms]
2025-01-28 05:23:07.805 [info] > git status -z -uall [77ms]
2025-01-28 05:23:12.841 [info] > git config --get commit.template [9ms]
2025-01-28 05:23:12.842 [info] > git for-each-ref --format=%(refname)%00%(upstream:short)%00%(objectname)%00%(upstream:track)%00%(upstream:remotename)%00%(upstream:remoteref) refs/heads/main refs/remotes/main [5ms]
2025-01-28 05:23:12.857 [info] > git for-each-ref --sort -committerdate --format %(refname) %(objectname) %(*objectname) [5ms]
2025-01-28 05:23:12.919 [info] > git status -z -uall [72ms]
2025-01-28 05:23:17.946 [info] > git config --get commit.template [6ms]
2025-01-28 05:23:17.948 [info] > git for-each-ref --format=%(refname)%00%(upstream:short)%00%(objectname)%00%(upstream:track)%00%(upstream:remotename)%00%(upstream:remoteref) refs/heads/main refs/remotes/main [3ms]
2025-01-28 05:23:17.969 [info] > git for-each-ref --sort -committerdate --format %(refname) %(objectname) %(*objectname) [12ms]
2025-01-28 05:23:18.022 [info] > git status -z -uall [70ms]
2025-01-28 05:23:28.048 [info] > git config --get commit.template [8ms]
2025-01-28 05:23:28.051 [info] > git for-each-ref --format=%(refname)%00%(upstream:short)%00%(objectname)%00%(upstream:track)%00%(upstream:remotename)%00%(upstream:remoteref) refs/heads/main refs/remotes/main [4ms]
2025-01-28 05:23:28.071 [info] > git for-each-ref --sort -committerdate --format %(refname) %(objectname) %(*objectname) [9ms]
2025-01-28 05:23:28.127 [info] > git status -z -uall [71ms]
2025-01-28 05:23:33.175 [info] > git config --get commit.template [5ms]
2025-01-28 05:23:33.177 [info] > git for-each-ref --format=%(refname)%00%(upstream:short)%00%(objectname)%00%(upstream:track)%00%(upstream:remotename)%00%(upstream:remoteref) refs/heads/main refs/remotes/main [2ms]
2025-01-28 05:23:33.198 [info] > git for-each-ref --sort -committerdate --format %(refname) %(objectname) %(*objectname) [11ms]
2025-01-28 05:23:33.250 [info] > git status -z -uall [69ms]
2025-01-28 05:23:38.297 [info] > git config --get commit.template [7ms]
2025-01-28 05:23:38.302 [info] > git for-each-ref --format=%(refname)%00%(upstream:short)%00%(objectname)%00%(upstream:track)%00%(upstream:remotename)%00%(upstream:remoteref) refs/heads/main refs/remotes/main [6ms]
2025-01-28 05:23:38.323 [info] > git for-each-ref --sort -committerdate --format %(refname) %(objectname) %(*objectname) [6ms]
2025-01-28 05:23:38.398 [info] > git status -z -uall [90ms]
2025-01-28 05:23:43.430 [info] > git config --get commit.template [5ms]
2025-01-28 05:23:43.432 [info] > git for-each-ref --format=%(refname)%00%(upstream:short)%00%(objectname)%00%(upstream:track)%00%(upstream:remotename)%00%(upstream:remoteref) refs/heads/main refs/remotes/main [4ms]
2025-01-28 05:23:43.453 [info] > git for-each-ref --sort -committerdate --format %(refname) %(objectname) %(*objectname) [11ms]
2025-01-28 05:23:43.505 [info] > git status -z -uall [69ms]
2025-01-28 05:23:48.538 [info] > git config --get commit.template [7ms]
2025-01-28 05:23:48.541 [info] > git for-each-ref --format=%(refname)%00%(upstream:short)%00%(objectname)%00%(upstream:track)%00%(upstream:remotename)%00%(upstream:remoteref) refs/heads/main refs/remotes/main [4ms]
2025-01-28 05:23:48.563 [info] > git for-each-ref --sort -committerdate --format %(refname) %(objectname) %(*objectname) [12ms]
2025-01-28 05:23:48.614 [info] > git status -z -uall [69ms]
2025-01-28 05:23:53.646 [info] > git config --get commit.template [6ms]
2025-01-28 05:23:53.647 [info] > git for-each-ref --format=%(refname)%00%(upstream:short)%00%(objectname)%00%(upstream:track)%00%(upstream:remotename)%00%(upstream:remoteref) refs/heads/main refs/remotes/main [2ms]
2025-01-28 05:23:53.669 [info] > git for-each-ref --sort -committerdate --format %(refname) %(objectname) %(*objectname) [12ms]
2025-01-28 05:23:53.721 [info] > git status -z -uall [69ms]
2025-01-28 05:23:58.750 [info] > git config --get commit.template [6ms]
2025-01-28 05:23:58.752 [info] > git for-each-ref --format=%(refname)%00%(upstream:short)%00%(objectname)%00%(upstream:track)%00%(upstream:remotename)%00%(upstream:remoteref) refs/heads/main refs/remotes/main [2ms]
2025-01-28 05:23:58.771 [info] > git for-each-ref --sort -committerdate --format %(refname) %(objectname) %(*objectname) [10ms]
2025-01-28 05:23:58.826 [info] > git status -z -uall [70ms]
2025-01-28 05:24:03.856 [info] > git config --get commit.template [5ms]
2025-01-28 05:24:03.857 [info] > git for-each-ref --format=%(refname)%00%(upstream:short)%00%(objectname)%00%(upstream:track)%00%(upstream:remotename)%00%(upstream:remoteref) refs/heads/main refs/remotes/main [2ms]
2025-01-28 05:24:03.877 [info] > git for-each-ref --sort -committerdate --format %(refname) %(objectname) %(*objectname) [11ms]
2025-01-28 05:24:03.931 [info] > git status -z -uall [70ms]
2025-01-28 05:24:08.957 [info] > git config --get commit.template [5ms]
2025-01-28 05:24:08.958 [info] > git for-each-ref --format=%(refname)%00%(upstream:short)%00%(objectname)%00%(upstream:track)%00%(upstream:remotename)%00%(upstream:remoteref) refs/heads/main refs/remotes/main [2ms]
2025-01-28 05:24:08.978 [info] > git for-each-ref --sort -committerdate --format %(refname) %(objectname) %(*objectname) [11ms]
2025-01-28 05:24:09.033 [info] > git status -z -uall [71ms]
2025-01-28 05:24:14.065 [info] > git config --get commit.template [6ms]
2025-01-28 05:24:14.067 [info] > git for-each-ref --format=%(refname)%00%(upstream:short)%00%(objectname)%00%(upstream:track)%00%(upstream:remotename)%00%(upstream:remoteref) refs/heads/main refs/remotes/main [3ms]
2025-01-28 05:24:14.087 [info] > git for-each-ref --sort -committerdate --format %(refname) %(objectname) %(*objectname) [10ms]
2025-01-28 05:24:14.143 [info] > git status -z -uall [72ms]
2025-01-28 05:24:19.169 [info] > git config --get commit.template [5ms]
2025-01-28 05:24:19.171 [info] > git for-each-ref --format=%(refname)%00%(upstream:short)%00%(objectname)%00%(upstream:track)%00%(upstream:remotename)%00%(upstream:remoteref) refs/heads/main refs/remotes/main [2ms]
2025-01-28 05:24:19.190 [info] > git for-each-ref --sort -committerdate --format %(refname) %(objectname) %(*objectname) [10ms]
2025-01-28 05:24:19.248 [info] > git status -z -uall [73ms]
2025-01-28 05:24:24.275 [info] > git config --get commit.template [6ms]
2025-01-28 05:24:24.277 [info] > git for-each-ref --format=%(refname)%00%(upstream:short)%00%(objectname)%00%(upstream:track)%00%(upstream:remotename)%00%(upstream:remoteref) refs/heads/main refs/remotes/main [2ms]
2025-01-28 05:24:24.295 [info] > git for-each-ref --sort -committerdate --format %(refname) %(objectname) %(*objectname) [9ms]
2025-01-28 05:24:24.350 [info] > git status -z -uall [69ms]
2025-01-28 05:24:29.376 [info] > git config --get commit.template [6ms]
2025-01-28 05:24:29.377 [info] > git for-each-ref --format=%(refname)%00%(upstream:short)%00%(objectname)%00%(upstream:track)%00%(upstream:remotename)%00%(upstream:remoteref) refs/heads/main refs/remotes/main [2ms]
2025-01-28 05:24:29.392 [info] > git for-each-ref --sort -committerdate --format %(refname) %(objectname) %(*objectname) [5ms]
2025-01-28 05:24:29.451 [info] > git status -z -uall [69ms]
2025-01-28 05:24:34.479 [info] > git config --get commit.template [6ms]
2025-01-28 05:24:34.481 [info] > git for-each-ref --format=%(refname)%00%(upstream:short)%00%(objectname)%00%(upstream:track)%00%(upstream:remotename)%00%(upstream:remoteref) refs/heads/main refs/remotes/main [2ms]
2025-01-28 05:24:34.506 [info] > git for-each-ref --sort -committerdate --format %(refname) %(objectname) %(*objectname) [3ms]
2025-01-28 05:24:34.555 [info] > git status -z -uall [70ms]
2025-01-28 05:24:39.582 [info] > git config --get commit.template [5ms]
2025-01-28 05:24:39.584 [info] > git for-each-ref --format=%(refname)%00%(upstream:short)%00%(objectname)%00%(upstream:track)%00%(upstream:remotename)%00%(upstream:remoteref) refs/heads/main refs/remotes/main [3ms]
2025-01-28 05:24:39.604 [info] > git for-each-ref --sort -committerdate --format %(refname) %(objectname) %(*objectname) [10ms]
2025-01-28 05:24:39.658 [info] > git status -z -uall [70ms]
2025-01-28 05:24:44.685 [info] > git config --get commit.template [6ms]
2025-01-28 05:24:44.687 [info] > git for-each-ref --format=%(refname)%00%(upstream:short)%00%(objectname)%00%(upstream:track)%00%(upstream:remotename)%00%(upstream:remoteref) refs/heads/main refs/remotes/main [3ms]
2025-01-28 05:24:44.702 [info] > git for-each-ref --sort -committerdate --format %(refname) %(objectname) %(*objectname) [3ms]
2025-01-28 05:24:44.764 [info] > git status -z -uall [72ms]
2025-01-28 05:24:49.790 [info] > git config --get commit.template [2ms]
2025-01-28 05:24:49.797 [info] > git for-each-ref --format=%(refname)%00%(upstream:short)%00%(objectname)%00%(upstream:track)%00%(upstream:remotename)%00%(upstream:remoteref) refs/heads/main refs/remotes/main [2ms]
2025-01-28 05:24:49.818 [info] > git for-each-ref --sort -committerdate --format %(refname) %(objectname) %(*objectname) [11ms]
2025-01-28 05:24:49.871 [info] > git status -z -uall [70ms]
2025-01-28 05:24:54.898 [info] > git config --get commit.template [5ms]
2025-01-28 05:24:54.899 [info] > git for-each-ref --format=%(refname)%00%(upstream:short)%00%(objectname)%00%(upstream:track)%00%(upstream:remotename)%00%(upstream:remoteref) refs/heads/main refs/remotes/main [2ms]
2025-01-28 05:24:54.922 [info] > git for-each-ref --sort -committerdate --format %(refname) %(objectname) %(*objectname) [13ms]
2025-01-28 05:24:54.975 [info] > git status -z -uall [71ms]
2025-01-28 05:25:00.003 [info] > git config --get commit.template [6ms]
2025-01-28 05:25:00.005 [info] > git for-each-ref --format=%(refname)%00%(upstream:short)%00%(objectname)%00%(upstream:track)%00%(upstream:remotename)%00%(upstream:remoteref) refs/heads/main refs/remotes/main [3ms]
2025-01-28 05:25:00.027 [info] > git for-each-ref --sort -committerdate --format %(refname) %(objectname) %(*objectname) [12ms]
2025-01-28 05:25:00.080 [info] > git status -z -uall [71ms]
2025-01-28 05:25:05.106 [info] > git config --get commit.template [5ms]
2025-01-28 05:25:05.108 [info] > git for-each-ref --format=%(refname)%00%(upstream:short)%00%(objectname)%00%(upstream:track)%00%(upstream:remotename)%00%(upstream:remoteref) refs/heads/main refs/remotes/main [3ms]
2025-01-28 05:25:05.127 [info] > git for-each-ref --sort -committerdate --format %(refname) %(objectname) %(*objectname) [10ms]
2025-01-28 05:25:05.182 [info] > git status -z -uall [70ms]
2025-01-28 05:25:10.212 [info] > git config --get commit.template [6ms]
2025-01-28 05:25:10.213 [info] > git for-each-ref --format=%(refname)%00%(upstream:short)%00%(objectname)%00%(upstream:track)%00%(upstream:remotename)%00%(upstream:remoteref) refs/heads/main refs/remotes/main [2ms]
2025-01-28 05:25:10.236 [info] > git for-each-ref --sort -committerdate --format %(refname) %(objectname) %(*objectname) [13ms]
2025-01-28 05:25:10.287 [info] > git status -z -uall [69ms]
2025-01-28 05:25:15.314 [info] > git config --get commit.template [6ms]
2025-01-28 05:25:15.316 [info] > git for-each-ref --format=%(refname)%00%(upstream:short)%00%(objectname)%00%(upstream:track)%00%(upstream:remotename)%00%(upstream:remoteref) refs/heads/main refs/remotes/main [3ms]
2025-01-28 05:25:15.341 [info] > git for-each-ref --sort -committerdate --format %(refname) %(objectname) %(*objectname) [15ms]
2025-01-28 05:25:15.394 [info] > git status -z -uall [74ms]
2025-01-28 05:25:20.420 [info] > git config --get commit.template [6ms]
2025-01-28 05:25:20.422 [info] > git for-each-ref --format=%(refname)%00%(upstream:short)%00%(objectname)%00%(upstream:track)%00%(upstream:remotename)%00%(upstream:remoteref) refs/heads/main refs/remotes/main [3ms]
2025-01-28 05:25:20.445 [info] > git for-each-ref --sort -committerdate --format %(refname) %(objectname) %(*objectname) [12ms]
2025-01-28 05:25:20.500 [info] > git status -z -uall [73ms]
2025-01-28 05:25:25.528 [info] > git config --get commit.template [5ms]
2025-01-28 05:25:25.529 [info] > git for-each-ref --format=%(refname)%00%(upstream:short)%00%(objectname)%00%(upstream:track)%00%(upstream:remotename)%00%(upstream:remoteref) refs/heads/main refs/remotes/main [2ms]
2025-01-28 05:25:25.550 [info] > git for-each-ref --sort -committerdate --format %(refname) %(objectname) %(*objectname) [10ms]
2025-01-28 05:25:25.604 [info] > git status -z -uall [70ms]
2025-01-28 05:25:30.645 [info] > git config --get commit.template [2ms]
2025-01-28 05:25:30.652 [info] > git for-each-ref --format=%(refname)%00%(upstream:short)%00%(objectname)%00%(upstream:track)%00%(upstream:remotename)%00%(upstream:remoteref) refs/heads/main refs/remotes/main [2ms]
2025-01-28 05:25:30.669 [info] > git for-each-ref --sort -committerdate --format %(refname) %(objectname) %(*objectname) [7ms]
2025-01-28 05:25:30.731 [info] > git status -z -uall [74ms]
2025-01-28 05:25:43.301 [info] > git config --get commit.template [7ms]
2025-01-28 05:25:43.303 [info] > git for-each-ref --format=%(refname)%00%(upstream:short)%00%(objectname)%00%(upstream:track)%00%(upstream:remotename)%00%(upstream:remoteref) refs/heads/main refs/remotes/main [3ms]
2025-01-28 05:25:43.323 [info] > git for-each-ref --sort -committerdate --format %(refname) %(objectname) %(*objectname) [10ms]
2025-01-28 05:25:43.376 [info] > git status -z -uall [69ms]
2025-01-28 05:25:48.405 [info] > git config --get commit.template [8ms]
2025-01-28 05:25:48.409 [info] > git for-each-ref --format=%(refname)%00%(upstream:short)%00%(objectname)%00%(upstream:track)%00%(upstream:remotename)%00%(upstream:remoteref) refs/heads/main refs/remotes/main [5ms]
2025-01-28 05:25:48.423 [info] > git for-each-ref --sort -committerdate --format %(refname) %(objectname) %(*objectname) [3ms]
2025-01-28 05:25:48.489 [info] > git status -z -uall [74ms]
2025-01-28 05:25:53.516 [info] > git config --get commit.template [7ms]
2025-01-28 05:25:53.517 [info] > git for-each-ref --format=%(refname)%00%(upstream:short)%00%(objectname)%00%(upstream:track)%00%(upstream:remotename)%00%(upstream:remoteref) refs/heads/main refs/remotes/main [2ms]
2025-01-28 05:25:53.537 [info] > git for-each-ref --sort -committerdate --format %(refname) %(objectname) %(*objectname) [9ms]
2025-01-28 05:25:53.592 [info] > git status -z -uall [69ms]
2025-01-28 05:25:58.618 [info] > git config --get commit.template [6ms]
2025-01-28 05:25:58.620 [info] > git for-each-ref --format=%(refname)%00%(upstream:short)%00%(objectname)%00%(upstream:track)%00%(upstream:remotename)%00%(upstream:remoteref) refs/heads/main refs/remotes/main [3ms]
2025-01-28 05:25:58.639 [info] > git for-each-ref --sort -committerdate --format %(refname) %(objectname) %(*objectname) [10ms]
2025-01-28 05:25:58.693 [info] > git status -z -uall [69ms]
2025-01-28 05:26:03.723 [info] > git config --get commit.template [9ms]
2025-01-28 05:26:03.724 [info] > git for-each-ref --format=%(refname)%00%(upstream:short)%00%(objectname)%00%(upstream:track)%00%(upstream:remotename)%00%(upstream:remoteref) refs/heads/main refs/remotes/main [3ms]
2025-01-28 05:26:03.749 [info] > git for-each-ref --sort -committerdate --format %(refname) %(objectname) %(*objectname) [13ms]
2025-01-28 05:26:03.798 [info] > git status -z -uall [69ms]
2025-01-28 05:26:08.824 [info] > git config --get commit.template [6ms]
2025-01-28 05:26:08.826 [info] > git for-each-ref --format=%(refname)%00%(upstream:short)%00%(objectname)%00%(upstream:track)%00%(upstream:remotename)%00%(upstream:remoteref) refs/heads/main refs/remotes/main [2ms]
2025-01-28 05:26:08.848 [info] > git for-each-ref --sort -committerdate --format %(refname) %(objectname) %(*objectname) [11ms]
2025-01-28 05:26:08.903 [info] > git status -z -uall [73ms]
2025-01-28 05:26:13.932 [info] > git config --get commit.template [8ms]
2025-01-28 05:26:13.936 [info] > git for-each-ref --format=%(refname)%00%(upstream:short)%00%(objectname)%00%(upstream:track)%00%(upstream:remotename)%00%(upstream:remoteref) refs/heads/main refs/remotes/main [4ms]
2025-01-28 05:26:13.951 [info] > git for-each-ref --sort -committerdate --format %(refname) %(objectname) %(*objectname) [4ms]
2025-01-28 05:26:14.013 [info] > git status -z -uall [72ms]
2025-01-28 05:26:19.041 [info] > git config --get commit.template [6ms]
2025-01-28 05:26:19.042 [info] > git for-each-ref --format=%(refname)%00%(upstream:short)%00%(objectname)%00%(upstream:track)%00%(upstream:remotename)%00%(upstream:remoteref) refs/heads/main refs/remotes/main [2ms]
2025-01-28 05:26:19.064 [info] > git for-each-ref --sort -committerdate --format %(refname) %(objectname) %(*objectname) [12ms]
2025-01-28 05:26:19.116 [info] > git status -z -uall [68ms]
2025-01-28 05:26:24.146 [info] > git for-each-ref --format=%(refname)%00%(upstream:short)%00%(objectname)%00%(upstream:track)%00%(upstream:remotename)%00%(upstream:remoteref) refs/heads/main refs/remotes/main [3ms]
2025-01-28 05:26:24.146 [info] > git config --get commit.template [9ms]
2025-01-28 05:26:24.167 [info] > git for-each-ref --sort -committerdate --format %(refname) %(objectname) %(*objectname) [11ms]
2025-01-28 05:26:24.222 [info] > git status -z -uall [71ms]
2025-01-28 05:26:29.253 [info] > git config --get commit.template [6ms]
2025-01-28 05:26:29.255 [info] > git for-each-ref --format=%(refname)%00%(upstream:short)%00%(objectname)%00%(upstream:track)%00%(upstream:remotename)%00%(upstream:remoteref) refs/heads/main refs/remotes/main [2ms]
2025-01-28 05:26:29.268 [info] > git for-each-ref --sort -committerdate --format %(refname) %(objectname) %(*objectname) [4ms]
2025-01-28 05:26:29.328 [info] > git status -z -uall [69ms]
2025-01-28 05:26:34.356 [info] > git config --get commit.template [6ms]
2025-01-28 05:26:34.358 [info] > git for-each-ref --format=%(refname)%00%(upstream:short)%00%(objectname)%00%(upstream:track)%00%(upstream:remotename)%00%(upstream:remoteref) refs/heads/main refs/remotes/main [3ms]
2025-01-28 05:26:34.379 [info] > git for-each-ref --sort -committerdate --format %(refname) %(objectname) %(*objectname) [10ms]
2025-01-28 05:26:34.432 [info] > git status -z -uall [69ms]
2025-01-28 05:26:39.458 [info] > git config --get commit.template [5ms]
2025-01-28 05:26:39.460 [info] > git for-each-ref --format=%(refname)%00%(upstream:short)%00%(objectname)%00%(upstream:track)%00%(upstream:remotename)%00%(upstream:remoteref) refs/heads/main refs/remotes/main [2ms]
2025-01-28 05:26:39.482 [info] > git for-each-ref --sort -committerdate --format %(refname) %(objectname) %(*objectname) [13ms]
2025-01-28 05:26:39.533 [info] > git status -z -uall [68ms]
2025-01-28 05:26:44.559 [info] > git config --get commit.template [6ms]
2025-01-28 05:26:44.561 [info] > git for-each-ref --format=%(refname)%00%(upstream:short)%00%(objectname)%00%(upstream:track)%00%(upstream:remotename)%00%(upstream:remoteref) refs/heads/main refs/remotes/main [2ms]
2025-01-28 05:26:44.582 [info] > git for-each-ref --sort -committerdate --format %(refname) %(objectname) %(*objectname) [10ms]
2025-01-28 05:26:44.635 [info] > git status -z -uall [69ms]
2025-01-28 05:26:49.659 [info] > git config --get commit.template [3ms]
2025-01-28 05:26:49.666 [info] > git for-each-ref --format=%(refname)%00%(upstream:short)%00%(objectname)%00%(upstream:track)%00%(upstream:remotename)%00%(upstream:remoteref) refs/heads/main refs/remotes/main [3ms]
2025-01-28 05:26:49.686 [info] > git for-each-ref --sort -committerdate --format %(refname) %(objectname) %(*objectname) [11ms]
2025-01-28 05:26:49.740 [info] > git status -z -uall [70ms]
2025-01-28 05:26:54.772 [info] > git config --get commit.template [6ms]
2025-01-28 05:26:54.773 [info] > git for-each-ref --format=%(refname)%00%(upstream:short)%00%(objectname)%00%(upstream:track)%00%(upstream:remotename)%00%(upstream:remoteref) refs/heads/main refs/remotes/main [2ms]
2025-01-28 05:26:54.795 [info] > git for-each-ref --sort -committerdate --format %(refname) %(objectname) %(*objectname) [11ms]
2025-01-28 05:26:54.847 [info] > git status -z -uall [69ms]
2025-01-28 05:26:59.875 [info] > git config --get commit.template [2ms]
2025-01-28 05:26:59.881 [info] > git for-each-ref --format=%(refname)%00%(upstream:short)%00%(objectname)%00%(upstream:track)%00%(upstream:remotename)%00%(upstream:remoteref) refs/heads/main refs/remotes/main [2ms]
2025-01-28 05:26:59.896 [info] > git for-each-ref --sort -committerdate --format %(refname) %(objectname) %(*objectname) [4ms]
2025-01-28 05:26:59.957 [info] > git status -z -uall [71ms]
2025-01-28 05:27:04.984 [info] > git config --get commit.template [5ms]
2025-01-28 05:27:04.986 [info] > git for-each-ref --format=%(refname)%00%(upstream:short)%00%(objectname)%00%(upstream:track)%00%(upstream:remotename)%00%(upstream:remoteref) refs/heads/main refs/remotes/main [2ms]
2025-01-28 05:27:05.011 [info] > git for-each-ref --sort -committerdate --format %(refname) %(objectname) %(*objectname) [15ms]
2025-01-28 05:27:05.061 [info] > git status -z -uall [71ms]
2025-01-28 05:27:10.089 [info] > git config --get commit.template [6ms]
2025-01-28 05:27:10.091 [info] > git for-each-ref --format=%(refname)%00%(upstream:short)%00%(objectname)%00%(upstream:track)%00%(upstream:remotename)%00%(upstream:remoteref) refs/heads/main refs/remotes/main [3ms]
2025-01-28 05:27:10.112 [info] > git for-each-ref --sort -committerdate --format %(refname) %(objectname) %(*objectname) [10ms]
2025-01-28 05:27:10.164 [info] > git status -z -uall [69ms]
2025-01-28 05:27:15.192 [info] > git config --get commit.template [6ms]
2025-01-28 05:27:15.194 [info] > git for-each-ref --format=%(refname)%00%(upstream:short)%00%(objectname)%00%(upstream:track)%00%(upstream:remotename)%00%(upstream:remoteref) refs/heads/main refs/remotes/main [2ms]
2025-01-28 05:27:15.215 [info] > git for-each-ref --sort -committerdate --format %(refname) %(objectname) %(*objectname) [11ms]
2025-01-28 05:27:15.269 [info] > git status -z -uall [69ms]
2025-01-28 05:27:20.302 [info] > git config --get commit.template [6ms]
2025-01-28 05:27:20.304 [info] > git for-each-ref --format=%(refname)%00%(upstream:short)%00%(objectname)%00%(upstream:track)%00%(upstream:remotename)%00%(upstream:remoteref) refs/heads/main refs/remotes/main [3ms]
2025-01-28 05:27:20.327 [info] > git for-each-ref --sort -committerdate --format %(refname) %(objectname) %(*objectname) [5ms]
2025-01-28 05:27:20.382 [info] > git status -z -uall [73ms]
2025-01-28 05:27:25.409 [info] > git config --get commit.template [6ms]
2025-01-28 05:27:25.411 [info] > git for-each-ref --format=%(refname)%00%(upstream:short)%00%(objectname)%00%(upstream:track)%00%(upstream:remotename)%00%(upstream:remoteref) refs/heads/main refs/remotes/main [2ms]
2025-01-28 05:27:25.431 [info] > git for-each-ref --sort -committerdate --format %(refname) %(objectname) %(*objectname) [9ms]
2025-01-28 05:27:25.484 [info] > git status -z -uall [69ms]
2025-01-28 05:27:30.515 [info] > git config --get commit.template [7ms]
2025-01-28 05:27:30.517 [info] > git for-each-ref --format=%(refname)%00%(upstream:short)%00%(objectname)%00%(upstream:track)%00%(upstream:remotename)%00%(upstream:remoteref) refs/heads/main refs/remotes/main [3ms]
2025-01-28 05:27:30.536 [info] > git for-each-ref --sort -committerdate --format %(refname) %(objectname) %(*objectname) [8ms]
2025-01-28 05:27:30.592 [info] > git status -z -uall [70ms]
2025-01-28 05:27:35.621 [info] > git config --get commit.template [6ms]
2025-01-28 05:27:35.623 [info] > git for-each-ref --format=%(refname)%00%(upstream:short)%00%(objectname)%00%(upstream:track)%00%(upstream:remotename)%00%(upstream:remoteref) refs/heads/main refs/remotes/main [3ms]
2025-01-28 05:27:35.644 [info] > git for-each-ref --sort -committerdate --format %(refname) %(objectname) %(*objectname) [11ms]
2025-01-28 05:27:35.696 [info] > git status -z -uall [68ms]
2025-01-28 05:27:45.757 [info] > git config --get commit.template [6ms]
2025-01-28 05:27:45.759 [info] > git for-each-ref --format=%(refname)%00%(upstream:short)%00%(objectname)%00%(upstream:track)%00%(upstream:remotename)%00%(upstream:remoteref) refs/heads/main refs/remotes/main [2ms]
2025-01-28 05:27:45.780 [info] > git for-each-ref --sort -committerdate --format %(refname) %(objectname) %(*objectname) [11ms]
2025-01-28 05:27:45.834 [info] > git status -z -uall [71ms]
2025-01-28 05:27:50.862 [info] > git config --get commit.template [6ms]
2025-01-28 05:27:50.863 [info] > git for-each-ref --format=%(refname)%00%(upstream:short)%00%(objectname)%00%(upstream:track)%00%(upstream:remotename)%00%(upstream:remoteref) refs/heads/main refs/remotes/main [2ms]
2025-01-28 05:27:50.885 [info] > git for-each-ref --sort -committerdate --format %(refname) %(objectname) %(*objectname) [12ms]
2025-01-28 05:27:50.938 [info] > git status -z -uall [70ms]
2025-01-28 05:27:55.962 [info] > git config --get commit.template [2ms]
2025-01-28 05:27:55.968 [info] > git for-each-ref --format=%(refname)%00%(upstream:short)%00%(objectname)%00%(upstream:track)%00%(upstream:remotename)%00%(upstream:remoteref) refs/heads/main refs/remotes/main [2ms]
2025-01-28 05:27:55.988 [info] > git for-each-ref --sort -committerdate --format %(refname) %(objectname) %(*objectname) [10ms]
2025-01-28 05:27:56.042 [info] > git status -z -uall [69ms]
2025-01-28 05:28:01.075 [info] > git for-each-ref --format=%(refname)%00%(upstream:short)%00%(objectname)%00%(upstream:track)%00%(upstream:remotename)%00%(upstream:remoteref) refs/heads/main refs/remotes/main [4ms]
2025-01-28 05:28:01.077 [info] > git config --get commit.template [12ms]
2025-01-28 05:28:01.093 [info] > git for-each-ref --sort -committerdate --format %(refname) %(objectname) %(*objectname) [4ms]
2025-01-28 05:28:01.156 [info] > git status -z -uall [73ms]
2025-01-28 05:28:06.191 [info] > git config --get commit.template [5ms]
2025-01-28 05:28:06.193 [info] > git for-each-ref --format=%(refname)%00%(upstream:short)%00%(objectname)%00%(upstream:track)%00%(upstream:remotename)%00%(upstream:remoteref) refs/heads/main refs/remotes/main [2ms]
2025-01-28 05:28:06.207 [info] > git for-each-ref --sort -committerdate --format %(refname) %(objectname) %(*objectname) [4ms]
2025-01-28 05:28:06.278 [info] > git status -z -uall [80ms]
2025-01-28 05:28:11.305 [info] > git config --get commit.template [6ms]
2025-01-28 05:28:11.307 [info] > git for-each-ref --format=%(refname)%00%(upstream:short)%00%(objectname)%00%(upstream:track)%00%(upstream:remotename)%00%(upstream:remoteref) refs/heads/main refs/remotes/main [3ms]
2025-01-28 05:28:11.326 [info] > git for-each-ref --sort -committerdate --format %(refname) %(objectname) %(*objectname) [9ms]
2025-01-28 05:28:11.381 [info] > git status -z -uall [70ms]
2025-01-28 05:28:16.409 [info] > git config --get commit.template [6ms]
2025-01-28 05:28:16.411 [info] > git for-each-ref --format=%(refname)%00%(upstream:short)%00%(objectname)%00%(upstream:track)%00%(upstream:remotename)%00%(upstream:remoteref) refs/heads/main refs/remotes/main [3ms]
2025-01-28 05:28:16.432 [info] > git for-each-ref --sort -committerdate --format %(refname) %(objectname) %(*objectname) [12ms]
2025-01-28 05:28:16.484 [info] > git status -z -uall [69ms]
2025-01-28 05:28:21.514 [info] > git config --get commit.template [9ms]
2025-01-28 05:28:21.518 [info] > git for-each-ref --format=%(refname)%00%(upstream:short)%00%(objectname)%00%(upstream:track)%00%(upstream:remotename)%00%(upstream:remoteref) refs/heads/main refs/remotes/main [5ms]
2025-01-28 05:28:21.539 [info] > git for-each-ref --sort -committerdate --format %(refname) %(objectname) %(*objectname) [5ms]
2025-01-28 05:28:21.608 [info] > git status -z -uall [80ms]
2025-01-28 05:28:26.636 [info] > git config --get commit.template [6ms]
2025-01-28 05:28:26.638 [info] > git for-each-ref --format=%(refname)%00%(upstream:short)%00%(objectname)%00%(upstream:track)%00%(upstream:remotename)%00%(upstream:remoteref) refs/heads/main refs/remotes/main [3ms]
2025-01-28 05:28:26.661 [info] > git for-each-ref --sort -committerdate --format %(refname) %(objectname) %(*objectname) [13ms]
2025-01-28 05:28:26.712 [info] > git status -z -uall [69ms]
2025-01-28 05:28:31.743 [info] > git config --get commit.template [6ms]
2025-01-28 05:28:31.745 [info] > git for-each-ref --format=%(refname)%00%(upstream:short)%00%(objectname)%00%(upstream:track)%00%(upstream:remotename)%00%(upstream:remoteref) refs/heads/main refs/remotes/main [3ms]
2025-01-28 05:28:31.762 [info] > git for-each-ref --sort -committerdate --format %(refname) %(objectname) %(*objectname) [5ms]
2025-01-28 05:28:31.823 [info] > git status -z -uall [72ms]
2025-01-28 05:28:36.849 [info] > git config --get commit.template [6ms]
2025-01-28 05:28:36.851 [info] > git for-each-ref --format=%(refname)%00%(upstream:short)%00%(objectname)%00%(upstream:track)%00%(upstream:remotename)%00%(upstream:remoteref) refs/heads/main refs/remotes/main [3ms]
2025-01-28 05:28:36.874 [info] > git for-each-ref --sort -committerdate --format %(refname) %(objectname) %(*objectname) [12ms]
2025-01-28 05:28:36.928 [info] > git status -z -uall [73ms]
2025-01-28 05:28:41.960 [info] > git config --get commit.template [6ms]
2025-01-28 05:28:41.962 [info] > git for-each-ref --format=%(refname)%00%(upstream:short)%00%(objectname)%00%(upstream:track)%00%(upstream:remotename)%00%(upstream:remoteref) refs/heads/main refs/remotes/main [3ms]
2025-01-28 05:28:41.978 [info] > git for-each-ref --sort -committerdate --format %(refname) %(objectname) %(*objectname) [4ms]
2025-01-28 05:28:42.044 [info] > git status -z -uall [76ms]
2025-01-28 05:28:47.075 [info] > git for-each-ref --format=%(refname)%00%(upstream:short)%00%(objectname)%00%(upstream:track)%00%(upstream:remotename)%00%(upstream:remoteref) refs/heads/main refs/remotes/main [5ms]
2025-01-28 05:28:47.075 [info] > git config --get commit.template [9ms]
2025-01-28 05:28:47.097 [info] > git for-each-ref --sort -committerdate --format %(refname) %(objectname) %(*objectname) [10ms]
2025-01-28 05:28:47.151 [info] > git status -z -uall [70ms]
2025-01-28 05:28:52.182 [info] > git for-each-ref --format=%(refname)%00%(upstream:short)%00%(objectname)%00%(upstream:track)%00%(upstream:remotename)%00%(upstream:remoteref) refs/heads/main refs/remotes/main [4ms]
2025-01-28 05:28:52.183 [info] > git config --get commit.template [10ms]
2025-01-28 05:28:52.203 [info] > git for-each-ref --sort -committerdate --format %(refname) %(objectname) %(*objectname) [9ms]
2025-01-28 05:28:52.257 [info] > git status -z -uall [68ms]
2025-01-28 05:28:57.288 [info] > git for-each-ref --format=%(refname)%00%(upstream:short)%00%(objectname)%00%(upstream:track)%00%(upstream:remotename)%00%(upstream:remoteref) refs/heads/main refs/remotes/main [4ms]
2025-01-28 05:28:57.288 [info] > git config --get commit.template [10ms]
2025-01-28 05:28:57.313 [info] > git for-each-ref --sort -committerdate --format %(refname) %(objectname) %(*objectname) [12ms]
2025-01-28 05:28:57.363 [info] > git status -z -uall [69ms]
2025-01-28 05:29:02.395 [info] > git config --get commit.template [7ms]
2025-01-28 05:29:02.402 [info] > git for-each-ref --format=%(refname)%00%(upstream:short)%00%(objectname)%00%(upstream:track)%00%(upstream:remotename)%00%(upstream:remoteref) refs/heads/main refs/remotes/main [9ms]
2025-01-28 05:29:02.441 [info] > git for-each-ref --sort -committerdate --format %(refname) %(objectname) %(*objectname) [17ms]
2025-01-28 05:29:02.685 [info] > git status -z -uall [270ms]
2025-01-28 05:29:07.807 [info] > git for-each-ref --format=%(refname)%00%(upstream:short)%00%(objectname)%00%(upstream:track)%00%(upstream:remotename)%00%(upstream:remoteref) refs/heads/main refs/remotes/main [3ms]
2025-01-28 05:29:07.807 [info] > git config --get commit.template [9ms]
2025-01-28 05:29:07.828 [info] > git for-each-ref --sort -committerdate --format %(refname) %(objectname) %(*objectname) [8ms]
2025-01-28 05:29:07.882 [info] > git status -z -uall [68ms]
2025-01-28 05:29:12.911 [info] > git config --get commit.template [6ms]
2025-01-28 05:29:12.912 [info] > git for-each-ref --format=%(refname)%00%(upstream:short)%00%(objectname)%00%(upstream:track)%00%(upstream:remotename)%00%(upstream:remoteref) refs/heads/main refs/remotes/main [2ms]
2025-01-28 05:29:12.935 [info] > git for-each-ref --sort -committerdate --format %(refname) %(objectname) %(*objectname) [11ms]
2025-01-28 05:29:12.987 [info] > git status -z -uall [70ms]
2025-01-28 05:29:18.020 [info] > git config --get commit.template [7ms]
2025-01-28 05:29:18.022 [info] > git for-each-ref --format=%(refname)%00%(upstream:short)%00%(objectname)%00%(upstream:track)%00%(upstream:remotename)%00%(upstream:remoteref) refs/heads/main refs/remotes/main [3ms]
2025-01-28 05:29:18.048 [info] > git for-each-ref --sort -committerdate --format %(refname) %(objectname) %(*objectname) [8ms]
2025-01-28 05:29:18.102 [info] > git status -z -uall [75ms]
2025-01-28 05:29:23.130 [info] > git config --get commit.template [7ms]
2025-01-28 05:29:23.132 [info] > git for-each-ref --format=%(refname)%00%(upstream:short)%00%(objectname)%00%(upstream:track)%00%(upstream:remotename)%00%(upstream:remoteref) refs/heads/main refs/remotes/main [3ms]
2025-01-28 05:29:23.151 [info] > git for-each-ref --sort -committerdate --format %(refname) %(objectname) %(*objectname) [9ms]
2025-01-28 05:29:23.206 [info] > git status -z -uall [70ms]
2025-01-28 05:29:28.233 [info] > git config --get commit.template [6ms]
2025-01-28 05:29:28.235 [info] > git for-each-ref --format=%(refname)%00%(upstream:short)%00%(objectname)%00%(upstream:track)%00%(upstream:remotename)%00%(upstream:remoteref) refs/heads/main refs/remotes/main [3ms]
2025-01-28 05:29:28.261 [info] > git for-each-ref --sort -committerdate --format %(refname) %(objectname) %(*objectname) [15ms]
2025-01-28 05:29:28.343 [info] > git status -z -uall [103ms]
2025-01-28 05:29:33.364 [info] > git config --get commit.template [2ms]
2025-01-28 05:29:33.371 [info] > git for-each-ref --format=%(refname)%00%(upstream:short)%00%(objectname)%00%(upstream:track)%00%(upstream:remotename)%00%(upstream:remoteref) refs/heads/main refs/remotes/main [2ms]
2025-01-28 05:29:33.396 [info] > git for-each-ref --sort -committerdate --format %(refname) %(objectname) %(*objectname) [15ms]
2025-01-28 05:29:33.446 [info] > git status -z -uall [71ms]
2025-01-28 05:29:45.797 [info] > git config --get commit.template [7ms]
2025-01-28 05:29:45.799 [info] > git for-each-ref --format=%(refname)%00%(upstream:short)%00%(objectname)%00%(upstream:track)%00%(upstream:remotename)%00%(upstream:remoteref) refs/heads/main refs/remotes/main [3ms]
2025-01-28 05:29:45.819 [info] > git for-each-ref --sort -committerdate --format %(refname) %(objectname) %(*objectname) [10ms]
2025-01-28 05:29:45.873 [info] > git status -z -uall [70ms]
2025-01-28 05:29:50.901 [info] > git config --get commit.template [6ms]
2025-01-28 05:29:50.903 [info] > git for-each-ref --format=%(refname)%00%(upstream:short)%00%(objectname)%00%(upstream:track)%00%(upstream:remotename)%00%(upstream:remoteref) refs/heads/main refs/remotes/main [3ms]
2025-01-28 05:29:50.918 [info] > git for-each-ref --sort -committerdate --format %(refname) %(objectname) %(*objectname) [4ms]
2025-01-28 05:29:50.983 [info] > git status -z -uall [74ms]
2025-01-28 05:30:01.656 [info] > git config --get commit.template [7ms]
2025-01-28 05:30:01.657 [info] > git for-each-ref --format=%(refname)%00%(upstream:short)%00%(objectname)%00%(upstream:track)%00%(upstream:remotename)%00%(upstream:remoteref) refs/heads/main refs/remotes/main [2ms]
2025-01-28 05:30:01.680 [info] > git for-each-ref --sort -committerdate --format %(refname) %(objectname) %(*objectname) [12ms]
2025-01-28 05:30:01.733 [info] > git status -z -uall [71ms]
2025-01-28 05:30:06.764 [info] > git config --get commit.template [5ms]
2025-01-28 05:30:06.766 [info] > git for-each-ref --format=%(refname)%00%(upstream:short)%00%(objectname)%00%(upstream:track)%00%(upstream:remotename)%00%(upstream:remoteref) refs/heads/main refs/remotes/main [3ms]
2025-01-28 05:30:06.787 [info] > git for-each-ref --sort -committerdate --format %(refname) %(objectname) %(*objectname) [10ms]
2025-01-28 05:30:06.839 [info] > git status -z -uall [69ms]
2025-01-28 05:30:11.867 [info] > git config --get commit.template [6ms]
2025-01-28 05:30:11.868 [info] > git for-each-ref --format=%(refname)%00%(upstream:short)%00%(objectname)%00%(upstream:track)%00%(upstream:remotename)%00%(upstream:remoteref) refs/heads/main refs/remotes/main [2ms]
2025-01-28 05:30:11.891 [info] > git for-each-ref --sort -committerdate --format %(refname) %(objectname) %(*objectname) [12ms]
2025-01-28 05:30:11.944 [info] > git status -z -uall [71ms]
2025-01-28 05:36:21.355 [info] > git config --get commit.template [10ms]
2025-01-28 05:36:21.361 [info] > git for-each-ref --format=%(refname)%00%(upstream:short)%00%(objectname)%00%(upstream:track)%00%(upstream:remotename)%00%(upstream:remoteref) refs/heads/main refs/remotes/main [6ms]
2025-01-28 05:36:21.377 [info] > git for-each-ref --sort -committerdate --format %(refname) %(objectname) %(*objectname) [4ms]
2025-01-28 05:36:21.445 [info] > git status -z -uall [78ms]
