2025-01-24 13:13:59.852 [info] [main] Log level: Info
2025-01-24 13:13:59.852 [info] [main] Validating found git in: "git"
2025-01-24 13:13:59.852 [info] [main] Using git "2.43.0" from "git"
2025-01-24 13:13:59.852 [info] [Model][doInitialScan] Initial repository scan started
2025-01-24 13:13:59.852 [info] > git rev-parse --show-toplevel [39ms]
2025-01-24 13:14:00.048 [info] > git rev-parse --git-dir --git-common-dir [165ms]
2025-01-24 13:14:00.103 [info] [Model][openRepository] Opened repository: /home/biswabandita_rout
2025-01-24 13:14:00.172 [info] > git config --get commit.template [25ms]
2025-01-24 13:14:05.017 [info] > git rev-parse --show-toplevel [4858ms]
2025-01-24 13:14:05.132 [info] > git for-each-ref --format=%(refname)%00%(upstream:short)%00%(objectname)%00%(upstream:track)%00%(upstream:remotename)%00%(upstream:remoteref) refs/heads/main refs/remotes/main [4917ms]
2025-01-24 13:14:05.161 [info] > git check-ignore -v -z --stdin [124ms]
2025-01-24 13:14:05.172 [info] > git rev-parse --show-toplevel [55ms]
2025-01-24 13:14:05.241 [info] > git rev-parse --show-toplevel [38ms]
2025-01-24 13:14:05.261 [info] > git rev-parse --show-toplevel [1ms]
2025-01-24 13:14:05.274 [info] > git for-each-ref --sort -committerdate --format %(refname) %(objectname) %(*objectname) [39ms]
2025-01-24 13:14:05.293 [info] > git rev-parse --show-toplevel [4ms]
2025-01-24 13:14:05.301 [info] > git rev-parse --show-toplevel [3ms]
2025-01-24 13:14:05.329 [info] > git rev-parse --show-toplevel [3ms]
2025-01-24 13:14:05.348 [info] > git rev-parse --show-toplevel [2ms]
2025-01-24 13:14:05.730 [info] > git status -z -uall [510ms]
2025-01-24 13:14:05.911 [info] > git rev-parse --show-toplevel [553ms]
2025-01-24 13:14:07.076 [info] > git check-ignore -v -z --stdin [1379ms]
2025-01-24 13:14:07.079 [info] > git for-each-ref --format=%(refname)%00%(upstream:short)%00%(objectname)%00%(upstream:track)%00%(upstream:remotename)%00%(upstream:remoteref) refs/heads/main refs/remotes/main [1172ms]
2025-01-24 13:14:07.197 [info] > git config --local branch.main.vscode-merge-base [89ms]
2025-01-24 13:14:07.198 [warning] [Git][config] git config failed: Failed to execute git
2025-01-24 13:14:07.203 [info] > git rev-parse --show-toplevel [129ms]
2025-01-24 13:14:07.204 [info] > git config --get commit.template [148ms]
2025-01-24 13:14:11.921 [info] > git rev-parse --show-toplevel [4686ms]
2025-01-24 13:14:11.922 [info] [Model][doInitialScan] Initial repository scan completed - repositories (1), closed repositories (0), parent repositories (0), unsafe repositories (0)
2025-01-24 13:14:11.922 [info] > git reflog main --grep-reflog=branch: Created from *. [4719ms]
2025-01-24 13:14:11.976 [info] > git for-each-ref --format=%(refname)%00%(upstream:short)%00%(objectname)%00%(upstream:track)%00%(upstream:remotename)%00%(upstream:remoteref) refs/heads/main refs/remotes/main [127ms]
2025-01-24 13:14:11.981 [info] > git symbolic-ref --short refs/remotes/origin/HEAD [50ms]
2025-01-24 13:14:11.981 [info] fatal: ref refs/remotes/origin/HEAD is not a symbolic ref
2025-01-24 13:14:11.981 [warning] [Repository][getDefaultBranch] Failed to get default branch details: Failed to execute git.
2025-01-24 13:14:12.357 [info] > git merge-base refs/heads/main refs/remotes/origin/main [367ms]
2025-01-24 13:14:12.644 [info] > git diff --name-status -z --diff-filter=ADMR 1d52a57d198e5d1cef2c49abaed1a6ae1779a3a6...refs/remotes/origin/main [274ms]
2025-01-24 13:14:12.758 [info] > git for-each-ref --sort -committerdate --format %(refname) %(objectname) %(*objectname) [313ms]
2025-01-24 13:14:13.010 [info] > git status -z -uall [617ms]
2025-01-24 13:17:46.355 [info] > git show --textconv :frontend/src/environments/environment.ts [18ms]
2025-01-24 13:17:46.357 [info] > git ls-files --stage -- /home/biswabandita_rout/frontend/src/environments/environment.ts [9ms]
2025-01-24 13:17:46.371 [info] > git cat-file -s a0cae17ff3d9ea9b6367a39719738d1b5fd904d7 [3ms]
