Initializing document watcher...
Document watcher initialized
biswabandita_rout/Backend/server.js: {}
biswabandita_rout/Backend/server.js: {}
biswabandita_rout/Backend/server.js: {}
biswabandita_rout/Backend/server.js: {}
No more open editors.
biswabandita_rout/Backend/app.js: {}
biswabandita_rout/Backend/src/routes/apiRoutes.js: {}
biswabandita_rout/Backend/src/routes/apiRoutes.js: {}
biswabandita_rout/Backend/.env: {}
biswabandita_rout/frontend/src/environments/environment.ts: {"insertSpaces":true,"tabSize":2}
biswabandita_rout/Backend/server.js: {}
biswabandita_rout/frontend/angular.json: {"insertSpaces":true,"tabSize":2}
biswabandita_rout/Backend/app.js: {}
biswabandita_rout/Backend/src/routes/apiRoutes.js: {}
biswabandita_rout/Backend/src/routes/apiRoutes.js: {}
biswabandita_rout/Backend/app.js: {}
biswabandita_rout/Backend/app.js: {}
biswabandita_rout/Backend/server.js: {}
biswabandita_rout/frontend/src/environments/environment.ts: {"insertSpaces":true,"tabSize":2}
biswabandita_rout/Backend/.env: {}
biswabandita_rout/frontend/src/app/services/chat-service.service.ts: {"insertSpaces":true,"tabSize":2}
biswabandita_rout/frontend/src/app/services/chat-service.service.ts: {"insertSpaces":true,"tabSize":2}
biswabandita_rout/frontend/src/app/services/chat-service.service.ts: {"insertSpaces":true,"tabSize":2}
biswabandita_rout/frontend/src/app/services/chat-service.service.ts: {"insertSpaces":true,"tabSize":2}
biswabandita_rout/frontend/src/app/services/chat-service.service.ts: {"insertSpaces":true,"tabSize":2}
biswabandita_rout/frontend/src/app/services/chat-service.service.ts: {"insertSpaces":true,"tabSize":2}
biswabandita_rout/frontend/src/app/services/chat-service.service.ts: {"insertSpaces":true,"tabSize":2}
biswabandita_rout/frontend/src/app/services/chat-service.service.ts: {"insertSpaces":true,"tabSize":2}
biswabandita_rout/Backend/.env: {}
biswabandita_rout/Backend/.env: {"insertSpaces":true,"tabSize":2}
biswabandita_rout/Backend/.env: {}
biswabandita_rout/Backend/src/routes/apiRoutes.js: {}
biswabandita_rout/Backend/src/routes/apiRoutes.js: {}
biswabandita_rout/Backend/src/routes/apiRoutes.js: Using EditorConfig core...
biswabandita_rout/Backend/src/routes/apiRoutes.js: Using EditorConfig core...
biswabandita_rout/Backend/src/routes/apiRoutes.js: Using EditorConfig core...
biswabandita_rout/Backend/src/routes/apiRoutes.js: {}
biswabandita_rout/Backend/app.js: {}
biswabandita_rout/Backend/app.js: {}
biswabandita_rout/Backend/app.js: {}
biswabandita_rout/Backend/app.js: {}
biswabandita_rout/Backend/app.js: {}
biswabandita_rout/Backend/app.js: {}
biswabandita_rout/Backend/app.js: {}
biswabandita_rout/Backend/app.js: {}
biswabandita_rout/Backend/app.js: {}
biswabandita_rout/Backend/app.js: {}
biswabandita_rout/Backend/server.js: {}
biswabandita_rout/Backend/server.js: {}
biswabandita_rout/Backend/server.js: {}
biswabandita_rout/Backend/src/routes/apiRoutes.js: {}
biswabandita_rout/Backend/src/routes/apiRoutes.js: {}
biswabandita_rout/Backend/src/routes/apiRoutes.js: {}
biswabandita_rout/Backend/src/routes/apiRoutes.js: {}
biswabandita_rout/Backend/src/routes/apiRoutes.js: {}
biswabandita_rout/Dockerfile: {}
biswabandita_rout/frontend/Dockerfile: {"insertSpaces":true,"tabSize":2}
biswabandita_rout/frontend/Dockerfile: Using EditorConfig core...
frontend/Dockerfile: editor.action.trimTrailingWhitespace
frontend/Dockerfile: insertFinalNewline(LF)
biswabandita_rout/frontend/Dockerfile: Using EditorConfig core...
frontend/Dockerfile: editor.action.trimTrailingWhitespace
biswabandita_rout/frontend/Dockerfile: {"insertSpaces":true,"tabSize":2}
biswabandita_rout/frontend/Dockerfile: {"insertSpaces":true,"tabSize":2}
biswabandita_rout/frontend/Dockerfile: {"insertSpaces":true,"tabSize":2}
biswabandita_rout/Backend/.env: {}
biswabandita_rout/Backend/.env: {"insertSpaces":true,"tabSize":2}
biswabandita_rout/Backend/.env: {}
biswabandita_rout/frontend/src/environments/environment.ts: {}
biswabandita_rout/frontend/src/environments/environment.ts: {"insertSpaces":true,"tabSize":2}
biswabandita_rout/frontend/src/environments/environment.ts: Using EditorConfig core...
frontend/src/environments/environment.ts: editor.action.trimTrailingWhitespace
biswabandita_rout/frontend/src/environments/environment.ts: Using EditorConfig core...
frontend/src/environments/environment.ts: editor.action.trimTrailingWhitespace
biswabandita_rout/Backend/src/routes/apiRoutes.js: {}
biswabandita_rout/Backend/app.js: {}
biswabandita_rout/Backend/app.js: {}
biswabandita_rout/Backend/app.js: {}
biswabandita_rout/Backend/app.js: Using EditorConfig core...
biswabandita_rout/Backend/src/routes/apiRoutes.js: {}
biswabandita_rout/Backend/src/routes/apiRoutes.js: {}
biswabandita_rout/Backend/.env: {}
biswabandita_rout/Backend/.env: {}
biswabandita_rout/frontend/src/environments/environment.ts: {"insertSpaces":true,"tabSize":2}
biswabandita_rout/frontend/src/environments/environment.ts: Using EditorConfig core...
frontend/src/environments/environment.ts: editor.action.trimTrailingWhitespace
biswabandita_rout/frontend/src/environments/environment.ts: Using EditorConfig core...
frontend/src/environments/environment.ts: editor.action.trimTrailingWhitespace
biswabandita_rout/frontend/src/environments/environment.ts: Using EditorConfig core...
frontend/src/environments/environment.ts: editor.action.trimTrailingWhitespace
biswabandita_rout/frontend/src/environments/environment.ts: Using EditorConfig core...
frontend/src/environments/environment.ts: editor.action.trimTrailingWhitespace
biswabandita_rout/frontend/src/environments/environment.ts: Using EditorConfig core...
frontend/src/environments/environment.ts: editor.action.trimTrailingWhitespace
biswabandita_rout/frontend/src/environments/environment.ts: {"insertSpaces":true,"tabSize":2}
biswabandita_rout/frontend/src/environments/environment.ts: {"insertSpaces":true,"tabSize":2}
biswabandita_rout/Backend/app.js: {}
biswabandita_rout/Backend/app.js: {"insertSpaces":true,"tabSize":2}
biswabandita_rout/Backend/.env: {}
biswabandita_rout/Backend/src/routes/apiRoutes.js: {}
biswabandita_rout/Backend/app.js: {}
biswabandita_rout/frontend/src/environments/environment.ts: {"insertSpaces":true,"tabSize":2}
biswabandita_rout/frontend/src/app/Component/chatbot/chatbot.component.ts: {"insertSpaces":true,"tabSize":2}
biswabandita_rout/frontend/src/app/Component/chatbot/chatbot.component.ts: Using EditorConfig core...
frontend/src/app/Component/chatbot/chatbot.component.ts: editor.action.trimTrailingWhitespace
biswabandita_rout/frontend/src/app/services/chat-service.service.ts: {"insertSpaces":true,"tabSize":2}
biswabandita_rout/frontend/src/app/services/chat-service.service.ts: Using EditorConfig core...
frontend/src/app/services/chat-service.service.ts: editor.action.trimTrailingWhitespace
biswabandita_rout/frontend/src/environments/environment.ts: {"insertSpaces":true,"tabSize":2}
biswabandita_rout/frontend/src/app/services/chat-service.service.ts: {"insertSpaces":true,"tabSize":2}
biswabandita_rout/frontend/src/environments/environment.ts: {"insertSpaces":true,"tabSize":2}
biswabandita_rout/frontend/src/app/Component/chatbot/chatbot.component.ts: {"insertSpaces":true,"tabSize":2}
biswabandita_rout/frontend/src/app/services/chat-service.service.ts: {"insertSpaces":true,"tabSize":2}
biswabandita_rout/frontend/src/app/services/chat-service.service.ts: {"insertSpaces":true,"tabSize":2}
biswabandita_rout/frontend/src/app/services/chat-service.service.ts: {"insertSpaces":true,"tabSize":2}
biswabandita_rout/frontend/src/app/services/chat-service.service.ts: {"insertSpaces":true,"tabSize":2}
biswabandita_rout/Backend/app.js: {}
biswabandita_rout/Backend/app.js: {"insertSpaces":true,"tabSize":2}
biswabandita_rout/Backend/app.js: Using EditorConfig core...
biswabandita_rout/Backend/app.js: Using EditorConfig core...
biswabandita_rout/Backend/app.js: Using EditorConfig core...
biswabandita_rout/Backend/app.js: Using EditorConfig core...
biswabandita_rout/Backend/app.js: Using EditorConfig core...
biswabandita_rout/Backend/app.js: {}
biswabandita_rout/Backend/app.js: {}
