[Warn  - 5:05:38 AM] Component Analysis Error: TypeError: Cannot convert undefined or null to object
[Warn  - 5:05:39 AM] Component Analysis Error: TypeError: Cannot convert undefined or null to object
Error: LinkageError occurred while loading main class com.redhat.exhort.Main
	java.lang.UnsupportedClassVersionError: com/redhat/exhort/Main has been compiled by a more recent version of the Java Runtime (class file version 64.0), this version of the Java Runtime only recognizes class file versions up to 61.0
[Warn  - 5:48:57 AM] Component Analysis Error: Error: Command failed: java -DRHDA_TOKEN=599c950c-124f-4630-8418-3694e0b2d5e1 -DRHDA_SOURCE=vscode -DEXHORT_SYFT_PATH=syft -DEXHORT_SKOPEO_PATH=skopeo -DEXHORT_DOCKER_PATH=docker -DEXHORT_PODMAN_PATH=podman -jar /google/devshell/editor/code-oss-for-cloud-shell/extensions/redhat.fabric8-analytics/dist/../javaApiAdapter/exhort-java-api-adapter-1.0-SNAPSHOT-jar-with-dependencies.jar json nginx:alpine
Error: LinkageError occurred while loading main class com.redhat.exhort.Main
	java.lang.UnsupportedClassVersionError: com/redhat/exhort/Main has been compiled by a more recent version of the Java Runtime (class file version 64.0), this version of the Java Runtime only recognizes class file versions up to 61.0

Error: LinkageError occurred while loading main class com.redhat.exhort.Main
	java.lang.UnsupportedClassVersionError: com/redhat/exhort/Main has been compiled by a more recent version of the Java Runtime (class file version 64.0), this version of the Java Runtime only recognizes class file versions up to 61.0
[Warn  - 5:49:33 AM] Component Analysis Error: Error: Command failed: java -DRHDA_TOKEN=599c950c-124f-4630-8418-3694e0b2d5e1 -DRHDA_SOURCE=vscode -DEXHORT_SYFT_PATH=syft -DEXHORT_SKOPEO_PATH=skopeo -DEXHORT_DOCKER_PATH=docker -DEXHORT_PODMAN_PATH=podman -jar /google/devshell/editor/code-oss-for-cloud-shell/extensions/redhat.fabric8-analytics/dist/../javaApiAdapter/exhort-java-api-adapter-1.0-SNAPSHOT-jar-with-dependencies.jar json
Error: LinkageError occurred while loading main class com.redhat.exhort.Main
	java.lang.UnsupportedClassVersionError: com/redhat/exhort/Main has been compiled by a more recent version of the Java Runtime (class file version 64.0), this version of the Java Runtime only recognizes class file versions up to 61.0

Error: LinkageError occurred while loading main class com.redhat.exhort.Main
	java.lang.UnsupportedClassVersionError: com/redhat/exhort/Main has been compiled by a more recent version of the Java Runtime (class file version 64.0), this version of the Java Runtime only recognizes class file versions up to 61.0
[Warn  - 5:49:52 AM] Component Analysis Error: Error: Command failed: java -DRHDA_TOKEN=599c950c-124f-4630-8418-3694e0b2d5e1 -DRHDA_SOURCE=vscode -DEXHORT_SYFT_PATH=syft -DEXHORT_SKOPEO_PATH=skopeo -DEXHORT_DOCKER_PATH=docker -DEXHORT_PODMAN_PATH=podman -jar /google/devshell/editor/code-oss-for-cloud-shell/extensions/redhat.fabric8-analytics/dist/../javaApiAdapter/exhort-java-api-adapter-1.0-SNAPSHOT-jar-with-dependencies.jar json nginx:alpine
Error: LinkageError occurred while loading main class com.redhat.exhort.Main
	java.lang.UnsupportedClassVersionError: com/redhat/exhort/Main has been compiled by a more recent version of the Java Runtime (class file version 64.0), this version of the Java Runtime only recognizes class file versions up to 61.0

Error: LinkageError occurred while loading main class com.redhat.exhort.Main
	java.lang.UnsupportedClassVersionError: com/redhat/exhort/Main has been compiled by a more recent version of the Java Runtime (class file version 64.0), this version of the Java Runtime only recognizes class file versions up to 61.0
[Warn  - 5:50:08 AM] Component Analysis Error: Error: Command failed: java -DRHDA_TOKEN=599c950c-124f-4630-8418-3694e0b2d5e1 -DRHDA_SOURCE=vscode -DEXHORT_SYFT_PATH=syft -DEXHORT_SKOPEO_PATH=skopeo -DEXHORT_DOCKER_PATH=docker -DEXHORT_PODMAN_PATH=podman -jar /google/devshell/editor/code-oss-for-cloud-shell/extensions/redhat.fabric8-analytics/dist/../javaApiAdapter/exhort-java-api-adapter-1.0-SNAPSHOT-jar-with-dependencies.jar json nginx:alpine
Error: LinkageError occurred while loading main class com.redhat.exhort.Main
	java.lang.UnsupportedClassVersionError: com/redhat/exhort/Main has been compiled by a more recent version of the Java Runtime (class file version 64.0), this version of the Java Runtime only recognizes class file versions up to 61.0

