2025-01-02 13:23:03.818 [info] Extension host with pid 9510 started
2025-01-02 13:23:03.818 [error] Error: EEXIST: file already exists, open '/home/biswabandita_rout/.codeoss/data/User/workspaceStorage/7c8085da/vscode.lock'
2025-01-02 13:23:03.830 [info] Lock '/home/biswabandita_rout/.codeoss/data/User/workspaceStorage/7c8085da/vscode.lock': Could not acquire lock, checking if the file is stale.
2025-01-02 13:23:03.850 [info] Lock '/home/biswabandita_rout/.codeoss/data/User/workspaceStorage/7c8085da/vscode.lock': The lock does not look stale, elapsed: 364 ms, giving up.
2025-01-02 13:23:03.876 [info] Lock '/home/biswabandita_rout/.codeoss/data/User/workspaceStorage/7c8085da-1/vscode.lock': Lock acquired.
2025-01-02 13:23:05.241 [info] ExtensionService#_doActivateExtension vscode.emmet, startup: false, activationEvent: 'onLanguage'
2025-01-02 13:23:05.242 [info] ExtensionService#_doActivateExtension vscode.typescript-language-features, startup: false, activationEvent: 'onLanguage:javascript'
2025-01-02 13:23:06.249 [info] ExtensionService#_doActivateExtension vscode.git-base, startup: true, activationEvent: '*', root cause: vscode.git
2025-01-02 13:23:07.243 [info] ExtensionService#_doActivateExtension google.cloud-shell, startup: false, activationEvent: 'onTerminalProfile:cloudshell.default'
2025-01-02 13:23:10.033 [info] ExtensionService#_doActivateExtension vscode.git, startup: true, activationEvent: '*'
2025-01-02 13:23:10.040 [info] ExtensionService#_doActivateExtension vscode.github, startup: true, activationEvent: '*'
2025-01-02 13:23:11.450 [info] ExtensionService#_doActivateExtension vscode.configuration-editing, startup: false, activationEvent: 'onLanguage:jsonc'
2025-01-02 13:23:11.451 [info] ExtensionService#_doActivateExtension vscode.json-language-features, startup: false, activationEvent: 'onLanguage:jsonc'
2025-01-02 13:23:13.254 [info] Not activating extension 'redhat.fabric8-analytics': Timed out while searching for 'workspaceContains' pattern **/package.json,**/pom.xml,**/go.mod,**/requirements.txt,**/build.gradle,**/Dockerfile,**/Containerfile
2025-01-02 13:23:13.254 [info] Not activating extension 'redhat.java': Timed out while searching for 'workspaceContains' pattern */pom.xml,*/build.gradle,*/settings.gradle,*/build.gradle.kts,*/settings.gradle.kts,*/.classpath
2025-01-02 13:23:13.254 [info] Not activating extension 'vscjava.vscode-java-dependency': Timed out while searching for 'workspaceContains' pattern */pom.xml,*/build.gradle,*/settings.gradle,*/build.gradle.kts,*/settings.gradle.kts,*/.classpath
2025-01-02 13:23:13.256 [info] Not activating extension 'vscjava.vscode-java-test': Timed out while searching for 'workspaceContains' pattern */pom.xml,*/build.gradle,*/settings.gradle,*/build.gradle.kts,*/settings.gradle.kts,*/.classpath
2025-01-02 13:23:13.256 [info] Not activating extension 'vscjava.vscode-maven': Timed out while searching for 'workspaceContains' pattern **/pom.xml
2025-01-02 13:23:15.005 [info] Eager extensions activated
2025-01-02 13:23:15.011 [info] ExtensionService#_doActivateExtension EditorConfig.EditorConfig, startup: false, activationEvent: 'onStartupFinished'
2025-01-02 13:23:15.014 [info] ExtensionService#_doActivateExtension googlecloudtools.cloudcode, startup: false, activationEvent: 'onStartupFinished'
2025-01-02 13:23:15.016 [info] ExtensionService#_doActivateExtension vscode.debug-auto-launch, startup: false, activationEvent: 'onStartupFinished'
2025-01-02 13:23:15.018 [info] ExtensionService#_doActivateExtension vscode.merge-conflict, startup: false, activationEvent: 'onStartupFinished'
