2025-01-02 12:27:58.587 [info] [main] Log level: Info
2025-01-02 12:27:58.587 [info] [main] Validating found git in: "git"
2025-01-02 12:27:58.587 [info] [main] Using git "2.43.0" from "git"
2025-01-02 12:27:58.587 [info] [Model][doInitialScan] Initial repository scan started
2025-01-02 12:27:58.587 [info] > git rev-parse --show-toplevel [13ms]
2025-01-02 12:27:58.587 [info] fatal: not a git repository (or any parent up to mount point /)
Stopping at filesystem boundary (GIT_DISCOVERY_ACROSS_FILESYSTEM not set).
2025-01-02 12:27:58.587 [info] > git rev-parse --show-toplevel [5ms]
2025-01-02 12:27:58.587 [info] fatal: not a git repository (or any parent up to mount point /)
Stopping at filesystem boundary (GIT_DISCOVERY_ACROSS_FILESYSTEM not set).
2025-01-02 12:27:58.587 [info] > git rev-parse --show-toplevel [3ms]
2025-01-02 12:27:58.587 [info] fatal: not a git repository (or any parent up to mount point /)
Stopping at filesystem boundary (GIT_DISCOVERY_ACROSS_FILESYSTEM not set).
2025-01-02 12:27:58.587 [info] > git rev-parse --show-toplevel [3ms]
2025-01-02 12:27:58.587 [info] fatal: not a git repository (or any parent up to mount point /)
Stopping at filesystem boundary (GIT_DISCOVERY_ACROSS_FILESYSTEM not set).
2025-01-02 12:27:58.587 [info] > git rev-parse --show-toplevel [12ms]
2025-01-02 12:27:58.587 [info] fatal: not a git repository (or any parent up to mount point /)
Stopping at filesystem boundary (GIT_DISCOVERY_ACROSS_FILESYSTEM not set).
2025-01-02 12:27:58.587 [info] > git rev-parse --show-toplevel [4ms]
2025-01-02 12:27:58.587 [info] fatal: not a git repository (or any parent up to mount point /)
Stopping at filesystem boundary (GIT_DISCOVERY_ACROSS_FILESYSTEM not set).
2025-01-02 12:27:58.587 [info] > git rev-parse --show-toplevel [3ms]
2025-01-02 12:27:58.587 [info] fatal: not a git repository (or any parent up to mount point /)
Stopping at filesystem boundary (GIT_DISCOVERY_ACROSS_FILESYSTEM not set).
2025-01-02 12:27:58.587 [info] > git rev-parse --show-toplevel [4ms]
2025-01-02 12:27:58.587 [info] fatal: not a git repository (or any parent up to mount point /)
Stopping at filesystem boundary (GIT_DISCOVERY_ACROSS_FILESYSTEM not set).
2025-01-02 12:27:58.587 [info] > git rev-parse --show-toplevel [3ms]
2025-01-02 12:27:58.587 [info] fatal: not a git repository (or any parent up to mount point /)
Stopping at filesystem boundary (GIT_DISCOVERY_ACROSS_FILESYSTEM not set).
2025-01-02 12:27:58.587 [info] > git rev-parse --show-toplevel [3ms]
2025-01-02 12:27:58.587 [info] fatal: not a git repository (or any parent up to mount point /)
Stopping at filesystem boundary (GIT_DISCOVERY_ACROSS_FILESYSTEM not set).
2025-01-02 12:27:58.587 [info] > git rev-parse --show-toplevel [3ms]
2025-01-02 12:27:58.587 [info] fatal: not a git repository (or any parent up to mount point /)
Stopping at filesystem boundary (GIT_DISCOVERY_ACROSS_FILESYSTEM not set).
2025-01-02 12:27:58.587 [info] [Model][doInitialScan] Initial repository scan completed - repositories (0), closed repositories (0), parent repositories (0), unsafe repositories (0)
2025-01-02 12:50:02.148 [info] > git rev-parse --show-toplevel [2ms]
2025-01-02 12:50:02.149 [info] fatal: not a git repository (or any parent up to mount point /)
Stopping at filesystem boundary (GIT_DISCOVERY_ACROSS_FILESYSTEM not set).
2025-01-02 12:53:01.396 [info] > git rev-parse --show-toplevel [2ms]
2025-01-02 12:53:01.396 [info] fatal: not a git repository (or any parent up to mount point /)
Stopping at filesystem boundary (GIT_DISCOVERY_ACROSS_FILESYSTEM not set).
