2025-01-23 06:52:30.256 [info] [main] Log level: Info
2025-01-23 06:52:30.256 [info] [main] Validating found git in: "git"
2025-01-23 06:52:30.256 [info] [main] Using git "2.43.0" from "git"
2025-01-23 06:52:30.257 [info] [Model][doInitialScan] Initial repository scan started
2025-01-23 06:52:30.257 [info] > git rev-parse --show-toplevel [3163ms]
2025-01-23 06:52:30.257 [info] > git rev-parse --git-dir --git-common-dir [319ms]
2025-01-23 06:52:30.257 [info] [Model][openRepository] Opened repository: /home/biswabandita_rout
2025-01-23 06:52:30.281 [info] > git rev-parse --show-toplevel [87ms]
2025-01-23 06:52:30.284 [info] > git config --get commit.template [112ms]
2025-01-23 06:52:38.262 [info] > git for-each-ref --format=%(refname)%00%(upstream:short)%00%(objectname)%00%(upstream:track)%00%(upstream:remotename)%00%(upstream:remoteref) refs/heads/main refs/remotes/main [71ms]
2025-01-23 06:52:39.135 [info] > git check-ignore -v -z --stdin [185ms]
2025-01-23 06:52:39.137 [info] > git rev-parse --show-toplevel [857ms]
2025-01-23 06:52:39.365 [info] > git rev-parse --show-toplevel [142ms]
2025-01-23 06:52:39.378 [info] > git for-each-ref --sort -committerdate --format %(refname) %(objectname) %(*objectname) [193ms]
2025-01-23 06:52:39.691 [info] > git status -z -uall [541ms]
2025-01-23 06:52:39.692 [info] > git rev-parse --show-toplevel [146ms]
2025-01-23 06:52:40.264 [info] > git for-each-ref --format=%(refname)%00%(upstream:short)%00%(objectname)%00%(upstream:track)%00%(upstream:remotename)%00%(upstream:remoteref) refs/heads/main refs/remotes/main [233ms]
2025-01-23 06:52:40.290 [info] > git rev-parse --show-toplevel [551ms]
2025-01-23 06:52:40.402 [info] > git config --get commit.template [139ms]
2025-01-23 06:52:40.723 [info] > git config --local branch.main.vscode-merge-base [433ms]
2025-01-23 06:52:40.723 [warning] [Git][config] git config failed: Failed to execute git
2025-01-23 06:52:40.807 [info] > git rev-parse --show-toplevel [403ms]
2025-01-23 06:52:40.834 [info] > git for-each-ref --format=%(refname)%00%(upstream:short)%00%(objectname)%00%(upstream:track)%00%(upstream:remotename)%00%(upstream:remoteref) refs/heads/main refs/remotes/main [61ms]
2025-01-23 06:52:40.835 [info] > git reflog main --grep-reflog=branch: Created from *. [80ms]
2025-01-23 06:52:40.875 [info] > git rev-parse --show-toplevel [45ms]
2025-01-23 06:52:41.092 [info] > git rev-parse --show-toplevel [200ms]
2025-01-23 06:52:41.093 [info] > git symbolic-ref --short refs/remotes/origin/HEAD [221ms]
2025-01-23 06:52:41.093 [info] fatal: ref refs/remotes/origin/HEAD is not a symbolic ref
2025-01-23 06:52:41.093 [warning] [Repository][getDefaultBranch] Failed to get default branch details: Failed to execute git.
2025-01-23 06:52:41.189 [info] > git rev-parse --show-toplevel [27ms]
2025-01-23 06:52:41.195 [info] > git for-each-ref --sort -committerdate --format %(refname) %(objectname) %(*objectname) [50ms]
2025-01-23 06:52:41.196 [info] > git merge-base refs/heads/main refs/remotes/origin/main [92ms]
2025-01-23 06:52:41.277 [info] > git diff --name-status -z --diff-filter=ADMR 1d52a57d198e5d1cef2c49abaed1a6ae1779a3a6...refs/remotes/origin/main [41ms]
2025-01-23 06:52:41.448 [info] > git status -z -uall [325ms]
2025-01-23 06:52:41.494 [info] > git rev-parse --show-toplevel [228ms]
2025-01-23 06:52:41.890 [info] > git rev-parse --show-toplevel [338ms]
2025-01-23 06:52:41.897 [info] [Model][doInitialScan] Initial repository scan completed - repositories (1), closed repositories (0), parent repositories (0), unsafe repositories (0)
2025-01-23 06:53:06.062 [info] > git check-ignore -v -z --stdin [10ms]
2025-01-23 06:53:07.983 [info] > git show --textconv :Backend/app.js [39ms]
2025-01-23 06:53:07.994 [info] > git ls-files --stage -- /home/biswabandita_rout/Backend/app.js [15ms]
2025-01-23 06:53:08.015 [info] > git cat-file -s 4cd5b87a62fb36cdae86aa8dd17a77b64347e098 [4ms]
2025-01-23 06:59:09.597 [info] > git config --get commit.template [4ms]
2025-01-23 06:59:09.631 [info] > git for-each-ref --format=%(refname)%00%(upstream:short)%00%(objectname)%00%(upstream:track)%00%(upstream:remotename)%00%(upstream:remoteref) refs/heads/main refs/remotes/main [4ms]
2025-01-23 06:59:09.666 [info] > git for-each-ref --sort -committerdate --format %(refname) %(objectname) %(*objectname) [8ms]
2025-01-23 06:59:09.798 [info] > git status -z -uall [158ms]
2025-01-23 06:59:13.171 [info] > git check-ignore -v -z --stdin [5ms]
2025-01-23 06:59:14.834 [info] > git config --get commit.template [4ms]
2025-01-23 06:59:14.843 [info] > git for-each-ref --format=%(refname)%00%(upstream:short)%00%(objectname)%00%(upstream:track)%00%(upstream:remotename)%00%(upstream:remoteref) refs/heads/main refs/remotes/main [2ms]
2025-01-23 06:59:14.870 [info] > git for-each-ref --sort -committerdate --format %(refname) %(objectname) %(*objectname) [12ms]
2025-01-23 06:59:14.937 [info] > git status -z -uall [88ms]
2025-01-23 06:59:32.342 [info] > git check-ignore -v -z --stdin [5ms]
2025-01-23 06:59:32.618 [info] > git show --textconv :Backend/src/routes/apiRoutes.js [16ms]
2025-01-23 06:59:32.621 [info] > git ls-files --stage -- /home/biswabandita_rout/Backend/src/routes/apiRoutes.js [6ms]
2025-01-23 06:59:32.638 [info] > git cat-file -s 51620a5705f971a113907264f953501ab423f26e [5ms]
2025-01-23 06:59:33.701 [info] > git check-ignore -v -z --stdin [7ms]
2025-01-23 07:00:11.060 [info] > git config --get commit.template [9ms]
2025-01-23 07:00:11.062 [info] > git for-each-ref --format=%(refname)%00%(upstream:short)%00%(objectname)%00%(upstream:track)%00%(upstream:remotename)%00%(upstream:remoteref) refs/heads/main refs/remotes/main [3ms]
2025-01-23 07:00:11.094 [info] > git for-each-ref --sort -committerdate --format %(refname) %(objectname) %(*objectname) [6ms]
2025-01-23 07:00:11.158 [info] > git status -z -uall [89ms]
2025-01-23 07:00:16.189 [info] > git config --get commit.template [7ms]
2025-01-23 07:00:16.190 [info] > git for-each-ref --format=%(refname)%00%(upstream:short)%00%(objectname)%00%(upstream:track)%00%(upstream:remotename)%00%(upstream:remoteref) refs/heads/main refs/remotes/main [3ms]
2025-01-23 07:00:16.219 [info] > git for-each-ref --sort -committerdate --format %(refname) %(objectname) %(*objectname) [12ms]
2025-01-23 07:00:16.281 [info] > git status -z -uall [84ms]
2025-01-23 07:00:32.057 [info] > git show --textconv :Backend/app.js [12ms]
2025-01-23 07:00:32.061 [info] > git ls-files --stage -- /home/biswabandita_rout/Backend/app.js [6ms]
2025-01-23 07:00:32.074 [info] > git cat-file -s 4cd5b87a62fb36cdae86aa8dd17a77b64347e098 [3ms]
2025-01-23 07:00:38.293 [info] > git show --textconv :frontend/angular.json [9ms]
2025-01-23 07:00:38.296 [info] > git ls-files --stage -- /home/biswabandita_rout/frontend/angular.json [5ms]
2025-01-23 07:00:38.304 [info] > git cat-file -s 9f80825634e49cbca8f67b6cdabc7b47d6961c8e [2ms]
2025-01-23 07:00:39.033 [info] > git check-ignore -v -z --stdin [7ms]
2025-01-23 07:01:06.255 [info] > git config --get commit.template [12ms]
2025-01-23 07:01:06.257 [info] > git for-each-ref --format=%(refname)%00%(upstream:short)%00%(objectname)%00%(upstream:track)%00%(upstream:remotename)%00%(upstream:remoteref) refs/heads/main refs/remotes/main [3ms]
2025-01-23 07:01:06.295 [info] > git for-each-ref --sort -committerdate --format %(refname) %(objectname) %(*objectname) [8ms]
2025-01-23 07:01:06.355 [info] > git status -z -uall [90ms]
2025-01-23 07:01:11.392 [info] > git for-each-ref --format=%(refname)%00%(upstream:short)%00%(objectname)%00%(upstream:track)%00%(upstream:remotename)%00%(upstream:remoteref) refs/heads/main refs/remotes/main [4ms]
2025-01-23 07:01:11.393 [info] > git config --get commit.template [13ms]
2025-01-23 07:01:11.422 [info] > git for-each-ref --sort -committerdate --format %(refname) %(objectname) %(*objectname) [13ms]
2025-01-23 07:01:11.483 [info] > git status -z -uall [84ms]
2025-01-23 07:01:17.752 [info] > git check-ignore -v -z --stdin [5ms]
2025-01-23 07:01:19.533 [info] > git check-ignore -v -z --stdin [21ms]
2025-01-23 07:01:19.822 [info] > git show --textconv :frontend/src/app/Component/chatbot/chatbot.component.ts [26ms]
2025-01-23 07:01:19.830 [info] > git ls-files --stage -- /home/biswabandita_rout/frontend/src/app/Component/chatbot/chatbot.component.ts [10ms]
2025-01-23 07:01:19.880 [info] > git cat-file -s 41bdf1523383b7caacc0a46448fa0b1548de1783 [25ms]
2025-01-23 07:01:21.300 [info] > git check-ignore -v -z --stdin [11ms]
2025-01-23 07:02:04.167 [info] > git for-each-ref --format=%(refname)%00%(upstream:short)%00%(objectname)%00%(upstream:track)%00%(upstream:remotename)%00%(upstream:remoteref) refs/heads/main refs/remotes/main [4ms]
2025-01-23 07:02:04.168 [info] > git config --get commit.template [13ms]
2025-01-23 07:02:04.202 [info] > git for-each-ref --sort -committerdate --format %(refname) %(objectname) %(*objectname) [4ms]
2025-01-23 07:02:04.260 [info] > git status -z -uall [85ms]
2025-01-23 07:02:09.291 [info] > git config --get commit.template [9ms]
2025-01-23 07:02:09.293 [info] > git for-each-ref --format=%(refname)%00%(upstream:short)%00%(objectname)%00%(upstream:track)%00%(upstream:remotename)%00%(upstream:remoteref) refs/heads/main refs/remotes/main [3ms]
2025-01-23 07:02:09.320 [info] > git for-each-ref --sort -committerdate --format %(refname) %(objectname) %(*objectname) [12ms]
2025-01-23 07:02:09.377 [info] > git status -z -uall [78ms]
2025-01-23 07:02:24.733 [info] > git config --get commit.template [4ms]
2025-01-23 07:02:24.744 [info] > git for-each-ref --format=%(refname)%00%(upstream:short)%00%(objectname)%00%(upstream:track)%00%(upstream:remotename)%00%(upstream:remoteref) refs/heads/main refs/remotes/main [3ms]
2025-01-23 07:02:24.776 [info] > git for-each-ref --sort -committerdate --format %(refname) %(objectname) %(*objectname) [4ms]
2025-01-23 07:02:24.839 [info] > git status -z -uall [86ms]
2025-01-23 07:02:46.205 [info] > git config --get commit.template [12ms]
2025-01-23 07:02:46.206 [info] > git for-each-ref --format=%(refname)%00%(upstream:short)%00%(objectname)%00%(upstream:track)%00%(upstream:remotename)%00%(upstream:remoteref) refs/heads/main refs/remotes/main [4ms]
2025-01-23 07:02:46.236 [info] > git for-each-ref --sort -committerdate --format %(refname) %(objectname) %(*objectname) [8ms]
2025-01-23 07:02:46.299 [info] > git status -z -uall [84ms]
2025-01-23 07:02:51.337 [info] > git config --get commit.template [10ms]
2025-01-23 07:02:51.339 [info] > git for-each-ref --format=%(refname)%00%(upstream:short)%00%(objectname)%00%(upstream:track)%00%(upstream:remotename)%00%(upstream:remoteref) refs/heads/main refs/remotes/main [3ms]
2025-01-23 07:02:51.372 [info] > git for-each-ref --sort -committerdate --format %(refname) %(objectname) %(*objectname) [5ms]
2025-01-23 07:02:51.431 [info] > git status -z -uall [84ms]
2025-01-23 07:07:56.151 [info] > git config --get commit.template [3ms]
2025-01-23 07:07:56.163 [info] > git for-each-ref --format=%(refname)%00%(upstream:short)%00%(objectname)%00%(upstream:track)%00%(upstream:remotename)%00%(upstream:remoteref) refs/heads/main refs/remotes/main [3ms]
2025-01-23 07:07:56.195 [info] > git for-each-ref --sort -committerdate --format %(refname) %(objectname) %(*objectname) [7ms]
2025-01-23 07:07:56.257 [info] > git status -z -uall [86ms]
2025-01-23 07:08:01.317 [info] > git config --get commit.template [17ms]
2025-01-23 07:08:01.322 [info] > git for-each-ref --format=%(refname)%00%(upstream:short)%00%(objectname)%00%(upstream:track)%00%(upstream:remotename)%00%(upstream:remoteref) refs/heads/main refs/remotes/main [7ms]
2025-01-23 07:08:01.391 [info] > git for-each-ref --sort -committerdate --format %(refname) %(objectname) %(*objectname) [5ms]
2025-01-23 07:08:01.753 [info] > git status -z -uall [387ms]
2025-01-23 07:15:43.657 [info] > git config --get commit.template [1ms]
2025-01-23 07:15:43.669 [info] > git for-each-ref --format=%(refname)%00%(upstream:short)%00%(objectname)%00%(upstream:track)%00%(upstream:remotename)%00%(upstream:remoteref) refs/heads/main refs/remotes/main [5ms]
2025-01-23 07:15:43.699 [info] > git for-each-ref --sort -committerdate --format %(refname) %(objectname) %(*objectname) [14ms]
2025-01-23 07:15:43.761 [info] > git status -z -uall [85ms]
2025-01-23 07:15:48.792 [info] > git config --get commit.template [10ms]
2025-01-23 07:15:48.793 [info] > git for-each-ref --format=%(refname)%00%(upstream:short)%00%(objectname)%00%(upstream:track)%00%(upstream:remotename)%00%(upstream:remoteref) refs/heads/main refs/remotes/main [4ms]
2025-01-23 07:15:48.822 [info] > git for-each-ref --sort -committerdate --format %(refname) %(objectname) %(*objectname) [11ms]
2025-01-23 07:15:48.881 [info] > git status -z -uall [80ms]
2025-01-23 07:15:53.908 [info] > git config --get commit.template [4ms]
2025-01-23 07:15:53.916 [info] > git for-each-ref --format=%(refname)%00%(upstream:short)%00%(objectname)%00%(upstream:track)%00%(upstream:remotename)%00%(upstream:remoteref) refs/heads/main refs/remotes/main [2ms]
2025-01-23 07:15:53.944 [info] > git for-each-ref --sort -committerdate --format %(refname) %(objectname) %(*objectname) [7ms]
2025-01-23 07:15:54.001 [info] > git status -z -uall [79ms]
2025-01-23 07:15:59.025 [info] > git config --get commit.template [8ms]
2025-01-23 07:15:59.027 [info] > git for-each-ref --format=%(refname)%00%(upstream:short)%00%(objectname)%00%(upstream:track)%00%(upstream:remotename)%00%(upstream:remoteref) refs/heads/main refs/remotes/main [3ms]
2025-01-23 07:15:59.057 [info] > git for-each-ref --sort -committerdate --format %(refname) %(objectname) %(*objectname) [6ms]
2025-01-23 07:15:59.118 [info] > git status -z -uall [84ms]
2025-01-23 07:17:13.323 [info] > git config --get commit.template [9ms]
2025-01-23 07:17:13.339 [info] > git for-each-ref --format=%(refname)%00%(upstream:short)%00%(objectname)%00%(upstream:track)%00%(upstream:remotename)%00%(upstream:remoteref) refs/heads/main refs/remotes/main [3ms]
2025-01-23 07:17:13.372 [info] > git for-each-ref --sort -committerdate --format %(refname) %(objectname) %(*objectname) [7ms]
2025-01-23 07:17:13.433 [info] > git status -z -uall [85ms]
2025-01-23 07:18:06.066 [info] > git config --get commit.template [4ms]
2025-01-23 07:18:06.080 [info] > git for-each-ref --format=%(refname)%00%(upstream:short)%00%(objectname)%00%(upstream:track)%00%(upstream:remotename)%00%(upstream:remoteref) refs/heads/main refs/remotes/main [2ms]
2025-01-23 07:18:06.118 [info] > git for-each-ref --sort -committerdate --format %(refname) %(objectname) %(*objectname) [6ms]
2025-01-23 07:18:06.179 [info] > git status -z -uall [90ms]
2025-01-23 07:18:11.214 [info] > git config --get commit.template [9ms]
2025-01-23 07:18:11.217 [info] > git for-each-ref --format=%(refname)%00%(upstream:short)%00%(objectname)%00%(upstream:track)%00%(upstream:remotename)%00%(upstream:remoteref) refs/heads/main refs/remotes/main [3ms]
2025-01-23 07:18:11.244 [info] > git for-each-ref --sort -committerdate --format %(refname) %(objectname) %(*objectname) [13ms]
2025-01-23 07:18:11.306 [info] > git status -z -uall [82ms]
2025-01-23 07:18:16.381 [info] > git config --get commit.template [11ms]
2025-01-23 07:18:16.396 [info] > git for-each-ref --format=%(refname)%00%(upstream:short)%00%(objectname)%00%(upstream:track)%00%(upstream:remotename)%00%(upstream:remoteref) refs/heads/main refs/remotes/main [16ms]
2025-01-23 07:18:16.731 [info] > git for-each-ref --sort -committerdate --format %(refname) %(objectname) %(*objectname) [12ms]
2025-01-23 07:18:17.520 [info] > git status -z -uall [1114ms]
2025-01-23 07:18:36.541 [info] > git config --get commit.template [3ms]
2025-01-23 07:18:36.550 [info] > git for-each-ref --format=%(refname)%00%(upstream:short)%00%(objectname)%00%(upstream:track)%00%(upstream:remotename)%00%(upstream:remoteref) refs/heads/main refs/remotes/main [2ms]
2025-01-23 07:18:36.578 [info] > git for-each-ref --sort -committerdate --format %(refname) %(objectname) %(*objectname) [6ms]
2025-01-23 07:18:36.637 [info] > git status -z -uall [79ms]
2025-01-23 07:20:04.873 [info] > git config --get commit.template [4ms]
2025-01-23 07:20:04.886 [info] > git for-each-ref --format=%(refname)%00%(upstream:short)%00%(objectname)%00%(upstream:track)%00%(upstream:remotename)%00%(upstream:remoteref) refs/heads/main refs/remotes/main [3ms]
2025-01-23 07:20:04.923 [info] > git for-each-ref --sort -committerdate --format %(refname) %(objectname) %(*objectname) [4ms]
2025-01-23 07:20:04.992 [info] > git status -z -uall [98ms]
2025-01-23 07:20:08.996 [info] > git check-ignore -v -z --stdin [5ms]
2025-01-23 07:20:09.114 [info] > git show --textconv :frontend/angular.json [11ms]
2025-01-23 07:20:09.118 [info] > git ls-files --stage -- /home/biswabandita_rout/frontend/angular.json [6ms]
2025-01-23 07:20:09.128 [info] > git cat-file -s 9f80825634e49cbca8f67b6cdabc7b47d6961c8e [2ms]
2025-01-23 07:20:10.022 [info] > git config --get commit.template [4ms]
2025-01-23 07:20:10.031 [info] > git for-each-ref --format=%(refname)%00%(upstream:short)%00%(objectname)%00%(upstream:track)%00%(upstream:remotename)%00%(upstream:remoteref) refs/heads/main refs/remotes/main [2ms]
2025-01-23 07:20:10.060 [info] > git for-each-ref --sort -committerdate --format %(refname) %(objectname) %(*objectname) [12ms]
2025-01-23 07:20:10.124 [info] > git status -z -uall [86ms]
2025-01-23 07:20:11.774 [info] > git show --textconv :Backend/src/routes/apiRoutes.js [10ms]
2025-01-23 07:20:11.780 [info] > git ls-files --stage -- /home/biswabandita_rout/Backend/src/routes/apiRoutes.js [7ms]
2025-01-23 07:20:11.793 [info] > git cat-file -s 51620a5705f971a113907264f953501ab423f26e [5ms]
2025-01-23 07:20:12.006 [info] > git check-ignore -v -z --stdin [5ms]
2025-01-23 07:20:34.716 [info] > git config --get commit.template [2ms]
2025-01-23 07:20:34.726 [info] > git for-each-ref --format=%(refname)%00%(upstream:short)%00%(objectname)%00%(upstream:track)%00%(upstream:remotename)%00%(upstream:remoteref) refs/heads/main refs/remotes/main [3ms]
2025-01-23 07:20:34.755 [info] > git for-each-ref --sort -committerdate --format %(refname) %(objectname) %(*objectname) [11ms]
2025-01-23 07:20:34.822 [info] > git status -z -uall [87ms]
2025-01-23 07:21:12.768 [info] > git config --get commit.template [9ms]
2025-01-23 07:21:12.770 [info] > git for-each-ref --format=%(refname)%00%(upstream:short)%00%(objectname)%00%(upstream:track)%00%(upstream:remotename)%00%(upstream:remoteref) refs/heads/main refs/remotes/main [3ms]
2025-01-23 07:21:12.806 [info] > git for-each-ref --sort -committerdate --format %(refname) %(objectname) %(*objectname) [5ms]
2025-01-23 07:21:12.863 [info] > git status -z -uall [85ms]
2025-01-23 07:24:15.298 [info] > git config --get commit.template [9ms]
2025-01-23 07:24:15.299 [info] > git for-each-ref --format=%(refname)%00%(upstream:short)%00%(objectname)%00%(upstream:track)%00%(upstream:remotename)%00%(upstream:remoteref) refs/heads/main refs/remotes/main [3ms]
2025-01-23 07:24:15.322 [info] > git for-each-ref --sort -committerdate --format %(refname) %(objectname) %(*objectname) [8ms]
2025-01-23 07:24:15.392 [info] > git status -z -uall [87ms]
2025-01-23 07:24:20.424 [info] > git config --get commit.template [12ms]
2025-01-23 07:24:20.424 [info] > git for-each-ref --format=%(refname)%00%(upstream:short)%00%(objectname)%00%(upstream:track)%00%(upstream:remotename)%00%(upstream:remoteref) refs/heads/main refs/remotes/main [4ms]
2025-01-23 07:24:20.458 [info] > git for-each-ref --sort -committerdate --format %(refname) %(objectname) %(*objectname) [8ms]
2025-01-23 07:24:20.519 [info] > git status -z -uall [85ms]
2025-01-23 07:24:22.993 [info] > git show --textconv :frontend/src/app/services/chat-service.service.ts [10ms]
2025-01-23 07:24:22.997 [info] > git ls-files --stage -- /home/biswabandita_rout/frontend/src/app/services/chat-service.service.ts [5ms]
2025-01-23 07:24:23.005 [info] > git cat-file -s 4bc2d728ba14178f09cc05eceb11598b336e8e2c [3ms]
2025-01-23 07:24:24.058 [info] > git check-ignore -v -z --stdin [5ms]
2025-01-23 07:24:25.547 [info] > git config --get commit.template [7ms]
2025-01-23 07:24:25.549 [info] > git for-each-ref --format=%(refname)%00%(upstream:short)%00%(objectname)%00%(upstream:track)%00%(upstream:remotename)%00%(upstream:remoteref) refs/heads/main refs/remotes/main [3ms]
2025-01-23 07:24:25.579 [info] > git for-each-ref --sort -committerdate --format %(refname) %(objectname) %(*objectname) [11ms]
2025-01-23 07:24:25.645 [info] > git status -z -uall [89ms]
2025-01-23 07:24:30.667 [info] > git config --get commit.template [8ms]
2025-01-23 07:24:30.669 [info] > git for-each-ref --format=%(refname)%00%(upstream:short)%00%(objectname)%00%(upstream:track)%00%(upstream:remotename)%00%(upstream:remoteref) refs/heads/main refs/remotes/main [3ms]
2025-01-23 07:24:30.695 [info] > git for-each-ref --sort -committerdate --format %(refname) %(objectname) %(*objectname) [12ms]
2025-01-23 07:24:30.751 [info] > git status -z -uall [76ms]
2025-01-23 07:26:12.107 [info] > git config --get commit.template [13ms]
2025-01-23 07:26:12.108 [info] > git for-each-ref --format=%(refname)%00%(upstream:short)%00%(objectname)%00%(upstream:track)%00%(upstream:remotename)%00%(upstream:remoteref) refs/heads/main refs/remotes/main [3ms]
2025-01-23 07:26:12.146 [info] > git for-each-ref --sort -committerdate --format %(refname) %(objectname) %(*objectname) [7ms]
2025-01-23 07:26:12.234 [info] > git status -z -uall [116ms]
2025-01-23 07:26:13.867 [info] > git show --textconv :frontend/src/app/Component/chatbot/chatbot.component.ts [10ms]
2025-01-23 07:26:13.870 [info] > git ls-files --stage -- /home/biswabandita_rout/frontend/src/app/Component/chatbot/chatbot.component.ts [5ms]
2025-01-23 07:26:13.878 [info] > git cat-file -s 41bdf1523383b7caacc0a46448fa0b1548de1783 [2ms]
2025-01-23 07:26:17.272 [info] > git config --get commit.template [9ms]
2025-01-23 07:26:17.273 [info] > git for-each-ref --format=%(refname)%00%(upstream:short)%00%(objectname)%00%(upstream:track)%00%(upstream:remotename)%00%(upstream:remoteref) refs/heads/main refs/remotes/main [3ms]
2025-01-23 07:26:17.307 [info] > git for-each-ref --sort -committerdate --format %(refname) %(objectname) %(*objectname) [5ms]
2025-01-23 07:26:17.364 [info] > git status -z -uall [83ms]
2025-01-23 07:26:55.839 [info] > git ls-files --stage -- /home/biswabandita_rout/frontend/src/app/Component/chatbot/chatbot.component.html [9ms]
2025-01-23 07:26:55.850 [info] > git show --textconv :frontend/src/app/Component/chatbot/chatbot.component.html [30ms]
2025-01-23 07:26:55.866 [info] > git cat-file -s de7c2bfce6f2d03977784116ac6b212e191d5624 [17ms]
2025-01-23 07:27:06.709 [info] > git show --textconv :frontend/src/app/Component/chatbot/chatbot.component.ts [13ms]
2025-01-23 07:27:06.714 [info] > git ls-files --stage -- /home/biswabandita_rout/frontend/src/app/Component/chatbot/chatbot.component.ts [7ms]
2025-01-23 07:27:06.724 [info] > git cat-file -s 41bdf1523383b7caacc0a46448fa0b1548de1783 [2ms]
2025-01-23 07:27:45.354 [info] > git config --get commit.template [10ms]
2025-01-23 07:27:45.357 [info] > git for-each-ref --format=%(refname)%00%(upstream:short)%00%(objectname)%00%(upstream:track)%00%(upstream:remotename)%00%(upstream:remoteref) refs/heads/main refs/remotes/main [4ms]
2025-01-23 07:27:45.388 [info] > git for-each-ref --sort -committerdate --format %(refname) %(objectname) %(*objectname) [15ms]
2025-01-23 07:27:45.447 [info] > git status -z -uall [84ms]
2025-01-23 07:29:45.850 [info] > git show --textconv :Backend/src/routes/apiRoutes.js [13ms]
2025-01-23 07:29:45.852 [info] > git ls-files --stage -- /home/biswabandita_rout/Backend/src/routes/apiRoutes.js [6ms]
2025-01-23 07:29:45.864 [info] > git cat-file -s 51620a5705f971a113907264f953501ab423f26e [5ms]
2025-01-23 07:31:14.350 [info] > git show --textconv :frontend/src/app/services/chat-service.service.ts [14ms]
2025-01-23 07:31:14.354 [info] > git ls-files --stage -- /home/biswabandita_rout/frontend/src/app/services/chat-service.service.ts [6ms]
2025-01-23 07:31:14.364 [info] > git cat-file -s 4bc2d728ba14178f09cc05eceb11598b336e8e2c [2ms]
2025-01-23 07:31:16.253 [info] > git show --textconv :frontend/src/app/Component/chatbot/chatbot.component.html [10ms]
2025-01-23 07:31:16.257 [info] > git ls-files --stage -- /home/biswabandita_rout/frontend/src/app/Component/chatbot/chatbot.component.html [4ms]
2025-01-23 07:31:16.265 [info] > git cat-file -s de7c2bfce6f2d03977784116ac6b212e191d5624 [2ms]
2025-01-23 07:31:16.588 [info] > git check-ignore -v -z --stdin [4ms]
2025-01-23 07:31:19.078 [info] > git show --textconv :frontend/src/app/Component/chatbot/chatbot.component.ts [15ms]
2025-01-23 07:31:19.082 [info] > git ls-files --stage -- /home/biswabandita_rout/frontend/src/app/Component/chatbot/chatbot.component.ts [5ms]
2025-01-23 07:31:19.090 [info] > git cat-file -s 41bdf1523383b7caacc0a46448fa0b1548de1783 [2ms]
2025-01-23 07:32:49.540 [info] > git config --get commit.template [9ms]
2025-01-23 07:32:49.542 [info] > git for-each-ref --format=%(refname)%00%(upstream:short)%00%(objectname)%00%(upstream:track)%00%(upstream:remotename)%00%(upstream:remoteref) refs/heads/main refs/remotes/main [4ms]
2025-01-23 07:32:49.571 [info] > git for-each-ref --sort -committerdate --format %(refname) %(objectname) %(*objectname) [11ms]
2025-01-23 07:32:49.629 [info] > git status -z -uall [81ms]
2025-01-23 07:32:51.781 [info] > git show --textconv :Backend/src/routes/apiRoutes.js [12ms]
2025-01-23 07:32:51.784 [info] > git ls-files --stage -- /home/biswabandita_rout/Backend/src/routes/apiRoutes.js [6ms]
2025-01-23 07:32:51.794 [info] > git cat-file -s 51620a5705f971a113907264f953501ab423f26e [3ms]
2025-01-23 07:32:54.655 [info] > git config --get commit.template [4ms]
2025-01-23 07:32:54.663 [info] > git for-each-ref --format=%(refname)%00%(upstream:short)%00%(objectname)%00%(upstream:track)%00%(upstream:remotename)%00%(upstream:remoteref) refs/heads/main refs/remotes/main [2ms]
2025-01-23 07:32:54.691 [info] > git for-each-ref --sort -committerdate --format %(refname) %(objectname) %(*objectname) [5ms]
2025-01-23 07:32:54.749 [info] > git status -z -uall [79ms]
2025-01-23 07:33:01.292 [info] > git show --textconv :frontend/src/app/Component/chatbot/chatbot.component.ts [9ms]
2025-01-23 07:33:01.296 [info] > git ls-files --stage -- /home/biswabandita_rout/frontend/src/app/Component/chatbot/chatbot.component.ts [5ms]
2025-01-23 07:33:01.304 [info] > git cat-file -s 41bdf1523383b7caacc0a46448fa0b1548de1783 [2ms]
2025-01-23 07:38:39.398 [info] > git config --get commit.template [12ms]
2025-01-23 07:38:39.400 [info] > git for-each-ref --format=%(refname)%00%(upstream:short)%00%(objectname)%00%(upstream:track)%00%(upstream:remotename)%00%(upstream:remoteref) refs/heads/main refs/remotes/main [3ms]
2025-01-23 07:38:39.434 [info] > git for-each-ref --sort -committerdate --format %(refname) %(objectname) %(*objectname) [19ms]
2025-01-23 07:38:39.505 [info] > git status -z -uall [99ms]
2025-01-23 07:38:44.612 [info] > git config --get commit.template [4ms]
2025-01-23 07:38:44.624 [info] > git for-each-ref --format=%(refname)%00%(upstream:short)%00%(objectname)%00%(upstream:track)%00%(upstream:remotename)%00%(upstream:remoteref) refs/heads/main refs/remotes/main [2ms]
2025-01-23 07:38:44.654 [info] > git for-each-ref --sort -committerdate --format %(refname) %(objectname) %(*objectname) [11ms]
2025-01-23 07:38:44.719 [info] > git status -z -uall [87ms]
2025-01-23 07:44:05.570 [info] > git config --get commit.template [11ms]
2025-01-23 07:44:05.571 [info] > git for-each-ref --format=%(refname)%00%(upstream:short)%00%(objectname)%00%(upstream:track)%00%(upstream:remotename)%00%(upstream:remoteref) refs/heads/main refs/remotes/main [3ms]
2025-01-23 07:44:05.610 [info] > git for-each-ref --sort -committerdate --format %(refname) %(objectname) %(*objectname) [10ms]
2025-01-23 07:44:05.664 [info] > git status -z -uall [86ms]
2025-01-23 07:44:07.334 [info] > git show --textconv :Backend/src/routes/apiRoutes.js [8ms]
2025-01-23 07:44:07.336 [info] > git ls-files --stage -- /home/biswabandita_rout/Backend/src/routes/apiRoutes.js [5ms]
2025-01-23 07:44:07.345 [info] > git cat-file -s 51620a5705f971a113907264f953501ab423f26e [2ms]
2025-01-23 07:44:10.694 [info] > git config --get commit.template [8ms]
2025-01-23 07:44:10.695 [info] > git for-each-ref --format=%(refname)%00%(upstream:short)%00%(objectname)%00%(upstream:track)%00%(upstream:remotename)%00%(upstream:remoteref) refs/heads/main refs/remotes/main [3ms]
2025-01-23 07:44:10.724 [info] > git for-each-ref --sort -committerdate --format %(refname) %(objectname) %(*objectname) [5ms]
2025-01-23 07:44:10.781 [info] > git status -z -uall [80ms]
2025-01-23 07:44:31.593 [info] > git config --get commit.template [8ms]
2025-01-23 07:44:31.594 [info] > git for-each-ref --format=%(refname)%00%(upstream:short)%00%(objectname)%00%(upstream:track)%00%(upstream:remotename)%00%(upstream:remoteref) refs/heads/main refs/remotes/main [2ms]
2025-01-23 07:44:31.622 [info] > git for-each-ref --sort -committerdate --format %(refname) %(objectname) %(*objectname) [12ms]
2025-01-23 07:44:31.682 [info] > git status -z -uall [81ms]
2025-01-23 07:44:36.712 [info] > git config --get commit.template [9ms]
2025-01-23 07:44:36.714 [info] > git for-each-ref --format=%(refname)%00%(upstream:short)%00%(objectname)%00%(upstream:track)%00%(upstream:remotename)%00%(upstream:remoteref) refs/heads/main refs/remotes/main [3ms]
2025-01-23 07:44:36.746 [info] > git for-each-ref --sort -committerdate --format %(refname) %(objectname) %(*objectname) [5ms]
2025-01-23 07:44:36.810 [info] > git status -z -uall [88ms]
2025-01-23 07:44:42.940 [info] > git show --textconv :frontend/Dockerfile [13ms]
2025-01-23 07:44:42.943 [info] > git ls-files --stage -- /home/biswabandita_rout/frontend/Dockerfile [4ms]
2025-01-23 07:44:44.427 [info] > git show --textconv :Backend/src/routes/apiRoutes.js [14ms]
2025-01-23 07:44:44.428 [info] > git ls-files --stage -- /home/biswabandita_rout/Backend/src/routes/apiRoutes.js [7ms]
2025-01-23 07:44:44.438 [info] > git cat-file -s 51620a5705f971a113907264f953501ab423f26e [2ms]
2025-01-23 07:44:52.777 [info] > git check-ignore -v -z --stdin [5ms]
2025-01-23 07:44:56.626 [info] > git config --get commit.template [4ms]
2025-01-23 07:44:56.639 [info] > git for-each-ref --format=%(refname)%00%(upstream:short)%00%(objectname)%00%(upstream:track)%00%(upstream:remotename)%00%(upstream:remoteref) refs/heads/main refs/remotes/main [3ms]
2025-01-23 07:44:56.673 [info] > git for-each-ref --sort -committerdate --format %(refname) %(objectname) %(*objectname) [5ms]
2025-01-23 07:44:56.739 [info] > git status -z -uall [92ms]
2025-01-23 07:45:02.234 [info] > git check-ignore -v -z --stdin [5ms]
2025-01-23 07:45:03.693 [info] > git show --textconv :frontend/src/environments/environment.ts [9ms]
2025-01-23 07:45:03.696 [info] > git ls-files --stage -- /home/biswabandita_rout/frontend/src/environments/environment.ts [5ms]
2025-01-23 07:45:03.706 [info] > git cat-file -s a0cae17ff3d9ea9b6367a39719738d1b5fd904d7 [3ms]
2025-01-23 07:45:28.888 [info] > git show --textconv :frontend/src/app/services/chat-service.service.ts [10ms]
2025-01-23 07:45:28.892 [info] > git ls-files --stage -- /home/biswabandita_rout/frontend/src/app/services/chat-service.service.ts [5ms]
2025-01-23 07:45:28.901 [info] > git cat-file -s 4bc2d728ba14178f09cc05eceb11598b336e8e2c [3ms]
2025-01-23 07:45:30.399 [info] > git show --textconv :Backend/src/routes/apiRoutes.js [16ms]
2025-01-23 07:45:30.401 [info] > git ls-files --stage -- /home/biswabandita_rout/Backend/src/routes/apiRoutes.js [8ms]
2025-01-23 07:45:30.411 [info] > git cat-file -s 51620a5705f971a113907264f953501ab423f26e [2ms]
2025-01-23 07:46:32.396 [info] > git show --textconv :frontend/src/app/Component/chatbot/chatbot.component.ts [15ms]
2025-01-23 07:46:32.403 [info] > git ls-files --stage -- /home/biswabandita_rout/frontend/src/app/Component/chatbot/chatbot.component.ts [9ms]
2025-01-23 07:46:32.411 [info] > git cat-file -s 41bdf1523383b7caacc0a46448fa0b1548de1783 [2ms]
2025-01-23 07:46:59.607 [info] > git check-ignore -v -z --stdin [5ms]
2025-01-23 07:47:15.002 [info] > git config --get commit.template [10ms]
2025-01-23 07:47:15.004 [info] > git for-each-ref --format=%(refname)%00%(upstream:short)%00%(objectname)%00%(upstream:track)%00%(upstream:remotename)%00%(upstream:remoteref) refs/heads/main refs/remotes/main [3ms]
2025-01-23 07:47:15.040 [info] > git for-each-ref --sort -committerdate --format %(refname) %(objectname) %(*objectname) [5ms]
2025-01-23 07:47:15.098 [info] > git status -z -uall [84ms]
2025-01-23 07:47:17.809 [info] > git show --textconv :Backend/src/routes/apiRoutes.js [12ms]
2025-01-23 07:47:17.812 [info] > git ls-files --stage -- /home/biswabandita_rout/Backend/src/routes/apiRoutes.js [6ms]
2025-01-23 07:47:17.822 [info] > git cat-file -s 51620a5705f971a113907264f953501ab423f26e [2ms]
2025-01-23 07:48:02.271 [info] > git show --textconv :frontend/src/app/Component/chatbot/chatbot.component.ts [16ms]
2025-01-23 07:48:02.278 [info] > git ls-files --stage -- /home/biswabandita_rout/frontend/src/app/Component/chatbot/chatbot.component.ts [10ms]
2025-01-23 07:48:02.302 [info] > git cat-file -s 41bdf1523383b7caacc0a46448fa0b1548de1783 [9ms]
2025-01-23 07:48:13.376 [info] > git show --textconv :Backend/src/routes/apiRoutes.js [12ms]
2025-01-23 07:48:13.381 [info] > git ls-files --stage -- /home/biswabandita_rout/Backend/src/routes/apiRoutes.js [6ms]
2025-01-23 07:48:13.394 [info] > git cat-file -s 51620a5705f971a113907264f953501ab423f26e [5ms]
2025-01-23 07:48:19.823 [info] > git config --get commit.template [8ms]
2025-01-23 07:48:19.825 [info] > git for-each-ref --format=%(refname)%00%(upstream:short)%00%(objectname)%00%(upstream:track)%00%(upstream:remotename)%00%(upstream:remoteref) refs/heads/main refs/remotes/main [3ms]
2025-01-23 07:48:19.854 [info] > git for-each-ref --sort -committerdate --format %(refname) %(objectname) %(*objectname) [8ms]
2025-01-23 07:48:19.914 [info] > git status -z -uall [82ms]
2025-01-23 07:48:23.464 [info] > git show --textconv :frontend/src/app/Component/chatbot/chatbot.component.ts [9ms]
2025-01-23 07:48:23.468 [info] > git ls-files --stage -- /home/biswabandita_rout/frontend/src/app/Component/chatbot/chatbot.component.ts [5ms]
2025-01-23 07:48:23.477 [info] > git cat-file -s 41bdf1523383b7caacc0a46448fa0b1548de1783 [2ms]
2025-01-23 07:49:27.396 [info] > git config --get commit.template [32ms]
2025-01-23 07:49:27.400 [info] > git for-each-ref --format=%(refname)%00%(upstream:short)%00%(objectname)%00%(upstream:track)%00%(upstream:remotename)%00%(upstream:remoteref) refs/heads/main refs/remotes/main [5ms]
2025-01-23 07:49:27.437 [info] > git for-each-ref --sort -committerdate --format %(refname) %(objectname) %(*objectname) [15ms]
2025-01-23 07:49:27.766 [info] > git status -z -uall [360ms]
2025-01-23 07:49:32.790 [info] > git config --get commit.template [3ms]
2025-01-23 07:49:32.799 [info] > git for-each-ref --format=%(refname)%00%(upstream:short)%00%(objectname)%00%(upstream:track)%00%(upstream:remotename)%00%(upstream:remoteref) refs/heads/main refs/remotes/main [3ms]
2025-01-23 07:49:32.826 [info] > git for-each-ref --sort -committerdate --format %(refname) %(objectname) %(*objectname) [12ms]
2025-01-23 07:49:32.885 [info] > git status -z -uall [80ms]
2025-01-23 07:54:09.841 [info] > git for-each-ref --format=%(refname)%00%(upstream:short)%00%(objectname)%00%(upstream:track)%00%(upstream:remotename)%00%(upstream:remoteref) refs/heads/main refs/remotes/main [4ms]
2025-01-23 07:54:09.842 [info] > git config --get commit.template [28ms]
2025-01-23 07:54:09.908 [info] > git for-each-ref --sort -committerdate --format %(refname) %(objectname) %(*objectname) [5ms]
2025-01-23 07:54:09.955 [info] > git status -z -uall [92ms]
2025-01-23 07:54:15.012 [info] > git config --get commit.template [18ms]
2025-01-23 07:54:15.014 [info] > git for-each-ref --format=%(refname)%00%(upstream:short)%00%(objectname)%00%(upstream:track)%00%(upstream:remotename)%00%(upstream:remoteref) refs/heads/main refs/remotes/main [3ms]
2025-01-23 07:54:15.068 [info] > git for-each-ref --sort -committerdate --format %(refname) %(objectname) %(*objectname) [4ms]
2025-01-23 07:54:15.121 [info] > git status -z -uall [91ms]
2025-01-23 07:55:17.885 [info] > git show --textconv :frontend/src/app/services/chat-service.service.ts [22ms]
2025-01-23 07:55:17.888 [info] > git ls-files --stage -- /home/biswabandita_rout/frontend/src/app/services/chat-service.service.ts [5ms]
2025-01-23 07:55:17.908 [info] > git cat-file -s 4bc2d728ba14178f09cc05eceb11598b336e8e2c [4ms]
2025-01-23 07:55:18.168 [info] > git check-ignore -v -z --stdin [5ms]
2025-01-23 07:55:44.940 [info] > git show --textconv :frontend/src/app/Component/chatbot/chatbot.component.ts [27ms]
2025-01-23 07:55:44.943 [info] > git ls-files --stage -- /home/biswabandita_rout/frontend/src/app/Component/chatbot/chatbot.component.ts [6ms]
2025-01-23 07:55:44.969 [info] > git cat-file -s 41bdf1523383b7caacc0a46448fa0b1548de1783 [4ms]
2025-01-23 07:55:48.335 [info] > git show --textconv :frontend/src/app/services/chat-service.service.ts [28ms]
2025-01-23 07:55:48.347 [info] > git ls-files --stage -- /home/biswabandita_rout/frontend/src/app/services/chat-service.service.ts [14ms]
2025-01-23 07:55:48.379 [info] > git cat-file -s 4bc2d728ba14178f09cc05eceb11598b336e8e2c [6ms]
2025-01-23 07:55:54.156 [info] > git config --get commit.template [18ms]
2025-01-23 07:55:54.158 [info] > git for-each-ref --format=%(refname)%00%(upstream:short)%00%(objectname)%00%(upstream:track)%00%(upstream:remotename)%00%(upstream:remoteref) refs/heads/main refs/remotes/main [3ms]
2025-01-23 07:55:54.209 [info] > git for-each-ref --sort -committerdate --format %(refname) %(objectname) %(*objectname) [4ms]
2025-01-23 07:55:54.259 [info] > git status -z -uall [86ms]
2025-01-23 07:58:01.883 [info] > git config --get commit.template [3ms]
2025-01-23 07:58:01.904 [info] > git for-each-ref --format=%(refname)%00%(upstream:short)%00%(objectname)%00%(upstream:track)%00%(upstream:remotename)%00%(upstream:remoteref) refs/heads/main refs/remotes/main [4ms]
2025-01-23 07:58:01.957 [info] > git for-each-ref --sort -committerdate --format %(refname) %(objectname) %(*objectname) [4ms]
2025-01-23 07:58:02.009 [info] > git status -z -uall [88ms]
2025-01-23 07:58:03.524 [info] > git show --textconv :frontend/src/app/Component/chatbot/chatbot.component.ts [22ms]
2025-01-23 07:58:03.528 [info] > git ls-files --stage -- /home/biswabandita_rout/frontend/src/app/Component/chatbot/chatbot.component.ts [6ms]
2025-01-23 07:58:03.547 [info] > git cat-file -s 41bdf1523383b7caacc0a46448fa0b1548de1783 [2ms]
2025-01-23 07:58:07.071 [info] > git config --get commit.template [22ms]
2025-01-23 07:58:07.072 [info] > git for-each-ref --format=%(refname)%00%(upstream:short)%00%(objectname)%00%(upstream:track)%00%(upstream:remotename)%00%(upstream:remoteref) refs/heads/main refs/remotes/main [3ms]
2025-01-23 07:58:07.138 [info] > git for-each-ref --sort -committerdate --format %(refname) %(objectname) %(*objectname) [6ms]
2025-01-23 07:58:07.186 [info] > git status -z -uall [91ms]
2025-01-23 08:01:09.211 [info] > git config --get commit.template [3ms]
2025-01-23 08:01:09.238 [info] > git for-each-ref --format=%(refname)%00%(upstream:short)%00%(objectname)%00%(upstream:track)%00%(upstream:remotename)%00%(upstream:remoteref) refs/heads/main refs/remotes/main [3ms]
2025-01-23 08:01:09.312 [info] > git for-each-ref --sort -committerdate --format %(refname) %(objectname) %(*objectname) [11ms]
2025-01-23 08:01:09.359 [info] > git status -z -uall [100ms]
2025-01-23 08:01:14.426 [info] > git config --get commit.template [26ms]
2025-01-23 08:01:14.426 [info] > git for-each-ref --format=%(refname)%00%(upstream:short)%00%(objectname)%00%(upstream:track)%00%(upstream:remotename)%00%(upstream:remoteref) refs/heads/main refs/remotes/main [4ms]
2025-01-23 08:01:14.499 [info] > git for-each-ref --sort -committerdate --format %(refname) %(objectname) %(*objectname) [6ms]
2025-01-23 08:01:14.551 [info] > git status -z -uall [102ms]
2025-01-23 08:05:39.952 [info] > git config --get commit.template [3ms]
2025-01-23 08:05:39.973 [info] > git for-each-ref --format=%(refname)%00%(upstream:short)%00%(objectname)%00%(upstream:track)%00%(upstream:remotename)%00%(upstream:remoteref) refs/heads/main refs/remotes/main [5ms]
2025-01-23 08:05:40.028 [info] > git for-each-ref --sort -committerdate --format %(refname) %(objectname) %(*objectname) [6ms]
2025-01-23 08:05:40.090 [info] > git status -z -uall [101ms]
2025-01-23 08:05:40.186 [info] > git show --textconv :Backend/src/routes/apiRoutes.js [19ms]
2025-01-23 08:05:40.190 [info] > git ls-files --stage -- /home/biswabandita_rout/Backend/src/routes/apiRoutes.js [5ms]
2025-01-23 08:05:40.263 [info] > git cat-file -s 51620a5705f971a113907264f953501ab423f26e [58ms]
2025-01-23 08:17:12.118 [info] > git config --get commit.template [66ms]
2025-01-23 08:17:12.184 [info] > git for-each-ref --format=%(refname)%00%(upstream:short)%00%(objectname)%00%(upstream:track)%00%(upstream:remotename)%00%(upstream:remoteref) refs/heads/main refs/remotes/main [4ms]
2025-01-23 08:17:12.302 [info] > git show --textconv :frontend/src/app/Component/chatbot/chatbot.component.ts [35ms]
2025-01-23 08:17:12.303 [info] > git for-each-ref --sort -committerdate --format %(refname) %(objectname) %(*objectname) [60ms]
2025-01-23 08:17:12.306 [info] > git ls-files --stage -- /home/biswabandita_rout/frontend/src/app/Component/chatbot/chatbot.component.ts [10ms]
2025-01-23 08:17:12.334 [info] > git cat-file -s 41bdf1523383b7caacc0a46448fa0b1548de1783 [6ms]
2025-01-23 08:17:12.587 [info] > git status -z -uall [381ms]
2025-01-23 08:17:17.649 [info] > git config --get commit.template [24ms]
2025-01-23 08:17:17.651 [info] > git for-each-ref --format=%(refname)%00%(upstream:short)%00%(objectname)%00%(upstream:track)%00%(upstream:remotename)%00%(upstream:remoteref) refs/heads/main refs/remotes/main [4ms]
2025-01-23 08:17:17.713 [info] > git for-each-ref --sort -committerdate --format %(refname) %(objectname) %(*objectname) [4ms]
2025-01-23 08:17:17.764 [info] > git status -z -uall [91ms]
2025-01-23 08:17:22.814 [info] > git config --get commit.template [18ms]
2025-01-23 08:17:22.816 [info] > git for-each-ref --format=%(refname)%00%(upstream:short)%00%(objectname)%00%(upstream:track)%00%(upstream:remotename)%00%(upstream:remoteref) refs/heads/main refs/remotes/main [3ms]
2025-01-23 08:17:22.870 [info] > git for-each-ref --sort -committerdate --format %(refname) %(objectname) %(*objectname) [3ms]
2025-01-23 08:17:22.929 [info] > git status -z -uall [97ms]
2025-01-23 08:17:34.983 [info] > git config --get commit.template [19ms]
2025-01-23 08:17:34.985 [info] > git for-each-ref --format=%(refname)%00%(upstream:short)%00%(objectname)%00%(upstream:track)%00%(upstream:remotename)%00%(upstream:remoteref) refs/heads/main refs/remotes/main [2ms]
2025-01-23 08:17:35.046 [info] > git for-each-ref --sort -committerdate --format %(refname) %(objectname) %(*objectname) [6ms]
2025-01-23 08:17:35.090 [info] > git status -z -uall [89ms]
2025-01-23 08:17:37.598 [info] > git ls-files --stage -- /home/biswabandita_rout/Backend/app.js [7ms]
2025-01-23 08:17:37.615 [info] > git show --textconv :Backend/app.js [42ms]
2025-01-23 08:17:37.617 [info] > git cat-file -s 4cd5b87a62fb36cdae86aa8dd17a77b64347e098 [3ms]
2025-01-23 08:17:40.146 [info] > git config --get commit.template [23ms]
2025-01-23 08:17:40.148 [info] > git for-each-ref --format=%(refname)%00%(upstream:short)%00%(objectname)%00%(upstream:track)%00%(upstream:remotename)%00%(upstream:remoteref) refs/heads/main refs/remotes/main [3ms]
2025-01-23 08:17:40.220 [info] > git for-each-ref --sort -committerdate --format %(refname) %(objectname) %(*objectname) [5ms]
2025-01-23 08:17:40.267 [info] > git status -z -uall [93ms]
2025-01-23 08:17:50.094 [info] > git config --get commit.template [20ms]
2025-01-23 08:17:50.097 [info] > git for-each-ref --format=%(refname)%00%(upstream:short)%00%(objectname)%00%(upstream:track)%00%(upstream:remotename)%00%(upstream:remoteref) refs/heads/main refs/remotes/main [4ms]
2025-01-23 08:17:50.225 [info] > git for-each-ref --sort -committerdate --format %(refname) %(objectname) %(*objectname) [68ms]
2025-01-23 08:17:50.251 [info] > git status -z -uall [131ms]
2025-01-23 08:17:50.957 [info] > git show --textconv :frontend/src/app/services/chat-service.service.ts [24ms]
2025-01-23 08:17:50.959 [info] > git ls-files --stage -- /home/biswabandita_rout/frontend/src/app/services/chat-service.service.ts [6ms]
2025-01-23 08:17:50.977 [info] > git cat-file -s 4bc2d728ba14178f09cc05eceb11598b336e8e2c [3ms]
2025-01-23 08:17:52.146 [info] > git show --textconv :frontend/src/app/Component/chatbot/chatbot.component.ts [28ms]
2025-01-23 08:17:52.151 [info] > git ls-files --stage -- /home/biswabandita_rout/frontend/src/app/Component/chatbot/chatbot.component.ts [5ms]
2025-01-23 08:17:52.174 [info] > git cat-file -s 41bdf1523383b7caacc0a46448fa0b1548de1783 [2ms]
2025-01-23 08:18:44.254 [info] > git config --get commit.template [3ms]
2025-01-23 08:18:44.280 [info] > git for-each-ref --format=%(refname)%00%(upstream:short)%00%(objectname)%00%(upstream:track)%00%(upstream:remotename)%00%(upstream:remoteref) refs/heads/main refs/remotes/main [5ms]
2025-01-23 08:18:44.344 [info] > git for-each-ref --sort -committerdate --format %(refname) %(objectname) %(*objectname) [5ms]
2025-01-23 08:18:44.392 [info] > git status -z -uall [92ms]
2025-01-23 08:18:46.837 [info] > git show --textconv :Backend/app.js [9ms]
2025-01-23 08:18:46.841 [info] > git ls-files --stage -- /home/biswabandita_rout/Backend/app.js [5ms]
2025-01-23 08:18:46.849 [info] > git cat-file -s 4cd5b87a62fb36cdae86aa8dd17a77b64347e098 [2ms]
2025-01-23 08:18:49.428 [info] > git config --get commit.template [12ms]
2025-01-23 08:18:49.430 [info] > git for-each-ref --format=%(refname)%00%(upstream:short)%00%(objectname)%00%(upstream:track)%00%(upstream:remotename)%00%(upstream:remoteref) refs/heads/main refs/remotes/main [3ms]
2025-01-23 08:18:49.469 [info] > git for-each-ref --sort -committerdate --format %(refname) %(objectname) %(*objectname) [5ms]
2025-01-23 08:18:49.529 [info] > git status -z -uall [88ms]
2025-01-23 08:19:02.050 [info] > git config --get commit.template [9ms]
2025-01-23 08:19:02.051 [info] > git for-each-ref --format=%(refname)%00%(upstream:short)%00%(objectname)%00%(upstream:track)%00%(upstream:remotename)%00%(upstream:remoteref) refs/heads/main refs/remotes/main [3ms]
2025-01-23 08:19:02.080 [info] > git for-each-ref --sort -committerdate --format %(refname) %(objectname) %(*objectname) [10ms]
2025-01-23 08:19:02.156 [info] > git status -z -uall [98ms]
2025-01-23 08:19:08.077 [info] > git config --get commit.template [3ms]
2025-01-23 08:19:08.090 [info] > git for-each-ref --format=%(refname)%00%(upstream:short)%00%(objectname)%00%(upstream:track)%00%(upstream:remotename)%00%(upstream:remoteref) refs/heads/main refs/remotes/main [4ms]
2025-01-23 08:19:08.128 [info] > git for-each-ref --sort -committerdate --format %(refname) %(objectname) %(*objectname) [6ms]
2025-01-23 08:19:08.184 [info] > git status -z -uall [83ms]
2025-01-23 08:19:28.189 [info] > git show --textconv :frontend/src/app/Component/chatbot/chatbot.component.ts [15ms]
2025-01-23 08:19:28.191 [info] > git ls-files --stage -- /home/biswabandita_rout/frontend/src/app/Component/chatbot/chatbot.component.ts [7ms]
2025-01-23 08:19:28.205 [info] > git cat-file -s 41bdf1523383b7caacc0a46448fa0b1548de1783 [3ms]
2025-01-23 08:19:30.013 [info] > git config --get commit.template [8ms]
2025-01-23 08:19:30.015 [info] > git for-each-ref --format=%(refname)%00%(upstream:short)%00%(objectname)%00%(upstream:track)%00%(upstream:remotename)%00%(upstream:remoteref) refs/heads/main refs/remotes/main [3ms]
2025-01-23 08:19:30.048 [info] > git for-each-ref --sort -committerdate --format %(refname) %(objectname) %(*objectname) [12ms]
2025-01-23 08:19:30.108 [info] > git status -z -uall [87ms]
2025-01-23 08:19:36.288 [info] > git ls-files --stage -- /home/biswabandita_rout/Backend/src/routes/apiRoutes.js [6ms]
2025-01-23 08:19:36.311 [info] > git show --textconv :Backend/src/routes/apiRoutes.js [38ms]
2025-01-23 08:19:36.311 [info] > git cat-file -s 51620a5705f971a113907264f953501ab423f26e [18ms]
2025-01-23 08:19:40.815 [info] > git show --textconv :Backend/app.js [10ms]
2025-01-23 08:19:40.819 [info] > git ls-files --stage -- /home/biswabandita_rout/Backend/app.js [5ms]
2025-01-23 08:19:40.829 [info] > git cat-file -s 4cd5b87a62fb36cdae86aa8dd17a77b64347e098 [3ms]
2025-01-23 08:19:41.656 [info] > git show --textconv :frontend/src/app/services/chat-service.service.ts [10ms]
2025-01-23 08:19:41.661 [info] > git ls-files --stage -- /home/biswabandita_rout/frontend/src/app/services/chat-service.service.ts [5ms]
2025-01-23 08:19:41.669 [info] > git cat-file -s 4bc2d728ba14178f09cc05eceb11598b336e8e2c [3ms]
2025-01-23 08:19:42.842 [info] > git show --textconv :frontend/src/app/Component/chatbot/chatbot.component.ts [10ms]
2025-01-23 08:19:42.846 [info] > git ls-files --stage -- /home/biswabandita_rout/frontend/src/app/Component/chatbot/chatbot.component.ts [5ms]
2025-01-23 08:19:42.856 [info] > git cat-file -s 41bdf1523383b7caacc0a46448fa0b1548de1783 [4ms]
2025-01-23 08:20:27.618 [info] > git config --get commit.template [9ms]
2025-01-23 08:20:27.619 [info] > git for-each-ref --format=%(refname)%00%(upstream:short)%00%(objectname)%00%(upstream:track)%00%(upstream:remotename)%00%(upstream:remoteref) refs/heads/main refs/remotes/main [2ms]
2025-01-23 08:20:27.648 [info] > git for-each-ref --sort -committerdate --format %(refname) %(objectname) %(*objectname) [12ms]
2025-01-23 08:20:27.707 [info] > git status -z -uall [80ms]
2025-01-23 08:20:32.734 [info] > git config --get commit.template [8ms]
2025-01-23 08:20:32.736 [info] > git for-each-ref --format=%(refname)%00%(upstream:short)%00%(objectname)%00%(upstream:track)%00%(upstream:remotename)%00%(upstream:remoteref) refs/heads/main refs/remotes/main [3ms]
2025-01-23 08:20:32.765 [info] > git for-each-ref --sort -committerdate --format %(refname) %(objectname) %(*objectname) [13ms]
2025-01-23 08:20:32.828 [info] > git status -z -uall [85ms]
2025-01-23 08:20:34.532 [info] > git show --textconv :Backend/app.js [12ms]
2025-01-23 08:20:34.536 [info] > git ls-files --stage -- /home/biswabandita_rout/Backend/app.js [7ms]
2025-01-23 08:20:34.546 [info] > git cat-file -s 4cd5b87a62fb36cdae86aa8dd17a77b64347e098 [3ms]
2025-01-23 08:20:37.862 [info] > git config --get commit.template [11ms]
2025-01-23 08:20:37.864 [info] > git for-each-ref --format=%(refname)%00%(upstream:short)%00%(objectname)%00%(upstream:track)%00%(upstream:remotename)%00%(upstream:remoteref) refs/heads/main refs/remotes/main [3ms]
2025-01-23 08:20:37.899 [info] > git for-each-ref --sort -committerdate --format %(refname) %(objectname) %(*objectname) [11ms]
2025-01-23 08:20:37.966 [info] > git status -z -uall [93ms]
2025-01-23 08:20:45.038 [info] > git config --get commit.template [12ms]
2025-01-23 08:20:45.040 [info] > git for-each-ref --format=%(refname)%00%(upstream:short)%00%(objectname)%00%(upstream:track)%00%(upstream:remotename)%00%(upstream:remoteref) refs/heads/main refs/remotes/main [4ms]
2025-01-23 08:20:45.091 [info] > git for-each-ref --sort -committerdate --format %(refname) %(objectname) %(*objectname) [12ms]
2025-01-23 08:20:45.147 [info] > git status -z -uall [96ms]
2025-01-23 08:20:50.174 [info] > git config --get commit.template [9ms]
2025-01-23 08:20:50.175 [info] > git for-each-ref --format=%(refname)%00%(upstream:short)%00%(objectname)%00%(upstream:track)%00%(upstream:remotename)%00%(upstream:remoteref) refs/heads/main refs/remotes/main [2ms]
2025-01-23 08:20:50.204 [info] > git for-each-ref --sort -committerdate --format %(refname) %(objectname) %(*objectname) [6ms]
2025-01-23 08:20:50.266 [info] > git status -z -uall [84ms]
2025-01-23 08:20:55.286 [info] > git config --get commit.template [4ms]
2025-01-23 08:20:55.294 [info] > git for-each-ref --format=%(refname)%00%(upstream:short)%00%(objectname)%00%(upstream:track)%00%(upstream:remotename)%00%(upstream:remoteref) refs/heads/main refs/remotes/main [2ms]
2025-01-23 08:20:55.322 [info] > git for-each-ref --sort -committerdate --format %(refname) %(objectname) %(*objectname) [12ms]
2025-01-23 08:20:55.382 [info] > git status -z -uall [81ms]
2025-01-23 08:21:00.407 [info] > git config --get commit.template [9ms]
2025-01-23 08:21:00.408 [info] > git for-each-ref --format=%(refname)%00%(upstream:short)%00%(objectname)%00%(upstream:track)%00%(upstream:remotename)%00%(upstream:remoteref) refs/heads/main refs/remotes/main [2ms]
2025-01-23 08:21:00.437 [info] > git for-each-ref --sort -committerdate --format %(refname) %(objectname) %(*objectname) [12ms]
2025-01-23 08:21:00.495 [info] > git status -z -uall [79ms]
2025-01-23 08:21:05.520 [info] > git config --get commit.template [7ms]
2025-01-23 08:21:05.532 [info] > git for-each-ref --format=%(refname)%00%(upstream:short)%00%(objectname)%00%(upstream:track)%00%(upstream:remotename)%00%(upstream:remoteref) refs/heads/main refs/remotes/main [3ms]
2025-01-23 08:21:05.573 [info] > git for-each-ref --sort -committerdate --format %(refname) %(objectname) %(*objectname) [4ms]
2025-01-23 08:21:05.637 [info] > git status -z -uall [93ms]
2025-01-23 08:21:10.664 [info] > git config --get commit.template [9ms]
2025-01-23 08:21:10.666 [info] > git for-each-ref --format=%(refname)%00%(upstream:short)%00%(objectname)%00%(upstream:track)%00%(upstream:remotename)%00%(upstream:remoteref) refs/heads/main refs/remotes/main [3ms]
2025-01-23 08:21:10.698 [info] > git for-each-ref --sort -committerdate --format %(refname) %(objectname) %(*objectname) [5ms]
2025-01-23 08:21:10.762 [info] > git status -z -uall [89ms]
2025-01-23 08:21:15.784 [info] > git config --get commit.template [2ms]
2025-01-23 08:21:15.794 [info] > git for-each-ref --format=%(refname)%00%(upstream:short)%00%(objectname)%00%(upstream:track)%00%(upstream:remotename)%00%(upstream:remoteref) refs/heads/main refs/remotes/main [3ms]
2025-01-23 08:21:15.830 [info] > git for-each-ref --sort -committerdate --format %(refname) %(objectname) %(*objectname) [5ms]
2025-01-23 08:21:15.890 [info] > git status -z -uall [88ms]
2025-01-23 08:21:20.912 [info] > git config --get commit.template [2ms]
2025-01-23 08:21:20.923 [info] > git for-each-ref --format=%(refname)%00%(upstream:short)%00%(objectname)%00%(upstream:track)%00%(upstream:remotename)%00%(upstream:remoteref) refs/heads/main refs/remotes/main [3ms]
2025-01-23 08:21:20.954 [info] > git for-each-ref --sort -committerdate --format %(refname) %(objectname) %(*objectname) [6ms]
2025-01-23 08:21:21.027 [info] > git status -z -uall [96ms]
2025-01-23 08:21:21.850 [info] > git check-ignore -v -z --stdin [5ms]
2025-01-23 08:21:23.073 [info] > git ls-files --stage -- /home/biswabandita_rout/Backend/src/configs/gcsConfig.js [8ms]
2025-01-23 08:21:23.084 [info] > git show --textconv :Backend/src/configs/gcsConfig.js [33ms]
2025-01-23 08:21:23.089 [info] > git cat-file -s 7e80fe277d6dc58c6cf0c6e290f0554d9cf267fd [5ms]
2025-01-23 08:21:26.116 [info] > git config --get commit.template [44ms]
2025-01-23 08:21:26.151 [info] > git for-each-ref --format=%(refname)%00%(upstream:short)%00%(objectname)%00%(upstream:track)%00%(upstream:remotename)%00%(upstream:remoteref) refs/heads/main refs/remotes/main [38ms]
2025-01-23 08:21:26.208 [info] > git for-each-ref --sort -committerdate --format %(refname) %(objectname) %(*objectname) [5ms]
2025-01-23 08:21:26.277 [info] > git status -z -uall [112ms]
2025-01-23 08:21:30.177 [info] > git check-ignore -v -z --stdin [7ms]
2025-01-23 08:21:31.334 [info] > git config --get commit.template [15ms]
2025-01-23 08:21:31.342 [info] > git for-each-ref --format=%(refname)%00%(upstream:short)%00%(objectname)%00%(upstream:track)%00%(upstream:remotename)%00%(upstream:remoteref) refs/heads/main refs/remotes/main [9ms]
2025-01-23 08:21:31.422 [info] > git for-each-ref --sort -committerdate --format %(refname) %(objectname) %(*objectname) [38ms]
2025-01-23 08:21:31.561 [info] > git ls-files --stage -- /home/biswabandita_rout/Backend/src/services/uploadService.js [22ms]
2025-01-23 08:21:31.591 [info] > git show --textconv :Backend/src/services/uploadService.js [77ms]
2025-01-23 08:21:31.599 [info] > git cat-file -s 5d3c703d79ad58d2c1300d7dc970ca1c15aaed7d [9ms]
2025-01-23 08:21:31.624 [info] > git status -z -uall [264ms]
2025-01-23 08:21:38.519 [info] > git show --textconv :Backend/src/services/gcpfileuploadService.js [23ms]
2025-01-23 08:21:38.527 [info] > git ls-files --stage -- /home/biswabandita_rout/Backend/src/services/gcpfileuploadService.js [14ms]
2025-01-23 08:21:38.543 [info] > git cat-file -s bffd23088b986798073a49c9177d38a7ea590b37 [6ms]
