2025-01-22 06:00:10.853 [info] [main] Log level: Info
2025-01-22 06:00:10.853 [info] [main] Validating found git in: "git"
2025-01-22 06:00:10.853 [info] [main] Using git "2.43.0" from "git"
2025-01-22 06:00:10.853 [info] [Model][doInitialScan] Initial repository scan started
2025-01-22 06:00:10.853 [info] > git rev-parse --show-toplevel [4ms]
2025-01-22 06:00:10.853 [info] fatal: not a git repository (or any parent up to mount point /)
Stopping at filesystem boundary (GIT_DISCOVERY_ACROSS_FILESYSTEM not set).
2025-01-22 06:00:10.853 [info] > git rev-parse --show-toplevel [2ms]
2025-01-22 06:00:10.853 [info] fatal: not a git repository (or any parent up to mount point /)
Stopping at filesystem boundary (GIT_DISCOVERY_ACROSS_FILESYSTEM not set).
2025-01-22 06:00:10.853 [info] > git rev-parse --show-toplevel [2ms]
2025-01-22 06:00:10.853 [info] fatal: not a git repository (or any parent up to mount point /)
Stopping at filesystem boundary (GIT_DISCOVERY_ACROSS_FILESYSTEM not set).
2025-01-22 06:00:10.853 [info] > git rev-parse --show-toplevel [2ms]
2025-01-22 06:00:10.853 [info] fatal: not a git repository (or any parent up to mount point /)
Stopping at filesystem boundary (GIT_DISCOVERY_ACROSS_FILESYSTEM not set).
2025-01-22 06:00:10.853 [info] > git rev-parse --show-toplevel [2ms]
2025-01-22 06:00:10.853 [info] fatal: not a git repository (or any parent up to mount point /)
Stopping at filesystem boundary (GIT_DISCOVERY_ACROSS_FILESYSTEM not set).
2025-01-22 06:00:10.853 [info] > git rev-parse --show-toplevel [2ms]
2025-01-22 06:00:10.853 [info] fatal: not a git repository (or any parent up to mount point /)
Stopping at filesystem boundary (GIT_DISCOVERY_ACROSS_FILESYSTEM not set).
2025-01-22 06:00:10.853 [info] > git rev-parse --show-toplevel [2ms]
2025-01-22 06:00:10.853 [info] fatal: not a git repository (or any parent up to mount point /)
Stopping at filesystem boundary (GIT_DISCOVERY_ACROSS_FILESYSTEM not set).
2025-01-22 06:00:10.853 [info] > git rev-parse --show-toplevel [2ms]
2025-01-22 06:00:10.853 [info] fatal: not a git repository (or any parent up to mount point /)
Stopping at filesystem boundary (GIT_DISCOVERY_ACROSS_FILESYSTEM not set).
2025-01-22 06:00:10.853 [info] > git rev-parse --show-toplevel [2ms]
2025-01-22 06:00:10.853 [info] fatal: not a git repository (or any parent up to mount point /)
Stopping at filesystem boundary (GIT_DISCOVERY_ACROSS_FILESYSTEM not set).
2025-01-22 06:00:10.853 [info] > git rev-parse --show-toplevel [2ms]
2025-01-22 06:00:10.853 [info] fatal: not a git repository (or any parent up to mount point /)
Stopping at filesystem boundary (GIT_DISCOVERY_ACROSS_FILESYSTEM not set).
2025-01-22 06:00:10.853 [info] > git rev-parse --show-toplevel [2ms]
2025-01-22 06:00:10.853 [info] fatal: not a git repository (or any parent up to mount point /)
Stopping at filesystem boundary (GIT_DISCOVERY_ACROSS_FILESYSTEM not set).
2025-01-22 06:00:10.853 [info] > git rev-parse --show-toplevel [2ms]
2025-01-22 06:00:10.853 [info] fatal: not a git repository (or any parent up to mount point /)
Stopping at filesystem boundary (GIT_DISCOVERY_ACROSS_FILESYSTEM not set).
2025-01-22 06:00:10.853 [info] [Model][doInitialScan] Initial repository scan completed - repositories (0), closed repositories (0), parent repositories (0), unsafe repositories (0)
2025-01-22 06:09:48.128 [info] > git rev-parse --show-toplevel [5ms]
2025-01-22 06:09:48.128 [info] fatal: not a git repository (or any parent up to mount point /)
Stopping at filesystem boundary (GIT_DISCOVERY_ACROSS_FILESYSTEM not set).
2025-01-22 06:10:11.919 [info] > git rev-parse --show-toplevel [6ms]
2025-01-22 06:10:11.919 [info] fatal: not a git repository (or any parent up to mount point /)
Stopping at filesystem boundary (GIT_DISCOVERY_ACROSS_FILESYSTEM not set).
2025-01-22 06:13:02.478 [info] > git rev-parse --show-toplevel [6ms]
2025-01-22 06:13:02.478 [info] fatal: not a git repository (or any parent up to mount point /)
Stopping at filesystem boundary (GIT_DISCOVERY_ACROSS_FILESYSTEM not set).
2025-01-22 06:13:06.408 [info] > git rev-parse --show-toplevel [12ms]
2025-01-22 06:13:06.408 [info] fatal: not a git repository (or any parent up to mount point /)
Stopping at filesystem boundary (GIT_DISCOVERY_ACROSS_FILESYSTEM not set).
2025-01-22 06:13:41.229 [info] > git rev-parse --show-toplevel [8ms]
2025-01-22 06:13:41.229 [info] fatal: not a git repository (or any parent up to mount point /)
Stopping at filesystem boundary (GIT_DISCOVERY_ACROSS_FILESYSTEM not set).
2025-01-22 06:13:51.540 [info] > git rev-parse --show-toplevel [6ms]
2025-01-22 06:13:51.540 [info] fatal: not a git repository (or any parent up to mount point /)
Stopping at filesystem boundary (GIT_DISCOVERY_ACROSS_FILESYSTEM not set).
2025-01-22 06:13:56.765 [info] > git rev-parse --show-toplevel [2ms]
2025-01-22 06:13:56.765 [info] fatal: not a git repository (or any parent up to mount point /)
Stopping at filesystem boundary (GIT_DISCOVERY_ACROSS_FILESYSTEM not set).
2025-01-22 06:14:02.759 [info] > git rev-parse --show-toplevel [4ms]
2025-01-22 06:14:02.759 [info] fatal: not a git repository (or any parent up to mount point /)
Stopping at filesystem boundary (GIT_DISCOVERY_ACROSS_FILESYSTEM not set).
2025-01-22 06:14:14.037 [info] > git rev-parse --show-toplevel [3ms]
2025-01-22 06:14:14.037 [info] fatal: not a git repository (or any parent up to mount point /)
Stopping at filesystem boundary (GIT_DISCOVERY_ACROSS_FILESYSTEM not set).
2025-01-22 06:14:30.746 [info] > git rev-parse --show-toplevel [7ms]
2025-01-22 06:14:30.747 [info] fatal: not a git repository (or any parent up to mount point /)
Stopping at filesystem boundary (GIT_DISCOVERY_ACROSS_FILESYSTEM not set).
2025-01-22 06:22:43.683 [info] > git rev-parse --show-toplevel [3ms]
2025-01-22 06:22:43.683 [info] fatal: not a git repository (or any parent up to mount point /)
Stopping at filesystem boundary (GIT_DISCOVERY_ACROSS_FILESYSTEM not set).
2025-01-22 06:22:46.059 [info] > git rev-parse --show-toplevel [3ms]
2025-01-22 06:22:46.059 [info] fatal: not a git repository (or any parent up to mount point /)
Stopping at filesystem boundary (GIT_DISCOVERY_ACROSS_FILESYSTEM not set).
2025-01-22 06:24:09.582 [info] > git rev-parse --show-toplevel [29ms]
2025-01-22 06:24:09.582 [info] fatal: not a git repository (or any parent up to mount point /)
Stopping at filesystem boundary (GIT_DISCOVERY_ACROSS_FILESYSTEM not set).
2025-01-22 06:24:09.690 [info] > git rev-parse --show-toplevel [60ms]
2025-01-22 06:24:09.690 [info] fatal: not a git repository (or any parent up to mount point /)
Stopping at filesystem boundary (GIT_DISCOVERY_ACROSS_FILESYSTEM not set).
2025-01-22 06:24:13.184 [info] > git rev-parse --show-toplevel [16ms]
2025-01-22 06:24:13.184 [info] fatal: not a git repository (or any parent up to mount point /)
Stopping at filesystem boundary (GIT_DISCOVERY_ACROSS_FILESYSTEM not set).
2025-01-22 06:24:13.215 [info] > git rev-parse --show-toplevel [15ms]
2025-01-22 06:24:13.215 [info] fatal: not a git repository (or any parent up to mount point /)
Stopping at filesystem boundary (GIT_DISCOVERY_ACROSS_FILESYSTEM not set).
2025-01-22 06:24:13.247 [info] > git rev-parse --show-toplevel [8ms]
2025-01-22 06:24:13.247 [info] fatal: not a git repository (or any parent up to mount point /)
Stopping at filesystem boundary (GIT_DISCOVERY_ACROSS_FILESYSTEM not set).
2025-01-22 06:24:13.278 [info] > git rev-parse --show-toplevel [7ms]
2025-01-22 06:24:13.278 [info] fatal: not a git repository (or any parent up to mount point /)
Stopping at filesystem boundary (GIT_DISCOVERY_ACROSS_FILESYSTEM not set).
2025-01-22 06:24:13.294 [info] > git rev-parse --show-toplevel [3ms]
2025-01-22 06:24:13.295 [info] fatal: not a git repository (or any parent up to mount point /)
Stopping at filesystem boundary (GIT_DISCOVERY_ACROSS_FILESYSTEM not set).
2025-01-22 06:24:13.310 [info] > git rev-parse --show-toplevel [8ms]
2025-01-22 06:24:13.310 [info] fatal: not a git repository (or any parent up to mount point /)
Stopping at filesystem boundary (GIT_DISCOVERY_ACROSS_FILESYSTEM not set).
2025-01-22 06:24:14.214 [info] > git rev-parse --show-toplevel [4ms]
2025-01-22 06:24:14.214 [info] fatal: not a git repository (or any parent up to mount point /)
Stopping at filesystem boundary (GIT_DISCOVERY_ACROSS_FILESYSTEM not set).
2025-01-22 06:24:14.244 [info] > git rev-parse --show-toplevel [5ms]
2025-01-22 06:24:14.245 [info] fatal: not a git repository (or any parent up to mount point /)
Stopping at filesystem boundary (GIT_DISCOVERY_ACROSS_FILESYSTEM not set).
2025-01-22 06:24:14.275 [info] > git rev-parse --show-toplevel [5ms]
2025-01-22 06:24:14.275 [info] fatal: not a git repository (or any parent up to mount point /)
Stopping at filesystem boundary (GIT_DISCOVERY_ACROSS_FILESYSTEM not set).
2025-01-22 06:24:14.344 [info] > git rev-parse --show-toplevel [12ms]
2025-01-22 06:24:14.344 [info] fatal: not a git repository (or any parent up to mount point /)
Stopping at filesystem boundary (GIT_DISCOVERY_ACROSS_FILESYSTEM not set).
2025-01-22 06:24:14.365 [info] > git rev-parse --show-toplevel [7ms]
2025-01-22 06:24:14.365 [info] fatal: not a git repository (or any parent up to mount point /)
Stopping at filesystem boundary (GIT_DISCOVERY_ACROSS_FILESYSTEM not set).
2025-01-22 06:24:14.469 [info] > git rev-parse --show-toplevel [43ms]
2025-01-22 06:24:14.469 [info] fatal: not a git repository (or any parent up to mount point /)
Stopping at filesystem boundary (GIT_DISCOVERY_ACROSS_FILESYSTEM not set).
2025-01-22 06:24:14.573 [info] > git rev-parse --show-toplevel [57ms]
2025-01-22 06:24:14.573 [info] fatal: not a git repository (or any parent up to mount point /)
Stopping at filesystem boundary (GIT_DISCOVERY_ACROSS_FILESYSTEM not set).
2025-01-22 06:24:14.594 [info] > git rev-parse --show-toplevel [7ms]
2025-01-22 06:24:14.595 [info] fatal: not a git repository (or any parent up to mount point /)
Stopping at filesystem boundary (GIT_DISCOVERY_ACROSS_FILESYSTEM not set).
2025-01-22 06:24:14.618 [info] > git rev-parse --show-toplevel [5ms]
2025-01-22 06:24:14.618 [info] fatal: not a git repository (or any parent up to mount point /)
Stopping at filesystem boundary (GIT_DISCOVERY_ACROSS_FILESYSTEM not set).
2025-01-22 06:24:15.642 [info] > git rev-parse --show-toplevel [9ms]
2025-01-22 06:24:15.642 [info] fatal: not a git repository (or any parent up to mount point /)
Stopping at filesystem boundary (GIT_DISCOVERY_ACROSS_FILESYSTEM not set).
2025-01-22 06:24:15.670 [info] > git rev-parse --show-toplevel [10ms]
2025-01-22 06:24:15.670 [info] fatal: not a git repository (or any parent up to mount point /)
Stopping at filesystem boundary (GIT_DISCOVERY_ACROSS_FILESYSTEM not set).
2025-01-22 06:24:15.698 [info] > git rev-parse --show-toplevel [2ms]
2025-01-22 06:24:15.698 [info] fatal: not a git repository (or any parent up to mount point /)
Stopping at filesystem boundary (GIT_DISCOVERY_ACROSS_FILESYSTEM not set).
2025-01-22 06:24:15.742 [info] > git rev-parse --show-toplevel [8ms]
2025-01-22 06:24:15.742 [info] fatal: not a git repository (or any parent up to mount point /)
Stopping at filesystem boundary (GIT_DISCOVERY_ACROSS_FILESYSTEM not set).
2025-01-22 06:24:15.771 [info] > git rev-parse --show-toplevel [10ms]
2025-01-22 06:24:15.771 [info] fatal: not a git repository (or any parent up to mount point /)
Stopping at filesystem boundary (GIT_DISCOVERY_ACROSS_FILESYSTEM not set).
2025-01-22 06:24:15.787 [info] > git rev-parse --show-toplevel [2ms]
2025-01-22 06:24:15.787 [info] fatal: not a git repository (or any parent up to mount point /)
Stopping at filesystem boundary (GIT_DISCOVERY_ACROSS_FILESYSTEM not set).
2025-01-22 06:24:15.817 [info] > git rev-parse --show-toplevel [18ms]
2025-01-22 06:24:15.817 [info] fatal: not a git repository (or any parent up to mount point /)
Stopping at filesystem boundary (GIT_DISCOVERY_ACROSS_FILESYSTEM not set).
2025-01-22 06:24:15.844 [info] > git rev-parse --show-toplevel [7ms]
2025-01-22 06:24:15.844 [info] fatal: not a git repository (or any parent up to mount point /)
Stopping at filesystem boundary (GIT_DISCOVERY_ACROSS_FILESYSTEM not set).
2025-01-22 06:24:15.886 [info] > git rev-parse --show-toplevel [5ms]
2025-01-22 06:24:15.887 [info] fatal: not a git repository (or any parent up to mount point /)
Stopping at filesystem boundary (GIT_DISCOVERY_ACROSS_FILESYSTEM not set).
2025-01-22 06:24:30.084 [info] > git rev-parse --show-toplevel [12ms]
2025-01-22 06:24:30.084 [info] fatal: not a git repository (or any parent up to mount point /)
Stopping at filesystem boundary (GIT_DISCOVERY_ACROSS_FILESYSTEM not set).
2025-01-22 06:25:39.707 [info] > git rev-parse --show-toplevel [3ms]
2025-01-22 06:25:39.708 [info] fatal: not a git repository (or any parent up to mount point /)
Stopping at filesystem boundary (GIT_DISCOVERY_ACROSS_FILESYSTEM not set).
2025-01-22 06:25:42.948 [info] > git rev-parse --show-toplevel [6ms]
2025-01-22 06:25:42.949 [info] fatal: not a git repository (or any parent up to mount point /)
Stopping at filesystem boundary (GIT_DISCOVERY_ACROSS_FILESYSTEM not set).
2025-01-22 06:25:48.288 [info] > git rev-parse --show-toplevel [3ms]
2025-01-22 06:25:48.288 [info] fatal: not a git repository (or any parent up to mount point /)
Stopping at filesystem boundary (GIT_DISCOVERY_ACROSS_FILESYSTEM not set).
2025-01-22 06:26:10.323 [info] > git rev-parse --show-toplevel [5ms]
2025-01-22 06:26:10.324 [info] fatal: not a git repository (or any parent up to mount point /)
Stopping at filesystem boundary (GIT_DISCOVERY_ACROSS_FILESYSTEM not set).
2025-01-22 06:26:19.091 [info] > git rev-parse --show-toplevel [4ms]
2025-01-22 06:26:19.091 [info] fatal: not a git repository (or any parent up to mount point /)
Stopping at filesystem boundary (GIT_DISCOVERY_ACROSS_FILESYSTEM not set).
2025-01-22 06:26:25.068 [info] > git rev-parse --show-toplevel [7ms]
2025-01-22 06:26:25.068 [info] fatal: not a git repository (or any parent up to mount point /)
Stopping at filesystem boundary (GIT_DISCOVERY_ACROSS_FILESYSTEM not set).
2025-01-22 06:26:45.930 [info] > git rev-parse --show-toplevel [6ms]
2025-01-22 06:26:45.930 [info] fatal: not a git repository (or any parent up to mount point /)
Stopping at filesystem boundary (GIT_DISCOVERY_ACROSS_FILESYSTEM not set).
2025-01-22 06:26:48.124 [info] > git rev-parse --show-toplevel [5ms]
2025-01-22 06:26:48.124 [info] fatal: not a git repository (or any parent up to mount point /)
Stopping at filesystem boundary (GIT_DISCOVERY_ACROSS_FILESYSTEM not set).
2025-01-22 06:27:41.332 [info] > git rev-parse --show-toplevel [3ms]
2025-01-22 06:27:41.332 [info] fatal: not a git repository (or any parent up to mount point /)
Stopping at filesystem boundary (GIT_DISCOVERY_ACROSS_FILESYSTEM not set).
2025-01-22 06:29:34.457 [info] > git rev-parse --show-toplevel [32ms]
2025-01-22 06:29:34.457 [info] fatal: not a git repository (or any parent up to mount point /)
Stopping at filesystem boundary (GIT_DISCOVERY_ACROSS_FILESYSTEM not set).
2025-01-22 06:29:54.086 [info] > git rev-parse --show-toplevel [2ms]
2025-01-22 06:29:54.086 [info] fatal: not a git repository (or any parent up to mount point /)
Stopping at filesystem boundary (GIT_DISCOVERY_ACROSS_FILESYSTEM not set).
2025-01-22 06:30:00.145 [info] > git rev-parse --show-toplevel [11ms]
2025-01-22 06:30:00.145 [info] fatal: not a git repository (or any parent up to mount point /)
Stopping at filesystem boundary (GIT_DISCOVERY_ACROSS_FILESYSTEM not set).
2025-01-22 06:31:24.512 [info] > git rev-parse --show-toplevel [2ms]
2025-01-22 06:31:24.512 [info] fatal: not a git repository (or any parent up to mount point /)
Stopping at filesystem boundary (GIT_DISCOVERY_ACROSS_FILESYSTEM not set).
2025-01-22 06:31:41.127 [info] > git rev-parse --show-toplevel [2ms]
2025-01-22 06:31:41.127 [info] fatal: not a git repository (or any parent up to mount point /)
Stopping at filesystem boundary (GIT_DISCOVERY_ACROSS_FILESYSTEM not set).
2025-01-22 06:32:07.680 [info] > git rev-parse --show-toplevel [3ms]
2025-01-22 06:32:07.680 [info] fatal: not a git repository (or any parent up to mount point /)
Stopping at filesystem boundary (GIT_DISCOVERY_ACROSS_FILESYSTEM not set).
2025-01-22 06:32:22.567 [info] > git rev-parse --show-toplevel [6ms]
2025-01-22 06:32:22.568 [info] fatal: not a git repository (or any parent up to mount point /)
Stopping at filesystem boundary (GIT_DISCOVERY_ACROSS_FILESYSTEM not set).
2025-01-22 06:32:53.520 [info] > git rev-parse --show-toplevel [9ms]
2025-01-22 06:32:53.520 [info] fatal: not a git repository (or any parent up to mount point /)
Stopping at filesystem boundary (GIT_DISCOVERY_ACROSS_FILESYSTEM not set).
2025-01-22 06:34:07.955 [info] > git rev-parse --show-toplevel [3ms]
2025-01-22 06:34:07.955 [info] fatal: not a git repository (or any parent up to mount point /)
Stopping at filesystem boundary (GIT_DISCOVERY_ACROSS_FILESYSTEM not set).
2025-01-22 06:34:10.656 [info] > git rev-parse --show-toplevel [5ms]
2025-01-22 06:34:10.656 [info] fatal: not a git repository (or any parent up to mount point /)
Stopping at filesystem boundary (GIT_DISCOVERY_ACROSS_FILESYSTEM not set).
2025-01-22 06:34:15.364 [info] > git rev-parse --show-toplevel [2ms]
2025-01-22 06:34:15.364 [info] fatal: not a git repository (or any parent up to mount point /)
Stopping at filesystem boundary (GIT_DISCOVERY_ACROSS_FILESYSTEM not set).
2025-01-22 06:34:55.169 [info] > git rev-parse --show-toplevel [18ms]
2025-01-22 06:34:55.169 [info] fatal: not a git repository (or any parent up to mount point /)
Stopping at filesystem boundary (GIT_DISCOVERY_ACROSS_FILESYSTEM not set).
2025-01-22 06:35:39.405 [info] > git rev-parse --show-toplevel [2ms]
2025-01-22 06:35:39.405 [info] fatal: not a git repository (or any parent up to mount point /)
Stopping at filesystem boundary (GIT_DISCOVERY_ACROSS_FILESYSTEM not set).
2025-01-22 06:36:13.427 [info] > git rev-parse --show-toplevel [3ms]
2025-01-22 06:36:13.427 [info] fatal: not a git repository (or any parent up to mount point /)
Stopping at filesystem boundary (GIT_DISCOVERY_ACROSS_FILESYSTEM not set).
2025-01-22 06:36:17.415 [info] > git rev-parse --show-toplevel [6ms]
2025-01-22 06:36:17.415 [info] fatal: not a git repository (or any parent up to mount point /)
Stopping at filesystem boundary (GIT_DISCOVERY_ACROSS_FILESYSTEM not set).
2025-01-22 06:36:18.844 [info] > git rev-parse --show-toplevel [5ms]
2025-01-22 06:36:18.844 [info] fatal: not a git repository (or any parent up to mount point /)
Stopping at filesystem boundary (GIT_DISCOVERY_ACROSS_FILESYSTEM not set).
2025-01-22 06:36:24.285 [info] > git rev-parse --show-toplevel [4ms]
2025-01-22 06:36:24.285 [info] fatal: not a git repository (or any parent up to mount point /)
Stopping at filesystem boundary (GIT_DISCOVERY_ACROSS_FILESYSTEM not set).
2025-01-22 06:37:19.685 [info] > git rev-parse --show-toplevel [3ms]
2025-01-22 06:37:19.685 [info] fatal: not a git repository (or any parent up to mount point /)
Stopping at filesystem boundary (GIT_DISCOVERY_ACROSS_FILESYSTEM not set).
2025-01-22 06:37:23.305 [info] > git rev-parse --show-toplevel [3ms]
2025-01-22 06:37:23.305 [info] fatal: not a git repository (or any parent up to mount point /)
Stopping at filesystem boundary (GIT_DISCOVERY_ACROSS_FILESYSTEM not set).
2025-01-22 06:37:24.992 [info] > git rev-parse --show-toplevel [6ms]
2025-01-22 06:37:24.992 [info] fatal: not a git repository (or any parent up to mount point /)
Stopping at filesystem boundary (GIT_DISCOVERY_ACROSS_FILESYSTEM not set).
2025-01-22 06:37:30.056 [info] > git rev-parse --show-toplevel [3ms]
2025-01-22 06:37:30.057 [info] fatal: not a git repository (or any parent up to mount point /)
Stopping at filesystem boundary (GIT_DISCOVERY_ACROSS_FILESYSTEM not set).
2025-01-22 06:37:38.222 [info] > git rev-parse --show-toplevel [3ms]
2025-01-22 06:37:38.222 [info] fatal: not a git repository (or any parent up to mount point /)
Stopping at filesystem boundary (GIT_DISCOVERY_ACROSS_FILESYSTEM not set).
2025-01-22 06:43:44.828 [info] > git rev-parse --show-toplevel [2ms]
2025-01-22 06:43:44.829 [info] fatal: not a git repository (or any parent up to mount point /)
Stopping at filesystem boundary (GIT_DISCOVERY_ACROSS_FILESYSTEM not set).
2025-01-22 06:44:19.481 [info] > git rev-parse --show-toplevel [1ms]
2025-01-22 06:44:19.481 [info] fatal: not a git repository (or any parent up to mount point /)
Stopping at filesystem boundary (GIT_DISCOVERY_ACROSS_FILESYSTEM not set).
2025-01-22 06:44:22.550 [info] > git rev-parse --show-toplevel [2ms]
2025-01-22 06:44:22.550 [info] fatal: not a git repository (or any parent up to mount point /)
Stopping at filesystem boundary (GIT_DISCOVERY_ACROSS_FILESYSTEM not set).
2025-01-22 06:44:26.588 [info] > git rev-parse --show-toplevel [3ms]
2025-01-22 06:44:26.588 [info] fatal: not a git repository (or any parent up to mount point /)
Stopping at filesystem boundary (GIT_DISCOVERY_ACROSS_FILESYSTEM not set).
2025-01-22 06:44:37.352 [info] > git rev-parse --show-toplevel [6ms]
2025-01-22 06:44:37.353 [info] fatal: not a git repository (or any parent up to mount point /)
Stopping at filesystem boundary (GIT_DISCOVERY_ACROSS_FILESYSTEM not set).
2025-01-22 06:44:45.234 [info] > git rev-parse --show-toplevel [2ms]
2025-01-22 06:44:45.234 [info] fatal: not a git repository (or any parent up to mount point /)
Stopping at filesystem boundary (GIT_DISCOVERY_ACROSS_FILESYSTEM not set).
2025-01-22 06:45:03.641 [info] > git rev-parse --show-toplevel [1ms]
2025-01-22 06:45:03.641 [info] fatal: not a git repository (or any parent up to mount point /)
Stopping at filesystem boundary (GIT_DISCOVERY_ACROSS_FILESYSTEM not set).
2025-01-22 06:45:29.786 [info] > git rev-parse --show-toplevel [6ms]
2025-01-22 06:45:29.786 [info] fatal: not a git repository (or any parent up to mount point /)
Stopping at filesystem boundary (GIT_DISCOVERY_ACROSS_FILESYSTEM not set).
2025-01-22 06:46:02.248 [info] > git rev-parse --show-toplevel [3ms]
2025-01-22 06:46:02.249 [info] fatal: not a git repository (or any parent up to mount point /)
Stopping at filesystem boundary (GIT_DISCOVERY_ACROSS_FILESYSTEM not set).
2025-01-22 06:46:37.208 [info] > git rev-parse --show-toplevel [4ms]
2025-01-22 06:46:37.208 [info] fatal: not a git repository (or any parent up to mount point /)
Stopping at filesystem boundary (GIT_DISCOVERY_ACROSS_FILESYSTEM not set).
2025-01-22 06:46:40.557 [info] > git rev-parse --show-toplevel [3ms]
2025-01-22 06:46:40.557 [info] fatal: not a git repository (or any parent up to mount point /)
Stopping at filesystem boundary (GIT_DISCOVERY_ACROSS_FILESYSTEM not set).
2025-01-22 06:46:46.533 [info] > git rev-parse --show-toplevel [5ms]
2025-01-22 06:46:46.534 [info] fatal: not a git repository (or any parent up to mount point /)
Stopping at filesystem boundary (GIT_DISCOVERY_ACROSS_FILESYSTEM not set).
2025-01-22 06:46:56.751 [info] > git rev-parse --show-toplevel [12ms]
2025-01-22 06:46:56.752 [info] fatal: not a git repository (or any parent up to mount point /)
Stopping at filesystem boundary (GIT_DISCOVERY_ACROSS_FILESYSTEM not set).
2025-01-22 06:52:56.814 [info] > git rev-parse --show-toplevel [17ms]
2025-01-22 06:52:56.815 [info] fatal: not a git repository (or any parent up to mount point /)
Stopping at filesystem boundary (GIT_DISCOVERY_ACROSS_FILESYSTEM not set).
2025-01-22 06:53:08.577 [info] > git rev-parse --show-toplevel [14ms]
2025-01-22 06:53:08.577 [info] fatal: not a git repository (or any parent up to mount point /)
Stopping at filesystem boundary (GIT_DISCOVERY_ACROSS_FILESYSTEM not set).
2025-01-22 06:53:23.753 [info] > git rev-parse --show-toplevel [7ms]
2025-01-22 06:53:23.753 [info] fatal: not a git repository (or any parent up to mount point /)
Stopping at filesystem boundary (GIT_DISCOVERY_ACROSS_FILESYSTEM not set).
2025-01-22 06:53:28.566 [info] > git rev-parse --show-toplevel [5ms]
2025-01-22 06:53:28.566 [info] fatal: not a git repository (or any parent up to mount point /)
Stopping at filesystem boundary (GIT_DISCOVERY_ACROSS_FILESYSTEM not set).
2025-01-22 06:53:31.518 [info] > git rev-parse --show-toplevel [12ms]
2025-01-22 06:53:31.518 [info] fatal: not a git repository (or any parent up to mount point /)
Stopping at filesystem boundary (GIT_DISCOVERY_ACROSS_FILESYSTEM not set).
2025-01-22 06:53:40.934 [info] > git rev-parse --show-toplevel [3ms]
2025-01-22 06:53:40.934 [info] fatal: not a git repository (or any parent up to mount point /)
Stopping at filesystem boundary (GIT_DISCOVERY_ACROSS_FILESYSTEM not set).
2025-01-22 06:53:52.192 [info] > git rev-parse --show-toplevel [3ms]
2025-01-22 06:53:52.192 [info] fatal: not a git repository (or any parent up to mount point /)
Stopping at filesystem boundary (GIT_DISCOVERY_ACROSS_FILESYSTEM not set).
2025-01-22 06:54:02.877 [info] > git rev-parse --show-toplevel [2ms]
2025-01-22 06:54:02.877 [info] fatal: not a git repository (or any parent up to mount point /)
Stopping at filesystem boundary (GIT_DISCOVERY_ACROSS_FILESYSTEM not set).
2025-01-22 06:55:26.169 [info] > git rev-parse --show-toplevel [3ms]
2025-01-22 06:55:26.169 [info] fatal: not a git repository (or any parent up to mount point /)
Stopping at filesystem boundary (GIT_DISCOVERY_ACROSS_FILESYSTEM not set).
2025-01-22 06:55:27.606 [info] > git rev-parse --show-toplevel [3ms]
2025-01-22 06:55:27.607 [info] fatal: not a git repository (or any parent up to mount point /)
Stopping at filesystem boundary (GIT_DISCOVERY_ACROSS_FILESYSTEM not set).
2025-01-22 06:58:31.101 [info] > git rev-parse --show-toplevel [3ms]
2025-01-22 06:58:31.102 [info] fatal: not a git repository (or any parent up to mount point /)
Stopping at filesystem boundary (GIT_DISCOVERY_ACROSS_FILESYSTEM not set).
2025-01-22 06:59:15.779 [info] > git rev-parse --show-toplevel [3ms]
2025-01-22 06:59:15.780 [info] fatal: not a git repository (or any parent up to mount point /)
Stopping at filesystem boundary (GIT_DISCOVERY_ACROSS_FILESYSTEM not set).
2025-01-22 06:59:34.194 [info] > git rev-parse --show-toplevel [7ms]
2025-01-22 06:59:34.194 [info] fatal: not a git repository (or any parent up to mount point /)
Stopping at filesystem boundary (GIT_DISCOVERY_ACROSS_FILESYSTEM not set).
2025-01-22 06:59:43.827 [info] > git rev-parse --show-toplevel [3ms]
2025-01-22 06:59:43.827 [info] fatal: not a git repository (or any parent up to mount point /)
Stopping at filesystem boundary (GIT_DISCOVERY_ACROSS_FILESYSTEM not set).
2025-01-22 07:02:11.968 [info] > git rev-parse --show-toplevel [8ms]
2025-01-22 07:02:11.968 [info] fatal: not a git repository (or any parent up to mount point /)
Stopping at filesystem boundary (GIT_DISCOVERY_ACROSS_FILESYSTEM not set).
2025-01-22 07:02:32.656 [info] > git rev-parse --show-toplevel [2ms]
2025-01-22 07:02:32.657 [info] fatal: not a git repository (or any parent up to mount point /)
Stopping at filesystem boundary (GIT_DISCOVERY_ACROSS_FILESYSTEM not set).
2025-01-22 07:04:00.876 [info] > git rev-parse --show-toplevel [4ms]
2025-01-22 07:04:00.876 [info] fatal: not a git repository (or any parent up to mount point /)
Stopping at filesystem boundary (GIT_DISCOVERY_ACROSS_FILESYSTEM not set).
2025-01-22 07:04:27.508 [info] > git rev-parse --show-toplevel [2ms]
2025-01-22 07:04:27.508 [info] fatal: not a git repository (or any parent up to mount point /)
Stopping at filesystem boundary (GIT_DISCOVERY_ACROSS_FILESYSTEM not set).
2025-01-22 07:05:35.034 [info] > git rev-parse --show-toplevel [7ms]
2025-01-22 07:05:35.035 [info] fatal: not a git repository (or any parent up to mount point /)
Stopping at filesystem boundary (GIT_DISCOVERY_ACROSS_FILESYSTEM not set).
2025-01-22 07:05:36.081 [info] > git rev-parse --show-toplevel [3ms]
2025-01-22 07:05:36.081 [info] fatal: not a git repository (or any parent up to mount point /)
Stopping at filesystem boundary (GIT_DISCOVERY_ACROSS_FILESYSTEM not set).
2025-01-22 07:05:37.984 [info] > git rev-parse --show-toplevel [3ms]
2025-01-22 07:05:37.984 [info] fatal: not a git repository (or any parent up to mount point /)
Stopping at filesystem boundary (GIT_DISCOVERY_ACROSS_FILESYSTEM not set).
2025-01-22 07:12:46.542 [info] > git rev-parse --show-toplevel [4ms]
2025-01-22 07:12:46.543 [info] fatal: not a git repository (or any parent up to mount point /)
Stopping at filesystem boundary (GIT_DISCOVERY_ACROSS_FILESYSTEM not set).
2025-01-22 07:13:33.360 [info] > git rev-parse --show-toplevel [3ms]
2025-01-22 07:13:33.360 [info] fatal: not a git repository (or any parent up to mount point /)
Stopping at filesystem boundary (GIT_DISCOVERY_ACROSS_FILESYSTEM not set).
2025-01-22 07:15:11.844 [info] > git rev-parse --show-toplevel [3ms]
2025-01-22 07:15:11.844 [info] fatal: not a git repository (or any parent up to mount point /)
Stopping at filesystem boundary (GIT_DISCOVERY_ACROSS_FILESYSTEM not set).
2025-01-22 07:32:24.334 [info] > git rev-parse --show-toplevel [2ms]
2025-01-22 07:32:24.334 [info] fatal: not a git repository (or any parent up to mount point /)
Stopping at filesystem boundary (GIT_DISCOVERY_ACROSS_FILESYSTEM not set).
2025-01-22 07:32:41.370 [info] > git rev-parse --show-toplevel [3ms]
2025-01-22 07:32:41.370 [info] fatal: not a git repository (or any parent up to mount point /)
Stopping at filesystem boundary (GIT_DISCOVERY_ACROSS_FILESYSTEM not set).
2025-01-22 07:33:11.040 [info] > git rev-parse --show-toplevel [3ms]
2025-01-22 07:33:11.040 [info] fatal: not a git repository (or any parent up to mount point /)
Stopping at filesystem boundary (GIT_DISCOVERY_ACROSS_FILESYSTEM not set).
2025-01-22 07:33:16.944 [info] > git rev-parse --show-toplevel [2ms]
2025-01-22 07:33:16.945 [info] fatal: not a git repository (or any parent up to mount point /)
Stopping at filesystem boundary (GIT_DISCOVERY_ACROSS_FILESYSTEM not set).
2025-01-22 07:33:26.299 [info] > git rev-parse --show-toplevel [2ms]
2025-01-22 07:33:26.299 [info] fatal: not a git repository (or any parent up to mount point /)
Stopping at filesystem boundary (GIT_DISCOVERY_ACROSS_FILESYSTEM not set).
2025-01-22 07:33:28.466 [info] > git rev-parse --show-toplevel [3ms]
2025-01-22 07:33:28.466 [info] fatal: not a git repository (or any parent up to mount point /)
Stopping at filesystem boundary (GIT_DISCOVERY_ACROSS_FILESYSTEM not set).
2025-01-22 07:33:29.966 [info] > git rev-parse --show-toplevel [2ms]
2025-01-22 07:33:29.966 [info] fatal: not a git repository (or any parent up to mount point /)
Stopping at filesystem boundary (GIT_DISCOVERY_ACROSS_FILESYSTEM not set).
2025-01-22 07:34:24.905 [info] > git rev-parse --show-toplevel [7ms]
2025-01-22 07:34:24.905 [info] fatal: not a git repository (or any parent up to mount point /)
Stopping at filesystem boundary (GIT_DISCOVERY_ACROSS_FILESYSTEM not set).
2025-01-22 07:34:27.407 [info] > git rev-parse --show-toplevel [3ms]
2025-01-22 07:34:27.407 [info] fatal: not a git repository (or any parent up to mount point /)
Stopping at filesystem boundary (GIT_DISCOVERY_ACROSS_FILESYSTEM not set).
2025-01-22 07:34:45.550 [info] > git rev-parse --show-toplevel [2ms]
2025-01-22 07:34:45.551 [info] fatal: not a git repository (or any parent up to mount point /)
Stopping at filesystem boundary (GIT_DISCOVERY_ACROSS_FILESYSTEM not set).
2025-01-22 07:34:57.330 [info] > git rev-parse --show-toplevel [6ms]
2025-01-22 07:34:57.330 [info] fatal: not a git repository (or any parent up to mount point /)
Stopping at filesystem boundary (GIT_DISCOVERY_ACROSS_FILESYSTEM not set).
2025-01-22 07:35:30.168 [info] > git rev-parse --show-toplevel [3ms]
2025-01-22 07:35:30.168 [info] fatal: not a git repository (or any parent up to mount point /)
Stopping at filesystem boundary (GIT_DISCOVERY_ACROSS_FILESYSTEM not set).
2025-01-22 07:35:52.960 [info] > git rev-parse --show-toplevel [3ms]
2025-01-22 07:35:52.960 [info] fatal: not a git repository (or any parent up to mount point /)
Stopping at filesystem boundary (GIT_DISCOVERY_ACROSS_FILESYSTEM not set).
2025-01-22 07:36:49.520 [info] > git rev-parse --show-toplevel [3ms]
2025-01-22 07:36:49.520 [info] fatal: not a git repository (or any parent up to mount point /)
Stopping at filesystem boundary (GIT_DISCOVERY_ACROSS_FILESYSTEM not set).
2025-01-22 07:37:37.057 [info] > git rev-parse --show-toplevel [7ms]
2025-01-22 07:37:37.057 [info] fatal: not a git repository (or any parent up to mount point /)
Stopping at filesystem boundary (GIT_DISCOVERY_ACROSS_FILESYSTEM not set).
2025-01-22 07:39:15.109 [info] > git rev-parse --show-toplevel [4ms]
2025-01-22 07:39:15.109 [info] fatal: not a git repository (or any parent up to mount point /)
Stopping at filesystem boundary (GIT_DISCOVERY_ACROSS_FILESYSTEM not set).
2025-01-22 07:39:21.676 [info] > git rev-parse --show-toplevel [4ms]
2025-01-22 07:39:21.676 [info] fatal: not a git repository (or any parent up to mount point /)
Stopping at filesystem boundary (GIT_DISCOVERY_ACROSS_FILESYSTEM not set).
2025-01-22 07:39:28.012 [info] > git rev-parse --show-toplevel [4ms]
2025-01-22 07:39:28.012 [info] fatal: not a git repository (or any parent up to mount point /)
Stopping at filesystem boundary (GIT_DISCOVERY_ACROSS_FILESYSTEM not set).
2025-01-22 07:39:30.346 [info] > git rev-parse --show-toplevel [4ms]
2025-01-22 07:39:30.346 [info] fatal: not a git repository (or any parent up to mount point /)
Stopping at filesystem boundary (GIT_DISCOVERY_ACROSS_FILESYSTEM not set).
2025-01-22 07:40:23.874 [info] > git rev-parse --show-toplevel [4ms]
2025-01-22 07:40:23.875 [info] fatal: not a git repository (or any parent up to mount point /)
Stopping at filesystem boundary (GIT_DISCOVERY_ACROSS_FILESYSTEM not set).
2025-01-22 07:40:29.521 [info] > git rev-parse --show-toplevel [2ms]
2025-01-22 07:40:29.521 [info] fatal: not a git repository (or any parent up to mount point /)
Stopping at filesystem boundary (GIT_DISCOVERY_ACROSS_FILESYSTEM not set).
2025-01-22 07:40:35.858 [info] > git rev-parse --show-toplevel [3ms]
2025-01-22 07:40:35.858 [info] fatal: not a git repository (or any parent up to mount point /)
Stopping at filesystem boundary (GIT_DISCOVERY_ACROSS_FILESYSTEM not set).
2025-01-22 07:40:37.719 [info] > git rev-parse --show-toplevel [4ms]
2025-01-22 07:40:37.719 [info] fatal: not a git repository (or any parent up to mount point /)
Stopping at filesystem boundary (GIT_DISCOVERY_ACROSS_FILESYSTEM not set).
2025-01-22 07:41:05.925 [info] > git rev-parse --show-toplevel [4ms]
2025-01-22 07:41:05.925 [info] fatal: not a git repository (or any parent up to mount point /)
Stopping at filesystem boundary (GIT_DISCOVERY_ACROSS_FILESYSTEM not set).
2025-01-22 07:44:11.917 [info] > git rev-parse --show-toplevel [2ms]
2025-01-22 07:44:11.918 [info] fatal: not a git repository (or any parent up to mount point /)
Stopping at filesystem boundary (GIT_DISCOVERY_ACROSS_FILESYSTEM not set).
2025-01-22 07:44:16.862 [info] > git rev-parse --show-toplevel [3ms]
2025-01-22 07:44:16.862 [info] fatal: not a git repository (or any parent up to mount point /)
Stopping at filesystem boundary (GIT_DISCOVERY_ACROSS_FILESYSTEM not set).
2025-01-22 07:44:21.092 [info] > git rev-parse --show-toplevel [2ms]
2025-01-22 07:44:21.093 [info] fatal: not a git repository (or any parent up to mount point /)
Stopping at filesystem boundary (GIT_DISCOVERY_ACROSS_FILESYSTEM not set).
2025-01-22 07:44:54.438 [info] > git rev-parse --show-toplevel [6ms]
2025-01-22 07:44:54.438 [info] fatal: not a git repository (or any parent up to mount point /)
Stopping at filesystem boundary (GIT_DISCOVERY_ACROSS_FILESYSTEM not set).
2025-01-22 07:44:58.429 [info] > git rev-parse --show-toplevel [2ms]
2025-01-22 07:44:58.429 [info] fatal: not a git repository (or any parent up to mount point /)
Stopping at filesystem boundary (GIT_DISCOVERY_ACROSS_FILESYSTEM not set).
2025-01-22 07:46:02.228 [info] > git rev-parse --show-toplevel [2ms]
2025-01-22 07:46:02.229 [info] fatal: not a git repository (or any parent up to mount point /)
Stopping at filesystem boundary (GIT_DISCOVERY_ACROSS_FILESYSTEM not set).
2025-01-22 07:47:53.424 [info] > git rev-parse --show-toplevel [3ms]
2025-01-22 07:47:53.424 [info] fatal: not a git repository (or any parent up to mount point /)
Stopping at filesystem boundary (GIT_DISCOVERY_ACROSS_FILESYSTEM not set).
2025-01-22 07:49:16.118 [info] > git rev-parse --show-toplevel [2ms]
2025-01-22 07:49:16.118 [info] fatal: not a git repository (or any parent up to mount point /)
Stopping at filesystem boundary (GIT_DISCOVERY_ACROSS_FILESYSTEM not set).
2025-01-22 07:49:17.224 [info] > git rev-parse --show-toplevel [4ms]
2025-01-22 07:49:17.224 [info] fatal: not a git repository (or any parent up to mount point /)
Stopping at filesystem boundary (GIT_DISCOVERY_ACROSS_FILESYSTEM not set).
2025-01-22 07:51:32.886 [info] > git rev-parse --show-toplevel [4ms]
2025-01-22 07:51:32.886 [info] fatal: not a git repository (or any parent up to mount point /)
Stopping at filesystem boundary (GIT_DISCOVERY_ACROSS_FILESYSTEM not set).
2025-01-22 07:51:38.792 [info] > git rev-parse --show-toplevel [2ms]
2025-01-22 07:51:38.792 [info] fatal: not a git repository (or any parent up to mount point /)
Stopping at filesystem boundary (GIT_DISCOVERY_ACROSS_FILESYSTEM not set).
2025-01-22 07:53:19.265 [info] > git rev-parse --show-toplevel [13ms]
2025-01-22 07:53:19.266 [info] fatal: not a git repository (or any parent up to mount point /)
Stopping at filesystem boundary (GIT_DISCOVERY_ACROSS_FILESYSTEM not set).
2025-01-22 07:53:21.561 [info] > git rev-parse --show-toplevel [2ms]
2025-01-22 07:53:21.561 [info] fatal: not a git repository (or any parent up to mount point /)
Stopping at filesystem boundary (GIT_DISCOVERY_ACROSS_FILESYSTEM not set).
2025-01-22 08:01:32.136 [info] > git rev-parse --show-toplevel [6ms]
2025-01-22 08:01:32.136 [info] fatal: not a git repository (or any parent up to mount point /)
Stopping at filesystem boundary (GIT_DISCOVERY_ACROSS_FILESYSTEM not set).
2025-01-22 08:01:50.349 [info] > git rev-parse --show-toplevel [3ms]
2025-01-22 08:01:50.349 [info] fatal: not a git repository (or any parent up to mount point /)
Stopping at filesystem boundary (GIT_DISCOVERY_ACROSS_FILESYSTEM not set).
2025-01-22 08:03:12.835 [info] > git rev-parse --show-toplevel [4ms]
2025-01-22 08:03:12.835 [info] fatal: not a git repository (or any parent up to mount point /)
Stopping at filesystem boundary (GIT_DISCOVERY_ACROSS_FILESYSTEM not set).
2025-01-22 08:04:24.409 [info] > git rev-parse --show-toplevel [5ms]
2025-01-22 08:04:24.409 [info] fatal: not a git repository (or any parent up to mount point /)
Stopping at filesystem boundary (GIT_DISCOVERY_ACROSS_FILESYSTEM not set).
2025-01-22 08:04:27.194 [info] > git rev-parse --show-toplevel [4ms]
2025-01-22 08:04:27.194 [info] fatal: not a git repository (or any parent up to mount point /)
Stopping at filesystem boundary (GIT_DISCOVERY_ACROSS_FILESYSTEM not set).
2025-01-22 08:04:48.449 [info] > git rev-parse --show-toplevel [2ms]
2025-01-22 08:04:48.449 [info] fatal: not a git repository (or any parent up to mount point /)
Stopping at filesystem boundary (GIT_DISCOVERY_ACROSS_FILESYSTEM not set).
2025-01-22 08:04:49.721 [info] > git rev-parse --show-toplevel [4ms]
2025-01-22 08:04:49.722 [info] fatal: not a git repository (or any parent up to mount point /)
Stopping at filesystem boundary (GIT_DISCOVERY_ACROSS_FILESYSTEM not set).
2025-01-22 08:05:23.798 [info] > git rev-parse --show-toplevel [2ms]
2025-01-22 08:05:23.798 [info] fatal: not a git repository (or any parent up to mount point /)
Stopping at filesystem boundary (GIT_DISCOVERY_ACROSS_FILESYSTEM not set).
2025-01-22 08:06:02.978 [info] > git rev-parse --show-toplevel [2ms]
2025-01-22 08:06:02.978 [info] fatal: not a git repository (or any parent up to mount point /)
Stopping at filesystem boundary (GIT_DISCOVERY_ACROSS_FILESYSTEM not set).
2025-01-22 10:46:31.437 [info] > git rev-parse --show-toplevel [5ms]
2025-01-22 10:46:31.437 [info] fatal: not a git repository (or any parent up to mount point /)
Stopping at filesystem boundary (GIT_DISCOVERY_ACROSS_FILESYSTEM not set).
2025-01-22 10:47:14.741 [info] > git rev-parse --show-toplevel [10ms]
2025-01-22 10:47:14.744 [info] fatal: not a git repository (or any parent up to mount point /)
Stopping at filesystem boundary (GIT_DISCOVERY_ACROSS_FILESYSTEM not set).
2025-01-22 10:47:17.578 [info] > git rev-parse --show-toplevel [9ms]
2025-01-22 10:47:17.578 [info] fatal: not a git repository (or any parent up to mount point /)
Stopping at filesystem boundary (GIT_DISCOVERY_ACROSS_FILESYSTEM not set).
2025-01-22 10:47:30.016 [info] > git rev-parse --show-toplevel [3ms]
2025-01-22 10:47:30.016 [info] fatal: not a git repository (or any parent up to mount point /)
Stopping at filesystem boundary (GIT_DISCOVERY_ACROSS_FILESYSTEM not set).
2025-01-22 10:48:07.445 [info] > git rev-parse --show-toplevel [2ms]
2025-01-22 10:48:07.455 [info] > git rev-parse --git-dir --git-common-dir [1ms]
2025-01-22 10:48:07.484 [info] [Model][openRepository] Opened repository: /home/biswabandita_rout
2025-01-22 10:48:07.508 [info] [Git][getRemotes] No remotes found in the git config file
2025-01-22 10:48:07.509 [info] > git config --get commit.template [14ms]
2025-01-22 10:48:07.510 [info] > git for-each-ref --format=%(refname)%00%(upstream:short)%00%(objectname)%00%(upstream:track)%00%(upstream:remotename)%00%(upstream:remoteref) refs/heads/master refs/remotes/master [5ms]
2025-01-22 10:48:07.511 [warning] [Git][getBranch] No such branch: master
2025-01-22 10:48:07.533 [info] > git for-each-ref --sort -committerdate --format %(refname) %(objectname) %(*objectname) [5ms]
2025-01-22 10:48:07.727 [info] > git status -z -uall [208ms]
2025-01-22 10:48:07.848 [info] > git for-each-ref --format=%(refname)%00%(upstream:short)%00%(objectname)%00%(upstream:track)%00%(upstream:remotename)%00%(upstream:remoteref) refs/heads/master refs/remotes/master [23ms]
2025-01-22 10:48:07.848 [warning] [Git][getBranch] No such branch: master
2025-01-22 10:48:07.850 [error] [GitHistoryProvider][resolveHEADMergeBase] Failed to resolve merge base for master: Error: No such branch: master.
2025-01-22 10:48:08.753 [info] > git config --get commit.template [909ms]
2025-01-22 10:48:08.805 [info] [Git][getRemotes] No remotes found in the git config file
2025-01-22 10:48:08.808 [info] > git for-each-ref --format=%(refname)%00%(upstream:short)%00%(objectname)%00%(upstream:track)%00%(upstream:remotename)%00%(upstream:remoteref) refs/heads/master refs/remotes/master [4ms]
2025-01-22 10:48:08.808 [warning] [Git][getBranch] No such branch: master
2025-01-22 10:48:08.830 [info] > git for-each-ref --sort -committerdate --format %(refname) %(objectname) %(*objectname) [4ms]
2025-01-22 10:48:08.906 [info] > git status -z -uall [89ms]
2025-01-22 10:48:09.921 [info] > git check-ignore -v -z --stdin [4ms]
