2024-12-24 12:33:26.883 [info] Extension host with pid 2838 started
2024-12-24 12:33:26.883 [error] Error: EEXIST: file already exists, open '/home/biswabandita_rout/.codeoss/data/User/workspaceStorage/7c8085da/vscode.lock'
2024-12-24 12:33:26.899 [info] Lock '/home/biswabandita_rout/.codeoss/data/User/workspaceStorage/7c8085da/vscode.lock': Could not acquire lock, checking if the file is stale.
2024-12-24 12:33:26.911 [info] Lock '/home/biswabandita_rout/.codeoss/data/User/workspaceStorage/7c8085da/vscode.lock': The lock does not look stale, elapsed: 211 ms, giving up.
2024-12-24 12:33:26.912 [error] Error: EEXIST: file already exists, open '/home/biswabandita_rout/.codeoss/data/User/workspaceStorage/7c8085da-1/vscode.lock'
2024-12-24 12:33:26.913 [info] Lock '/home/biswabandita_rout/.codeoss/data/User/workspaceStorage/7c8085da-1/vscode.lock': Could not acquire lock, checking if the file is stale.
2024-12-24 12:33:26.914 [info] Lock '/home/biswabandita_rout/.codeoss/data/User/workspaceStorage/7c8085da-1/vscode.lock': The lock does not look stale, elapsed: 871 ms, giving up.
2024-12-24 12:33:26.915 [error] Error: EEXIST: file already exists, open '/home/biswabandita_rout/.codeoss/data/User/workspaceStorage/7c8085da-2/vscode.lock'
2024-12-24 12:33:26.966 [info] Lock '/home/biswabandita_rout/.codeoss/data/User/workspaceStorage/7c8085da-2/vscode.lock': Could not acquire lock, checking if the file is stale.
2024-12-24 12:33:26.967 [info] Lock '/home/biswabandita_rout/.codeoss/data/User/workspaceStorage/7c8085da-2/vscode.lock': The pid 1354 appears to be gone.
2024-12-24 12:33:26.967 [info] Lock '/home/biswabandita_rout/.codeoss/data/User/workspaceStorage/7c8085da-2/vscode.lock': Deleting a stale lock.
2024-12-24 12:33:26.974 [info] Lock '/home/biswabandita_rout/.codeoss/data/User/workspaceStorage/7c8085da-2/vscode.lock': Lock acquired.
2024-12-24 12:33:28.975 [info] ExtensionService#_doActivateExtension vscode.emmet, startup: false, activationEvent: 'onLanguage'
2024-12-24 12:33:29.328 [info] ExtensionService#_doActivateExtension vscode.git-base, startup: true, activationEvent: '*', root cause: vscode.git
2024-12-24 12:33:30.055 [info] ExtensionService#_doActivateExtension vscode.git, startup: true, activationEvent: '*'
2024-12-24 12:33:30.055 [info] ExtensionService#_doActivateExtension vscode.github, startup: true, activationEvent: '*'
2024-12-24 12:33:36.331 [info] Not activating extension 'redhat.fabric8-analytics': Timed out while searching for 'workspaceContains' pattern **/package.json,**/pom.xml,**/go.mod,**/requirements.txt,**/build.gradle,**/Dockerfile,**/Containerfile
2024-12-24 12:33:36.332 [info] Not activating extension 'redhat.java': Timed out while searching for 'workspaceContains' pattern */pom.xml,*/build.gradle,*/settings.gradle,*/build.gradle.kts,*/settings.gradle.kts,*/.classpath
2024-12-24 12:33:36.332 [info] Not activating extension 'vscjava.vscode-java-dependency': Timed out while searching for 'workspaceContains' pattern */pom.xml,*/build.gradle,*/settings.gradle,*/build.gradle.kts,*/settings.gradle.kts,*/.classpath
2024-12-24 12:33:36.333 [info] Not activating extension 'vscjava.vscode-java-test': Timed out while searching for 'workspaceContains' pattern */pom.xml,*/build.gradle,*/settings.gradle,*/build.gradle.kts,*/settings.gradle.kts,*/.classpath
2024-12-24 12:33:36.333 [info] Not activating extension 'vscjava.vscode-maven': Timed out while searching for 'workspaceContains' pattern **/pom.xml
2024-12-24 12:33:36.727 [info] Eager extensions activated
2024-12-24 12:33:36.728 [info] ExtensionService#_doActivateExtension EditorConfig.EditorConfig, startup: false, activationEvent: 'onStartupFinished'
2024-12-24 12:33:36.728 [info] ExtensionService#_doActivateExtension google.cloud-shell, startup: false, activationEvent: 'onStartupFinished'
2024-12-24 12:33:36.729 [info] ExtensionService#_doActivateExtension googlecloudtools.cloudcode, startup: false, activationEvent: 'onStartupFinished'
2024-12-24 12:33:36.729 [info] ExtensionService#_doActivateExtension vscode.debug-auto-launch, startup: false, activationEvent: 'onStartupFinished'
2024-12-24 12:33:36.730 [info] ExtensionService#_doActivateExtension vscode.merge-conflict, startup: false, activationEvent: 'onStartupFinished'
2024-12-24 12:33:39.920 [info] ExtensionService#_doActivateExtension vscode.configuration-editing, startup: false, activationEvent: 'onLanguage:jsonc'
2024-12-24 12:33:39.921 [info] ExtensionService#_doActivateExtension vscode.json-language-features, startup: false, activationEvent: 'onLanguage:jsonc'
2024-12-24 12:33:39.922 [info] ExtensionService#_doActivateExtension vscode.typescript-language-features, startup: false, activationEvent: 'onLanguage:jsonc'
