Initializing document watcher...
Document watcher initialized
biswabandita_rout/frontend/src/environments/environment.ts: {"insertSpaces":true,"tabSize":2}
No more open editors.
biswabandita_rout/Backend/src/controllers/FileuploadController.js: {}
biswabandita_rout/Backend/src/controllers/FileuploadController.js: {}
biswabandita_rout/Backend/src/controllers/FileuploadController.js: {}
biswabandita_rout/Backend/src/controllers/FileuploadController.js: {}
biswabandita_rout/Backend/src/routes/fileUploadRoutes.js: {}
biswabandita_rout/Backend/src/controllers/FileuploadController.js: {}
biswabandita_rout/Backend/src/routes/fileUploadRoutes.js: {}
biswabandita_rout/Backend/src/controllers/FileuploadController.js: {}
biswabandita_rout/Backend/src/routes/fileUploadRoutes.js: {}
biswabandita_rout/Backend/src/controllers/FileuploadController.js: {}
biswabandita_rout/Backend/src/controllers/FileuploadController.js: Using EditorConfig core...
biswabandita_rout/Backend/src/controllers/FileuploadController.js: Using EditorConfig core...
biswabandita_rout/Backend/src/controllers/FileuploadController.js: Using EditorConfig core...
biswabandita_rout/Backend/src/controllers/FileuploadController.js: Using EditorConfig core...
biswabandita_rout/Backend/src/controllers/FileuploadController.js: Using EditorConfig core...
biswabandita_rout/Backend/src/controllers/FileuploadController.js: Using EditorConfig core...
biswabandita_rout/Backend/src/controllers/FileuploadController.js: Using EditorConfig core...
biswabandita_rout/Backend/src/controllers/FileuploadController.js: Using EditorConfig core...
biswabandita_rout/Backend/src/controllers/FileuploadController.js: Using EditorConfig core...
biswabandita_rout/Backend/src/controllers/FileuploadController.js: Using EditorConfig core...
biswabandita_rout/Backend/src/controllers/FileuploadController.js: Using EditorConfig core...
biswabandita_rout/Backend/src/services/gcpfileuploadService.js: {}
biswabandita_rout/Backend/src/controllers/FileuploadController.js: {}
biswabandita_rout/Backend/src/services/gcpfileuploadService.js: {}
biswabandita_rout/Backend/src/controllers/FileuploadController.js: {}
biswabandita_rout/Backend/src/controllers/FileuploadController.js: {}
biswabandita_rout/Backend/src/controllers/FileuploadController.js: {}
biswabandita_rout/Backend/src/controllers/FileuploadController.js: {}
biswabandita_rout/Backend/src/controllers/FileuploadController.js: {}
biswabandita_rout/Backend/src/controllers/FileuploadController.js: {}
biswabandita_rout/Backend/src/services/gcpfileuploadService.js: {}
biswabandita_rout/Backend/src/services/gcpfileuploadService.js: {}
biswabandita_rout/Backend/src/services/gcpfileuploadService.js: {}
biswabandita_rout/Backend/src/services/gcpfileuploadService.js: Using EditorConfig core...
biswabandita_rout/Backend/src/services/gcpfileuploadService.js: Using EditorConfig core...
biswabandita_rout/Backend/src/controllers/FileuploadController.js: {}
biswabandita_rout/Backend/src/controllers/FileuploadController.js: {}
biswabandita_rout/Backend/src/controllers/FileuploadController.js: {}
biswabandita_rout/Backend/src/controllers/FileuploadController.js: {}
biswabandita_rout/Backend/src/routes/fileUploadRoutes.js: {}
biswabandita_rout/Backend/src/routes/fileUploadRoutes.js: {}
biswabandita_rout/Backend/src/controllers/FileuploadController.js: {}
biswabandita_rout/Backend/src/controllers/FileuploadController.js: {}
biswabandita_rout/Backend/src/services/gcpfileuploadService.js: {}
biswabandita_rout/Backend/src/services/gcpfileuploadService.js: {}
biswabandita_rout/Backend/src/configs/gcsConfig.js: {}
biswabandita_rout/Backend/src/configs/gcsConfig.js: {}
biswabandita_rout/Backend/src/services/gcpfileuploadService.js: {}
biswabandita_rout/Backend/src/services/gcpfileuploadService.js: Using EditorConfig core...
biswabandita_rout/Backend/src/services/gcpfileuploadService.js: Using EditorConfig core...
biswabandita_rout/Backend/src/controllers/FileuploadController.js: {}
biswabandita_rout/Backend/src/controllers/FileuploadController.js: {}
biswabandita_rout/Backend/src/routes/fileUploadRoutes.js: {}
biswabandita_rout/Backend/src/routes/fileUploadRoutes.js: {}
biswabandita_rout/Backend/src/routes/fileUploadRoutes.js: {}
biswabandita_rout/Backend/src/routes/fileUploadRoutes.js: {}
biswabandita_rout/Backend/src/routes/fileUploadRoutes.js: {}
biswabandita_rout/Backend/src/routes/fileUploadRoutes.js: {}
biswabandita_rout/Backend/app.js: {}
biswabandita_rout/Backend/app.js: {}
biswabandita_rout/Backend/app.js: {}
biswabandita_rout/Backend/src/controllers/FileuploadController.js: {}
biswabandita_rout/Backend/src/controllers/FileuploadController.js: {}
biswabandita_rout/Backend/src/controllers/FileuploadController.js: {}
biswabandita_rout/Backend/src/controllers/FileuploadController.js: {}
biswabandita_rout/Backend/src/controllers/FileuploadController.js: {}
biswabandita_rout/Backend/src/controllers/FileuploadController.js: {}
biswabandita_rout/Backend/src/configs/gcsConfig.js: {}
biswabandita_rout/Backend/src/configs/gcsConfig.js: Using EditorConfig core...
biswabandita_rout/Backend/.env: {}
biswabandita_rout/Backend/.env: Using EditorConfig core...
biswabandita_rout/Backend/.env: Using EditorConfig core...
biswabandita_rout/Backend/.env: Using EditorConfig core...
biswabandita_rout/Backend/.env: Using EditorConfig core...
biswabandita_rout/Backend/.env: Using EditorConfig core...
biswabandita_rout/Backend/app.js: {}
biswabandita_rout/Backend/src/configs/gcsConfig.js: {}
biswabandita_rout/Backend/src/configs/gcsConfig.js: Using EditorConfig core...
biswabandita_rout/Backend/src/configs/gcsConfig.js: Using EditorConfig core...
biswabandita_rout/Backend/src/configs/gcsConfig.js: {}
biswabandita_rout/Backend/.env: {}
biswabandita_rout/Backend/.env: {}
biswabandita_rout/Backend/.env: {}
biswabandita_rout/Backend/.env: {}
biswabandita_rout/Backend/.env: {}
biswabandita_rout/Backend/.env: {}
biswabandita_rout/Backend/.env: {}
biswabandita_rout/Backend/src/configs/gcsConfig.js: {}
biswabandita_rout/Backend/.env: {}
biswabandita_rout/Backend/.env: {}
biswabandita_rout/Backend/app.js: {}
biswabandita_rout/Backend/app.js: {}
biswabandita_rout/Backend/.env: {}
biswabandita_rout/Backend/src/routes/fileUploadRoutes.js: {}
biswabandita_rout/Backend/src/controllers/FileuploadController.js: {}
biswabandita_rout/Untitled-1: {}
biswabandita_rout/Backend/src/controllers/FileuploadController.js: {}
biswabandita_rout/Backend/src/services/gcpfileuploadService.js: {}
biswabandita_rout/Backend/src/configs/gcsConfig.js: {}
biswabandita_rout/Backend/src/configs/gcsConfig.js: Using EditorConfig core...
biswabandita_rout/Backend/src/services/gcpfileuploadService.js: {}
biswabandita_rout/Backend/src/configs/bigQueryConfig.js: {}
biswabandita_rout/Backend/src/configs/gcsConfig.js: {}
biswabandita_rout/Backend/src/services/gcpfileuploadService.js: {}
biswabandita_rout/Backend/.env: {}
biswabandita_rout/Backend/src/services/gcpfileuploadService.js: {}
biswabandita_rout/Backend/src/services/gcpfileuploadService.js: Using EditorConfig core...
biswabandita_rout/Backend/src/services/gcpfileuploadService.js: Using EditorConfig core...
biswabandita_rout/Backend/src/services/gcpfileuploadService.js: Using EditorConfig core...
biswabandita_rout/Backend/src/services/gcpfileuploadService.js: Using EditorConfig core...
biswabandita_rout/Backend/src/services/gcpfileuploadService.js: Using EditorConfig core...
biswabandita_rout/Backend/src/services/gcpfileuploadService.js: Using EditorConfig core...
biswabandita_rout/Backend/src/services/gcpfileuploadService.js: Using EditorConfig core...
biswabandita_rout/Backend/src/services/gcpfileuploadService.js: {}
biswabandita_rout/Backend/src/services/gcpfileuploadService.js: {}
biswabandita_rout/Backend/src/services/gcpfileuploadService.js: {}
biswabandita_rout/Backend/src/services/gcpfileuploadService.js: {}
biswabandita_rout/Backend/src/configs/gcsConfig.js: {}
biswabandita_rout/Backend/src/services/gcpfileuploadService.js: {}
biswabandita_rout/Backend/src/services/gcpfileuploadService.js: Using EditorConfig core...
biswabandita_rout/Backend/src/services/gcpfileuploadService.js: Using EditorConfig core...
biswabandita_rout/Backend/src/services/uploadService.js: {}
biswabandita_rout/Backend/src/services/uploadService.js: {}
biswabandita_rout/Backend/.env: {}
biswabandita_rout/Backend/.env: {}
biswabandita_rout/Backend/.env: {}
biswabandita_rout/Backend/.env: {}
biswabandita_rout/Backend/src/configs/gcsConfig.js: {}
biswabandita_rout/Backend/src/services/uploadService.js: {}
biswabandita_rout/Backend/src/services/gcpfileuploadService.js: {}
biswabandita_rout/Backend/src/configs/gcsConfig.js: {}
biswabandita_rout/Backend/src/services/gcpfileuploadService.js: {}
biswabandita_rout/Backend/src/services/gcpfileuploadService.js: Using EditorConfig core...
biswabandita_rout/Backend/src/configs/gcsConfig.js: {}
biswabandita_rout/Backend/src/services/gcpfileuploadService.js: {}
biswabandita_rout/Backend/src/services/gcpfileuploadService.js: Using EditorConfig core...
biswabandita_rout/Backend/src/services/gcpfileuploadService.js: Using EditorConfig core...
biswabandita_rout/Backend/.env: {}
biswabandita_rout/Backend/src/services/gcpfileuploadService.js: {}
biswabandita_rout/Backend/src/services/gcpfileuploadService.js: Using EditorConfig core...
biswabandita_rout/Backend/src/services/gcpfileuploadService.js: Using EditorConfig core...
biswabandita_rout/Backend/.env: {}
biswabandita_rout/Backend/src/services/gcpfileuploadService.js: {}
biswabandita_rout/Backend/src/services/gcpfileuploadService.js: Using EditorConfig core...
biswabandita_rout/Backend/src/services/gcpfileuploadService.js: Using EditorConfig core...
biswabandita_rout/Backend/src/routes/chatRoutes.js: {}
biswabandita_rout/Backend/src/routes/UploadRoutes.js: {}
biswabandita_rout/Backend/src/services/uploadService.js: {}
biswabandita_rout/Backend/src/services/gcpfileuploadService.js: {}
biswabandita_rout/Backend/.env: {}
biswabandita_rout/Backend/src/services/gcpfileuploadService.js: {}
biswabandita_rout/Backend/src/services/gcpfileuploadService.js: Using EditorConfig core...
biswabandita_rout/Backend/src/services/gcpfileuploadService.js: Using EditorConfig core...
biswabandita_rout/Backend/src/services/gcpfileuploadService.js: Using EditorConfig core...
biswabandita_rout/Backend/app.js: {}
biswabandita_rout/Backend/server.js: {}
biswabandita_rout/Backend/.env: {}
biswabandita_rout/Backend/src/services/gcpfileuploadService.js: {}
biswabandita_rout/Backend/src/services/gcpfileuploadService.js: Using EditorConfig core...
biswabandita_rout/Backend/src/services/gcpfileuploadService.js: Using EditorConfig core...
biswabandita_rout/Backend/src/services/gcpfileuploadService.js: {}
biswabandita_rout/Backend/src/services/gcpfileuploadService.js: {}
biswabandita_rout/Backend/src/services/gcpfileuploadService.js: {}
biswabandita_rout/Backend/src/services/gcpfileuploadService.js: {}
biswabandita_rout/Backend/src/services/gcpfileuploadService.js: Using EditorConfig core...
biswabandita_rout/Backend/src/services/gcpfileuploadService.js: {}
biswabandita_rout/Backend/src/configs/gcsConfig.js: {}
biswabandita_rout/Backend/.env: {}
biswabandita_rout/Backend/.env: {}
biswabandita_rout/Backend/.env: {}
biswabandita_rout/Backend/src/controllers/FileuploadController.js: {}
biswabandita_rout/Backend/src/controllers/FileuploadController.js: {}
biswabandita_rout/Backend/src/controllers/FileuploadController.js: {}
biswabandita_rout/Backend/src/controllers/FileuploadController.js: {}
biswabandita_rout/Backend/src/controllers/FileuploadController.js: {}
biswabandita_rout/Backend/src/controllers/FileuploadController.js: {}
biswabandita_rout/Backend/src/controllers/FileuploadController.js: {}
biswabandita_rout/Backend/src/controllers/FileuploadController.js: {}
biswabandita_rout/Backend/app.js: {}
biswabandita_rout/Backend/server.js: {}
biswabandita_rout/Backend/server.js: {}
biswabandita_rout/Backend/server.js: {}
biswabandita_rout/Backend/src/controllers/FileuploadController.js: {}
biswabandita_rout/Backend/src/controllers/FileuploadController.js: {}
biswabandita_rout/Backend/src/services/gcpfileuploadService.js: {}
biswabandita_rout/Backend/src/services/gcpfileuploadService.js: {}
biswabandita_rout/Backend/src/services/gcpfileuploadService.js: {}
biswabandita_rout/Backend/src/services/gcpfileuploadService.js: Using EditorConfig core...
biswabandita_rout/Backend/src/services/gcpfileuploadService.js: Using EditorConfig core...
biswabandita_rout/Backend/src/services/gcpfileuploadService.js: Using EditorConfig core...
biswabandita_rout/Backend/src/services/gcpfileuploadService.js: {}
biswabandita_rout/Backend/src/services/gcpfileuploadService.js: {}
biswabandita_rout/Backend/src/services/gcpfileuploadService.js: {}
biswabandita_rout/Backend/src/services/gcpfileuploadService.js: {}
biswabandita_rout/Backend/src/services/gcpfileuploadService.js: {}
biswabandita_rout/Backend/.env: {}
biswabandita_rout/Backend/.env: {}
biswabandita_rout/Backend/.env: {}
biswabandita_rout/Backend/.env: {}
biswabandita_rout/Backend/src/routes/fileUploadRoutes.js: {}
biswabandita_rout/Backend/src/controllers/FileuploadController.js: {}
biswabandita_rout/Backend/server.js: {}
biswabandita_rout/Backend/src/controllers/FileuploadController.js: {}
biswabandita_rout/Backend/src/services/gcpfileuploadService.js: {}
biswabandita_rout/Backend/src/configs/gcsConfig.js: {}
biswabandita_rout/Backend/.env: {}
biswabandita_rout/Backend/.env: {}
biswabandita_rout/Backend/.env: {}
biswabandita_rout/Backend/.env: {}
biswabandita_rout/Backend/src/routes/fileUploadRoutes.js: {}
biswabandita_rout/Backend/.env: {}
biswabandita_rout/Backend/src/configs/gcsConfig.js: {}
biswabandita_rout/Backend/src/routes/fileUploadRoutes.js: {}
biswabandita_rout/Backend/src/routes/fileUploadRoutes.js: Using EditorConfig core...
biswabandita_rout/Backend/src/controllers/FileuploadController.js: {}
biswabandita_rout/Backend/src/controllers/FileuploadController.js: Using EditorConfig core...
biswabandita_rout/Backend/src/services/gcpfileuploadService.js: {}
biswabandita_rout/Backend/src/configs/gcsConfig.js: {}
biswabandita_rout/Backend/src/configs/gcsConfig.js: Using EditorConfig core...
biswabandita_rout/Backend/src/routes/fileUploadRoutes.js: {}
biswabandita_rout/Backend/src/controllers/FileuploadController.js: {}
biswabandita_rout/Backend/src/controllers/FileuploadController.js: {}
biswabandita_rout/Backend/src/services/gcpfileuploadService.js: {}
biswabandita_rout/Backend/src/configs/gcsConfig.js: {}
biswabandita_rout/Backend/src/services/gcpfileuploadService.js: {}
biswabandita_rout/Backend/src/services/gcpfileuploadService.js: {}
biswabandita_rout/Backend/src/services/gcpfileuploadService.js: {}
biswabandita_rout/Backend/src/configs/gcsConfig.js: {}
biswabandita_rout/Backend/src/configs/gcsConfig.js: {}
biswabandita_rout/Backend/src/services/gcpfileuploadService.js: {}
biswabandita_rout/Backend/src/controllers/FileuploadController.js: {}
biswabandita_rout/Backend/src/routes/fileUploadRoutes.js: {}
biswabandita_rout/Backend/src/routes/fileUploadRoutes.js: {}
biswabandita_rout/Backend/src/routes/fileUploadRoutes.js: {}
biswabandita_rout/Backend/src/routes/fileUploadRoutes.js: {}
biswabandita_rout/Backend/src/controllers/FileuploadController.js: {}
