2025-01-22 05:59:46.316 [info] Extension host with pid 1211 started
2025-01-22 05:59:46.316 [error] Error: EEXIST: file already exists, open '/home/biswabandita_rout/.codeoss/data/User/workspaceStorage/-2aa307c7/vscode.lock'
2025-01-22 05:59:46.325 [info] Lock '/home/biswabandita_rout/.codeoss/data/User/workspaceStorage/-2aa307c7/vscode.lock': Could not acquire lock, checking if the file is stale.
2025-01-22 05:59:46.328 [info] Lock '/home/biswabandita_rout/.codeoss/data/User/workspaceStorage/-2aa307c7/vscode.lock': The pid 1183 appears to be gone.
2025-01-22 05:59:46.329 [info] Lock '/home/biswabandita_rout/.codeoss/data/User/workspaceStorage/-2aa307c7/vscode.lock': Deleting a stale lock.
2025-01-22 05:59:46.341 [info] Lock '/home/biswabandita_rout/.codeoss/data/User/workspaceStorage/-2aa307c7/vscode.lock': Lock acquired.
2025-01-22 05:59:47.785 [info] ExtensionService#_doActivateExtension vscode.emmet, startup: false, activationEvent: 'onLanguage'
2025-01-22 05:59:47.787 [info] ExtensionService#_doActivateExtension vscode.typescript-language-features, startup: false, activationEvent: 'onLanguage:typescript'
2025-01-22 05:59:48.935 [info] ExtensionService#_doActivateExtension vscode.git-base, startup: true, activationEvent: '*', root cause: vscode.git
2025-01-22 05:59:53.761 [info] ExtensionService#_doActivateExtension vscode.git, startup: true, activationEvent: '*'
2025-01-22 05:59:53.761 [info] ExtensionService#_doActivateExtension vscode.github, startup: true, activationEvent: '*'
2025-01-22 05:59:55.942 [info] Not activating extension 'redhat.fabric8-analytics': Timed out while searching for 'workspaceContains' pattern **/package.json,**/pom.xml,**/go.mod,**/requirements.txt,**/build.gradle,**/Dockerfile,**/Containerfile
2025-01-22 05:59:55.943 [info] Not activating extension 'redhat.java': Timed out while searching for 'workspaceContains' pattern */pom.xml,*/build.gradle,*/settings.gradle,*/build.gradle.kts,*/settings.gradle.kts,*/.classpath
2025-01-22 05:59:55.943 [info] Not activating extension 'vscjava.vscode-java-dependency': Timed out while searching for 'workspaceContains' pattern */pom.xml,*/build.gradle,*/settings.gradle,*/build.gradle.kts,*/settings.gradle.kts,*/.classpath
2025-01-22 05:59:55.944 [info] Not activating extension 'vscjava.vscode-java-test': Timed out while searching for 'workspaceContains' pattern */pom.xml,*/build.gradle,*/settings.gradle,*/build.gradle.kts,*/settings.gradle.kts,*/.classpath
2025-01-22 05:59:55.945 [info] Not activating extension 'vscjava.vscode-maven': Timed out while searching for 'workspaceContains' pattern **/pom.xml
2025-01-22 05:59:58.945 [info] ExtensionService#_doActivateExtension EditorConfig.EditorConfig, startup: false, activationEvent: 'onStartupFinished'
2025-01-22 05:59:58.946 [info] ExtensionService#_doActivateExtension google.cloud-shell, startup: false, activationEvent: 'onStartupFinished'
2025-01-22 05:59:58.947 [info] ExtensionService#_doActivateExtension google.geminicodeassist, startup: false, activationEvent: 'onStartupFinished', root cause: googlecloudtools.cloudcode
2025-01-22 05:59:58.948 [info] ExtensionService#_doActivateExtension vscode.debug-auto-launch, startup: false, activationEvent: 'onStartupFinished'
2025-01-22 05:59:58.949 [info] ExtensionService#_doActivateExtension vscode.merge-conflict, startup: false, activationEvent: 'onStartupFinished'
2025-01-22 06:00:05.206 [info] Eager extensions activated
2025-01-22 06:00:08.684 [info] ExtensionService#_doActivateExtension googlecloudtools.cloudcode, startup: false, activationEvent: 'onStartupFinished'
2025-01-22 06:00:11.960 [info] ExtensionService#_doActivateExtension vscode.configuration-editing, startup: false, activationEvent: 'onLanguage:jsonc'
2025-01-22 06:00:11.961 [info] ExtensionService#_doActivateExtension vscode.json-language-features, startup: false, activationEvent: 'onLanguage:jsonc'
2025-01-22 06:29:34.347 [info] ExtensionService#_doActivateExtension vscode.extension-editing, startup: false, activationEvent: 'onLanguage:json'
2025-01-22 06:29:34.348 [info] ExtensionService#_doActivateExtension vscode.npm, startup: false, activationEvent: 'onLanguage:json'
2025-01-22 10:48:07.798 [warning] [Decorations] CAPPING events from decorations provider vscode.git 3026
2025-01-22 10:48:08.935 [warning] [Decorations] CAPPING events from decorations provider vscode.git 3026
